[0.011s] Invoking command in '/home/shreedhar/cognipilot/cranium/build/synapse_gz': CMAKE_PREFIX_PATH=/home/shreedhar/cognipilot/cranium/install/synapse_tinyframe:/home/shreedhar/cognipilot/cranium/install/synapse_protobuf:/home/shreedhar/cognipilot/electrode/install/electrode:/home/shreedhar/cognipilot/cranium/install/synapse_ros:/home/shreedhar/cognipilot/cranium/install/synapse_gz:/home/shreedhar/cognipilot/cranium/install/corti:/home/shreedhar/cognipilot/cranium/install/synapse_msgs:/home/shreedhar/cognipilot/cranium/install/dream_world:/home/shreedhar/cognipilot/cranium/install/cerebri_bringup:/home/shreedhar/cognipilot/cranium/install/b3rb_simulator:/home/shreedhar/cognipilot/cranium/install/b3rb_desktop:/home/shreedhar/cognipilot/cranium/install/b3rb_rviz:/home/shreedhar/cognipilot/cranium/install/b3rb_nav2:/home/shreedhar/cognipilot/cranium/install/b3rb_gz_resource:/home/shreedhar/cognipilot/cranium/install/b3rb_gz_bringup:/home/shreedhar/cognipilot/cranium/install/b3rb_description:/opt/ros/humble /usr/bin/cmake --build /home/shreedhar/cognipilot/cranium/build/synapse_gz -- -j12 -l12
[0.085s] Consolidate compiler generated dependencies of target synapse_gz
[0.157s] [ 25%] Building CXX object CMakeFiles/synapse_gz.dir/src/clients/gz_client.cpp.o
[0.157s] [ 50%] Building CXX object CMakeFiles/synapse_gz.dir/src/clients/tcp_client.cpp.o
[6.472s] [ 75%] Linking CXX executable synapse_gz
[6.817s] [100%] Built target synapse_gz
[6.829s] Invoked command in '/home/shreedhar/cognipilot/cranium/build/synapse_gz' returned '0': CMAKE_PREFIX_PATH=/home/shreedhar/cognipilot/cranium/install/synapse_tinyframe:/home/shreedhar/cognipilot/cranium/install/synapse_protobuf:/home/shreedhar/cognipilot/electrode/install/electrode:/home/shreedhar/cognipilot/cranium/install/synapse_ros:/home/shreedhar/cognipilot/cranium/install/synapse_gz:/home/shreedhar/cognipilot/cranium/install/corti:/home/shreedhar/cognipilot/cranium/install/synapse_msgs:/home/shreedhar/cognipilot/cranium/install/dream_world:/home/shreedhar/cognipilot/cranium/install/cerebri_bringup:/home/shreedhar/cognipilot/cranium/install/b3rb_simulator:/home/shreedhar/cognipilot/cranium/install/b3rb_desktop:/home/shreedhar/cognipilot/cranium/install/b3rb_rviz:/home/shreedhar/cognipilot/cranium/install/b3rb_nav2:/home/shreedhar/cognipilot/cranium/install/b3rb_gz_resource:/home/shreedhar/cognipilot/cranium/install/b3rb_gz_bringup:/home/shreedhar/cognipilot/cranium/install/b3rb_description:/opt/ros/humble /usr/bin/cmake --build /home/shreedhar/cognipilot/cranium/build/synapse_gz -- -j12 -l12
[6.860s] Invoking command in '/home/shreedhar/cognipilot/cranium/build/synapse_gz': CMAKE_PREFIX_PATH=/home/shreedhar/cognipilot/cranium/install/synapse_tinyframe:/home/shreedhar/cognipilot/cranium/install/synapse_protobuf:/home/shreedhar/cognipilot/electrode/install/electrode:/home/shreedhar/cognipilot/cranium/install/synapse_ros:/home/shreedhar/cognipilot/cranium/install/synapse_gz:/home/shreedhar/cognipilot/cranium/install/corti:/home/shreedhar/cognipilot/cranium/install/synapse_msgs:/home/shreedhar/cognipilot/cranium/install/dream_world:/home/shreedhar/cognipilot/cranium/install/cerebri_bringup:/home/shreedhar/cognipilot/cranium/install/b3rb_simulator:/home/shreedhar/cognipilot/cranium/install/b3rb_desktop:/home/shreedhar/cognipilot/cranium/install/b3rb_rviz:/home/shreedhar/cognipilot/cranium/install/b3rb_nav2:/home/shreedhar/cognipilot/cranium/install/b3rb_gz_resource:/home/shreedhar/cognipilot/cranium/install/b3rb_gz_bringup:/home/shreedhar/cognipilot/cranium/install/b3rb_description:/opt/ros/humble /usr/bin/cmake --install /home/shreedhar/cognipilot/cranium/build/synapse_gz
[6.869s] -- Install configuration: ""
[6.869s] -- Execute custom install script
[6.870s] -- Up-to-date symlink: /home/shreedhar/cognipilot/cranium/install/synapse_gz/lib/synapse_gz/synapse_gz
[6.871s] -- Up-to-date symlink: /home/shreedhar/cognipilot/cranium/install/synapse_gz/share/synapse_gz/launch/synapse_gz.launch.py
[6.871s] -- Up-to-date symlink: /home/shreedhar/cognipilot/cranium/install/synapse_gz/share/ament_index/resource_index/package_run_dependencies/synapse_gz
[6.871s] -- Up-to-date symlink: /home/shreedhar/cognipilot/cranium/install/synapse_gz/share/ament_index/resource_index/parent_prefix_path/synapse_gz
[6.872s] -- Up-to-date symlink: /home/shreedhar/cognipilot/cranium/install/synapse_gz/share/synapse_gz/environment/ament_prefix_path.sh
[6.872s] -- Up-to-date symlink: /home/shreedhar/cognipilot/cranium/install/synapse_gz/share/synapse_gz/environment/ament_prefix_path.dsv
[6.872s] -- Up-to-date symlink: /home/shreedhar/cognipilot/cranium/install/synapse_gz/share/synapse_gz/environment/path.sh
[6.872s] -- Up-to-date symlink: /home/shreedhar/cognipilot/cranium/install/synapse_gz/share/synapse_gz/environment/path.dsv
[6.872s] -- Up-to-date symlink: /home/shreedhar/cognipilot/cranium/install/synapse_gz/share/synapse_gz/local_setup.bash
[6.872s] -- Up-to-date symlink: /home/shreedhar/cognipilot/cranium/install/synapse_gz/share/synapse_gz/local_setup.sh
[6.872s] -- Up-to-date symlink: /home/shreedhar/cognipilot/cranium/install/synapse_gz/share/synapse_gz/local_setup.zsh
[6.873s] -- Up-to-date symlink: /home/shreedhar/cognipilot/cranium/install/synapse_gz/share/synapse_gz/local_setup.dsv
[6.873s] -- Symlinking: /home/shreedhar/cognipilot/cranium/install/synapse_gz/share/synapse_gz/package.dsv
[6.882s] -- Up-to-date symlink: /home/shreedhar/cognipilot/cranium/install/synapse_gz/share/ament_index/resource_index/packages/synapse_gz
[6.883s] -- Up-to-date symlink: /home/shreedhar/cognipilot/cranium/install/synapse_gz/share/synapse_gz/cmake/synapse_gzConfig.cmake
[6.883s] -- Up-to-date symlink: /home/shreedhar/cognipilot/cranium/install/synapse_gz/share/synapse_gz/cmake/synapse_gzConfig-version.cmake
[6.883s] -- Up-to-date symlink: /home/shreedhar/cognipilot/cranium/install/synapse_gz/share/synapse_gz/package.xml
[6.885s] Invoked command in '/home/shreedhar/cognipilot/cranium/build/synapse_gz' returned '0': CMAKE_PREFIX_PATH=/home/shreedhar/cognipilot/cranium/install/synapse_tinyframe:/home/shreedhar/cognipilot/cranium/install/synapse_protobuf:/home/shreedhar/cognipilot/electrode/install/electrode:/home/shreedhar/cognipilot/cranium/install/synapse_ros:/home/shreedhar/cognipilot/cranium/install/synapse_gz:/home/shreedhar/cognipilot/cranium/install/corti:/home/shreedhar/cognipilot/cranium/install/synapse_msgs:/home/shreedhar/cognipilot/cranium/install/dream_world:/home/shreedhar/cognipilot/cranium/install/cerebri_bringup:/home/shreedhar/cognipilot/cranium/install/b3rb_simulator:/home/shreedhar/cognipilot/cranium/install/b3rb_desktop:/home/shreedhar/cognipilot/cranium/install/b3rb_rviz:/home/shreedhar/cognipilot/cranium/install/b3rb_nav2:/home/shreedhar/cognipilot/cranium/install/b3rb_gz_resource:/home/shreedhar/cognipilot/cranium/install/b3rb_gz_bringup:/home/shreedhar/cognipilot/cranium/install/b3rb_description:/opt/ros/humble /usr/bin/cmake --install /home/shreedhar/cognipilot/cranium/build/synapse_gz
