[0.024s] Invoking command in '/home/shreedhar/cognipilot/cranium/build/b3rb_nav2': CMAKE_PREFIX_PATH=/opt/ros/humble /usr/bin/cmake /home/shreedhar/cognipilot/cranium/src/b3rb/b3rb_nav2 -DAMENT_CMAKE_SYMLINK_INSTALL=1 -DCMAKE_INSTALL_PREFIX=/home/shreedhar/cognipilot/cranium/install/b3rb_nav2
[0.142s] -- The C compiler identification is GNU 11.4.0
[0.226s] -- The CXX compiler identification is GNU 11.4.0
[0.236s] -- Detecting C compiler ABI info
[0.326s] -- Detecting C compiler ABI info - done
[0.332s] -- Check for working C compiler: /usr/bin/cc - skipped
[0.332s] -- Detecting C compile features
[0.333s] -- Detecting C compile features - done
[0.338s] -- Detecting CXX compiler ABI info
[0.442s] -- Detecting CXX compiler ABI info - done
[0.451s] -- Check for working CXX compiler: /usr/bin/c++ - skipped
[0.451s] -- Detecting CXX compile features
[0.452s] -- Detecting CXX compile features - done
[0.457s] -- Found ament_cmake: 1.3.9 (/opt/ros/humble/share/ament_cmake/cmake)
[0.650s] -- Found Python3: /usr/bin/python3 (found version "3.10.12") found components: Interpreter 
[0.737s] -- Override CMake install command with custom implementation using symlinks instead of copying resources
[0.780s] -- Found ament_lint_auto: 0.12.11 (/opt/ros/humble/share/ament_lint_auto/cmake)
[0.893s] -- Added test 'flake8' to check Python code syntax and style conventions
[0.894s] -- Added test 'lint_cmake' to check CMake code style
[0.894s] -- Added test 'pep257' to check Python code against some of the docstring style conventions in PEP 257
[0.896s] -- Added test 'xmllint' to check XML markup files
[0.898s] -- Configuring done
[0.902s] -- Generating done
[0.904s] -- Build files have been written to: /home/shreedhar/cognipilot/cranium/build/b3rb_nav2
[0.914s] Invoked command in '/home/shreedhar/cognipilot/cranium/build/b3rb_nav2' returned '0': CMAKE_PREFIX_PATH=/opt/ros/humble /usr/bin/cmake /home/shreedhar/cognipilot/cranium/src/b3rb/b3rb_nav2 -DAMENT_CMAKE_SYMLINK_INSTALL=1 -DCMAKE_INSTALL_PREFIX=/home/shreedhar/cognipilot/cranium/install/b3rb_nav2
[0.915s] Invoking command in '/home/shreedhar/cognipilot/cranium/build/b3rb_nav2': CMAKE_PREFIX_PATH=/opt/ros/humble /usr/bin/cmake --build /home/shreedhar/cognipilot/cranium/build/b3rb_nav2 -- -j12 -l12
[0.964s] Invoked command in '/home/shreedhar/cognipilot/cranium/build/b3rb_nav2' returned '0': CMAKE_PREFIX_PATH=/opt/ros/humble /usr/bin/cmake --build /home/shreedhar/cognipilot/cranium/build/b3rb_nav2 -- -j12 -l12
[0.999s] Invoking command in '/home/shreedhar/cognipilot/cranium/build/b3rb_nav2': CMAKE_PREFIX_PATH=/opt/ros/humble /usr/bin/cmake --install /home/shreedhar/cognipilot/cranium/build/b3rb_nav2
[1.010s] -- Install configuration: ""
[1.011s] -- Execute custom install script
[1.015s] -- Symlinking: /home/shreedhar/cognipilot/cranium/install/b3rb_nav2/share/b3rb_nav2/config/localization.yaml
[1.021s] -- Symlinking: /home/shreedhar/cognipilot/cranium/install/b3rb_nav2/share/b3rb_nav2/config/nav2.yaml
[1.034s] -- Symlinking: /home/shreedhar/cognipilot/cranium/install/b3rb_nav2/share/b3rb_nav2/config/nav_through_poses_bt.xml
[1.044s] -- Symlinking: /home/shreedhar/cognipilot/cranium/install/b3rb_nav2/share/b3rb_nav2/config/nav_to_pose_bt.xml
[1.057s] -- Symlinking: /home/shreedhar/cognipilot/cranium/install/b3rb_nav2/share/b3rb_nav2/config/slam.yaml
[1.070s] -- Symlinking: /home/shreedhar/cognipilot/cranium/install/b3rb_nav2/share/b3rb_nav2/maps/basic_map.pgm
[1.081s] -- Symlinking: /home/shreedhar/cognipilot/cranium/install/b3rb_nav2/share/b3rb_nav2/maps/basic_map.yaml
[1.094s] -- Symlinking: /home/shreedhar/cognipilot/cranium/install/b3rb_nav2/share/b3rb_nav2/maps/depot.pgm
[1.105s] -- Symlinking: /home/shreedhar/cognipilot/cranium/install/b3rb_nav2/share/b3rb_nav2/maps/depot.yaml
[1.119s] -- Symlinking: /home/shreedhar/cognipilot/cranium/install/b3rb_nav2/share/b3rb_nav2/launch/localization.launch.py
[1.130s] -- Symlinking: /home/shreedhar/cognipilot/cranium/install/b3rb_nav2/share/b3rb_nav2/launch/nav2.launch.py
[1.144s] -- Symlinking: /home/shreedhar/cognipilot/cranium/install/b3rb_nav2/share/b3rb_nav2/launch/slam.launch.py
[1.156s] -- Symlinking: /home/shreedhar/cognipilot/cranium/install/b3rb_nav2/share/ament_index/resource_index/package_run_dependencies/b3rb_nav2
[1.167s] -- Symlinking: /home/shreedhar/cognipilot/cranium/install/b3rb_nav2/share/ament_index/resource_index/parent_prefix_path/b3rb_nav2
[1.178s] -- Symlinking: /home/shreedhar/cognipilot/cranium/install/b3rb_nav2/share/b3rb_nav2/environment/ament_prefix_path.sh
[1.188s] -- Symlinking: /home/shreedhar/cognipilot/cranium/install/b3rb_nav2/share/b3rb_nav2/environment/ament_prefix_path.dsv
[1.198s] -- Symlinking: /home/shreedhar/cognipilot/cranium/install/b3rb_nav2/share/b3rb_nav2/environment/path.sh
[1.239s] -- Symlinking: /home/shreedhar/cognipilot/cranium/install/b3rb_nav2/share/b3rb_nav2/environment/path.dsv
[1.239s] -- Symlinking: /home/shreedhar/cognipilot/cranium/install/b3rb_nav2/share/b3rb_nav2/local_setup.bash
[1.263s] -- Symlinking: /home/shreedhar/cognipilot/cranium/install/b3rb_nav2/share/b3rb_nav2/local_setup.sh
[1.263s] -- Symlinking: /home/shreedhar/cognipilot/cranium/install/b3rb_nav2/share/b3rb_nav2/local_setup.zsh
[1.274s] -- Symlinking: /home/shreedhar/cognipilot/cranium/install/b3rb_nav2/share/b3rb_nav2/local_setup.dsv
[1.285s] -- Symlinking: /home/shreedhar/cognipilot/cranium/install/b3rb_nav2/share/b3rb_nav2/package.dsv
[1.324s] -- Symlinking: /home/shreedhar/cognipilot/cranium/install/b3rb_nav2/share/ament_index/resource_index/packages/b3rb_nav2
[1.339s] -- Symlinking: /home/shreedhar/cognipilot/cranium/install/b3rb_nav2/share/b3rb_nav2/cmake/b3rb_nav2Config.cmake
[1.348s] -- Symlinking: /home/shreedhar/cognipilot/cranium/install/b3rb_nav2/share/b3rb_nav2/cmake/b3rb_nav2Config-version.cmake
[1.348s] -- Symlinking: /home/shreedhar/cognipilot/cranium/install/b3rb_nav2/share/b3rb_nav2/package.xml
[1.363s] Invoked command in '/home/shreedhar/cognipilot/cranium/build/b3rb_nav2' returned '0': CMAKE_PREFIX_PATH=/opt/ros/humble /usr/bin/cmake --install /home/shreedhar/cognipilot/cranium/build/b3rb_nav2
