[0.010s] Invoking command in '/home/shreedhar/cognipilot/cranium/build/synapse_ros': AMENT_PREFIX_PATH=/home/shreedhar/cognipilot/cranium/install/synapse_tinyframe:/home/shreedhar/cognipilot/cranium/install/synapse_protobuf:/home/shreedhar/cognipilot/cranium/install/synapse_msgs:${AMENT_PREFIX_PATH} CMAKE_PREFIX_PATH=/home/shreedhar/cognipilot/cranium/install/synapse_tinyframe:/home/shreedhar/cognipilot/cranium/install/synapse_protobuf:/home/shreedhar/cognipilot/cranium/install/synapse_msgs:/opt/ros/humble LD_LIBRARY_PATH=/home/shreedhar/cognipilot/cranium/install/synapse_tinyframe/lib:/home/shreedhar/cognipilot/cranium/install/synapse_protobuf/lib:/home/shreedhar/cognipilot/cranium/install/synapse_msgs/lib:${LD_LIBRARY_PATH} PYTHONPATH=/home/shreedhar/cognipilot/cranium/install/synapse_msgs/local/lib/python3.10/dist-packages:${PYTHONPATH} /usr/bin/cmake /home/shreedhar/cognipilot/cranium/src/synapse_ros -DAMENT_CMAKE_SYMLINK_INSTALL=1 -DCMAKE_INSTALL_PREFIX=/home/shreedhar/cognipilot/cranium/install/synapse_ros
[0.055s] -- The C compiler identification is GNU 11.4.0
[0.101s] -- The CXX compiler identification is GNU 11.4.0
[0.107s] -- Detecting C compiler ABI info
[0.171s] -- Detecting C compiler ABI info - done
[0.176s] -- Check for working C compiler: /usr/bin/cc - skipped
[0.176s] -- Detecting C compile features
[0.176s] -- Detecting C compile features - done
[0.179s] -- Detecting CXX compiler ABI info
[0.252s] -- Detecting CXX compiler ABI info - done
[0.261s] -- Check for working CXX compiler: /usr/bin/c++ - skipped
[0.262s] -- Detecting CXX compile features
[0.262s] -- Detecting CXX compile features - done
[0.266s] -- Found ament_cmake: 1.3.9 (/opt/ros/humble/share/ament_cmake/cmake)
[0.401s] -- Found Python3: /usr/bin/python3 (found version "3.10.12") found components: Interpreter 
[0.452s] -- Override CMake install command with custom implementation using symlinks instead of copying resources
[0.486s] -- Found rclcpp: 16.0.9 (/opt/ros/humble/share/rclcpp/cmake)
[0.528s] -- Found rosidl_generator_c: 3.1.5 (/opt/ros/humble/share/rosidl_generator_c/cmake)
[0.533s] -- Found rosidl_adapter: 3.1.5 (/opt/ros/humble/share/rosidl_adapter/cmake)
[0.541s] -- Found rosidl_generator_cpp: 3.1.5 (/opt/ros/humble/share/rosidl_generator_cpp/cmake)
[0.554s] -- Using all available rosidl_typesupport_c: rosidl_typesupport_fastrtps_c;rosidl_typesupport_introspection_c
[0.571s] -- Using all available rosidl_typesupport_cpp: rosidl_typesupport_fastrtps_cpp;rosidl_typesupport_introspection_cpp
[0.633s] -- Found rmw_implementation_cmake: 6.1.2 (/opt/ros/humble/share/rmw_implementation_cmake/cmake)
[0.636s] -- Found rmw_cyclonedds_cpp: 1.3.4 (/opt/ros/humble/share/rmw_cyclonedds_cpp/cmake)
[0.664s] -- Using RMW implementation 'rmw_cyclonedds_cpp' as default
[0.675s] -- Looking for pthread.h
[0.747s] -- Looking for pthread.h - found
[0.747s] -- Performing Test CMAKE_HAVE_LIBC_PTHREAD
[0.820s] -- Performing Test CMAKE_HAVE_LIBC_PTHREAD - Success
[0.821s] -- Found Threads: TRUE  
[0.951s] -- Found actuator_msgs: 0.0.1 (/opt/ros/humble/share/actuator_msgs/cmake)
[1.009s] -- Found nav_msgs: 4.2.4 (/opt/ros/humble/share/nav_msgs/cmake)
[1.112s] -- Found sensor_msgs: 4.2.4 (/opt/ros/humble/share/sensor_msgs/cmake)
[1.182s] -- Found synapse_protobuf: 0.0.0 (/home/shreedhar/cognipilot/cranium/install/synapse_protobuf/share/synapse_protobuf/cmake)
[1.195s] -- Found synapse_tinyframe: 0.0.0 (/home/shreedhar/cognipilot/cranium/install/synapse_tinyframe/share/synapse_tinyframe/cmake)
[1.196s] -- Found synapse_msgs: 0.0.1 (/home/shreedhar/cognipilot/cranium/install/synapse_msgs/share/synapse_msgs/cmake)
[1.236s] -- Found ament_lint_auto: 0.12.11 (/opt/ros/humble/share/ament_lint_auto/cmake)
[1.309s] -- Added test 'copyright' to check source files copyright and LICENSE
[1.313s] -- Added test 'cppcheck' to perform static code analysis on C / C++ code
[1.313s] -- Configured cppcheck include dirs: 
[1.314s] -- Configured cppcheck exclude dirs and/or files: 
[1.317s] -- Added test 'cpplint' to check C / C++ code against the Google style
[1.317s] -- Configured cpplint exclude dirs and/or files: 
[1.318s] -- Added test 'flake8' to check Python code syntax and style conventions
[1.319s] -- Added test 'lint_cmake' to check CMake code style
[1.320s] -- Added test 'pep257' to check Python code against some of the docstring style conventions in PEP 257
[1.323s] -- Added test 'uncrustify' to check C / C++ code style
[1.323s] -- Configured uncrustify additional arguments: 
[1.324s] -- Added test 'xmllint' to check XML markup files
[1.326s] -- Configuring done
[1.337s] -- Generating done
[1.339s] -- Build files have been written to: /home/shreedhar/cognipilot/cranium/build/synapse_ros
[1.348s] Invoked command in '/home/shreedhar/cognipilot/cranium/build/synapse_ros' returned '0': AMENT_PREFIX_PATH=/home/shreedhar/cognipilot/cranium/install/synapse_tinyframe:/home/shreedhar/cognipilot/cranium/install/synapse_protobuf:/home/shreedhar/cognipilot/cranium/install/synapse_msgs:${AMENT_PREFIX_PATH} CMAKE_PREFIX_PATH=/home/shreedhar/cognipilot/cranium/install/synapse_tinyframe:/home/shreedhar/cognipilot/cranium/install/synapse_protobuf:/home/shreedhar/cognipilot/cranium/install/synapse_msgs:/opt/ros/humble LD_LIBRARY_PATH=/home/shreedhar/cognipilot/cranium/install/synapse_tinyframe/lib:/home/shreedhar/cognipilot/cranium/install/synapse_protobuf/lib:/home/shreedhar/cognipilot/cranium/install/synapse_msgs/lib:${LD_LIBRARY_PATH} PYTHONPATH=/home/shreedhar/cognipilot/cranium/install/synapse_msgs/local/lib/python3.10/dist-packages:${PYTHONPATH} /usr/bin/cmake /home/shreedhar/cognipilot/cranium/src/synapse_ros -DAMENT_CMAKE_SYMLINK_INSTALL=1 -DCMAKE_INSTALL_PREFIX=/home/shreedhar/cognipilot/cranium/install/synapse_ros
[1.349s] Invoking command in '/home/shreedhar/cognipilot/cranium/build/synapse_ros': AMENT_PREFIX_PATH=/home/shreedhar/cognipilot/cranium/install/synapse_tinyframe:/home/shreedhar/cognipilot/cranium/install/synapse_protobuf:/home/shreedhar/cognipilot/cranium/install/synapse_msgs:${AMENT_PREFIX_PATH} CMAKE_PREFIX_PATH=/home/shreedhar/cognipilot/cranium/install/synapse_tinyframe:/home/shreedhar/cognipilot/cranium/install/synapse_protobuf:/home/shreedhar/cognipilot/cranium/install/synapse_msgs:/opt/ros/humble LD_LIBRARY_PATH=/home/shreedhar/cognipilot/cranium/install/synapse_tinyframe/lib:/home/shreedhar/cognipilot/cranium/install/synapse_protobuf/lib:/home/shreedhar/cognipilot/cranium/install/synapse_msgs/lib:${LD_LIBRARY_PATH} PYTHONPATH=/home/shreedhar/cognipilot/cranium/install/synapse_msgs/local/lib/python3.10/dist-packages:${PYTHONPATH} /usr/bin/cmake --build /home/shreedhar/cognipilot/cranium/build/synapse_ros -- -j12 -l12
[1.402s] [ 66%] Building CXX object CMakeFiles/synapse_ros.dir/src/proto/udp_link.cpp.o
[1.402s] [ 66%] Building CXX object CMakeFiles/synapse_ros.dir/src/synapse_ros.cpp.o
[29.462s] [100%] Linking CXX executable synapse_ros
[31.165s] [100%] Built target synapse_ros
[31.174s] Invoked command in '/home/shreedhar/cognipilot/cranium/build/synapse_ros' returned '0': AMENT_PREFIX_PATH=/home/shreedhar/cognipilot/cranium/install/synapse_tinyframe:/home/shreedhar/cognipilot/cranium/install/synapse_protobuf:/home/shreedhar/cognipilot/cranium/install/synapse_msgs:${AMENT_PREFIX_PATH} CMAKE_PREFIX_PATH=/home/shreedhar/cognipilot/cranium/install/synapse_tinyframe:/home/shreedhar/cognipilot/cranium/install/synapse_protobuf:/home/shreedhar/cognipilot/cranium/install/synapse_msgs:/opt/ros/humble LD_LIBRARY_PATH=/home/shreedhar/cognipilot/cranium/install/synapse_tinyframe/lib:/home/shreedhar/cognipilot/cranium/install/synapse_protobuf/lib:/home/shreedhar/cognipilot/cranium/install/synapse_msgs/lib:${LD_LIBRARY_PATH} PYTHONPATH=/home/shreedhar/cognipilot/cranium/install/synapse_msgs/local/lib/python3.10/dist-packages:${PYTHONPATH} /usr/bin/cmake --build /home/shreedhar/cognipilot/cranium/build/synapse_ros -- -j12 -l12
[31.199s] Invoking command in '/home/shreedhar/cognipilot/cranium/build/synapse_ros': AMENT_PREFIX_PATH=/home/shreedhar/cognipilot/cranium/install/synapse_tinyframe:/home/shreedhar/cognipilot/cranium/install/synapse_protobuf:/home/shreedhar/cognipilot/cranium/install/synapse_msgs:${AMENT_PREFIX_PATH} CMAKE_PREFIX_PATH=/home/shreedhar/cognipilot/cranium/install/synapse_tinyframe:/home/shreedhar/cognipilot/cranium/install/synapse_protobuf:/home/shreedhar/cognipilot/cranium/install/synapse_msgs:/opt/ros/humble LD_LIBRARY_PATH=/home/shreedhar/cognipilot/cranium/install/synapse_tinyframe/lib:/home/shreedhar/cognipilot/cranium/install/synapse_protobuf/lib:/home/shreedhar/cognipilot/cranium/install/synapse_msgs/lib:${LD_LIBRARY_PATH} PYTHONPATH=/home/shreedhar/cognipilot/cranium/install/synapse_msgs/local/lib/python3.10/dist-packages:${PYTHONPATH} /usr/bin/cmake --install /home/shreedhar/cognipilot/cranium/build/synapse_ros
[31.205s] -- Install configuration: ""
[31.205s] -- Execute custom install script
[31.206s] -- Symlinking: /home/shreedhar/cognipilot/cranium/install/synapse_ros/lib/synapse_ros/synapse_ros
[31.214s] -- Symlinking: /home/shreedhar/cognipilot/cranium/install/synapse_ros/share/synapse_ros/launch/synapse_ros.launch.py
[31.221s] -- Symlinking: /home/shreedhar/cognipilot/cranium/install/synapse_ros/share/ament_index/resource_index/package_run_dependencies/synapse_ros
[31.229s] -- Symlinking: /home/shreedhar/cognipilot/cranium/install/synapse_ros/share/ament_index/resource_index/parent_prefix_path/synapse_ros
[31.237s] -- Symlinking: /home/shreedhar/cognipilot/cranium/install/synapse_ros/share/synapse_ros/environment/ament_prefix_path.sh
[31.244s] -- Symlinking: /home/shreedhar/cognipilot/cranium/install/synapse_ros/share/synapse_ros/environment/ament_prefix_path.dsv
[31.253s] -- Symlinking: /home/shreedhar/cognipilot/cranium/install/synapse_ros/share/synapse_ros/environment/path.sh
[31.260s] -- Symlinking: /home/shreedhar/cognipilot/cranium/install/synapse_ros/share/synapse_ros/environment/path.dsv
[31.268s] -- Symlinking: /home/shreedhar/cognipilot/cranium/install/synapse_ros/share/synapse_ros/local_setup.bash
[31.275s] -- Symlinking: /home/shreedhar/cognipilot/cranium/install/synapse_ros/share/synapse_ros/local_setup.sh
[31.283s] -- Symlinking: /home/shreedhar/cognipilot/cranium/install/synapse_ros/share/synapse_ros/local_setup.zsh
[31.291s] -- Symlinking: /home/shreedhar/cognipilot/cranium/install/synapse_ros/share/synapse_ros/local_setup.dsv
[31.298s] -- Symlinking: /home/shreedhar/cognipilot/cranium/install/synapse_ros/share/synapse_ros/package.dsv
[31.306s] -- Symlinking: /home/shreedhar/cognipilot/cranium/install/synapse_ros/share/ament_index/resource_index/packages/synapse_ros
[31.313s] -- Symlinking: /home/shreedhar/cognipilot/cranium/install/synapse_ros/share/synapse_ros/cmake/synapse_rosConfig.cmake
[31.321s] -- Symlinking: /home/shreedhar/cognipilot/cranium/install/synapse_ros/share/synapse_ros/cmake/synapse_rosConfig-version.cmake
[31.328s] -- Symlinking: /home/shreedhar/cognipilot/cranium/install/synapse_ros/share/synapse_ros/package.xml
[31.338s] Invoked command in '/home/shreedhar/cognipilot/cranium/build/synapse_ros' returned '0': AMENT_PREFIX_PATH=/home/shreedhar/cognipilot/cranium/install/synapse_tinyframe:/home/shreedhar/cognipilot/cranium/install/synapse_protobuf:/home/shreedhar/cognipilot/cranium/install/synapse_msgs:${AMENT_PREFIX_PATH} CMAKE_PREFIX_PATH=/home/shreedhar/cognipilot/cranium/install/synapse_tinyframe:/home/shreedhar/cognipilot/cranium/install/synapse_protobuf:/home/shreedhar/cognipilot/cranium/install/synapse_msgs:/opt/ros/humble LD_LIBRARY_PATH=/home/shreedhar/cognipilot/cranium/install/synapse_tinyframe/lib:/home/shreedhar/cognipilot/cranium/install/synapse_protobuf/lib:/home/shreedhar/cognipilot/cranium/install/synapse_msgs/lib:${LD_LIBRARY_PATH} PYTHONPATH=/home/shreedhar/cognipilot/cranium/install/synapse_msgs/local/lib/python3.10/dist-packages:${PYTHONPATH} /usr/bin/cmake --install /home/shreedhar/cognipilot/cranium/build/synapse_ros
