running develop
Removing /home/shreedhar/cognipilot/cranium/install/nxp_cup_vision/lib/python3.10/site-packages/nxp-cup-vision.egg-link (link to .)
running egg_info
writing ../../build/nxp_cup_vision/nxp_cup_vision.egg-info/PKG-INFO
writing dependency_links to ../../build/nxp_cup_vision/nxp_cup_vision.egg-info/dependency_links.txt
writing entry points to ../../build/nxp_cup_vision/nxp_cup_vision.egg-info/entry_points.txt
writing requirements to ../../build/nxp_cup_vision/nxp_cup_vision.egg-info/requires.txt
writing top-level names to ../../build/nxp_cup_vision/nxp_cup_vision.egg-info/top_level.txt
reading manifest file '../../build/nxp_cup_vision/nxp_cup_vision.egg-info/SOURCES.txt'
adding license file 'LICENSE'
writing manifest file '../../build/nxp_cup_vision/nxp_cup_vision.egg-info/SOURCES.txt'
running build
running build_py
creating /home/shreedhar/cognipilot/cranium/build/nxp_cup_vision/build
creating /home/shreedhar/cognipilot/cranium/build/nxp_cup_vision/build/lib
creating /home/shreedhar/cognipilot/cranium/build/nxp_cup_vision/build/lib/nxp_cup_vision
copying nxp_cup_vision/__init__.py -> /home/shreedhar/cognipilot/cranium/build/nxp_cup_vision/build/lib/nxp_cup_vision
copying nxp_cup_vision/nxp_track_vision.py -> /home/shreedhar/cognipilot/cranium/build/nxp_cup_vision/build/lib/nxp_cup_vision
running install
running install_lib
creating /home/shreedhar/cognipilot/cranium/install/nxp_cup_vision/lib/python3.10/site-packages/nxp_cup_vision
copying /home/shreedhar/cognipilot/cranium/build/nxp_cup_vision/build/lib/nxp_cup_vision/__init__.py -> /home/shreedhar/cognipilot/cranium/install/nxp_cup_vision/lib/python3.10/site-packages/nxp_cup_vision
copying /home/shreedhar/cognipilot/cranium/build/nxp_cup_vision/build/lib/nxp_cup_vision/nxp_track_vision.py -> /home/shreedhar/cognipilot/cranium/install/nxp_cup_vision/lib/python3.10/site-packages/nxp_cup_vision
byte-compiling /home/shreedhar/cognipilot/cranium/install/nxp_cup_vision/lib/python3.10/site-packages/nxp_cup_vision/__init__.py to __init__.cpython-310.pyc
byte-compiling /home/shreedhar/cognipilot/cranium/install/nxp_cup_vision/lib/python3.10/site-packages/nxp_cup_vision/nxp_track_vision.py to nxp_track_vision.cpython-310.pyc
running install_data
copying resource/nxp_cup_vision -> /home/shreedhar/cognipilot/cranium/install/nxp_cup_vision/share/ament_index/resource_index/packages
copying package.xml -> /home/shreedhar/cognipilot/cranium/install/nxp_cup_vision/share/nxp_cup_vision
copying launch/nxp_cup_vision_launch.py -> /home/shreedhar/cognipilot/cranium/install/nxp_cup_vision/share/nxp_cup_vision/launch
running install_egg_info
Copying ../../build/nxp_cup_vision/nxp_cup_vision.egg-info to /home/shreedhar/cognipilot/cranium/install/nxp_cup_vision/lib/python3.10/site-packages/nxp_cup_vision-0.0.1-py3.10.egg-info
running install_scripts
Installing nxp_track_vision script to /home/shreedhar/cognipilot/cranium/install/nxp_cup_vision/lib/nxp_cup_vision
writing list of installed files to '/home/shreedhar/cognipilot/cranium/build/nxp_cup_vision/install.log'
