running develop
running egg_info
creating nxp_cup_vision.egg-info
writing nxp_cup_vision.egg-info/PKG-INFO
writing dependency_links to nxp_cup_vision.egg-info/dependency_links.txt
writing entry points to nxp_cup_vision.egg-info/entry_points.txt
writing requirements to nxp_cup_vision.egg-info/requires.txt
writing top-level names to nxp_cup_vision.egg-info/top_level.txt
writing manifest file 'nxp_cup_vision.egg-info/SOURCES.txt'
reading manifest file 'nxp_cup_vision.egg-info/SOURCES.txt'
writing manifest file 'nxp_cup_vision.egg-info/SOURCES.txt'
running build_ext
Creating /home/shreedhar/cognipilot/cranium/install/nxp_cup_vision/lib/python3.10/site-packages/nxp-cup-vision.egg-link (link to .)
Installing nxp_track_vision script to /home/shreedhar/cognipilot/cranium/install/nxp_cup_vision/lib/nxp_cup_vision

Installed /home/shreedhar/cognipilot/cranium/build/nxp_cup_vision
running symlink_data
creating /home/shreedhar/cognipilot/cranium/install/nxp_cup_vision/share/ament_index
creating /home/shreedhar/cognipilot/cranium/install/nxp_cup_vision/share/ament_index/resource_index
creating /home/shreedhar/cognipilot/cranium/install/nxp_cup_vision/share/ament_index/resource_index/packages
symbolically linking /home/shreedhar/cognipilot/cranium/build/nxp_cup_vision/resource/nxp_cup_vision -> /home/shreedhar/cognipilot/cranium/install/nxp_cup_vision/share/ament_index/resource_index/packages
symbolically linking /home/shreedhar/cognipilot/cranium/build/nxp_cup_vision/package.xml -> /home/shreedhar/cognipilot/cranium/install/nxp_cup_vision/share/nxp_cup_vision
creating /home/shreedhar/cognipilot/cranium/install/nxp_cup_vision/share/nxp_cup_vision/launch
symbolically linking /home/shreedhar/cognipilot/cranium/build/nxp_cup_vision/launch/nxp_cup_vision_launch.py -> /home/shreedhar/cognipilot/cranium/install/nxp_cup_vision/share/nxp_cup_vision/launch
