[0.553s] Invoking command in '/home/shreedhar/cognipilot/cranium/build/nxp_cup_vision': CMAKE_PREFIX_PATH=/home/shreedhar/cognipilot/cranium/install/synapse_msgs:/home/shreedhar/cognipilot/electrode/install/electrode:/home/shreedhar/cognipilot/cranium/install/synapse_ros:/home/shreedhar/cognipilot/cranium/install/synapse_gz:/home/shreedhar/cognipilot/cranium/install/synapse_tinyframe:/home/shreedhar/cognipilot/cranium/install/synapse_protobuf:/home/shreedhar/cognipilot/cranium/install/corti:/home/shreedhar/cognipilot/cranium/install/dream_world:/home/shreedhar/cognipilot/cranium/install/cerebri_bringup:/home/shreedhar/cognipilot/cranium/install/b3rb_simulator:/home/shreedhar/cognipilot/cranium/install/b3rb_desktop:/home/shreedhar/cognipilot/cranium/install/b3rb_rviz:/home/shreedhar/cognipilot/cranium/install/b3rb_nav2:/home/shreedhar/cognipilot/cranium/install/b3rb_gz_resource:/home/shreedhar/cognipilot/cranium/install/b3rb_gz_bringup:/home/shreedhar/cognipilot/cranium/install/b3rb_description LD_LIBRARY_PATH=/home/shreedhar/cognipilot/cranium/install/synapse_msgs/lib:/home/shreedhar/cognipilot/cranium/install/synapse_tinyframe/lib:/home/shreedhar/cognipilot/cranium/install/synapse_protobuf/lib:/opt/ros/humble/opt/rviz_ogre_vendor/lib:/opt/ros/humble/lib/x86_64-linux-gnu:/opt/ros/humble/lib PYTHONPATH=/home/shreedhar/cognipilot/cranium/build/nxp_cup_vision/prefix_override:/usr/lib/python3/dist-packages/colcon_core/task/python/colcon_distutils_commands:/home/shreedhar/cognipilot/cranium/install/nxp_cup_vision/lib/python3.10/site-packages:${PYTHONPATH} /usr/bin/python3 -W ignore:setup.py install is deprecated setup.py develop --editable --build-directory /home/shreedhar/cognipilot/cranium/build/nxp_cup_vision/build --no-deps symlink_data
[0.768s] running develop
[0.907s] running egg_info
[0.907s] creating nxp_cup_vision.egg-info
[0.907s] writing nxp_cup_vision.egg-info/PKG-INFO
[0.908s] writing dependency_links to nxp_cup_vision.egg-info/dependency_links.txt
[0.908s] writing entry points to nxp_cup_vision.egg-info/entry_points.txt
[0.908s] writing requirements to nxp_cup_vision.egg-info/requires.txt
[0.908s] writing top-level names to nxp_cup_vision.egg-info/top_level.txt
[0.908s] writing manifest file 'nxp_cup_vision.egg-info/SOURCES.txt'
[0.909s] reading manifest file 'nxp_cup_vision.egg-info/SOURCES.txt'
[0.910s] writing manifest file 'nxp_cup_vision.egg-info/SOURCES.txt'
[0.911s] running build_ext
[0.911s] Creating /home/shreedhar/cognipilot/cranium/install/nxp_cup_vision/lib/python3.10/site-packages/nxp-cup-vision.egg-link (link to .)
[0.912s] Installing nxp_track_vision script to /home/shreedhar/cognipilot/cranium/install/nxp_cup_vision/lib/nxp_cup_vision
[0.912s] 
[0.912s] Installed /home/shreedhar/cognipilot/cranium/build/nxp_cup_vision
[0.912s] running symlink_data
[0.912s] creating /home/shreedhar/cognipilot/cranium/install/nxp_cup_vision/share/ament_index
[0.913s] creating /home/shreedhar/cognipilot/cranium/install/nxp_cup_vision/share/ament_index/resource_index
[0.913s] creating /home/shreedhar/cognipilot/cranium/install/nxp_cup_vision/share/ament_index/resource_index/packages
[0.913s] symbolically linking /home/shreedhar/cognipilot/cranium/build/nxp_cup_vision/resource/nxp_cup_vision -> /home/shreedhar/cognipilot/cranium/install/nxp_cup_vision/share/ament_index/resource_index/packages
[0.913s] symbolically linking /home/shreedhar/cognipilot/cranium/build/nxp_cup_vision/package.xml -> /home/shreedhar/cognipilot/cranium/install/nxp_cup_vision/share/nxp_cup_vision
[0.913s] creating /home/shreedhar/cognipilot/cranium/install/nxp_cup_vision/share/nxp_cup_vision/launch
[0.913s] symbolically linking /home/shreedhar/cognipilot/cranium/build/nxp_cup_vision/launch/nxp_cup_vision_launch.py -> /home/shreedhar/cognipilot/cranium/install/nxp_cup_vision/share/nxp_cup_vision/launch
[0.944s] Invoked command in '/home/shreedhar/cognipilot/cranium/build/nxp_cup_vision' returned '0': CMAKE_PREFIX_PATH=/home/shreedhar/cognipilot/cranium/install/synapse_msgs:/home/shreedhar/cognipilot/electrode/install/electrode:/home/shreedhar/cognipilot/cranium/install/synapse_ros:/home/shreedhar/cognipilot/cranium/install/synapse_gz:/home/shreedhar/cognipilot/cranium/install/synapse_tinyframe:/home/shreedhar/cognipilot/cranium/install/synapse_protobuf:/home/shreedhar/cognipilot/cranium/install/corti:/home/shreedhar/cognipilot/cranium/install/dream_world:/home/shreedhar/cognipilot/cranium/install/cerebri_bringup:/home/shreedhar/cognipilot/cranium/install/b3rb_simulator:/home/shreedhar/cognipilot/cranium/install/b3rb_desktop:/home/shreedhar/cognipilot/cranium/install/b3rb_rviz:/home/shreedhar/cognipilot/cranium/install/b3rb_nav2:/home/shreedhar/cognipilot/cranium/install/b3rb_gz_resource:/home/shreedhar/cognipilot/cranium/install/b3rb_gz_bringup:/home/shreedhar/cognipilot/cranium/install/b3rb_description LD_LIBRARY_PATH=/home/shreedhar/cognipilot/cranium/install/synapse_msgs/lib:/home/shreedhar/cognipilot/cranium/install/synapse_tinyframe/lib:/home/shreedhar/cognipilot/cranium/install/synapse_protobuf/lib:/opt/ros/humble/opt/rviz_ogre_vendor/lib:/opt/ros/humble/lib/x86_64-linux-gnu:/opt/ros/humble/lib PYTHONPATH=/home/shreedhar/cognipilot/cranium/build/nxp_cup_vision/prefix_override:/usr/lib/python3/dist-packages/colcon_core/task/python/colcon_distutils_commands:/home/shreedhar/cognipilot/cranium/install/nxp_cup_vision/lib/python3.10/site-packages:${PYTHONPATH} /usr/bin/python3 -W ignore:setup.py install is deprecated setup.py develop --editable --build-directory /home/shreedhar/cognipilot/cranium/build/nxp_cup_vision/build --no-deps symlink_data
