-- The C compiler identification is GNU 11.4.0
-- The CXX compiler identification is GNU 11.4.0
-- Detecting C compiler ABI info
-- Detecting C compiler ABI info - done
-- Check for working C compiler: /usr/bin/cc - skipped
-- Detecting C compile features
-- Detecting C compile features - done
-- Detecting CXX compiler ABI info
-- Detecting CXX compiler ABI info - done
-- Check for working CXX compiler: /usr/bin/c++ - skipped
-- Detecting CXX compile features
-- Detecting CXX compile features - done
-- Found ament_cmake: 1.3.9 (/opt/ros/humble/share/ament_cmake/cmake)
-- Found Python3: /usr/bin/python3 (found version "3.10.12") found components: Interpreter 
-- Override CMake install command with custom implementation using symlinks instead of copying resources
-- Found ament_lint_auto: 0.12.11 (/opt/ros/humble/share/ament_lint_auto/cmake)
-- Added test 'flake8' to check Python code syntax and style conventions
-- Added test 'lint_cmake' to check CMake code style
-- Added test 'pep257' to check Python code against some of the docstring style conventions in PEP 257
-- Added test 'xmllint' to check XML markup files
-- Configuring done
-- Generating done
-- Build files have been written to: /home/shreedhar/cognipilot/electrode/build/electrode
-- Install configuration: ""
-- Execute custom install script
-- Symlinking: /home/shreedhar/cognipilot/electrode/install/electrode/share/electrode/launch/electrode.launch.py
-- Symlinking: /home/shreedhar/cognipilot/electrode/install/electrode/share/electrode/config/b3rb.rviz
-- Symlinking: /home/shreedhar/cognipilot/electrode/install/electrode/share/electrode/config/elm4s.rviz
-- Symlinking: /home/shreedhar/cognipilot/electrode/install/electrode/share/electrode/config/melms.rviz
-- Symlinking: /home/shreedhar/cognipilot/electrode/install/electrode/share/ament_index/resource_index/package_run_dependencies/electrode
-- Symlinking: /home/shreedhar/cognipilot/electrode/install/electrode/share/ament_index/resource_index/parent_prefix_path/electrode
-- Symlinking: /home/shreedhar/cognipilot/electrode/install/electrode/share/electrode/environment/ament_prefix_path.sh
-- Symlinking: /home/shreedhar/cognipilot/electrode/install/electrode/share/electrode/environment/ament_prefix_path.dsv
-- Symlinking: /home/shreedhar/cognipilot/electrode/install/electrode/share/electrode/environment/path.sh
-- Symlinking: /home/shreedhar/cognipilot/electrode/install/electrode/share/electrode/environment/path.dsv
-- Symlinking: /home/shreedhar/cognipilot/electrode/install/electrode/share/electrode/local_setup.bash
-- Symlinking: /home/shreedhar/cognipilot/electrode/install/electrode/share/electrode/local_setup.sh
-- Symlinking: /home/shreedhar/cognipilot/electrode/install/electrode/share/electrode/local_setup.zsh
-- Symlinking: /home/shreedhar/cognipilot/electrode/install/electrode/share/electrode/local_setup.dsv
-- Symlinking: /home/shreedhar/cognipilot/electrode/install/electrode/share/electrode/package.dsv
-- Symlinking: /home/shreedhar/cognipilot/electrode/install/electrode/share/ament_index/resource_index/packages/electrode
-- Symlinking: /home/shreedhar/cognipilot/electrode/install/electrode/share/electrode/cmake/electrodeConfig.cmake
-- Symlinking: /home/shreedhar/cognipilot/electrode/install/electrode/share/electrode/cmake/electrodeConfig-version.cmake
-- Symlinking: /home/shreedhar/cognipilot/electrode/install/electrode/share/electrode/package.xml
