[0.008s] Invoking command in '/home/shreedhar/cognipilot/electrode/build/electrode': CMAKE_PREFIX_PATH=/opt/ros/humble /usr/bin/cmake /home/shreedhar/cognipilot/electrode/src/electrode -DAMENT_CMAKE_SYMLINK_INSTALL=1 -DCMAKE_INSTALL_PREFIX=/home/shreedhar/cognipilot/electrode/install/electrode
[0.051s] -- The C compiler identification is GNU 11.4.0
[0.094s] -- The CXX compiler identification is GNU 11.4.0
[0.100s] -- Detecting C compiler ABI info
[0.158s] -- Detecting C compiler ABI info - done
[0.163s] -- Check for working C compiler: /usr/bin/cc - skipped
[0.163s] -- Detecting C compile features
[0.163s] -- Detecting C compile features - done
[0.165s] -- Detecting CXX compiler ABI info
[0.231s] -- Detecting CXX compiler ABI info - done
[0.237s] -- Check for working CXX compiler: /usr/bin/c++ - skipped
[0.237s] -- Detecting CXX compile features
[0.237s] -- Detecting CXX compile features - done
[0.239s] -- Found ament_cmake: 1.3.9 (/opt/ros/humble/share/ament_cmake/cmake)
[0.357s] -- Found Python3: /usr/bin/python3 (found version "3.10.12") found components: Interpreter 
[0.400s] -- Override CMake install command with custom implementation using symlinks instead of copying resources
[0.423s] -- Found ament_lint_auto: 0.12.11 (/opt/ros/humble/share/ament_lint_auto/cmake)
[0.484s] -- Added test 'flake8' to check Python code syntax and style conventions
[0.484s] -- Added test 'lint_cmake' to check CMake code style
[0.485s] -- Added test 'pep257' to check Python code against some of the docstring style conventions in PEP 257
[0.488s] -- Added test 'xmllint' to check XML markup files
[0.490s] -- Configuring done
[0.492s] -- Generating done
[0.493s] -- Build files have been written to: /home/shreedhar/cognipilot/electrode/build/electrode
[0.496s] Invoked command in '/home/shreedhar/cognipilot/electrode/build/electrode' returned '0': CMAKE_PREFIX_PATH=/opt/ros/humble /usr/bin/cmake /home/shreedhar/cognipilot/electrode/src/electrode -DAMENT_CMAKE_SYMLINK_INSTALL=1 -DCMAKE_INSTALL_PREFIX=/home/shreedhar/cognipilot/electrode/install/electrode
[0.498s] Invoking command in '/home/shreedhar/cognipilot/electrode/build/electrode': CMAKE_PREFIX_PATH=/opt/ros/humble /usr/bin/cmake --build /home/shreedhar/cognipilot/electrode/build/electrode -- -j12 -l12
[0.531s] Invoked command in '/home/shreedhar/cognipilot/electrode/build/electrode' returned '0': CMAKE_PREFIX_PATH=/opt/ros/humble /usr/bin/cmake --build /home/shreedhar/cognipilot/electrode/build/electrode -- -j12 -l12
[0.558s] Invoking command in '/home/shreedhar/cognipilot/electrode/build/electrode': CMAKE_PREFIX_PATH=/opt/ros/humble /usr/bin/cmake --install /home/shreedhar/cognipilot/electrode/build/electrode
[0.565s] -- Install configuration: ""
[0.565s] -- Execute custom install script
[0.565s] -- Symlinking: /home/shreedhar/cognipilot/electrode/install/electrode/share/electrode/launch/electrode.launch.py
[0.573s] -- Symlinking: /home/shreedhar/cognipilot/electrode/install/electrode/share/electrode/config/b3rb.rviz
[0.580s] -- Symlinking: /home/shreedhar/cognipilot/electrode/install/electrode/share/electrode/config/elm4s.rviz
[0.587s] -- Symlinking: /home/shreedhar/cognipilot/electrode/install/electrode/share/electrode/config/melms.rviz
[0.595s] -- Symlinking: /home/shreedhar/cognipilot/electrode/install/electrode/share/ament_index/resource_index/package_run_dependencies/electrode
[0.603s] -- Symlinking: /home/shreedhar/cognipilot/electrode/install/electrode/share/ament_index/resource_index/parent_prefix_path/electrode
[0.611s] -- Symlinking: /home/shreedhar/cognipilot/electrode/install/electrode/share/electrode/environment/ament_prefix_path.sh
[0.618s] -- Symlinking: /home/shreedhar/cognipilot/electrode/install/electrode/share/electrode/environment/ament_prefix_path.dsv
[0.626s] -- Symlinking: /home/shreedhar/cognipilot/electrode/install/electrode/share/electrode/environment/path.sh
[0.634s] -- Symlinking: /home/shreedhar/cognipilot/electrode/install/electrode/share/electrode/environment/path.dsv
[0.641s] -- Symlinking: /home/shreedhar/cognipilot/electrode/install/electrode/share/electrode/local_setup.bash
[0.648s] -- Symlinking: /home/shreedhar/cognipilot/electrode/install/electrode/share/electrode/local_setup.sh
[0.656s] -- Symlinking: /home/shreedhar/cognipilot/electrode/install/electrode/share/electrode/local_setup.zsh
[0.663s] -- Symlinking: /home/shreedhar/cognipilot/electrode/install/electrode/share/electrode/local_setup.dsv
[0.670s] -- Symlinking: /home/shreedhar/cognipilot/electrode/install/electrode/share/electrode/package.dsv
[0.678s] -- Symlinking: /home/shreedhar/cognipilot/electrode/install/electrode/share/ament_index/resource_index/packages/electrode
[0.685s] -- Symlinking: /home/shreedhar/cognipilot/electrode/install/electrode/share/electrode/cmake/electrodeConfig.cmake
[0.692s] -- Symlinking: /home/shreedhar/cognipilot/electrode/install/electrode/share/electrode/cmake/electrodeConfig-version.cmake
[0.699s] -- Symlinking: /home/shreedhar/cognipilot/electrode/install/electrode/share/electrode/package.xml
[0.709s] Invoked command in '/home/shreedhar/cognipilot/electrode/build/electrode' returned '0': CMAKE_PREFIX_PATH=/opt/ros/humble /usr/bin/cmake --install /home/shreedhar/cognipilot/electrode/build/electrode
