[0.859s] Invoking command in '/home/shreedhar/cognipilot/cranium/src/nxp_cup_vision': CMAKE_PREFIX_PATH=/home/shreedhar/cognipilot/cranium/install/synapse_msgs:/home/shreedhar/cognipilot/cranium/install/synapse_ros:/home/shreedhar/cognipilot/cranium/install/synapse_gz:/home/shreedhar/cognipilot/cranium/install/synapse_tinyframe:/home/shreedhar/cognipilot/cranium/install/synapse_protobuf:/home/shreedhar/cognipilot/cranium/install/corti:/home/shreedhar/cognipilot/cranium/install/dream_world:/home/shreedhar/cognipilot/cranium/install/cerebri_bringup:/home/shreedhar/cognipilot/cranium/install/b3rb_simulator:/home/shreedhar/cognipilot/cranium/install/b3rb_desktop:/home/shreedhar/cognipilot/cranium/install/b3rb_rviz:/home/shreedhar/cognipilot/cranium/install/b3rb_nav2:/home/shreedhar/cognipilot/cranium/install/b3rb_gz_resource:/home/shreedhar/cognipilot/cranium/install/b3rb_gz_bringup:/home/shreedhar/cognipilot/cranium/install/b3rb_description:/home/shreedhar/cognipilot/electrode/install/electrode LD_LIBRARY_PATH=/home/shreedhar/cognipilot/cranium/install/synapse_msgs/lib:/home/shreedhar/cognipilot/cranium/install/synapse_tinyframe/lib:/home/shreedhar/cognipilot/cranium/install/synapse_protobuf/lib:/opt/ros/humble/opt/rviz_ogre_vendor/lib:/opt/ros/humble/lib/x86_64-linux-gnu:/opt/ros/humble/lib PYTHONPATH=/home/shreedhar/cognipilot/cranium/build/nxp_cup_vision/prefix_override:/usr/lib/python3/dist-packages/colcon_core/task/python/colcon_distutils_commands:/home/shreedhar/cognipilot/cranium/install/nxp_cup_vision/lib/python3.10/site-packages:${PYTHONPATH} /usr/bin/python3 -W ignore:setup.py install is deprecated setup.py egg_info --egg-base ../../build/nxp_cup_vision build --build-base /home/shreedhar/cognipilot/cranium/build/nxp_cup_vision/build install --record /home/shreedhar/cognipilot/cranium/build/nxp_cup_vision/install.log --single-version-externally-managed install_data
[1.053s] running egg_info
[1.053s] writing ../../build/nxp_cup_vision/nxp_cup_vision.egg-info/PKG-INFO
[1.054s] writing dependency_links to ../../build/nxp_cup_vision/nxp_cup_vision.egg-info/dependency_links.txt
[1.054s] writing entry points to ../../build/nxp_cup_vision/nxp_cup_vision.egg-info/entry_points.txt
[1.054s] writing requirements to ../../build/nxp_cup_vision/nxp_cup_vision.egg-info/requires.txt
[1.054s] writing top-level names to ../../build/nxp_cup_vision/nxp_cup_vision.egg-info/top_level.txt
[1.055s] reading manifest file '../../build/nxp_cup_vision/nxp_cup_vision.egg-info/SOURCES.txt'
[1.056s] adding license file 'LICENSE'
[1.056s] writing manifest file '../../build/nxp_cup_vision/nxp_cup_vision.egg-info/SOURCES.txt'
[1.056s] running build
[1.057s] running build_py
[1.057s] running install
[1.057s] running install_lib
[1.058s] running install_data
[1.058s] running install_egg_info
[1.059s] removing '/home/shreedhar/cognipilot/cranium/install/nxp_cup_vision/lib/python3.10/site-packages/nxp_cup_vision-0.0.1-py3.10.egg-info' (and everything under it)
[1.060s] Copying ../../build/nxp_cup_vision/nxp_cup_vision.egg-info to /home/shreedhar/cognipilot/cranium/install/nxp_cup_vision/lib/python3.10/site-packages/nxp_cup_vision-0.0.1-py3.10.egg-info
[1.061s] running install_scripts
[1.076s] Installing nxp_track_vision script to /home/shreedhar/cognipilot/cranium/install/nxp_cup_vision/lib/nxp_cup_vision
[1.077s] writing list of installed files to '/home/shreedhar/cognipilot/cranium/build/nxp_cup_vision/install.log'
[1.099s] Invoked command in '/home/shreedhar/cognipilot/cranium/src/nxp_cup_vision' returned '0': CMAKE_PREFIX_PATH=/home/shreedhar/cognipilot/cranium/install/synapse_msgs:/home/shreedhar/cognipilot/cranium/install/synapse_ros:/home/shreedhar/cognipilot/cranium/install/synapse_gz:/home/shreedhar/cognipilot/cranium/install/synapse_tinyframe:/home/shreedhar/cognipilot/cranium/install/synapse_protobuf:/home/shreedhar/cognipilot/cranium/install/corti:/home/shreedhar/cognipilot/cranium/install/dream_world:/home/shreedhar/cognipilot/cranium/install/cerebri_bringup:/home/shreedhar/cognipilot/cranium/install/b3rb_simulator:/home/shreedhar/cognipilot/cranium/install/b3rb_desktop:/home/shreedhar/cognipilot/cranium/install/b3rb_rviz:/home/shreedhar/cognipilot/cranium/install/b3rb_nav2:/home/shreedhar/cognipilot/cranium/install/b3rb_gz_resource:/home/shreedhar/cognipilot/cranium/install/b3rb_gz_bringup:/home/shreedhar/cognipilot/cranium/install/b3rb_description:/home/shreedhar/cognipilot/electrode/install/electrode LD_LIBRARY_PATH=/home/shreedhar/cognipilot/cranium/install/synapse_msgs/lib:/home/shreedhar/cognipilot/cranium/install/synapse_tinyframe/lib:/home/shreedhar/cognipilot/cranium/install/synapse_protobuf/lib:/opt/ros/humble/opt/rviz_ogre_vendor/lib:/opt/ros/humble/lib/x86_64-linux-gnu:/opt/ros/humble/lib PYTHONPATH=/home/shreedhar/cognipilot/cranium/build/nxp_cup_vision/prefix_override:/usr/lib/python3/dist-packages/colcon_core/task/python/colcon_distutils_commands:/home/shreedhar/cognipilot/cranium/install/nxp_cup_vision/lib/python3.10/site-packages:${PYTHONPATH} /usr/bin/python3 -W ignore:setup.py install is deprecated setup.py egg_info --egg-base ../../build/nxp_cup_vision build --build-base /home/shreedhar/cognipilot/cranium/build/nxp_cup_vision/build install --record /home/shreedhar/cognipilot/cranium/build/nxp_cup_vision/install.log --single-version-externally-managed install_data
