[0.091s] Invoking command in '/home/shreedhar/cognipilot/cranium/build/dream_world': CMAKE_PREFIX_PATH=${CMAKE_PREFIX_PATH}:/home/shreedhar/cognipilot/cranium/install/nxp_cup_vision:/opt/ros/humble /usr/bin/cmake /home/shreedhar/cognipilot/cranium/src/dream_world -DCMAKE_INSTALL_PREFIX=/home/shreedhar/cognipilot/cranium/install/dream_world
[0.107s] -- Found ament_cmake: 1.3.9 (/opt/ros/humble/share/ament_cmake/cmake)
[0.278s] -- Override CMake install command with custom implementation using symlinks instead of copying resources
[0.287s] -- Found ament_lint_auto: 0.12.11 (/opt/ros/humble/share/ament_lint_auto/cmake)
[0.402s] -- Added test 'lint_cmake' to check CMake code style
[0.439s] -- Added test 'xmllint' to check XML markup files
[0.439s] -- Configuring done
[0.458s] -- Generating done
[0.458s] -- Build files have been written to: /home/shreedhar/cognipilot/cranium/build/dream_world
[0.460s] Invoked command in '/home/shreedhar/cognipilot/cranium/build/dream_world' returned '0': CMAKE_PREFIX_PATH=${CMAKE_PREFIX_PATH}:/home/shreedhar/cognipilot/cranium/install/nxp_cup_vision:/opt/ros/humble /usr/bin/cmake /home/shreedhar/cognipilot/cranium/src/dream_world -DCMAKE_INSTALL_PREFIX=/home/shreedhar/cognipilot/cranium/install/dream_world
[0.461s] Invoking command in '/home/shreedhar/cognipilot/cranium/build/dream_world': CMAKE_PREFIX_PATH=${CMAKE_PREFIX_PATH}:/home/shreedhar/cognipilot/cranium/install/nxp_cup_vision:/opt/ros/humble /usr/bin/cmake --build /home/shreedhar/cognipilot/cranium/build/dream_world -- -j12 -l12
[0.526s] Invoked command in '/home/shreedhar/cognipilot/cranium/build/dream_world' returned '0': CMAKE_PREFIX_PATH=${CMAKE_PREFIX_PATH}:/home/shreedhar/cognipilot/cranium/install/nxp_cup_vision:/opt/ros/humble /usr/bin/cmake --build /home/shreedhar/cognipilot/cranium/build/dream_world -- -j12 -l12
[0.559s] Invoking command in '/home/shreedhar/cognipilot/cranium/build/dream_world': CMAKE_PREFIX_PATH=${CMAKE_PREFIX_PATH}:/home/shreedhar/cognipilot/cranium/install/nxp_cup_vision:/opt/ros/humble /usr/bin/cmake --install /home/shreedhar/cognipilot/cranium/build/dream_world
[0.566s] -- Install configuration: ""
[0.567s] -- Execute custom install script
[0.575s] -- Symlinking: /home/shreedhar/cognipilot/cranium/install/dream_world/share/dream_world/models/Coke/materials/coke.png
[0.582s] -- Symlinking: /home/shreedhar/cognipilot/cranium/install/dream_world/share/dream_world/models/Coke/meshes/coke.mtl
[0.591s] -- Symlinking: /home/shreedhar/cognipilot/cranium/install/dream_world/share/dream_world/models/Coke/meshes/coke.obj
[0.600s] -- Symlinking: /home/shreedhar/cognipilot/cranium/install/dream_world/share/dream_world/models/Coke/model.config
[0.618s] -- Symlinking: /home/shreedhar/cognipilot/cranium/install/dream_world/share/dream_world/models/Coke/model.sdf
[0.618s] -- Symlinking: /home/shreedhar/cognipilot/cranium/install/dream_world/share/dream_world/models/Coke/thumbnails/1.png
[0.628s] -- Symlinking: /home/shreedhar/cognipilot/cranium/install/dream_world/share/dream_world/models/Coke/thumbnails/2.png
[0.638s] -- Symlinking: /home/shreedhar/cognipilot/cranium/install/dream_world/share/dream_world/models/Coke/thumbnails/3.png
[0.647s] -- Symlinking: /home/shreedhar/cognipilot/cranium/install/dream_world/share/dream_world/models/Coke/thumbnails/4.png
[0.657s] -- Symlinking: /home/shreedhar/cognipilot/cranium/install/dream_world/share/dream_world/models/Coke/thumbnails/5.png
[0.666s] -- Symlinking: /home/shreedhar/cognipilot/cranium/install/dream_world/share/dream_world/models/Construction_Cone_mini/materials/scripts/Construction_Cone.material
[0.675s] -- Symlinking: /home/shreedhar/cognipilot/cranium/install/dream_world/share/dream_world/models/Construction_Cone_mini/materials/textures/Construction_Cone_Diffuse.png
[0.684s] -- Symlinking: /home/shreedhar/cognipilot/cranium/install/dream_world/share/dream_world/models/Construction_Cone_mini/materials/textures/cone.png
[0.694s] -- Symlinking: /home/shreedhar/cognipilot/cranium/install/dream_world/share/dream_world/models/Construction_Cone_mini/meshes/construction_cone.dae
[0.704s] -- Symlinking: /home/shreedhar/cognipilot/cranium/install/dream_world/share/dream_world/models/Construction_Cone_mini/model.config
[0.713s] -- Symlinking: /home/shreedhar/cognipilot/cranium/install/dream_world/share/dream_world/models/Construction_Cone_mini/model.sdf
[0.724s] -- Up-to-date symlink: /home/shreedhar/cognipilot/cranium/install/dream_world/share/dream_world/models/Depot/materials/scripts/model.material
[0.724s] -- Up-to-date symlink: /home/shreedhar/cognipilot/cranium/install/dream_world/share/dream_world/models/Depot/materials/textures/BOXSET_Albedo.png
[0.724s] -- Up-to-date symlink: /home/shreedhar/cognipilot/cranium/install/dream_world/share/dream_world/models/Depot/materials/textures/BOXSET_Emissive.png
[0.725s] -- Up-to-date symlink: /home/shreedhar/cognipilot/cranium/install/dream_world/share/dream_world/models/Depot/materials/textures/BOXSET_Metalness.png
[0.725s] -- Up-to-date symlink: /home/shreedhar/cognipilot/cranium/install/dream_world/share/dream_world/models/Depot/materials/textures/BOXSET_Normal.png
[0.725s] -- Up-to-date symlink: /home/shreedhar/cognipilot/cranium/install/dream_world/share/dream_world/models/Depot/materials/textures/BOXSET_Roughness.png
[0.725s] -- Up-to-date symlink: /home/shreedhar/cognipilot/cranium/install/dream_world/share/dream_world/models/Depot/materials/textures/Crates_Crates_BaseColor.png
[0.725s] -- Up-to-date symlink: /home/shreedhar/cognipilot/cranium/install/dream_world/share/dream_world/models/Depot/materials/textures/Crates_Crates_Normal.png
[0.726s] -- Up-to-date symlink: /home/shreedhar/cognipilot/cranium/install/dream_world/share/dream_world/models/Depot/materials/textures/Crates_Crates_Roughness.png
[0.726s] -- Up-to-date symlink: /home/shreedhar/cognipilot/cranium/install/dream_world/share/dream_world/models/Depot/materials/textures/DepotLightmap.png
[0.726s] -- Up-to-date symlink: /home/shreedhar/cognipilot/cranium/install/dream_world/share/dream_world/models/Depot/materials/textures/FANS_Albedo.png
[0.726s] -- Up-to-date symlink: /home/shreedhar/cognipilot/cranium/install/dream_world/share/dream_world/models/Depot/materials/textures/FANS_Metalness.png
[0.727s] -- Up-to-date symlink: /home/shreedhar/cognipilot/cranium/install/dream_world/share/dream_world/models/Depot/materials/textures/FANS_Normal.png
[0.727s] -- Up-to-date symlink: /home/shreedhar/cognipilot/cranium/install/dream_world/share/dream_world/models/Depot/materials/textures/FANS_Roughness.png
[0.727s] -- Up-to-date symlink: /home/shreedhar/cognipilot/cranium/install/dream_world/share/dream_world/models/Depot/materials/textures/FLOOR_Albedo.png
[0.728s] -- Up-to-date symlink: /home/shreedhar/cognipilot/cranium/install/dream_world/share/dream_world/models/Depot/materials/textures/FLOOR_Metalness.png
[0.728s] -- Up-to-date symlink: /home/shreedhar/cognipilot/cranium/install/dream_world/share/dream_world/models/Depot/materials/textures/FLOOR_Normal.png
[0.728s] -- Up-to-date symlink: /home/shreedhar/cognipilot/cranium/install/dream_world/share/dream_world/models/Depot/materials/textures/FLOOR_Roughness.png
[0.728s] -- Up-to-date symlink: /home/shreedhar/cognipilot/cranium/install/dream_world/share/dream_world/models/Depot/materials/textures/FanBack_FanBack_BaseColor.png
[0.729s] -- Up-to-date symlink: /home/shreedhar/cognipilot/cranium/install/dream_world/share/dream_world/models/Depot/materials/textures/FireAlarmPole_Albedo.png
[0.729s] -- Up-to-date symlink: /home/shreedhar/cognipilot/cranium/install/dream_world/share/dream_world/models/Depot/materials/textures/FireAlarmPole_Metalness.png
[0.729s] -- Up-to-date symlink: /home/shreedhar/cognipilot/cranium/install/dream_world/share/dream_world/models/Depot/materials/textures/FireAlarmPole_Normal.png
[0.729s] -- Up-to-date symlink: /home/shreedhar/cognipilot/cranium/install/dream_world/share/dream_world/models/Depot/materials/textures/FireAlarmPole_Roughness.png
[0.730s] -- Up-to-date symlink: /home/shreedhar/cognipilot/cranium/install/dream_world/share/dream_world/models/Depot/materials/textures/FireAlarm_Albedo.png
[0.730s] -- Up-to-date symlink: /home/shreedhar/cognipilot/cranium/install/dream_world/share/dream_world/models/Depot/materials/textures/FireAlarm_Metalness.png
[0.730s] -- Up-to-date symlink: /home/shreedhar/cognipilot/cranium/install/dream_world/share/dream_world/models/Depot/materials/textures/FireAlarm_Normal.png
[0.732s] -- Up-to-date symlink: /home/shreedhar/cognipilot/cranium/install/dream_world/share/dream_world/models/Depot/materials/textures/FireAlarm_Roughness.png
[0.732s] -- Up-to-date symlink: /home/shreedhar/cognipilot/cranium/install/dream_world/share/dream_world/models/Depot/materials/textures/Forklift_Forklift_BaseColor.png
[0.732s] -- Up-to-date symlink: /home/shreedhar/cognipilot/cranium/install/dream_world/share/dream_world/models/Depot/materials/textures/Forklift_Forklift_Metallic.png
[0.732s] -- Up-to-date symlink: /home/shreedhar/cognipilot/cranium/install/dream_world/share/dream_world/models/Depot/materials/textures/Forklift_Forklift_Normal.png
[0.732s] -- Up-to-date symlink: /home/shreedhar/cognipilot/cranium/install/dream_world/share/dream_world/models/Depot/materials/textures/Forklift_Forklift_Roughness.png
[0.732s] -- Up-to-date symlink: /home/shreedhar/cognipilot/cranium/install/dream_world/share/dream_world/models/Depot/materials/textures/INTERCOM_Albedo.png
[0.732s] -- Up-to-date symlink: /home/shreedhar/cognipilot/cranium/install/dream_world/share/dream_world/models/Depot/materials/textures/INTERCOM_Emissive.png
[0.732s] -- Up-to-date symlink: /home/shreedhar/cognipilot/cranium/install/dream_world/share/dream_world/models/Depot/materials/textures/INTERCOM_Metalness.png
[0.732s] -- Up-to-date symlink: /home/shreedhar/cognipilot/cranium/install/dream_world/share/dream_world/models/Depot/materials/textures/INTERCOM_Normal.png
[0.733s] -- Up-to-date symlink: /home/shreedhar/cognipilot/cranium/install/dream_world/share/dream_world/models/Depot/materials/textures/INTERCOM_Roughness.png
[0.733s] -- Up-to-date symlink: /home/shreedhar/cognipilot/cranium/install/dream_world/share/dream_world/models/Depot/materials/textures/PILLERS_Albedo.png
[0.733s] -- Up-to-date symlink: /home/shreedhar/cognipilot/cranium/install/dream_world/share/dream_world/models/Depot/materials/textures/PILLERS_Metalness.png
[0.733s] -- Up-to-date symlink: /home/shreedhar/cognipilot/cranium/install/dream_world/share/dream_world/models/Depot/materials/textures/PILLERS_Normal.png
[0.733s] -- Up-to-date symlink: /home/shreedhar/cognipilot/cranium/install/dream_world/share/dream_world/models/Depot/materials/textures/PILLERS_Roughness.png
[0.733s] -- Up-to-date symlink: /home/shreedhar/cognipilot/cranium/install/dream_world/share/dream_world/models/Depot/materials/textures/Pipes_Albedo.png
[0.733s] -- Up-to-date symlink: /home/shreedhar/cognipilot/cranium/install/dream_world/share/dream_world/models/Depot/materials/textures/Pipes_Metalness.png
[0.733s] -- Up-to-date symlink: /home/shreedhar/cognipilot/cranium/install/dream_world/share/dream_world/models/Depot/materials/textures/Pipes_Normal.png
[0.733s] -- Up-to-date symlink: /home/shreedhar/cognipilot/cranium/install/dream_world/share/dream_world/models/Depot/materials/textures/Pipes_Roughness.png
[0.733s] -- Up-to-date symlink: /home/shreedhar/cognipilot/cranium/install/dream_world/share/dream_world/models/Depot/materials/textures/ROOF_Albedo.png
[0.733s] -- Up-to-date symlink: /home/shreedhar/cognipilot/cranium/install/dream_world/share/dream_world/models/Depot/materials/textures/ROOF_Emissive.png
[0.733s] -- Up-to-date symlink: /home/shreedhar/cognipilot/cranium/install/dream_world/share/dream_world/models/Depot/materials/textures/ROOF_Metalness.png
[0.733s] -- Up-to-date symlink: /home/shreedhar/cognipilot/cranium/install/dream_world/share/dream_world/models/Depot/materials/textures/ROOF_Normal.png
[0.733s] -- Up-to-date symlink: /home/shreedhar/cognipilot/cranium/install/dream_world/share/dream_world/models/Depot/materials/textures/ROOF_Roughness.png
[0.734s] -- Up-to-date symlink: /home/shreedhar/cognipilot/cranium/install/dream_world/share/dream_world/models/Depot/materials/textures/STAIRS_Albedo.png
[0.734s] -- Up-to-date symlink: /home/shreedhar/cognipilot/cranium/install/dream_world/share/dream_world/models/Depot/materials/textures/STAIRS_Metalness.png
[0.734s] -- Up-to-date symlink: /home/shreedhar/cognipilot/cranium/install/dream_world/share/dream_world/models/Depot/materials/textures/STAIRS_Normal.png
[0.734s] -- Up-to-date symlink: /home/shreedhar/cognipilot/cranium/install/dream_world/share/dream_world/models/Depot/materials/textures/STAIRS_Roughness.png
[0.734s] -- Up-to-date symlink: /home/shreedhar/cognipilot/cranium/install/dream_world/share/dream_world/models/Depot/materials/textures/WALLS_Albedo.png
[0.734s] -- Up-to-date symlink: /home/shreedhar/cognipilot/cranium/install/dream_world/share/dream_world/models/Depot/materials/textures/WALLS_Metalness.png
[0.734s] -- Up-to-date symlink: /home/shreedhar/cognipilot/cranium/install/dream_world/share/dream_world/models/Depot/materials/textures/WALLS_Normal.png
[0.734s] -- Up-to-date symlink: /home/shreedhar/cognipilot/cranium/install/dream_world/share/dream_world/models/Depot/materials/textures/WALLS_Roughness.png
[0.735s] -- Up-to-date symlink: /home/shreedhar/cognipilot/cranium/install/dream_world/share/dream_world/models/Depot/materials/textures/Window_WINDOW_BaseColor.png
[0.735s] -- Up-to-date symlink: /home/shreedhar/cognipilot/cranium/install/dream_world/share/dream_world/models/Depot/materials/textures/Window_WINDOW_Metallic.png
[0.735s] -- Up-to-date symlink: /home/shreedhar/cognipilot/cranium/install/dream_world/share/dream_world/models/Depot/materials/textures/Window_WINDOW_Roughness.png
[0.735s] -- Up-to-date symlink: /home/shreedhar/cognipilot/cranium/install/dream_world/share/dream_world/models/Depot/meshes/Crates.dae
[0.736s] -- Up-to-date symlink: /home/shreedhar/cognipilot/cranium/install/dream_world/share/dream_world/models/Depot/meshes/Depot.dae
[0.736s] -- Up-to-date symlink: /home/shreedhar/cognipilot/cranium/install/dream_world/share/dream_world/models/Depot/model.config
[0.736s] -- Up-to-date symlink: /home/shreedhar/cognipilot/cranium/install/dream_world/share/dream_world/models/Depot/model.sdf
[0.736s] -- Up-to-date symlink: /home/shreedhar/cognipilot/cranium/install/dream_world/share/dream_world/models/Depot/thumbnails/0.png
[0.736s] -- Up-to-date symlink: /home/shreedhar/cognipilot/cranium/install/dream_world/share/dream_world/models/Depot/thumbnails/1.png
[0.736s] -- Up-to-date symlink: /home/shreedhar/cognipilot/cranium/install/dream_world/share/dream_world/models/Depot/thumbnails/2.png
[0.736s] -- Up-to-date symlink: /home/shreedhar/cognipilot/cranium/install/dream_world/share/dream_world/models/Depot/thumbnails/3.png
[0.736s] -- Up-to-date symlink: /home/shreedhar/cognipilot/cranium/install/dream_world/share/dream_world/models/Depot/thumbnails/4.png
[0.737s] -- Up-to-date symlink: /home/shreedhar/cognipilot/cranium/install/dream_world/share/dream_world/models/Depot/thumbnails/5.png
[0.737s] -- Symlinking: /home/shreedhar/cognipilot/cranium/install/dream_world/share/dream_world/models/Grand_Finale_Track/LICENSE
[0.745s] -- Symlinking: /home/shreedhar/cognipilot/cranium/install/dream_world/share/dream_world/models/Grand_Finale_Track/meshes/BridgeWallCollision.dae
[0.754s] -- Symlinking: /home/shreedhar/cognipilot/cranium/install/dream_world/share/dream_world/models/Grand_Finale_Track/meshes/BridgeWallCollision_2 (copy).dae
[0.763s] -- Symlinking: /home/shreedhar/cognipilot/cranium/install/dream_world/share/dream_world/models/Grand_Finale_Track/meshes/BridgeWallCollision_2.dae
[0.771s] -- Symlinking: /home/shreedhar/cognipilot/cranium/install/dream_world/share/dream_world/models/Grand_Finale_Track/meshes/Bridge_new.dae
[0.780s] -- Symlinking: /home/shreedhar/cognipilot/cranium/install/dream_world/share/dream_world/models/Grand_Finale_Track/meshes/Raceway2.dae
[0.788s] -- Symlinking: /home/shreedhar/cognipilot/cranium/install/dream_world/share/dream_world/models/Grand_Finale_Track/meshes/Track.dae
[0.797s] -- Symlinking: /home/shreedhar/cognipilot/cranium/install/dream_world/share/dream_world/models/Grand_Finale_Track/meshes/Track_2.dae
[0.805s] -- Symlinking: /home/shreedhar/cognipilot/cranium/install/dream_world/share/dream_world/models/Grand_Finale_Track/meshes/bridge_extension.dae
[0.814s] -- Symlinking: /home/shreedhar/cognipilot/cranium/install/dream_world/share/dream_world/models/Grand_Finale_Track/meshes/bridge_exterior.dae
[0.829s] -- Symlinking: /home/shreedhar/cognipilot/cranium/install/dream_world/share/dream_world/models/Grand_Finale_Track/meshes/bridge_interior.dae
[0.831s] -- Symlinking: /home/shreedhar/cognipilot/cranium/install/dream_world/share/dream_world/models/Grand_Finale_Track/meshes/bridge_side.dae
[0.840s] -- Symlinking: /home/shreedhar/cognipilot/cranium/install/dream_world/share/dream_world/models/Grand_Finale_Track/meshes/rumble_new.dae
[0.849s] -- Symlinking: /home/shreedhar/cognipilot/cranium/install/dream_world/share/dream_world/models/Grand_Finale_Track/meshes/tunnel.dae
[0.857s] -- Symlinking: /home/shreedhar/cognipilot/cranium/install/dream_world/share/dream_world/models/Grand_Finale_Track/meshes/tunnel2.dae
[0.865s] -- Symlinking: /home/shreedhar/cognipilot/cranium/install/dream_world/share/dream_world/models/Grand_Finale_Track/model.config
[0.874s] -- Symlinking: /home/shreedhar/cognipilot/cranium/install/dream_world/share/dream_world/models/Grand_Finale_Track/model.sdf
[0.882s] -- Symlinking: /home/shreedhar/cognipilot/cranium/install/dream_world/share/dream_world/models/NXP_AIM_S3_Qualifiers_Track/meshes/NXP_AIM_S3_Qualifiers_Track.dae
[0.891s] -- Symlinking: /home/shreedhar/cognipilot/cranium/install/dream_world/share/dream_world/models/NXP_AIM_S3_Qualifiers_Track/meshes/NXP_AIM_S3_Qualifiers_Track_bad.dae
[0.899s] -- Symlinking: /home/shreedhar/cognipilot/cranium/install/dream_world/share/dream_world/models/NXP_AIM_S3_Qualifiers_Track/meshes/NXP_AIM_S3_Qualifiers_Track_last.dae
[0.907s] -- Symlinking: /home/shreedhar/cognipilot/cranium/install/dream_world/share/dream_world/models/NXP_AIM_S3_Qualifiers_Track/meshes/NXP_AIM_S3_Qualifiers_Track_latest.dae
[0.915s] -- Symlinking: /home/shreedhar/cognipilot/cranium/install/dream_world/share/dream_world/models/NXP_AIM_S3_Qualifiers_Track/meshes/NXP_AIM_S3_Qualifiers_Track_nice.dae
[0.923s] -- Symlinking: /home/shreedhar/cognipilot/cranium/install/dream_world/share/dream_world/models/NXP_AIM_S3_Qualifiers_Track/meshes/NXP_AIM_S3_Qualifiers_Track_not.dae
[0.932s] -- Symlinking: /home/shreedhar/cognipilot/cranium/install/dream_world/share/dream_world/models/NXP_AIM_S3_Qualifiers_Track/meshes/NXP_AIM_S3_Qualifiers_Track_ok.dae
[0.940s] -- Symlinking: /home/shreedhar/cognipilot/cranium/install/dream_world/share/dream_world/models/NXP_AIM_S3_Qualifiers_Track/meshes/NXP_AIM_S3_Qualifiers_Track_old_white.dae
[0.949s] -- Symlinking: /home/shreedhar/cognipilot/cranium/install/dream_world/share/dream_world/models/NXP_AIM_S3_Qualifiers_Track/meshes/NXP_AIM_S3_Qualifiers_Track_olddd.dae
[0.957s] -- Symlinking: /home/shreedhar/cognipilot/cranium/install/dream_world/share/dream_world/models/NXP_AIM_S3_Qualifiers_Track/meshes/NXP_AIM_S3_Qualifiers_Track_sofa.dae
[0.965s] -- Symlinking: /home/shreedhar/cognipilot/cranium/install/dream_world/share/dream_world/models/NXP_AIM_S3_Qualifiers_Track/meshes/NXP_AIM_S3_Qualifiers_Track_test.dae
[0.974s] -- Symlinking: /home/shreedhar/cognipilot/cranium/install/dream_world/share/dream_world/models/NXP_AIM_S3_Qualifiers_Track/meshes/NXP_AIM_S3_Qualifiers_Track_white.dae
[0.982s] -- Symlinking: /home/shreedhar/cognipilot/cranium/install/dream_world/share/dream_world/models/NXP_AIM_S3_Qualifiers_Track/meshes/NXP_AIM_S3_Qualifiers_Track_white_lligt.dae
[0.990s] -- Symlinking: /home/shreedhar/cognipilot/cranium/install/dream_world/share/dream_world/models/NXP_AIM_S3_Qualifiers_Track/meshes/NXP_AIM_S3_Qualifiers_Track_working.dae
[0.998s] -- Symlinking: /home/shreedhar/cognipilot/cranium/install/dream_world/share/dream_world/models/NXP_AIM_S3_Qualifiers_Track/model.config
[1.007s] -- Symlinking: /home/shreedhar/cognipilot/cranium/install/dream_world/share/dream_world/models/NXP_AIM_S3_Qualifiers_Track/model.sdf
[1.016s] -- Symlinking: /home/shreedhar/cognipilot/cranium/install/dream_world/share/dream_world/models/Raceway_1/LICENSE
[1.024s] -- Symlinking: /home/shreedhar/cognipilot/cranium/install/dream_world/share/dream_world/models/Raceway_1/meshes/Bridge.dae
[1.033s] -- Symlinking: /home/shreedhar/cognipilot/cranium/install/dream_world/share/dream_world/models/Raceway_1/meshes/Bridge_new.dae
[1.042s] -- Symlinking: /home/shreedhar/cognipilot/cranium/install/dream_world/share/dream_world/models/Raceway_1/meshes/Rumble.dae
[1.050s] -- Symlinking: /home/shreedhar/cognipilot/cranium/install/dream_world/share/dream_world/models/Raceway_1/meshes/Track.dae
[1.058s] -- Symlinking: /home/shreedhar/cognipilot/cranium/install/dream_world/share/dream_world/models/Raceway_1/meshes/bridge_extension.dae
[1.066s] -- Symlinking: /home/shreedhar/cognipilot/cranium/install/dream_world/share/dream_world/models/Raceway_1/meshes/bridge_side.dae
[1.075s] -- Symlinking: /home/shreedhar/cognipilot/cranium/install/dream_world/share/dream_world/models/Raceway_1/meshes/rumble_new.dae
[1.084s] -- Symlinking: /home/shreedhar/cognipilot/cranium/install/dream_world/share/dream_world/models/Raceway_1/meshes/track2.dae
[1.092s] -- Symlinking: /home/shreedhar/cognipilot/cranium/install/dream_world/share/dream_world/models/Raceway_1/meshes/tunnel.dae
[1.100s] -- Symlinking: /home/shreedhar/cognipilot/cranium/install/dream_world/share/dream_world/models/Raceway_1/meshes/tunnel2.dae
[1.109s] -- Symlinking: /home/shreedhar/cognipilot/cranium/install/dream_world/share/dream_world/models/Raceway_1/model.config
[1.117s] -- Symlinking: /home/shreedhar/cognipilot/cranium/install/dream_world/share/dream_world/models/Raceway_1/model.sdf
[1.125s] -- Symlinking: /home/shreedhar/cognipilot/cranium/install/dream_world/share/dream_world/models/Raceway_2/LICENSE
[1.134s] -- Symlinking: /home/shreedhar/cognipilot/cranium/install/dream_world/share/dream_world/models/Raceway_2/meshes/BridgeWallCollision.dae
[1.142s] -- Symlinking: /home/shreedhar/cognipilot/cranium/install/dream_world/share/dream_world/models/Raceway_2/meshes/BridgeWallCollision_2.dae
[1.151s] -- Symlinking: /home/shreedhar/cognipilot/cranium/install/dream_world/share/dream_world/models/Raceway_2/meshes/Raceway2.dae
[1.160s] -- Symlinking: /home/shreedhar/cognipilot/cranium/install/dream_world/share/dream_world/models/Raceway_2/meshes/Track.dae
[1.168s] -- Symlinking: /home/shreedhar/cognipilot/cranium/install/dream_world/share/dream_world/models/Raceway_2/meshes/Track_2.dae
[1.177s] -- Symlinking: /home/shreedhar/cognipilot/cranium/install/dream_world/share/dream_world/models/Raceway_2/meshes/bridge_exterior.dae
[1.185s] -- Symlinking: /home/shreedhar/cognipilot/cranium/install/dream_world/share/dream_world/models/Raceway_2/meshes/bridge_interior.dae
[1.193s] -- Symlinking: /home/shreedhar/cognipilot/cranium/install/dream_world/share/dream_world/models/Raceway_2/model.config
[1.202s] -- Symlinking: /home/shreedhar/cognipilot/cranium/install/dream_world/share/dream_world/models/Raceway_2/model.sdf
[1.210s] -- Symlinking: /home/shreedhar/cognipilot/cranium/install/dream_world/share/dream_world/models/barricade/materials/scripts/barricade.material
[1.218s] -- Symlinking: /home/shreedhar/cognipilot/cranium/install/dream_world/share/dream_world/models/barricade/materials/textures/barricade.png
[1.227s] -- Symlinking: /home/shreedhar/cognipilot/cranium/install/dream_world/share/dream_world/models/barricade/materials/textures/blue.png
[1.235s] -- Symlinking: /home/shreedhar/cognipilot/cranium/install/dream_world/share/dream_world/models/barricade/model.config
[1.245s] -- Symlinking: /home/shreedhar/cognipilot/cranium/install/dream_world/share/dream_world/models/barricade/model.sdf
[1.253s] -- Symlinking: /home/shreedhar/cognipilot/cranium/install/dream_world/share/dream_world/models/car/materials/textures/hatchback_grey.png
[1.262s] -- Symlinking: /home/shreedhar/cognipilot/cranium/install/dream_world/share/dream_world/models/car/materials/textures/wheels2.png
[1.271s] -- Symlinking: /home/shreedhar/cognipilot/cranium/install/dream_world/share/dream_world/models/car/meshes/hatchback_grey.mtl
[1.279s] -- Symlinking: /home/shreedhar/cognipilot/cranium/install/dream_world/share/dream_world/models/car/meshes/hatchback_grey.obj
[1.288s] -- Symlinking: /home/shreedhar/cognipilot/cranium/install/dream_world/share/dream_world/models/car/model.config
[1.296s] -- Symlinking: /home/shreedhar/cognipilot/cranium/install/dream_world/share/dream_world/models/car/model.sdf
[1.305s] -- Symlinking: /home/shreedhar/cognipilot/cranium/install/dream_world/share/dream_world/models/car_blue/materials/textures/hatchback.png
[1.313s] -- Symlinking: /home/shreedhar/cognipilot/cranium/install/dream_world/share/dream_world/models/car_blue/meshes/hatchback.mtl
[1.321s] -- Symlinking: /home/shreedhar/cognipilot/cranium/install/dream_world/share/dream_world/models/car_blue/meshes/hatchback.obj
[1.330s] -- Symlinking: /home/shreedhar/cognipilot/cranium/install/dream_world/share/dream_world/models/car_blue/model.config
[1.339s] -- Symlinking: /home/shreedhar/cognipilot/cranium/install/dream_world/share/dream_world/models/car_blue/model.sdf
[1.348s] -- Symlinking: /home/shreedhar/cognipilot/cranium/install/dream_world/share/dream_world/models/finish_line/materials/scripts/finish_line.material
[1.357s] -- Symlinking: /home/shreedhar/cognipilot/cranium/install/dream_world/share/dream_world/models/finish_line/materials/textures/finish.png
[1.366s] -- Symlinking: /home/shreedhar/cognipilot/cranium/install/dream_world/share/dream_world/models/finish_line/materials/textures/finish1.png
[1.374s] -- Symlinking: /home/shreedhar/cognipilot/cranium/install/dream_world/share/dream_world/models/finish_line/materials/textures/race.png
[1.382s] -- Symlinking: /home/shreedhar/cognipilot/cranium/install/dream_world/share/dream_world/models/finish_line/model.config
[1.390s] -- Symlinking: /home/shreedhar/cognipilot/cranium/install/dream_world/share/dream_world/models/finish_line/model.sdf
[1.399s] -- Symlinking: /home/shreedhar/cognipilot/cranium/install/dream_world/share/dream_world/models/fire_hydrant/materials/textures/fire_hydrant_diffuse.png
[1.408s] -- Symlinking: /home/shreedhar/cognipilot/cranium/install/dream_world/share/dream_world/models/fire_hydrant/materials/textures/fire_hydrant_spec.png
[1.416s] -- Symlinking: /home/shreedhar/cognipilot/cranium/install/dream_world/share/dream_world/models/fire_hydrant/meshes/fire_hydrant.dae
[1.424s] -- Symlinking: /home/shreedhar/cognipilot/cranium/install/dream_world/share/dream_world/models/fire_hydrant/model.config
[1.433s] -- Symlinking: /home/shreedhar/cognipilot/cranium/install/dream_world/share/dream_world/models/fire_hydrant/model.sdf
[1.442s] -- Symlinking: /home/shreedhar/cognipilot/cranium/install/dream_world/share/dream_world/models/hatchback_red/materials/textures/hatchback_red.png
[1.451s] -- Symlinking: /home/shreedhar/cognipilot/cranium/install/dream_world/share/dream_world/models/hatchback_red/meshes/hatchback_red.mtl
[1.460s] -- Symlinking: /home/shreedhar/cognipilot/cranium/install/dream_world/share/dream_world/models/hatchback_red/meshes/hatchback_red.obj
[1.469s] -- Symlinking: /home/shreedhar/cognipilot/cranium/install/dream_world/share/dream_world/models/hatchback_red/model.config
[1.478s] -- Symlinking: /home/shreedhar/cognipilot/cranium/install/dream_world/share/dream_world/models/hatchback_red/model.sdf
[1.488s] -- Symlinking: /home/shreedhar/cognipilot/cranium/install/dream_world/share/dream_world/models/hatchback_red/thumbnails/1.png
[1.497s] -- Symlinking: /home/shreedhar/cognipilot/cranium/install/dream_world/share/dream_world/models/hatchback_red/thumbnails/2.png
[1.506s] -- Symlinking: /home/shreedhar/cognipilot/cranium/install/dream_world/share/dream_world/models/hatchback_red/thumbnails/3.png
[1.515s] -- Symlinking: /home/shreedhar/cognipilot/cranium/install/dream_world/share/dream_world/models/hatchback_red/thumbnails/4.png
[1.524s] -- Symlinking: /home/shreedhar/cognipilot/cranium/install/dream_world/share/dream_world/models/hatchback_red/thumbnails/5.png
[1.533s] -- Symlinking: /home/shreedhar/cognipilot/cranium/install/dream_world/share/dream_world/models/oak_tree_mini/materials/scripts/caster_fp.glsl
[1.542s] -- Symlinking: /home/shreedhar/cognipilot/cranium/install/dream_world/share/dream_world/models/oak_tree_mini/materials/scripts/caster_vp.glsl
[1.551s] -- Symlinking: /home/shreedhar/cognipilot/cranium/install/dream_world/share/dream_world/models/oak_tree_mini/materials/scripts/oak_tree.material
[1.560s] -- Symlinking: /home/shreedhar/cognipilot/cranium/install/dream_world/share/dream_world/models/oak_tree_mini/materials/textures/bark_diffuse.png
[1.569s] -- Symlinking: /home/shreedhar/cognipilot/cranium/install/dream_world/share/dream_world/models/oak_tree_mini/materials/textures/branch_diffuse.png
[1.578s] -- Symlinking: /home/shreedhar/cognipilot/cranium/install/dream_world/share/dream_world/models/oak_tree_mini/meshes/oak_tree.dae
[1.591s] -- Symlinking: /home/shreedhar/cognipilot/cranium/install/dream_world/share/dream_world/models/oak_tree_mini/model.config
[1.595s] -- Symlinking: /home/shreedhar/cognipilot/cranium/install/dream_world/share/dream_world/models/oak_tree_mini/model.sdf
[1.603s] -- Symlinking: /home/shreedhar/cognipilot/cranium/install/dream_world/share/dream_world/models/start_point/materials/scripts/start_point.material
[1.612s] -- Symlinking: /home/shreedhar/cognipilot/cranium/install/dream_world/share/dream_world/models/start_point/materials/textures/race.png
[1.625s] -- Symlinking: /home/shreedhar/cognipilot/cranium/install/dream_world/share/dream_world/models/start_point/model.config
[1.631s] -- Symlinking: /home/shreedhar/cognipilot/cranium/install/dream_world/share/dream_world/models/start_point/start_point.sdf
[1.640s] -- Symlinking: /home/shreedhar/cognipilot/cranium/install/dream_world/share/dream_world/models/start_sign/materials/scripts/stop.material
[1.649s] -- Symlinking: /home/shreedhar/cognipilot/cranium/install/dream_world/share/dream_world/models/start_sign/materials/textures/blue.png
[1.658s] -- Symlinking: /home/shreedhar/cognipilot/cranium/install/dream_world/share/dream_world/models/start_sign/materials/textures/green.png
[1.666s] -- Symlinking: /home/shreedhar/cognipilot/cranium/install/dream_world/share/dream_world/models/start_sign/materials/textures/red.png
[1.676s] -- Symlinking: /home/shreedhar/cognipilot/cranium/install/dream_world/share/dream_world/models/start_sign/materials/textures/start.png
[1.685s] -- Symlinking: /home/shreedhar/cognipilot/cranium/install/dream_world/share/dream_world/models/start_sign/model.config
[1.693s] -- Symlinking: /home/shreedhar/cognipilot/cranium/install/dream_world/share/dream_world/models/start_sign/model.sdf
[1.701s] -- Symlinking: /home/shreedhar/cognipilot/cranium/install/dream_world/share/dream_world/models/stop_sign/materials/scripts/stop.material
[1.709s] -- Symlinking: /home/shreedhar/cognipilot/cranium/install/dream_world/share/dream_world/models/stop_sign/materials/textures/Stop.png
[1.718s] -- Symlinking: /home/shreedhar/cognipilot/cranium/install/dream_world/share/dream_world/models/stop_sign/materials/textures/blue.png
[1.726s] -- Symlinking: /home/shreedhar/cognipilot/cranium/install/dream_world/share/dream_world/models/stop_sign/materials/textures/green.png
[1.734s] -- Symlinking: /home/shreedhar/cognipilot/cranium/install/dream_world/share/dream_world/models/stop_sign/materials/textures/red.png
[1.743s] -- Symlinking: /home/shreedhar/cognipilot/cranium/install/dream_world/share/dream_world/models/stop_sign/model.config
[1.751s] -- Symlinking: /home/shreedhar/cognipilot/cranium/install/dream_world/share/dream_world/models/stop_sign/model.sdf
[1.759s] -- Symlinking: /home/shreedhar/cognipilot/cranium/install/dream_world/share/dream_world/models/stop_traffic_sign/materials/scripts/stop.material
[1.767s] -- Symlinking: /home/shreedhar/cognipilot/cranium/install/dream_world/share/dream_world/models/stop_traffic_sign/materials/textures/Stop.png
[1.776s] -- Symlinking: /home/shreedhar/cognipilot/cranium/install/dream_world/share/dream_world/models/stop_traffic_sign/model.config
[1.784s] -- Symlinking: /home/shreedhar/cognipilot/cranium/install/dream_world/share/dream_world/models/stop_traffic_sign/model.sdf
[1.792s] -- Symlinking: /home/shreedhar/cognipilot/cranium/install/dream_world/share/dream_world/models/test_track_v12/meshes/test_track_v12.dae
[1.800s] -- Symlinking: /home/shreedhar/cognipilot/cranium/install/dream_world/share/dream_world/models/test_track_v12/model.config
[1.808s] -- Symlinking: /home/shreedhar/cognipilot/cranium/install/dream_world/share/dream_world/models/test_track_v12/model.sdf
[1.817s] -- Symlinking: /home/shreedhar/cognipilot/cranium/install/dream_world/share/dream_world/worlds/Grand_Finale_Track.sdf
[1.826s] -- Symlinking: /home/shreedhar/cognipilot/cranium/install/dream_world/share/dream_world/worlds/NXP_AIM_S3_Qualifiers_Track.sdf
[1.836s] -- Symlinking: /home/shreedhar/cognipilot/cranium/install/dream_world/share/dream_world/worlds/Raceway_1.sdf
[1.848s] -- Symlinking: /home/shreedhar/cognipilot/cranium/install/dream_world/share/dream_world/worlds/Raceway_1_difficult.sdf
[1.860s] -- Symlinking: /home/shreedhar/cognipilot/cranium/install/dream_world/share/dream_world/worlds/Raceway_2.sdf
[1.872s] -- Up-to-date symlink: /home/shreedhar/cognipilot/cranium/install/dream_world/share/dream_world/worlds/basic_map.sdf
[1.873s] -- Up-to-date symlink: /home/shreedhar/cognipilot/cranium/install/dream_world/share/dream_world/worlds/depot.sdf
[1.873s] -- Symlinking: /home/shreedhar/cognipilot/cranium/install/dream_world/share/dream_world/worlds/test_track_v12.sdf
[1.881s] -- Up-to-date symlink: /home/shreedhar/cognipilot/cranium/install/dream_world/share/dream_world/environment/dream_world.dsv
[1.881s] -- Up-to-date symlink: /home/shreedhar/cognipilot/cranium/install/dream_world/share/ament_index/resource_index/package_run_dependencies/dream_world
[1.882s] -- Up-to-date symlink: /home/shreedhar/cognipilot/cranium/install/dream_world/share/ament_index/resource_index/parent_prefix_path/dream_world
[1.882s] -- Up-to-date symlink: /home/shreedhar/cognipilot/cranium/install/dream_world/share/dream_world/environment/ament_prefix_path.sh
[1.882s] -- Up-to-date symlink: /home/shreedhar/cognipilot/cranium/install/dream_world/share/dream_world/environment/ament_prefix_path.dsv
[1.882s] -- Up-to-date symlink: /home/shreedhar/cognipilot/cranium/install/dream_world/share/dream_world/environment/path.sh
[1.882s] -- Up-to-date symlink: /home/shreedhar/cognipilot/cranium/install/dream_world/share/dream_world/environment/path.dsv
[1.883s] -- Up-to-date symlink: /home/shreedhar/cognipilot/cranium/install/dream_world/share/dream_world/local_setup.bash
[1.883s] -- Up-to-date symlink: /home/shreedhar/cognipilot/cranium/install/dream_world/share/dream_world/local_setup.sh
[1.883s] -- Up-to-date symlink: /home/shreedhar/cognipilot/cranium/install/dream_world/share/dream_world/local_setup.zsh
[1.883s] -- Up-to-date symlink: /home/shreedhar/cognipilot/cranium/install/dream_world/share/dream_world/local_setup.dsv
[1.883s] -- Symlinking: /home/shreedhar/cognipilot/cranium/install/dream_world/share/dream_world/package.dsv
[1.891s] -- Up-to-date symlink: /home/shreedhar/cognipilot/cranium/install/dream_world/share/ament_index/resource_index/packages/dream_world
[1.892s] -- Up-to-date symlink: /home/shreedhar/cognipilot/cranium/install/dream_world/share/dream_world/cmake/dream_worldConfig.cmake
[1.892s] -- Up-to-date symlink: /home/shreedhar/cognipilot/cranium/install/dream_world/share/dream_world/cmake/dream_worldConfig-version.cmake
[1.892s] -- Up-to-date symlink: /home/shreedhar/cognipilot/cranium/install/dream_world/share/dream_world/package.xml
[1.894s] Invoked command in '/home/shreedhar/cognipilot/cranium/build/dream_world' returned '0': CMAKE_PREFIX_PATH=${CMAKE_PREFIX_PATH}:/home/shreedhar/cognipilot/cranium/install/nxp_cup_vision:/opt/ros/humble /usr/bin/cmake --install /home/shreedhar/cognipilot/cranium/build/dream_world
