[0.024s] Invoking command in '/home/shreedhar/cognipilot/cranium/build/b3rb_gz_resource': CMAKE_PREFIX_PATH=/opt/ros/humble /usr/bin/cmake /home/shreedhar/cognipilot/cranium/src/b3rb_simulator/b3rb_gz_resource -DAMENT_CMAKE_SYMLINK_INSTALL=1 -DCMAKE_INSTALL_PREFIX=/home/shreedhar/cognipilot/cranium/install/b3rb_gz_resource
[0.148s] -- The C compiler identification is GNU 11.4.0
[0.233s] -- The CXX compiler identification is GNU 11.4.0
[0.243s] -- Detecting C compiler ABI info
[0.336s] -- Detecting C compiler ABI info - done
[0.346s] -- Check for working C compiler: /usr/bin/cc - skipped
[0.346s] -- Detecting C compile features
[0.346s] -- Detecting C compile features - done
[0.350s] -- Detecting CXX compiler ABI info
[0.460s] -- Detecting CXX compiler ABI info - done
[0.468s] -- Check for working CXX compiler: /usr/bin/c++ - skipped
[0.468s] -- Detecting CXX compile features
[0.469s] -- Detecting CXX compile features - done
[0.472s] -- Found ament_cmake: 1.3.9 (/opt/ros/humble/share/ament_cmake/cmake)
[0.680s] -- Found Python3: /usr/bin/python3 (found version "3.10.12") found components: Interpreter 
[0.764s] -- Override CMake install command with custom implementation using symlinks instead of copying resources
[0.795s] -- Found ament_lint_auto: 0.12.11 (/opt/ros/humble/share/ament_lint_auto/cmake)
[0.902s] -- Added test 'copyright' to check source files copyright and LICENSE
[0.906s] -- Added test 'lint_cmake' to check CMake code style
[0.908s] -- Added test 'xmllint' to check XML markup files
[0.910s] -- Configuring done
[0.915s] -- Generating done
[0.916s] -- Build files have been written to: /home/shreedhar/cognipilot/cranium/build/b3rb_gz_resource
[0.926s] Invoked command in '/home/shreedhar/cognipilot/cranium/build/b3rb_gz_resource' returned '0': CMAKE_PREFIX_PATH=/opt/ros/humble /usr/bin/cmake /home/shreedhar/cognipilot/cranium/src/b3rb_simulator/b3rb_gz_resource -DAMENT_CMAKE_SYMLINK_INSTALL=1 -DCMAKE_INSTALL_PREFIX=/home/shreedhar/cognipilot/cranium/install/b3rb_gz_resource
[0.927s] Invoking command in '/home/shreedhar/cognipilot/cranium/build/b3rb_gz_resource': CMAKE_PREFIX_PATH=/opt/ros/humble /usr/bin/cmake --build /home/shreedhar/cognipilot/cranium/build/b3rb_gz_resource -- -j12 -l12
[0.975s] Invoked command in '/home/shreedhar/cognipilot/cranium/build/b3rb_gz_resource' returned '0': CMAKE_PREFIX_PATH=/opt/ros/humble /usr/bin/cmake --build /home/shreedhar/cognipilot/cranium/build/b3rb_gz_resource -- -j12 -l12
[1.016s] Invoking command in '/home/shreedhar/cognipilot/cranium/build/b3rb_gz_resource': CMAKE_PREFIX_PATH=/opt/ros/humble /usr/bin/cmake --install /home/shreedhar/cognipilot/cranium/build/b3rb_gz_resource
[1.026s] -- Install configuration: ""
[1.027s] -- Execute custom install script
[1.028s] -- Symlinking: /home/shreedhar/cognipilot/cranium/install/b3rb_gz_resource/share/b3rb_gz_resource/models/b3rb/materials/textures/CogniPilot.png
[1.041s] -- Symlinking: /home/shreedhar/cognipilot/cranium/install/b3rb_gz_resource/share/b3rb_gz_resource/models/b3rb/materials/textures/NXP.png
[1.051s] -- Symlinking: /home/shreedhar/cognipilot/cranium/install/b3rb_gz_resource/share/b3rb_gz_resource/models/b3rb/meshes/STL27L.dae
[1.064s] -- Symlinking: /home/shreedhar/cognipilot/cranium/install/b3rb_gz_resource/share/b3rb_gz_resource/models/b3rb/meshes/b3rb.dae
[1.074s] -- Symlinking: /home/shreedhar/cognipilot/cranium/install/b3rb_gz_resource/share/b3rb_gz_resource/models/b3rb/meshes/wheel.dae
[1.087s] -- Symlinking: /home/shreedhar/cognipilot/cranium/install/b3rb_gz_resource/share/b3rb_gz_resource/models/b3rb/model.config
[1.099s] -- Symlinking: /home/shreedhar/cognipilot/cranium/install/b3rb_gz_resource/share/b3rb_gz_resource/models/b3rb/model.sdf
[1.107s] -- Symlinking: /home/shreedhar/cognipilot/cranium/install/b3rb_gz_resource/share/b3rb_gz_resource/environment/b3rb_gz_resource.dsv
[1.119s] -- Symlinking: /home/shreedhar/cognipilot/cranium/install/b3rb_gz_resource/share/ament_index/resource_index/package_run_dependencies/b3rb_gz_resource
[1.130s] -- Symlinking: /home/shreedhar/cognipilot/cranium/install/b3rb_gz_resource/share/ament_index/resource_index/parent_prefix_path/b3rb_gz_resource
[1.142s] -- Symlinking: /home/shreedhar/cognipilot/cranium/install/b3rb_gz_resource/share/b3rb_gz_resource/environment/ament_prefix_path.sh
[1.153s] -- Symlinking: /home/shreedhar/cognipilot/cranium/install/b3rb_gz_resource/share/b3rb_gz_resource/environment/ament_prefix_path.dsv
[1.164s] -- Symlinking: /home/shreedhar/cognipilot/cranium/install/b3rb_gz_resource/share/b3rb_gz_resource/environment/path.sh
[1.174s] -- Symlinking: /home/shreedhar/cognipilot/cranium/install/b3rb_gz_resource/share/b3rb_gz_resource/environment/path.dsv
[1.185s] -- Symlinking: /home/shreedhar/cognipilot/cranium/install/b3rb_gz_resource/share/b3rb_gz_resource/local_setup.bash
[1.196s] -- Symlinking: /home/shreedhar/cognipilot/cranium/install/b3rb_gz_resource/share/b3rb_gz_resource/local_setup.sh
[1.206s] -- Symlinking: /home/shreedhar/cognipilot/cranium/install/b3rb_gz_resource/share/b3rb_gz_resource/local_setup.zsh
[1.246s] -- Symlinking: /home/shreedhar/cognipilot/cranium/install/b3rb_gz_resource/share/b3rb_gz_resource/local_setup.dsv
[1.246s] -- Symlinking: /home/shreedhar/cognipilot/cranium/install/b3rb_gz_resource/share/b3rb_gz_resource/package.dsv
[1.271s] -- Symlinking: /home/shreedhar/cognipilot/cranium/install/b3rb_gz_resource/share/ament_index/resource_index/packages/b3rb_gz_resource
[1.271s] -- Symlinking: /home/shreedhar/cognipilot/cranium/install/b3rb_gz_resource/share/b3rb_gz_resource/cmake/b3rb_gz_resourceConfig.cmake
[1.272s] -- Symlinking: /home/shreedhar/cognipilot/cranium/install/b3rb_gz_resource/share/b3rb_gz_resource/cmake/b3rb_gz_resourceConfig-version.cmake
[1.286s] -- Symlinking: /home/shreedhar/cognipilot/cranium/install/b3rb_gz_resource/share/b3rb_gz_resource/package.xml
[1.312s] Invoked command in '/home/shreedhar/cognipilot/cranium/build/b3rb_gz_resource' returned '0': CMAKE_PREFIX_PATH=/opt/ros/humble /usr/bin/cmake --install /home/shreedhar/cognipilot/cranium/build/b3rb_gz_resource
