[0.041s] Invoking command in '/home/shreedhar/cognipilot/cranium/build/b3rb_rviz': CMAKE_PREFIX_PATH=${CMAKE_PREFIX_PATH}:/home/shreedhar/cognipilot/cranium/install/nxp_cup_vision:/home/shreedhar/cognipilot/cranium/install/b3rb_ros_line_follower:/home/shreedhar/ros2_ws/install/my_robot_controller:/opt/ros/humble /usr/bin/cmake --build /home/shreedhar/cognipilot/cranium/build/b3rb_rviz -- -j12 -l12
[0.094s] Invoked command in '/home/shreedhar/cognipilot/cranium/build/b3rb_rviz' returned '0': CMAKE_PREFIX_PATH=${CMAKE_PREFIX_PATH}:/home/shreedhar/cognipilot/cranium/install/nxp_cup_vision:/home/shreedhar/cognipilot/cranium/install/b3rb_ros_line_follower:/home/shreedhar/ros2_ws/install/my_robot_controller:/opt/ros/humble /usr/bin/cmake --build /home/shreedhar/cognipilot/cranium/build/b3rb_rviz -- -j12 -l12
[0.148s] Invoking command in '/home/shreedhar/cognipilot/cranium/build/b3rb_rviz': CMAKE_PREFIX_PATH=${CMAKE_PREFIX_PATH}:/home/shreedhar/cognipilot/cranium/install/nxp_cup_vision:/home/shreedhar/cognipilot/cranium/install/b3rb_ros_line_follower:/home/shreedhar/ros2_ws/install/my_robot_controller:/opt/ros/humble /usr/bin/cmake --install /home/shreedhar/cognipilot/cranium/build/b3rb_rviz
[0.166s] -- Install configuration: ""
[0.169s] -- Execute custom install script
[0.169s] -- Up-to-date symlink: /home/shreedhar/cognipilot/cranium/install/b3rb_rviz/share/b3rb_rviz/rviz/nav2/robot.rviz
[0.170s] -- Up-to-date symlink: /home/shreedhar/cognipilot/cranium/install/b3rb_rviz/share/b3rb_rviz/launch/view_robot.launch.py
[0.170s] -- Up-to-date symlink: /home/shreedhar/cognipilot/cranium/install/b3rb_rviz/share/ament_index/resource_index/package_run_dependencies/b3rb_rviz
[0.172s] -- Up-to-date symlink: /home/shreedhar/cognipilot/cranium/install/b3rb_rviz/share/ament_index/resource_index/parent_prefix_path/b3rb_rviz
[0.172s] -- Up-to-date symlink: /home/shreedhar/cognipilot/cranium/install/b3rb_rviz/share/b3rb_rviz/environment/ament_prefix_path.sh
[0.172s] -- Up-to-date symlink: /home/shreedhar/cognipilot/cranium/install/b3rb_rviz/share/b3rb_rviz/environment/ament_prefix_path.dsv
[0.172s] -- Up-to-date symlink: /home/shreedhar/cognipilot/cranium/install/b3rb_rviz/share/b3rb_rviz/environment/path.sh
[0.172s] -- Up-to-date symlink: /home/shreedhar/cognipilot/cranium/install/b3rb_rviz/share/b3rb_rviz/environment/path.dsv
[0.172s] -- Up-to-date symlink: /home/shreedhar/cognipilot/cranium/install/b3rb_rviz/share/b3rb_rviz/local_setup.bash
[0.172s] -- Up-to-date symlink: /home/shreedhar/cognipilot/cranium/install/b3rb_rviz/share/b3rb_rviz/local_setup.sh
[0.172s] -- Up-to-date symlink: /home/shreedhar/cognipilot/cranium/install/b3rb_rviz/share/b3rb_rviz/local_setup.zsh
[0.173s] -- Up-to-date symlink: /home/shreedhar/cognipilot/cranium/install/b3rb_rviz/share/b3rb_rviz/local_setup.dsv
[0.173s] -- Symlinking: /home/shreedhar/cognipilot/cranium/install/b3rb_rviz/share/b3rb_rviz/package.dsv
[0.183s] -- Up-to-date symlink: /home/shreedhar/cognipilot/cranium/install/b3rb_rviz/share/ament_index/resource_index/packages/b3rb_rviz
[0.185s] -- Up-to-date symlink: /home/shreedhar/cognipilot/cranium/install/b3rb_rviz/share/b3rb_rviz/cmake/b3rb_rvizConfig.cmake
[0.185s] -- Up-to-date symlink: /home/shreedhar/cognipilot/cranium/install/b3rb_rviz/share/b3rb_rviz/cmake/b3rb_rvizConfig-version.cmake
[0.185s] -- Up-to-date symlink: /home/shreedhar/cognipilot/cranium/install/b3rb_rviz/share/b3rb_rviz/package.xml
[0.216s] Invoked command in '/home/shreedhar/cognipilot/cranium/build/b3rb_rviz' returned '0': CMAKE_PREFIX_PATH=${CMAKE_PREFIX_PATH}:/home/shreedhar/cognipilot/cranium/install/nxp_cup_vision:/home/shreedhar/cognipilot/cranium/install/b3rb_ros_line_follower:/home/shreedhar/ros2_ws/install/my_robot_controller:/opt/ros/humble /usr/bin/cmake --install /home/shreedhar/cognipilot/cranium/build/b3rb_rviz
