[0.042s] Invoking command in '/home/shreedhar/cognipilot/cranium/build/synapse_tinyframe': CMAKE_PREFIX_PATH=${CMAKE_PREFIX_PATH}:/home/shreedhar/cognipilot/cranium/install/nxp_cup_vision:/home/shreedhar/cognipilot/cranium/install/b3rb_ros_line_follower:/opt/ros/humble /usr/bin/cmake --build /home/shreedhar/cognipilot/cranium/build/synapse_tinyframe -- -j12 -l12
[0.098s] [100%] Built target synapse_tinyframe
[0.126s] Invoked command in '/home/shreedhar/cognipilot/cranium/build/synapse_tinyframe' returned '0': CMAKE_PREFIX_PATH=${CMAKE_PREFIX_PATH}:/home/shreedhar/cognipilot/cranium/install/nxp_cup_vision:/home/shreedhar/cognipilot/cranium/install/b3rb_ros_line_follower:/opt/ros/humble /usr/bin/cmake --build /home/shreedhar/cognipilot/cranium/build/synapse_tinyframe -- -j12 -l12
[0.177s] Invoking command in '/home/shreedhar/cognipilot/cranium/build/synapse_tinyframe': CMAKE_PREFIX_PATH=${CMAKE_PREFIX_PATH}:/home/shreedhar/cognipilot/cranium/install/nxp_cup_vision:/home/shreedhar/cognipilot/cranium/install/b3rb_ros_line_follower:/opt/ros/humble /usr/bin/cmake --install /home/shreedhar/cognipilot/cranium/build/synapse_tinyframe
[0.192s] -- Install configuration: ""
[0.193s] -- Execute custom install script
[0.193s] -- Up-to-date symlink: /home/shreedhar/cognipilot/cranium/install/synapse_tinyframe/share/synapse_tinyframe/environment/library_path.sh
[0.193s] -- Up-to-date symlink: /home/shreedhar/cognipilot/cranium/install/synapse_tinyframe/share/synapse_tinyframe/environment/library_path.dsv
[0.194s] -- Up-to-date symlink: /home/shreedhar/cognipilot/cranium/install/synapse_tinyframe/include/synapse_tinyframe/SynapseTopics.h
[0.194s] -- Up-to-date symlink: /home/shreedhar/cognipilot/cranium/install/synapse_tinyframe/include/synapse_tinyframe/TF_Config.h
[0.194s] -- Up-to-date symlink: /home/shreedhar/cognipilot/cranium/install/synapse_tinyframe/include/synapse_tinyframe/TinyFrame.h
[0.194s] -- Up-to-date symlink: /home/shreedhar/cognipilot/cranium/install/synapse_tinyframe/include/synapse_tinyframe/utils.h
[0.194s] -- Up-to-date symlink: /home/shreedhar/cognipilot/cranium/install/synapse_tinyframe/share/ament_index/resource_index/package_run_dependencies/synapse_tinyframe
[0.196s] -- Up-to-date symlink: /home/shreedhar/cognipilot/cranium/install/synapse_tinyframe/share/ament_index/resource_index/parent_prefix_path/synapse_tinyframe
[0.196s] -- Up-to-date symlink: /home/shreedhar/cognipilot/cranium/install/synapse_tinyframe/share/synapse_tinyframe/environment/ament_prefix_path.sh
[0.198s] -- Up-to-date symlink: /home/shreedhar/cognipilot/cranium/install/synapse_tinyframe/share/synapse_tinyframe/environment/ament_prefix_path.dsv
[0.199s] -- Up-to-date symlink: /home/shreedhar/cognipilot/cranium/install/synapse_tinyframe/share/synapse_tinyframe/environment/path.sh
[0.199s] -- Up-to-date symlink: /home/shreedhar/cognipilot/cranium/install/synapse_tinyframe/share/synapse_tinyframe/environment/path.dsv
[0.199s] -- Up-to-date symlink: /home/shreedhar/cognipilot/cranium/install/synapse_tinyframe/share/synapse_tinyframe/local_setup.bash
[0.200s] -- Up-to-date symlink: /home/shreedhar/cognipilot/cranium/install/synapse_tinyframe/share/synapse_tinyframe/local_setup.sh
[0.200s] -- Up-to-date symlink: /home/shreedhar/cognipilot/cranium/install/synapse_tinyframe/share/synapse_tinyframe/local_setup.zsh
[0.200s] -- Up-to-date symlink: /home/shreedhar/cognipilot/cranium/install/synapse_tinyframe/share/synapse_tinyframe/local_setup.dsv
[0.200s] -- Symlinking: /home/shreedhar/cognipilot/cranium/install/synapse_tinyframe/share/synapse_tinyframe/package.dsv
[0.217s] -- Up-to-date symlink: /home/shreedhar/cognipilot/cranium/install/synapse_tinyframe/share/ament_index/resource_index/packages/synapse_tinyframe
[0.218s] -- Up-to-date symlink: /home/shreedhar/cognipilot/cranium/install/synapse_tinyframe/share/synapse_tinyframe/cmake/ament_cmake_export_targets-extras.cmake
[0.219s] -- Up-to-date symlink: /home/shreedhar/cognipilot/cranium/install/synapse_tinyframe/share/synapse_tinyframe/cmake/synapse_tinyframeConfig.cmake
[0.219s] -- Up-to-date symlink: /home/shreedhar/cognipilot/cranium/install/synapse_tinyframe/share/synapse_tinyframe/cmake/synapse_tinyframeConfig-version.cmake
[0.220s] -- Up-to-date symlink: /home/shreedhar/cognipilot/cranium/install/synapse_tinyframe/share/synapse_tinyframe/package.xml
[0.221s] -- Up-to-date: /home/shreedhar/cognipilot/cranium/install/synapse_tinyframe/lib/libsynapse_tinyframe.a
[0.221s] -- Up-to-date: /home/shreedhar/cognipilot/cranium/install/synapse_tinyframe/share/synapse_tinyframe/cmake/synapse_tinyframeExport.cmake
[0.221s] -- Up-to-date: /home/shreedhar/cognipilot/cranium/install/synapse_tinyframe/share/synapse_tinyframe/cmake/synapse_tinyframeExport-noconfig.cmake
[0.260s] Invoked command in '/home/shreedhar/cognipilot/cranium/build/synapse_tinyframe' returned '0': CMAKE_PREFIX_PATH=${CMAKE_PREFIX_PATH}:/home/shreedhar/cognipilot/cranium/install/nxp_cup_vision:/home/shreedhar/cognipilot/cranium/install/b3rb_ros_line_follower:/opt/ros/humble /usr/bin/cmake --install /home/shreedhar/cognipilot/cranium/build/synapse_tinyframe
