-- The C compiler identification is GNU 11.4.0
-- The CXX compiler identification is GNU 11.4.0
-- Detecting C compiler ABI info
-- Detecting C compiler ABI info - done
-- Check for working C compiler: /usr/bin/cc - skipped
-- Detecting C compile features
-- Detecting C compile features - done
-- Detecting CXX compiler ABI info
-- Detecting CXX compiler ABI info - done
-- Check for working CXX compiler: /usr/bin/c++ - skipped
-- Detecting CXX compile features
-- Detecting CXX compile features - done
-- Found ament_cmake: 1.3.9 (/opt/ros/humble/share/ament_cmake/cmake)
-- Found Python3: /usr/bin/python3 (found version "3.10.12") found components: Interpreter 
-- Override CMake install command with custom implementation using symlinks instead of copying resources
-- Found ament_lint_auto: 0.12.11 (/opt/ros/humble/share/ament_lint_auto/cmake)
-- Configuring done
-- Generating done
-- Build files have been written to: /home/shreedhar/cognipilot/cranium/build/b3rb_simulator
-- Install configuration: ""
-- Execute custom install script
-- Symlinking: /home/shreedhar/cognipilot/cranium/install/b3rb_simulator/share/ament_index/resource_index/package_run_dependencies/b3rb_simulator
-- Symlinking: /home/shreedhar/cognipilot/cranium/install/b3rb_simulator/share/ament_index/resource_index/parent_prefix_path/b3rb_simulator
-- Symlinking: /home/shreedhar/cognipilot/cranium/install/b3rb_simulator/share/b3rb_simulator/environment/ament_prefix_path.sh
-- Symlinking: /home/shreedhar/cognipilot/cranium/install/b3rb_simulator/share/b3rb_simulator/environment/ament_prefix_path.dsv
-- Symlinking: /home/shreedhar/cognipilot/cranium/install/b3rb_simulator/share/b3rb_simulator/environment/path.sh
-- Symlinking: /home/shreedhar/cognipilot/cranium/install/b3rb_simulator/share/b3rb_simulator/environment/path.dsv
-- Symlinking: /home/shreedhar/cognipilot/cranium/install/b3rb_simulator/share/b3rb_simulator/local_setup.bash
-- Symlinking: /home/shreedhar/cognipilot/cranium/install/b3rb_simulator/share/b3rb_simulator/local_setup.sh
-- Symlinking: /home/shreedhar/cognipilot/cranium/install/b3rb_simulator/share/b3rb_simulator/local_setup.zsh
-- Symlinking: /home/shreedhar/cognipilot/cranium/install/b3rb_simulator/share/b3rb_simulator/local_setup.dsv
-- Symlinking: /home/shreedhar/cognipilot/cranium/install/b3rb_simulator/share/b3rb_simulator/package.dsv
-- Symlinking: /home/shreedhar/cognipilot/cranium/install/b3rb_simulator/share/ament_index/resource_index/packages/b3rb_simulator
-- Symlinking: /home/shreedhar/cognipilot/cranium/install/b3rb_simulator/share/b3rb_simulator/cmake/b3rb_simulatorConfig.cmake
-- Symlinking: /home/shreedhar/cognipilot/cranium/install/b3rb_simulator/share/b3rb_simulator/cmake/b3rb_simulatorConfig-version.cmake
-- Symlinking: /home/shreedhar/cognipilot/cranium/install/b3rb_simulator/share/b3rb_simulator/package.xml
