[0.035s] Invoking command in '/home/shreedhar/cognipilot/cranium/build/b3rb_simulator': AMENT_PREFIX_PATH=/home/shreedhar/cognipilot/cranium/install/b3rb_gz_resource:/home/shreedhar/cognipilot/cranium/install/b3rb_gz_bringup:${AMENT_PREFIX_PATH} CMAKE_PREFIX_PATH=/home/shreedhar/cognipilot/cranium/install/b3rb_gz_resource:/home/shreedhar/cognipilot/cranium/install/b3rb_gz_bringup:/opt/ros/humble /usr/bin/cmake /home/shreedhar/cognipilot/cranium/src/b3rb_simulator/b3rb_simulator -DAMENT_CMAKE_SYMLINK_INSTALL=1 -DCMAKE_INSTALL_PREFIX=/home/shreedhar/cognipilot/cranium/install/b3rb_simulator
[0.167s] -- The C compiler identification is GNU 11.4.0
[0.266s] -- The CXX compiler identification is GNU 11.4.0
[0.278s] -- Detecting C compiler ABI info
[0.527s] -- Detecting C compiler ABI info - done
[0.536s] -- Check for working C compiler: /usr/bin/cc - skipped
[0.536s] -- Detecting C compile features
[0.536s] -- Detecting C compile features - done
[0.557s] -- Detecting CXX compiler ABI info
[0.962s] -- Detecting CXX compiler ABI info - done
[0.968s] -- Check for working CXX compiler: /usr/bin/c++ - skipped
[0.974s] -- Detecting CXX compile features
[0.975s] -- Detecting CXX compile features - done
[0.979s] -- Found ament_cmake: 1.3.9 (/opt/ros/humble/share/ament_cmake/cmake)
[1.419s] -- Found Python3: /usr/bin/python3 (found version "3.10.12") found components: Interpreter 
[1.564s] -- Override CMake install command with custom implementation using symlinks instead of copying resources
[1.625s] -- Found ament_lint_auto: 0.12.11 (/opt/ros/humble/share/ament_lint_auto/cmake)
[1.744s] -- Configuring done
[1.744s] -- Generating done
[1.744s] -- Build files have been written to: /home/shreedhar/cognipilot/cranium/build/b3rb_simulator
[1.782s] Invoked command in '/home/shreedhar/cognipilot/cranium/build/b3rb_simulator' returned '0': AMENT_PREFIX_PATH=/home/shreedhar/cognipilot/cranium/install/b3rb_gz_resource:/home/shreedhar/cognipilot/cranium/install/b3rb_gz_bringup:${AMENT_PREFIX_PATH} CMAKE_PREFIX_PATH=/home/shreedhar/cognipilot/cranium/install/b3rb_gz_resource:/home/shreedhar/cognipilot/cranium/install/b3rb_gz_bringup:/opt/ros/humble /usr/bin/cmake /home/shreedhar/cognipilot/cranium/src/b3rb_simulator/b3rb_simulator -DAMENT_CMAKE_SYMLINK_INSTALL=1 -DCMAKE_INSTALL_PREFIX=/home/shreedhar/cognipilot/cranium/install/b3rb_simulator
[1.783s] Invoking command in '/home/shreedhar/cognipilot/cranium/build/b3rb_simulator': AMENT_PREFIX_PATH=/home/shreedhar/cognipilot/cranium/install/b3rb_gz_resource:/home/shreedhar/cognipilot/cranium/install/b3rb_gz_bringup:${AMENT_PREFIX_PATH} CMAKE_PREFIX_PATH=/home/shreedhar/cognipilot/cranium/install/b3rb_gz_resource:/home/shreedhar/cognipilot/cranium/install/b3rb_gz_bringup:/opt/ros/humble /usr/bin/cmake --build /home/shreedhar/cognipilot/cranium/build/b3rb_simulator -- -j12 -l12
[1.910s] Invoked command in '/home/shreedhar/cognipilot/cranium/build/b3rb_simulator' returned '0': AMENT_PREFIX_PATH=/home/shreedhar/cognipilot/cranium/install/b3rb_gz_resource:/home/shreedhar/cognipilot/cranium/install/b3rb_gz_bringup:${AMENT_PREFIX_PATH} CMAKE_PREFIX_PATH=/home/shreedhar/cognipilot/cranium/install/b3rb_gz_resource:/home/shreedhar/cognipilot/cranium/install/b3rb_gz_bringup:/opt/ros/humble /usr/bin/cmake --build /home/shreedhar/cognipilot/cranium/build/b3rb_simulator -- -j12 -l12
[2.199s] Invoking command in '/home/shreedhar/cognipilot/cranium/build/b3rb_simulator': AMENT_PREFIX_PATH=/home/shreedhar/cognipilot/cranium/install/b3rb_gz_resource:/home/shreedhar/cognipilot/cranium/install/b3rb_gz_bringup:${AMENT_PREFIX_PATH} CMAKE_PREFIX_PATH=/home/shreedhar/cognipilot/cranium/install/b3rb_gz_resource:/home/shreedhar/cognipilot/cranium/install/b3rb_gz_bringup:/opt/ros/humble /usr/bin/cmake --install /home/shreedhar/cognipilot/cranium/build/b3rb_simulator
[2.214s] -- Install configuration: ""
[2.214s] -- Execute custom install script
[2.227s] -- Symlinking: /home/shreedhar/cognipilot/cranium/install/b3rb_simulator/share/ament_index/resource_index/package_run_dependencies/b3rb_simulator
[2.254s] -- Symlinking: /home/shreedhar/cognipilot/cranium/install/b3rb_simulator/share/ament_index/resource_index/parent_prefix_path/b3rb_simulator
[2.314s] -- Symlinking: /home/shreedhar/cognipilot/cranium/install/b3rb_simulator/share/b3rb_simulator/environment/ament_prefix_path.sh
[2.355s] -- Symlinking: /home/shreedhar/cognipilot/cranium/install/b3rb_simulator/share/b3rb_simulator/environment/ament_prefix_path.dsv
[2.402s] -- Symlinking: /home/shreedhar/cognipilot/cranium/install/b3rb_simulator/share/b3rb_simulator/environment/path.sh
[2.432s] -- Symlinking: /home/shreedhar/cognipilot/cranium/install/b3rb_simulator/share/b3rb_simulator/environment/path.dsv
[2.461s] -- Symlinking: /home/shreedhar/cognipilot/cranium/install/b3rb_simulator/share/b3rb_simulator/local_setup.bash
[2.489s] -- Symlinking: /home/shreedhar/cognipilot/cranium/install/b3rb_simulator/share/b3rb_simulator/local_setup.sh
[2.512s] -- Symlinking: /home/shreedhar/cognipilot/cranium/install/b3rb_simulator/share/b3rb_simulator/local_setup.zsh
[2.540s] -- Symlinking: /home/shreedhar/cognipilot/cranium/install/b3rb_simulator/share/b3rb_simulator/local_setup.dsv
[2.607s] -- Symlinking: /home/shreedhar/cognipilot/cranium/install/b3rb_simulator/share/b3rb_simulator/package.dsv
[2.618s] -- Symlinking: /home/shreedhar/cognipilot/cranium/install/b3rb_simulator/share/ament_index/resource_index/packages/b3rb_simulator
[2.657s] -- Symlinking: /home/shreedhar/cognipilot/cranium/install/b3rb_simulator/share/b3rb_simulator/cmake/b3rb_simulatorConfig.cmake
[2.686s] -- Symlinking: /home/shreedhar/cognipilot/cranium/install/b3rb_simulator/share/b3rb_simulator/cmake/b3rb_simulatorConfig-version.cmake
[2.702s] -- Symlinking: /home/shreedhar/cognipilot/cranium/install/b3rb_simulator/share/b3rb_simulator/package.xml
[2.754s] Invoked command in '/home/shreedhar/cognipilot/cranium/build/b3rb_simulator' returned '0': AMENT_PREFIX_PATH=/home/shreedhar/cognipilot/cranium/install/b3rb_gz_resource:/home/shreedhar/cognipilot/cranium/install/b3rb_gz_bringup:${AMENT_PREFIX_PATH} CMAKE_PREFIX_PATH=/home/shreedhar/cognipilot/cranium/install/b3rb_gz_resource:/home/shreedhar/cognipilot/cranium/install/b3rb_gz_bringup:/opt/ros/humble /usr/bin/cmake --install /home/shreedhar/cognipilot/cranium/build/b3rb_simulator
