[0.046s] Invoking command in '/home/shreedhar/cognipilot/cranium/build/synapse_tinyframe': CMAKE_PREFIX_PATH=${CMAKE_PREFIX_PATH}:/home/shreedhar/cognipilot/cranium/install/nxp_cup_vision:/home/shreedhar/cognipilot/cranium/install/b3rb_ros_line_follower:/home/shreedhar/ros2_ws/install/my_robot_controller:/opt/ros/humble /usr/bin/cmake --build /home/shreedhar/cognipilot/cranium/build/synapse_tinyframe -- -j12 -l12
[0.125s] [100%] Built target synapse_tinyframe
[0.141s] Invoked command in '/home/shreedhar/cognipilot/cranium/build/synapse_tinyframe' returned '0': CMAKE_PREFIX_PATH=${CMAKE_PREFIX_PATH}:/home/shreedhar/cognipilot/cranium/install/nxp_cup_vision:/home/shreedhar/cognipilot/cranium/install/b3rb_ros_line_follower:/home/shreedhar/ros2_ws/install/my_robot_controller:/opt/ros/humble /usr/bin/cmake --build /home/shreedhar/cognipilot/cranium/build/synapse_tinyframe -- -j12 -l12
[0.194s] Invoking command in '/home/shreedhar/cognipilot/cranium/build/synapse_tinyframe': CMAKE_PREFIX_PATH=${CMAKE_PREFIX_PATH}:/home/shreedhar/cognipilot/cranium/install/nxp_cup_vision:/home/shreedhar/cognipilot/cranium/install/b3rb_ros_line_follower:/home/shreedhar/ros2_ws/install/my_robot_controller:/opt/ros/humble /usr/bin/cmake --install /home/shreedhar/cognipilot/cranium/build/synapse_tinyframe
[0.204s] -- Install configuration: ""
[0.204s] -- Execute custom install script
[0.205s] -- Up-to-date symlink: /home/shreedhar/cognipilot/cranium/install/synapse_tinyframe/share/synapse_tinyframe/environment/library_path.sh
[0.205s] -- Up-to-date symlink: /home/shreedhar/cognipilot/cranium/install/synapse_tinyframe/share/synapse_tinyframe/environment/library_path.dsv
[0.205s] -- Up-to-date symlink: /home/shreedhar/cognipilot/cranium/install/synapse_tinyframe/include/synapse_tinyframe/SynapseTopics.h
[0.205s] -- Up-to-date symlink: /home/shreedhar/cognipilot/cranium/install/synapse_tinyframe/include/synapse_tinyframe/TF_Config.h
[0.205s] -- Up-to-date symlink: /home/shreedhar/cognipilot/cranium/install/synapse_tinyframe/include/synapse_tinyframe/TinyFrame.h
[0.205s] -- Up-to-date symlink: /home/shreedhar/cognipilot/cranium/install/synapse_tinyframe/include/synapse_tinyframe/utils.h
[0.205s] -- Up-to-date symlink: /home/shreedhar/cognipilot/cranium/install/synapse_tinyframe/share/ament_index/resource_index/package_run_dependencies/synapse_tinyframe
[0.207s] -- Up-to-date symlink: /home/shreedhar/cognipilot/cranium/install/synapse_tinyframe/share/ament_index/resource_index/parent_prefix_path/synapse_tinyframe
[0.207s] -- Up-to-date symlink: /home/shreedhar/cognipilot/cranium/install/synapse_tinyframe/share/synapse_tinyframe/environment/ament_prefix_path.sh
[0.207s] -- Up-to-date symlink: /home/shreedhar/cognipilot/cranium/install/synapse_tinyframe/share/synapse_tinyframe/environment/ament_prefix_path.dsv
[0.207s] -- Up-to-date symlink: /home/shreedhar/cognipilot/cranium/install/synapse_tinyframe/share/synapse_tinyframe/environment/path.sh
[0.207s] -- Up-to-date symlink: /home/shreedhar/cognipilot/cranium/install/synapse_tinyframe/share/synapse_tinyframe/environment/path.dsv
[0.208s] -- Up-to-date symlink: /home/shreedhar/cognipilot/cranium/install/synapse_tinyframe/share/synapse_tinyframe/local_setup.bash
[0.208s] -- Up-to-date symlink: /home/shreedhar/cognipilot/cranium/install/synapse_tinyframe/share/synapse_tinyframe/local_setup.sh
[0.208s] -- Up-to-date symlink: /home/shreedhar/cognipilot/cranium/install/synapse_tinyframe/share/synapse_tinyframe/local_setup.zsh
[0.208s] -- Up-to-date symlink: /home/shreedhar/cognipilot/cranium/install/synapse_tinyframe/share/synapse_tinyframe/local_setup.dsv
[0.208s] -- Symlinking: /home/shreedhar/cognipilot/cranium/install/synapse_tinyframe/share/synapse_tinyframe/package.dsv
[0.214s] -- Up-to-date symlink: /home/shreedhar/cognipilot/cranium/install/synapse_tinyframe/share/ament_index/resource_index/packages/synapse_tinyframe
[0.214s] -- Up-to-date symlink: /home/shreedhar/cognipilot/cranium/install/synapse_tinyframe/share/synapse_tinyframe/cmake/ament_cmake_export_targets-extras.cmake
[0.215s] -- Up-to-date symlink: /home/shreedhar/cognipilot/cranium/install/synapse_tinyframe/share/synapse_tinyframe/cmake/synapse_tinyframeConfig.cmake
[0.215s] -- Up-to-date symlink: /home/shreedhar/cognipilot/cranium/install/synapse_tinyframe/share/synapse_tinyframe/cmake/synapse_tinyframeConfig-version.cmake
[0.215s] -- Up-to-date symlink: /home/shreedhar/cognipilot/cranium/install/synapse_tinyframe/share/synapse_tinyframe/package.xml
[0.215s] -- Up-to-date: /home/shreedhar/cognipilot/cranium/install/synapse_tinyframe/lib/libsynapse_tinyframe.a
[0.216s] -- Up-to-date: /home/shreedhar/cognipilot/cranium/install/synapse_tinyframe/share/synapse_tinyframe/cmake/synapse_tinyframeExport.cmake
[0.216s] -- Up-to-date: /home/shreedhar/cognipilot/cranium/install/synapse_tinyframe/share/synapse_tinyframe/cmake/synapse_tinyframeExport-noconfig.cmake
[0.283s] Invoked command in '/home/shreedhar/cognipilot/cranium/build/synapse_tinyframe' returned '0': CMAKE_PREFIX_PATH=${CMAKE_PREFIX_PATH}:/home/shreedhar/cognipilot/cranium/install/nxp_cup_vision:/home/shreedhar/cognipilot/cranium/install/b3rb_ros_line_follower:/home/shreedhar/ros2_ws/install/my_robot_controller:/opt/ros/humble /usr/bin/cmake --install /home/shreedhar/cognipilot/cranium/build/synapse_tinyframe
