[0.040s] Invoking command in '/home/shreedhar/cognipilot/cranium/build/b3rb_rviz': CMAKE_PREFIX_PATH=${CMAKE_PREFIX_PATH}:/home/shreedhar/cognipilot/cranium/install/nxp_cup_vision:/home/shreedhar/cognipilot/cranium/install/b3rb_ros_line_follower:/home/shreedhar/ros2_ws/install/my_robot_controller:/opt/ros/humble /usr/bin/cmake --build /home/shreedhar/cognipilot/cranium/build/b3rb_rviz -- -j12 -l12
[0.100s] Invoked command in '/home/shreedhar/cognipilot/cranium/build/b3rb_rviz' returned '0': CMAKE_PREFIX_PATH=${CMAKE_PREFIX_PATH}:/home/shreedhar/cognipilot/cranium/install/nxp_cup_vision:/home/shreedhar/cognipilot/cranium/install/b3rb_ros_line_follower:/home/shreedhar/ros2_ws/install/my_robot_controller:/opt/ros/humble /usr/bin/cmake --build /home/shreedhar/cognipilot/cranium/build/b3rb_rviz -- -j12 -l12
[0.152s] Invoking command in '/home/shreedhar/cognipilot/cranium/build/b3rb_rviz': CMAKE_PREFIX_PATH=${CMAKE_PREFIX_PATH}:/home/shreedhar/cognipilot/cranium/install/nxp_cup_vision:/home/shreedhar/cognipilot/cranium/install/b3rb_ros_line_follower:/home/shreedhar/ros2_ws/install/my_robot_controller:/opt/ros/humble /usr/bin/cmake --install /home/shreedhar/cognipilot/cranium/build/b3rb_rviz
[0.172s] -- Install configuration: ""
[0.172s] -- Execute custom install script
[0.177s] -- Up-to-date symlink: /home/shreedhar/cognipilot/cranium/install/b3rb_rviz/share/b3rb_rviz/rviz/nav2/robot.rviz
[0.178s] -- Up-to-date symlink: /home/shreedhar/cognipilot/cranium/install/b3rb_rviz/share/b3rb_rviz/launch/view_robot.launch.py
[0.178s] -- Up-to-date symlink: /home/shreedhar/cognipilot/cranium/install/b3rb_rviz/share/ament_index/resource_index/package_run_dependencies/b3rb_rviz
[0.179s] -- Up-to-date symlink: /home/shreedhar/cognipilot/cranium/install/b3rb_rviz/share/ament_index/resource_index/parent_prefix_path/b3rb_rviz
[0.179s] -- Up-to-date symlink: /home/shreedhar/cognipilot/cranium/install/b3rb_rviz/share/b3rb_rviz/environment/ament_prefix_path.sh
[0.179s] -- Up-to-date symlink: /home/shreedhar/cognipilot/cranium/install/b3rb_rviz/share/b3rb_rviz/environment/ament_prefix_path.dsv
[0.179s] -- Up-to-date symlink: /home/shreedhar/cognipilot/cranium/install/b3rb_rviz/share/b3rb_rviz/environment/path.sh
[0.179s] -- Up-to-date symlink: /home/shreedhar/cognipilot/cranium/install/b3rb_rviz/share/b3rb_rviz/environment/path.dsv
[0.181s] -- Up-to-date symlink: /home/shreedhar/cognipilot/cranium/install/b3rb_rviz/share/b3rb_rviz/local_setup.bash
[0.181s] -- Up-to-date symlink: /home/shreedhar/cognipilot/cranium/install/b3rb_rviz/share/b3rb_rviz/local_setup.sh
[0.181s] -- Up-to-date symlink: /home/shreedhar/cognipilot/cranium/install/b3rb_rviz/share/b3rb_rviz/local_setup.zsh
[0.181s] -- Up-to-date symlink: /home/shreedhar/cognipilot/cranium/install/b3rb_rviz/share/b3rb_rviz/local_setup.dsv
[0.181s] -- Symlinking: /home/shreedhar/cognipilot/cranium/install/b3rb_rviz/share/b3rb_rviz/package.dsv
[0.189s] -- Up-to-date symlink: /home/shreedhar/cognipilot/cranium/install/b3rb_rviz/share/ament_index/resource_index/packages/b3rb_rviz
[0.190s] -- Up-to-date symlink: /home/shreedhar/cognipilot/cranium/install/b3rb_rviz/share/b3rb_rviz/cmake/b3rb_rvizConfig.cmake
[0.192s] -- Up-to-date symlink: /home/shreedhar/cognipilot/cranium/install/b3rb_rviz/share/b3rb_rviz/cmake/b3rb_rvizConfig-version.cmake
[0.192s] -- Up-to-date symlink: /home/shreedhar/cognipilot/cranium/install/b3rb_rviz/share/b3rb_rviz/package.xml
[0.243s] Invoked command in '/home/shreedhar/cognipilot/cranium/build/b3rb_rviz' returned '0': CMAKE_PREFIX_PATH=${CMAKE_PREFIX_PATH}:/home/shreedhar/cognipilot/cranium/install/nxp_cup_vision:/home/shreedhar/cognipilot/cranium/install/b3rb_ros_line_follower:/home/shreedhar/ros2_ws/install/my_robot_controller:/opt/ros/humble /usr/bin/cmake --install /home/shreedhar/cognipilot/cranium/build/b3rb_rviz
