[0.038s] Invoking command in '/home/shreedhar/cognipilot/cranium/build/synapse_tinyframe': CMAKE_PREFIX_PATH=${CMAKE_PREFIX_PATH}:/home/shreedhar/cognipilot/cranium/install/nxp_cup_vision:/opt/ros/humble /usr/bin/cmake /home/shreedhar/cognipilot/cranium/src/synapse_tinyframe -DCMAKE_INSTALL_PREFIX=/home/shreedhar/cognipilot/cranium/install/synapse_tinyframe
[0.118s] -- Found ament_cmake: 1.3.9 (/opt/ros/humble/share/ament_cmake/cmake)
[0.230s] -- Override CMake install command with custom implementation using symlinks instead of copying resources
[0.240s] -- Found ament_lint_auto: 0.12.11 (/opt/ros/humble/share/ament_lint_auto/cmake)
[0.314s] -- Added test 'copyright' to check source files copyright and LICENSE
[0.323s] -- Added test 'cppcheck' to perform static code analysis on C / C++ code
[0.323s] -- Configured cppcheck include dirs: $<BUILD_INTERFACE:/home/shreedhar/cognipilot/cranium/src/synapse_tinyframe/include>;$<BUILD_INTERFACE:/home/shreedhar/cognipilot/cranium/src/synapse_tinyframe/include/synapse_tinyframe>
[0.323s] -- Configured cppcheck exclude dirs and/or files: 
[0.334s] -- Added test 'cpplint' to check C / C++ code against the Google style
[0.334s] -- Configured cpplint exclude dirs and/or files: 
[0.334s] -- Added test 'flake8' to check Python code syntax and style conventions
[0.334s] -- Added test 'lint_cmake' to check CMake code style
[0.334s] -- Added test 'pep257' to check Python code against some of the docstring style conventions in PEP 257
[0.341s] -- Added test 'uncrustify' to check C / C++ code style
[0.341s] -- Configured uncrustify additional arguments: 
[0.342s] -- Added test 'xmllint' to check XML markup files
[0.344s] -- Configuring done
[0.354s] -- Generating done
[0.356s] -- Build files have been written to: /home/shreedhar/cognipilot/cranium/build/synapse_tinyframe
[0.363s] Invoked command in '/home/shreedhar/cognipilot/cranium/build/synapse_tinyframe' returned '0': CMAKE_PREFIX_PATH=${CMAKE_PREFIX_PATH}:/home/shreedhar/cognipilot/cranium/install/nxp_cup_vision:/opt/ros/humble /usr/bin/cmake /home/shreedhar/cognipilot/cranium/src/synapse_tinyframe -DCMAKE_INSTALL_PREFIX=/home/shreedhar/cognipilot/cranium/install/synapse_tinyframe
[0.364s] Invoking command in '/home/shreedhar/cognipilot/cranium/build/synapse_tinyframe': CMAKE_PREFIX_PATH=${CMAKE_PREFIX_PATH}:/home/shreedhar/cognipilot/cranium/install/nxp_cup_vision:/opt/ros/humble /usr/bin/cmake --build /home/shreedhar/cognipilot/cranium/build/synapse_tinyframe -- -j12 -l12
[0.417s] Consolidate compiler generated dependencies of target synapse_tinyframe
[0.424s] [100%] Built target synapse_tinyframe
[0.438s] Invoked command in '/home/shreedhar/cognipilot/cranium/build/synapse_tinyframe' returned '0': CMAKE_PREFIX_PATH=${CMAKE_PREFIX_PATH}:/home/shreedhar/cognipilot/cranium/install/nxp_cup_vision:/opt/ros/humble /usr/bin/cmake --build /home/shreedhar/cognipilot/cranium/build/synapse_tinyframe -- -j12 -l12
[0.489s] Invoking command in '/home/shreedhar/cognipilot/cranium/build/synapse_tinyframe': CMAKE_PREFIX_PATH=${CMAKE_PREFIX_PATH}:/home/shreedhar/cognipilot/cranium/install/nxp_cup_vision:/opt/ros/humble /usr/bin/cmake --install /home/shreedhar/cognipilot/cranium/build/synapse_tinyframe
[0.506s] -- Install configuration: ""
[0.506s] -- Execute custom install script
[0.506s] -- Up-to-date symlink: /home/shreedhar/cognipilot/cranium/install/synapse_tinyframe/share/synapse_tinyframe/environment/library_path.sh
[0.506s] -- Up-to-date symlink: /home/shreedhar/cognipilot/cranium/install/synapse_tinyframe/share/synapse_tinyframe/environment/library_path.dsv
[0.507s] -- Up-to-date symlink: /home/shreedhar/cognipilot/cranium/install/synapse_tinyframe/include/synapse_tinyframe/SynapseTopics.h
[0.507s] -- Up-to-date symlink: /home/shreedhar/cognipilot/cranium/install/synapse_tinyframe/include/synapse_tinyframe/TF_Config.h
[0.507s] -- Up-to-date symlink: /home/shreedhar/cognipilot/cranium/install/synapse_tinyframe/include/synapse_tinyframe/TinyFrame.h
[0.507s] -- Up-to-date symlink: /home/shreedhar/cognipilot/cranium/install/synapse_tinyframe/include/synapse_tinyframe/utils.h
[0.507s] -- Up-to-date symlink: /home/shreedhar/cognipilot/cranium/install/synapse_tinyframe/share/ament_index/resource_index/package_run_dependencies/synapse_tinyframe
[0.507s] -- Up-to-date symlink: /home/shreedhar/cognipilot/cranium/install/synapse_tinyframe/share/ament_index/resource_index/parent_prefix_path/synapse_tinyframe
[0.507s] -- Up-to-date symlink: /home/shreedhar/cognipilot/cranium/install/synapse_tinyframe/share/synapse_tinyframe/environment/ament_prefix_path.sh
[0.507s] -- Up-to-date symlink: /home/shreedhar/cognipilot/cranium/install/synapse_tinyframe/share/synapse_tinyframe/environment/ament_prefix_path.dsv
[0.507s] -- Up-to-date symlink: /home/shreedhar/cognipilot/cranium/install/synapse_tinyframe/share/synapse_tinyframe/environment/path.sh
[0.507s] -- Up-to-date symlink: /home/shreedhar/cognipilot/cranium/install/synapse_tinyframe/share/synapse_tinyframe/environment/path.dsv
[0.507s] -- Up-to-date symlink: /home/shreedhar/cognipilot/cranium/install/synapse_tinyframe/share/synapse_tinyframe/local_setup.bash
[0.507s] -- Up-to-date symlink: /home/shreedhar/cognipilot/cranium/install/synapse_tinyframe/share/synapse_tinyframe/local_setup.sh
[0.508s] -- Up-to-date symlink: /home/shreedhar/cognipilot/cranium/install/synapse_tinyframe/share/synapse_tinyframe/local_setup.zsh
[0.508s] -- Up-to-date symlink: /home/shreedhar/cognipilot/cranium/install/synapse_tinyframe/share/synapse_tinyframe/local_setup.dsv
[0.508s] -- Symlinking: /home/shreedhar/cognipilot/cranium/install/synapse_tinyframe/share/synapse_tinyframe/package.dsv
[0.530s] -- Up-to-date symlink: /home/shreedhar/cognipilot/cranium/install/synapse_tinyframe/share/ament_index/resource_index/packages/synapse_tinyframe
[0.530s] -- Up-to-date symlink: /home/shreedhar/cognipilot/cranium/install/synapse_tinyframe/share/synapse_tinyframe/cmake/ament_cmake_export_targets-extras.cmake
[0.530s] -- Up-to-date symlink: /home/shreedhar/cognipilot/cranium/install/synapse_tinyframe/share/synapse_tinyframe/cmake/synapse_tinyframeConfig.cmake
[0.530s] -- Up-to-date symlink: /home/shreedhar/cognipilot/cranium/install/synapse_tinyframe/share/synapse_tinyframe/cmake/synapse_tinyframeConfig-version.cmake
[0.530s] -- Up-to-date symlink: /home/shreedhar/cognipilot/cranium/install/synapse_tinyframe/share/synapse_tinyframe/package.xml
[0.531s] -- Up-to-date: /home/shreedhar/cognipilot/cranium/install/synapse_tinyframe/lib/libsynapse_tinyframe.a
[0.531s] -- Up-to-date: /home/shreedhar/cognipilot/cranium/install/synapse_tinyframe/share/synapse_tinyframe/cmake/synapse_tinyframeExport.cmake
[0.531s] -- Up-to-date: /home/shreedhar/cognipilot/cranium/install/synapse_tinyframe/share/synapse_tinyframe/cmake/synapse_tinyframeExport-noconfig.cmake
[0.540s] Invoked command in '/home/shreedhar/cognipilot/cranium/build/synapse_tinyframe' returned '0': CMAKE_PREFIX_PATH=${CMAKE_PREFIX_PATH}:/home/shreedhar/cognipilot/cranium/install/nxp_cup_vision:/opt/ros/humble /usr/bin/cmake --install /home/shreedhar/cognipilot/cranium/build/synapse_tinyframe
