[0.031s] Invoking command in '/home/shreedhar/cognipilot/cranium/build/b3rb_description': CMAKE_PREFIX_PATH=${CMAKE_PREFIX_PATH}:/home/shreedhar/cognipilot/cranium/install/nxp_cup_vision:/opt/ros/humble /usr/bin/cmake /home/shreedhar/cognipilot/cranium/src/b3rb/b3rb_description -DCMAKE_INSTALL_PREFIX=/home/shreedhar/cognipilot/cranium/install/b3rb_description
[0.103s] -- Found ament_cmake: 1.3.9 (/opt/ros/humble/share/ament_cmake/cmake)
[0.177s] -- Override CMake install command with custom implementation using symlinks instead of copying resources
[0.195s] -- Found urdf: 2.6.0 (/opt/ros/humble/share/urdf/cmake)
[0.261s] -- Found ament_lint_auto: 0.12.11 (/opt/ros/humble/share/ament_lint_auto/cmake)
[0.363s] -- Added test 'flake8' to check Python code syntax and style conventions
[0.366s] -- Added test 'lint_cmake' to check CMake code style
[0.366s] -- Added test 'pep257' to check Python code against some of the docstring style conventions in PEP 257
[0.366s] -- Added test 'xmllint' to check XML markup files
[0.367s] -- Configuring done
[0.373s] -- Generating done
[0.375s] -- Build files have been written to: /home/shreedhar/cognipilot/cranium/build/b3rb_description
[0.383s] Invoked command in '/home/shreedhar/cognipilot/cranium/build/b3rb_description' returned '0': CMAKE_PREFIX_PATH=${CMAKE_PREFIX_PATH}:/home/shreedhar/cognipilot/cranium/install/nxp_cup_vision:/opt/ros/humble /usr/bin/cmake /home/shreedhar/cognipilot/cranium/src/b3rb/b3rb_description -DCMAKE_INSTALL_PREFIX=/home/shreedhar/cognipilot/cranium/install/b3rb_description
[0.384s] Invoking command in '/home/shreedhar/cognipilot/cranium/build/b3rb_description': CMAKE_PREFIX_PATH=${CMAKE_PREFIX_PATH}:/home/shreedhar/cognipilot/cranium/install/nxp_cup_vision:/opt/ros/humble /usr/bin/cmake --build /home/shreedhar/cognipilot/cranium/build/b3rb_description -- -j12 -l12
[0.450s] Invoked command in '/home/shreedhar/cognipilot/cranium/build/b3rb_description' returned '0': CMAKE_PREFIX_PATH=${CMAKE_PREFIX_PATH}:/home/shreedhar/cognipilot/cranium/install/nxp_cup_vision:/opt/ros/humble /usr/bin/cmake --build /home/shreedhar/cognipilot/cranium/build/b3rb_description -- -j12 -l12
[0.483s] Invoking command in '/home/shreedhar/cognipilot/cranium/build/b3rb_description': CMAKE_PREFIX_PATH=${CMAKE_PREFIX_PATH}:/home/shreedhar/cognipilot/cranium/install/nxp_cup_vision:/opt/ros/humble /usr/bin/cmake --install /home/shreedhar/cognipilot/cranium/build/b3rb_description
[0.500s] -- Install configuration: ""
[0.500s] -- Execute custom install script
[0.501s] -- Up-to-date symlink: /home/shreedhar/cognipilot/cranium/install/b3rb_description/share/b3rb_description/launch/robot_description.launch.py
[0.501s] -- Up-to-date symlink: /home/shreedhar/cognipilot/cranium/install/b3rb_description/share/b3rb_description/meshes/STL27L.dae
[0.501s] -- Up-to-date symlink: /home/shreedhar/cognipilot/cranium/install/b3rb_description/share/b3rb_description/meshes/b3rb.dae
[0.501s] -- Up-to-date symlink: /home/shreedhar/cognipilot/cranium/install/b3rb_description/share/b3rb_description/meshes/wheel.dae
[0.501s] -- Up-to-date symlink: /home/shreedhar/cognipilot/cranium/install/b3rb_description/share/b3rb_description/urdf/b3rb.urdf
[0.501s] -- Up-to-date symlink: /home/shreedhar/cognipilot/cranium/install/b3rb_description/share/ament_index/resource_index/package_run_dependencies/b3rb_description
[0.501s] -- Up-to-date symlink: /home/shreedhar/cognipilot/cranium/install/b3rb_description/share/ament_index/resource_index/parent_prefix_path/b3rb_description
[0.501s] -- Up-to-date symlink: /home/shreedhar/cognipilot/cranium/install/b3rb_description/share/b3rb_description/environment/ament_prefix_path.sh
[0.501s] -- Up-to-date symlink: /home/shreedhar/cognipilot/cranium/install/b3rb_description/share/b3rb_description/environment/ament_prefix_path.dsv
[0.501s] -- Up-to-date symlink: /home/shreedhar/cognipilot/cranium/install/b3rb_description/share/b3rb_description/environment/path.sh
[0.501s] -- Up-to-date symlink: /home/shreedhar/cognipilot/cranium/install/b3rb_description/share/b3rb_description/environment/path.dsv
[0.501s] -- Up-to-date symlink: /home/shreedhar/cognipilot/cranium/install/b3rb_description/share/b3rb_description/local_setup.bash
[0.501s] -- Up-to-date symlink: /home/shreedhar/cognipilot/cranium/install/b3rb_description/share/b3rb_description/local_setup.sh
[0.502s] -- Up-to-date symlink: /home/shreedhar/cognipilot/cranium/install/b3rb_description/share/b3rb_description/local_setup.zsh
[0.502s] -- Up-to-date symlink: /home/shreedhar/cognipilot/cranium/install/b3rb_description/share/b3rb_description/local_setup.dsv
[0.502s] -- Symlinking: /home/shreedhar/cognipilot/cranium/install/b3rb_description/share/b3rb_description/package.dsv
[0.516s] -- Up-to-date symlink: /home/shreedhar/cognipilot/cranium/install/b3rb_description/share/ament_index/resource_index/packages/b3rb_description
[0.516s] -- Up-to-date symlink: /home/shreedhar/cognipilot/cranium/install/b3rb_description/share/b3rb_description/cmake/b3rb_descriptionConfig.cmake
[0.516s] -- Up-to-date symlink: /home/shreedhar/cognipilot/cranium/install/b3rb_description/share/b3rb_description/cmake/b3rb_descriptionConfig-version.cmake
[0.516s] -- Up-to-date symlink: /home/shreedhar/cognipilot/cranium/install/b3rb_description/share/b3rb_description/package.xml
[0.531s] Invoked command in '/home/shreedhar/cognipilot/cranium/build/b3rb_description' returned '0': CMAKE_PREFIX_PATH=${CMAKE_PREFIX_PATH}:/home/shreedhar/cognipilot/cranium/install/nxp_cup_vision:/opt/ros/humble /usr/bin/cmake --install /home/shreedhar/cognipilot/cranium/build/b3rb_description
