[0.047s] Invoking command in '/home/shreedhar/cognipilot/cranium/build/synapse_protobuf': CMAKE_PREFIX_PATH=${CMAKE_PREFIX_PATH}:/home/shreedhar/cognipilot/cranium/install/nxp_cup_vision:/home/shreedhar/cognipilot/cranium/install/b3rb_ros_line_follower:/home/shreedhar/ros2_ws/install/my_robot_controller:/opt/ros/humble /usr/bin/cmake --build /home/shreedhar/cognipilot/cranium/build/synapse_protobuf -- -j12 -l12
[0.141s] [100%] Built target synapse_protobuf
[0.185s] Invoked command in '/home/shreedhar/cognipilot/cranium/build/synapse_protobuf' returned '0': CMAKE_PREFIX_PATH=${CMAKE_PREFIX_PATH}:/home/shreedhar/cognipilot/cranium/install/nxp_cup_vision:/home/shreedhar/cognipilot/cranium/install/b3rb_ros_line_follower:/home/shreedhar/ros2_ws/install/my_robot_controller:/opt/ros/humble /usr/bin/cmake --build /home/shreedhar/cognipilot/cranium/build/synapse_protobuf -- -j12 -l12
[0.287s] Invoking command in '/home/shreedhar/cognipilot/cranium/build/synapse_protobuf': CMAKE_PREFIX_PATH=${CMAKE_PREFIX_PATH}:/home/shreedhar/cognipilot/cranium/install/nxp_cup_vision:/home/shreedhar/cognipilot/cranium/install/b3rb_ros_line_follower:/home/shreedhar/ros2_ws/install/my_robot_controller:/opt/ros/humble /usr/bin/cmake --install /home/shreedhar/cognipilot/cranium/build/synapse_protobuf
[0.295s] -- Install configuration: ""
[0.295s] -- Execute custom install script
[0.295s] -- Up-to-date symlink: /home/shreedhar/cognipilot/cranium/install/synapse_protobuf/include/synapse_protobuf/actuators.pb.h
[0.295s] -- Up-to-date symlink: /home/shreedhar/cognipilot/cranium/install/synapse_protobuf/include/synapse_protobuf/altimeter.pb.h
[0.295s] -- Up-to-date symlink: /home/shreedhar/cognipilot/cranium/install/synapse_protobuf/include/synapse_protobuf/battery_state.pb.h
[0.296s] -- Up-to-date symlink: /home/shreedhar/cognipilot/cranium/install/synapse_protobuf/include/synapse_protobuf/bezier_curve.pb.h
[0.296s] -- Up-to-date symlink: /home/shreedhar/cognipilot/cranium/install/synapse_protobuf/include/synapse_protobuf/bezier_trajectory.pb.h
[0.296s] -- Up-to-date symlink: /home/shreedhar/cognipilot/cranium/install/synapse_protobuf/include/synapse_protobuf/can.pb.h
[0.296s] -- Up-to-date symlink: /home/shreedhar/cognipilot/cranium/install/synapse_protobuf/include/synapse_protobuf/header.pb.h
[0.297s] -- Up-to-date symlink: /home/shreedhar/cognipilot/cranium/install/synapse_protobuf/include/synapse_protobuf/imu.pb.h
[0.297s] -- Up-to-date symlink: /home/shreedhar/cognipilot/cranium/install/synapse_protobuf/include/synapse_protobuf/joy.pb.h
[0.297s] -- Up-to-date symlink: /home/shreedhar/cognipilot/cranium/install/synapse_protobuf/include/synapse_protobuf/led.pb.h
[0.297s] -- Up-to-date symlink: /home/shreedhar/cognipilot/cranium/install/synapse_protobuf/include/synapse_protobuf/led_array.pb.h
[0.298s] -- Up-to-date symlink: /home/shreedhar/cognipilot/cranium/install/synapse_protobuf/include/synapse_protobuf/magnetic_field.pb.h
[0.299s] -- Up-to-date symlink: /home/shreedhar/cognipilot/cranium/install/synapse_protobuf/include/synapse_protobuf/nav_sat_fix.pb.h
[0.299s] -- Up-to-date symlink: /home/shreedhar/cognipilot/cranium/install/synapse_protobuf/include/synapse_protobuf/nav_sat_status.pb.h
[0.299s] -- Up-to-date symlink: /home/shreedhar/cognipilot/cranium/install/synapse_protobuf/include/synapse_protobuf/odometry.pb.h
[0.299s] -- Up-to-date symlink: /home/shreedhar/cognipilot/cranium/install/synapse_protobuf/include/synapse_protobuf/pixy_vector.pb.h
[0.300s] -- Up-to-date symlink: /home/shreedhar/cognipilot/cranium/install/synapse_protobuf/include/synapse_protobuf/point.pb.h
[0.300s] -- Up-to-date symlink: /home/shreedhar/cognipilot/cranium/install/synapse_protobuf/include/synapse_protobuf/pose.pb.h
[0.300s] -- Up-to-date symlink: /home/shreedhar/cognipilot/cranium/install/synapse_protobuf/include/synapse_protobuf/pose_with_covariance.pb.h
[0.300s] -- Up-to-date symlink: /home/shreedhar/cognipilot/cranium/install/synapse_protobuf/include/synapse_protobuf/quaternion.pb.h
[0.300s] -- Up-to-date symlink: /home/shreedhar/cognipilot/cranium/install/synapse_protobuf/include/synapse_protobuf/safety.pb.h
[0.300s] -- Up-to-date symlink: /home/shreedhar/cognipilot/cranium/install/synapse_protobuf/include/synapse_protobuf/sim_clock.pb.h
[0.301s] -- Up-to-date symlink: /home/shreedhar/cognipilot/cranium/install/synapse_protobuf/include/synapse_protobuf/status.pb.h
[0.301s] -- Up-to-date symlink: /home/shreedhar/cognipilot/cranium/install/synapse_protobuf/include/synapse_protobuf/time.pb.h
[0.301s] -- Up-to-date symlink: /home/shreedhar/cognipilot/cranium/install/synapse_protobuf/include/synapse_protobuf/twist.pb.h
[0.301s] -- Up-to-date symlink: /home/shreedhar/cognipilot/cranium/install/synapse_protobuf/include/synapse_protobuf/twist_with_covariance.pb.h
[0.301s] -- Up-to-date symlink: /home/shreedhar/cognipilot/cranium/install/synapse_protobuf/include/synapse_protobuf/vector3.pb.h
[0.301s] -- Up-to-date symlink: /home/shreedhar/cognipilot/cranium/install/synapse_protobuf/include/synapse_protobuf/wheel_odometry.pb.h
[0.302s] -- Up-to-date symlink: /home/shreedhar/cognipilot/cranium/install/synapse_protobuf/share/synapse_protobuf/environment/library_path.sh
[0.302s] -- Up-to-date symlink: /home/shreedhar/cognipilot/cranium/install/synapse_protobuf/share/synapse_protobuf/environment/library_path.dsv
[0.302s] -- Up-to-date symlink: /home/shreedhar/cognipilot/cranium/install/synapse_protobuf/share/ament_index/resource_index/package_run_dependencies/synapse_protobuf
[0.304s] -- Up-to-date symlink: /home/shreedhar/cognipilot/cranium/install/synapse_protobuf/share/ament_index/resource_index/parent_prefix_path/synapse_protobuf
[0.304s] -- Up-to-date symlink: /home/shreedhar/cognipilot/cranium/install/synapse_protobuf/share/synapse_protobuf/environment/ament_prefix_path.sh
[0.304s] -- Up-to-date symlink: /home/shreedhar/cognipilot/cranium/install/synapse_protobuf/share/synapse_protobuf/environment/ament_prefix_path.dsv
[0.304s] -- Up-to-date symlink: /home/shreedhar/cognipilot/cranium/install/synapse_protobuf/share/synapse_protobuf/environment/path.sh
[0.304s] -- Up-to-date symlink: /home/shreedhar/cognipilot/cranium/install/synapse_protobuf/share/synapse_protobuf/environment/path.dsv
[0.304s] -- Up-to-date symlink: /home/shreedhar/cognipilot/cranium/install/synapse_protobuf/share/synapse_protobuf/local_setup.bash
[0.304s] -- Up-to-date symlink: /home/shreedhar/cognipilot/cranium/install/synapse_protobuf/share/synapse_protobuf/local_setup.sh
[0.305s] -- Up-to-date symlink: /home/shreedhar/cognipilot/cranium/install/synapse_protobuf/share/synapse_protobuf/local_setup.zsh
[0.305s] -- Up-to-date symlink: /home/shreedhar/cognipilot/cranium/install/synapse_protobuf/share/synapse_protobuf/local_setup.dsv
[0.305s] -- Symlinking: /home/shreedhar/cognipilot/cranium/install/synapse_protobuf/share/synapse_protobuf/package.dsv
[0.315s] -- Up-to-date symlink: /home/shreedhar/cognipilot/cranium/install/synapse_protobuf/share/ament_index/resource_index/packages/synapse_protobuf
[0.315s] -- Up-to-date symlink: /home/shreedhar/cognipilot/cranium/install/synapse_protobuf/share/synapse_protobuf/cmake/ament_cmake_export_targets-extras.cmake
[0.316s] -- Up-to-date symlink: /home/shreedhar/cognipilot/cranium/install/synapse_protobuf/share/synapse_protobuf/cmake/ament_cmake_export_dependencies-extras.cmake
[0.316s] -- Up-to-date symlink: /home/shreedhar/cognipilot/cranium/install/synapse_protobuf/share/synapse_protobuf/cmake/synapse_protobufConfig.cmake
[0.316s] -- Up-to-date symlink: /home/shreedhar/cognipilot/cranium/install/synapse_protobuf/share/synapse_protobuf/cmake/synapse_protobufConfig-version.cmake
[0.316s] -- Up-to-date symlink: /home/shreedhar/cognipilot/cranium/install/synapse_protobuf/share/synapse_protobuf/package.xml
[0.317s] -- Up-to-date: /home/shreedhar/cognipilot/cranium/install/synapse_protobuf/share/synapse_protobuf/cmake/synapse_protobufExport.cmake
[0.317s] -- Up-to-date: /home/shreedhar/cognipilot/cranium/install/synapse_protobuf/share/synapse_protobuf/cmake/synapse_protobufExport-noconfig.cmake
[0.317s] -- Up-to-date: /home/shreedhar/cognipilot/cranium/install/synapse_protobuf/lib/libsynapse_protobuf.a
[0.351s] Invoked command in '/home/shreedhar/cognipilot/cranium/build/synapse_protobuf' returned '0': CMAKE_PREFIX_PATH=${CMAKE_PREFIX_PATH}:/home/shreedhar/cognipilot/cranium/install/nxp_cup_vision:/home/shreedhar/cognipilot/cranium/install/b3rb_ros_line_follower:/home/shreedhar/ros2_ws/install/my_robot_controller:/opt/ros/humble /usr/bin/cmake --install /home/shreedhar/cognipilot/cranium/build/synapse_protobuf
