[0.091s] Invoking command in '/home/shreedhar/cognipilot/cranium/build/cerebri_bringup': CMAKE_PREFIX_PATH=${CMAKE_PREFIX_PATH}:/home/shreedhar/cognipilot/cranium/install/nxp_cup_vision:/opt/ros/humble /usr/bin/cmake /home/shreedhar/cognipilot/cranium/src/cerebri_bringup -DCMAKE_INSTALL_PREFIX=/home/shreedhar/cognipilot/cranium/install/cerebri_bringup
[0.106s] -- Found ament_cmake: 1.3.9 (/opt/ros/humble/share/ament_cmake/cmake)
[0.266s] -- Override CMake install command with custom implementation using symlinks instead of copying resources
[0.275s] -- Found ament_lint_auto: 0.12.11 (/opt/ros/humble/share/ament_lint_auto/cmake)
[0.358s] -- Added test 'copyright' to check source files copyright and LICENSE
[0.368s] -- Added test 'flake8' to check Python code syntax and style conventions
[0.371s] -- Added test 'lint_cmake' to check CMake code style
[0.372s] -- Added test 'pep257' to check Python code against some of the docstring style conventions in PEP 257
[0.375s] -- Added test 'xmllint' to check XML markup files
[0.379s] -- Configuring done
[0.394s] -- Generating done
[0.394s] -- Build files have been written to: /home/shreedhar/cognipilot/cranium/build/cerebri_bringup
[0.395s] Invoked command in '/home/shreedhar/cognipilot/cranium/build/cerebri_bringup' returned '0': CMAKE_PREFIX_PATH=${CMAKE_PREFIX_PATH}:/home/shreedhar/cognipilot/cranium/install/nxp_cup_vision:/opt/ros/humble /usr/bin/cmake /home/shreedhar/cognipilot/cranium/src/cerebri_bringup -DCMAKE_INSTALL_PREFIX=/home/shreedhar/cognipilot/cranium/install/cerebri_bringup
[0.396s] Invoking command in '/home/shreedhar/cognipilot/cranium/build/cerebri_bringup': CMAKE_PREFIX_PATH=${CMAKE_PREFIX_PATH}:/home/shreedhar/cognipilot/cranium/install/nxp_cup_vision:/opt/ros/humble /usr/bin/cmake --build /home/shreedhar/cognipilot/cranium/build/cerebri_bringup -- -j12 -l12
[0.462s] Invoked command in '/home/shreedhar/cognipilot/cranium/build/cerebri_bringup' returned '0': CMAKE_PREFIX_PATH=${CMAKE_PREFIX_PATH}:/home/shreedhar/cognipilot/cranium/install/nxp_cup_vision:/opt/ros/humble /usr/bin/cmake --build /home/shreedhar/cognipilot/cranium/build/cerebri_bringup -- -j12 -l12
[0.513s] Invoking command in '/home/shreedhar/cognipilot/cranium/build/cerebri_bringup': CMAKE_PREFIX_PATH=${CMAKE_PREFIX_PATH}:/home/shreedhar/cognipilot/cranium/install/nxp_cup_vision:/opt/ros/humble /usr/bin/cmake --install /home/shreedhar/cognipilot/cranium/build/cerebri_bringup
[0.532s] -- Install configuration: ""
[0.532s] -- Execute custom install script
[0.533s] -- Up-to-date symlink: /home/shreedhar/cognipilot/cranium/install/cerebri_bringup/share/cerebri_bringup/launch/cerebri.launch.py
[0.533s] -- Up-to-date symlink: /home/shreedhar/cognipilot/cranium/install/cerebri_bringup/share/ament_index/resource_index/package_run_dependencies/cerebri_bringup
[0.533s] -- Up-to-date symlink: /home/shreedhar/cognipilot/cranium/install/cerebri_bringup/share/ament_index/resource_index/parent_prefix_path/cerebri_bringup
[0.533s] -- Up-to-date symlink: /home/shreedhar/cognipilot/cranium/install/cerebri_bringup/share/cerebri_bringup/environment/ament_prefix_path.sh
[0.533s] -- Up-to-date symlink: /home/shreedhar/cognipilot/cranium/install/cerebri_bringup/share/cerebri_bringup/environment/ament_prefix_path.dsv
[0.533s] -- Up-to-date symlink: /home/shreedhar/cognipilot/cranium/install/cerebri_bringup/share/cerebri_bringup/environment/path.sh
[0.533s] -- Up-to-date symlink: /home/shreedhar/cognipilot/cranium/install/cerebri_bringup/share/cerebri_bringup/environment/path.dsv
[0.533s] -- Up-to-date symlink: /home/shreedhar/cognipilot/cranium/install/cerebri_bringup/share/cerebri_bringup/local_setup.bash
[0.533s] -- Up-to-date symlink: /home/shreedhar/cognipilot/cranium/install/cerebri_bringup/share/cerebri_bringup/local_setup.sh
[0.533s] -- Up-to-date symlink: /home/shreedhar/cognipilot/cranium/install/cerebri_bringup/share/cerebri_bringup/local_setup.zsh
[0.533s] -- Up-to-date symlink: /home/shreedhar/cognipilot/cranium/install/cerebri_bringup/share/cerebri_bringup/local_setup.dsv
[0.533s] -- Symlinking: /home/shreedhar/cognipilot/cranium/install/cerebri_bringup/share/cerebri_bringup/package.dsv
[0.537s] -- Up-to-date symlink: /home/shreedhar/cognipilot/cranium/install/cerebri_bringup/share/ament_index/resource_index/packages/cerebri_bringup
[0.537s] -- Up-to-date symlink: /home/shreedhar/cognipilot/cranium/install/cerebri_bringup/share/cerebri_bringup/cmake/cerebri_bringupConfig.cmake
[0.537s] -- Up-to-date symlink: /home/shreedhar/cognipilot/cranium/install/cerebri_bringup/share/cerebri_bringup/cmake/cerebri_bringupConfig-version.cmake
[0.537s] -- Up-to-date symlink: /home/shreedhar/cognipilot/cranium/install/cerebri_bringup/share/cerebri_bringup/package.xml
[0.538s] Invoked command in '/home/shreedhar/cognipilot/cranium/build/cerebri_bringup' returned '0': CMAKE_PREFIX_PATH=${CMAKE_PREFIX_PATH}:/home/shreedhar/cognipilot/cranium/install/nxp_cup_vision:/opt/ros/humble /usr/bin/cmake --install /home/shreedhar/cognipilot/cranium/build/cerebri_bringup
