[0.023s] Invoking command in '/home/shreedhar/cognipilot/cranium/build/b3rb_description': CMAKE_PREFIX_PATH=/opt/ros/humble /usr/bin/cmake /home/shreedhar/cognipilot/cranium/src/b3rb/b3rb_description -DAMENT_CMAKE_SYMLINK_INSTALL=1 -DCMAKE_INSTALL_PREFIX=/home/shreedhar/cognipilot/cranium/install/b3rb_description
[0.145s] -- The C compiler identification is GNU 11.4.0
[0.241s] -- The CXX compiler identification is GNU 11.4.0
[0.249s] -- Detecting C compiler ABI info
[0.343s] -- Detecting C compiler ABI info - done
[0.353s] -- Check for working C compiler: /usr/bin/cc - skipped
[0.354s] -- Detecting C compile features
[0.354s] -- Detecting C compile features - done
[0.358s] -- Detecting CXX compiler ABI info
[0.460s] -- Detecting CXX compiler ABI info - done
[0.471s] -- Check for working CXX compiler: /usr/bin/c++ - skipped
[0.472s] -- Detecting CXX compile features
[0.472s] -- Detecting CXX compile features - done
[0.475s] -- Found ament_cmake: 1.3.9 (/opt/ros/humble/share/ament_cmake/cmake)
[0.698s] -- Found Python3: /usr/bin/python3 (found version "3.10.12") found components: Interpreter 
[0.779s] -- Override CMake install command with custom implementation using symlinks instead of copying resources
[0.816s] -- Found urdf: 2.6.0 (/opt/ros/humble/share/urdf/cmake)
[0.890s] -- Found ament_lint_auto: 0.12.11 (/opt/ros/humble/share/ament_lint_auto/cmake)
[1.006s] -- Added test 'flake8' to check Python code syntax and style conventions
[1.006s] -- Added test 'lint_cmake' to check CMake code style
[1.007s] -- Added test 'pep257' to check Python code against some of the docstring style conventions in PEP 257
[1.007s] -- Added test 'xmllint' to check XML markup files
[1.007s] -- Configuring done
[1.008s] -- Generating done
[1.008s] -- Build files have been written to: /home/shreedhar/cognipilot/cranium/build/b3rb_description
[1.014s] Invoked command in '/home/shreedhar/cognipilot/cranium/build/b3rb_description' returned '0': CMAKE_PREFIX_PATH=/opt/ros/humble /usr/bin/cmake /home/shreedhar/cognipilot/cranium/src/b3rb/b3rb_description -DAMENT_CMAKE_SYMLINK_INSTALL=1 -DCMAKE_INSTALL_PREFIX=/home/shreedhar/cognipilot/cranium/install/b3rb_description
[1.015s] Invoking command in '/home/shreedhar/cognipilot/cranium/build/b3rb_description': CMAKE_PREFIX_PATH=/opt/ros/humble /usr/bin/cmake --build /home/shreedhar/cognipilot/cranium/build/b3rb_description -- -j12 -l12
[1.065s] Invoked command in '/home/shreedhar/cognipilot/cranium/build/b3rb_description' returned '0': CMAKE_PREFIX_PATH=/opt/ros/humble /usr/bin/cmake --build /home/shreedhar/cognipilot/cranium/build/b3rb_description -- -j12 -l12
[1.093s] Invoking command in '/home/shreedhar/cognipilot/cranium/build/b3rb_description': CMAKE_PREFIX_PATH=/opt/ros/humble /usr/bin/cmake --install /home/shreedhar/cognipilot/cranium/build/b3rb_description
[1.101s] -- Install configuration: ""
[1.102s] -- Execute custom install script
[1.103s] -- Symlinking: /home/shreedhar/cognipilot/cranium/install/b3rb_description/share/b3rb_description/launch/robot_description.launch.py
[1.115s] -- Symlinking: /home/shreedhar/cognipilot/cranium/install/b3rb_description/share/b3rb_description/meshes/STL27L.dae
[1.126s] -- Symlinking: /home/shreedhar/cognipilot/cranium/install/b3rb_description/share/b3rb_description/meshes/b3rb.dae
[1.138s] -- Symlinking: /home/shreedhar/cognipilot/cranium/install/b3rb_description/share/b3rb_description/meshes/wheel.dae
[1.149s] -- Symlinking: /home/shreedhar/cognipilot/cranium/install/b3rb_description/share/b3rb_description/urdf/b3rb.urdf
[1.160s] -- Symlinking: /home/shreedhar/cognipilot/cranium/install/b3rb_description/share/ament_index/resource_index/package_run_dependencies/b3rb_description
[1.170s] -- Symlinking: /home/shreedhar/cognipilot/cranium/install/b3rb_description/share/ament_index/resource_index/parent_prefix_path/b3rb_description
[1.180s] -- Symlinking: /home/shreedhar/cognipilot/cranium/install/b3rb_description/share/b3rb_description/environment/ament_prefix_path.sh
[1.191s] -- Symlinking: /home/shreedhar/cognipilot/cranium/install/b3rb_description/share/b3rb_description/environment/ament_prefix_path.dsv
[1.201s] -- Symlinking: /home/shreedhar/cognipilot/cranium/install/b3rb_description/share/b3rb_description/environment/path.sh
[1.241s] -- Symlinking: /home/shreedhar/cognipilot/cranium/install/b3rb_description/share/b3rb_description/environment/path.dsv
[1.241s] -- Symlinking: /home/shreedhar/cognipilot/cranium/install/b3rb_description/share/b3rb_description/local_setup.bash
[1.241s] -- Symlinking: /home/shreedhar/cognipilot/cranium/install/b3rb_description/share/b3rb_description/local_setup.sh
[1.267s] -- Symlinking: /home/shreedhar/cognipilot/cranium/install/b3rb_description/share/b3rb_description/local_setup.zsh
[1.267s] -- Symlinking: /home/shreedhar/cognipilot/cranium/install/b3rb_description/share/b3rb_description/local_setup.dsv
[1.279s] -- Symlinking: /home/shreedhar/cognipilot/cranium/install/b3rb_description/share/b3rb_description/package.dsv
[1.298s] -- Symlinking: /home/shreedhar/cognipilot/cranium/install/b3rb_description/share/ament_index/resource_index/packages/b3rb_description
[1.306s] -- Symlinking: /home/shreedhar/cognipilot/cranium/install/b3rb_description/share/b3rb_description/cmake/b3rb_descriptionConfig.cmake
[1.341s] -- Symlinking: /home/shreedhar/cognipilot/cranium/install/b3rb_description/share/b3rb_description/cmake/b3rb_descriptionConfig-version.cmake
[1.350s] -- Symlinking: /home/shreedhar/cognipilot/cranium/install/b3rb_description/share/b3rb_description/package.xml
[1.351s] Invoked command in '/home/shreedhar/cognipilot/cranium/build/b3rb_description' returned '0': CMAKE_PREFIX_PATH=/opt/ros/humble /usr/bin/cmake --install /home/shreedhar/cognipilot/cranium/build/b3rb_description
