[0.039s] Invoking command in '/home/shreedhar/cognipilot/cranium/build/b3rb_description': CMAKE_PREFIX_PATH=${CMAKE_PREFIX_PATH}:/home/shreedhar/cognipilot/cranium/install/nxp_cup_vision:/home/shreedhar/cognipilot/cranium/install/b3rb_ros_line_follower:/home/shreedhar/ros2_ws/install/my_robot_controller:/opt/ros/humble /usr/bin/cmake --build /home/shreedhar/cognipilot/cranium/build/b3rb_description -- -j12 -l12
[0.095s] Invoked command in '/home/shreedhar/cognipilot/cranium/build/b3rb_description' returned '0': CMAKE_PREFIX_PATH=${CMAKE_PREFIX_PATH}:/home/shreedhar/cognipilot/cranium/install/nxp_cup_vision:/home/shreedhar/cognipilot/cranium/install/b3rb_ros_line_follower:/home/shreedhar/ros2_ws/install/my_robot_controller:/opt/ros/humble /usr/bin/cmake --build /home/shreedhar/cognipilot/cranium/build/b3rb_description -- -j12 -l12
[0.140s] Invoking command in '/home/shreedhar/cognipilot/cranium/build/b3rb_description': CMAKE_PREFIX_PATH=${CMAKE_PREFIX_PATH}:/home/shreedhar/cognipilot/cranium/install/nxp_cup_vision:/home/shreedhar/cognipilot/cranium/install/b3rb_ros_line_follower:/home/shreedhar/ros2_ws/install/my_robot_controller:/opt/ros/humble /usr/bin/cmake --install /home/shreedhar/cognipilot/cranium/build/b3rb_description
[0.162s] -- Install configuration: ""
[0.162s] -- Execute custom install script
[0.162s] -- Up-to-date symlink: /home/shreedhar/cognipilot/cranium/install/b3rb_description/share/b3rb_description/launch/robot_description.launch.py
[0.162s] -- Up-to-date symlink: /home/shreedhar/cognipilot/cranium/install/b3rb_description/share/b3rb_description/meshes/STL27L.dae
[0.164s] -- Up-to-date symlink: /home/shreedhar/cognipilot/cranium/install/b3rb_description/share/b3rb_description/meshes/b3rb.dae
[0.164s] -- Up-to-date symlink: /home/shreedhar/cognipilot/cranium/install/b3rb_description/share/b3rb_description/meshes/wheel.dae
[0.165s] -- Up-to-date symlink: /home/shreedhar/cognipilot/cranium/install/b3rb_description/share/b3rb_description/urdf/b3rb.urdf
[0.165s] -- Up-to-date symlink: /home/shreedhar/cognipilot/cranium/install/b3rb_description/share/ament_index/resource_index/package_run_dependencies/b3rb_description
[0.166s] -- Up-to-date symlink: /home/shreedhar/cognipilot/cranium/install/b3rb_description/share/ament_index/resource_index/parent_prefix_path/b3rb_description
[0.167s] -- Up-to-date symlink: /home/shreedhar/cognipilot/cranium/install/b3rb_description/share/b3rb_description/environment/ament_prefix_path.sh
[0.167s] -- Up-to-date symlink: /home/shreedhar/cognipilot/cranium/install/b3rb_description/share/b3rb_description/environment/ament_prefix_path.dsv
[0.168s] -- Up-to-date symlink: /home/shreedhar/cognipilot/cranium/install/b3rb_description/share/b3rb_description/environment/path.sh
[0.168s] -- Up-to-date symlink: /home/shreedhar/cognipilot/cranium/install/b3rb_description/share/b3rb_description/environment/path.dsv
[0.168s] -- Up-to-date symlink: /home/shreedhar/cognipilot/cranium/install/b3rb_description/share/b3rb_description/local_setup.bash
[0.168s] -- Up-to-date symlink: /home/shreedhar/cognipilot/cranium/install/b3rb_description/share/b3rb_description/local_setup.sh
[0.168s] -- Up-to-date symlink: /home/shreedhar/cognipilot/cranium/install/b3rb_description/share/b3rb_description/local_setup.zsh
[0.169s] -- Up-to-date symlink: /home/shreedhar/cognipilot/cranium/install/b3rb_description/share/b3rb_description/local_setup.dsv
[0.169s] -- Symlinking: /home/shreedhar/cognipilot/cranium/install/b3rb_description/share/b3rb_description/package.dsv
[0.177s] -- Up-to-date symlink: /home/shreedhar/cognipilot/cranium/install/b3rb_description/share/ament_index/resource_index/packages/b3rb_description
[0.178s] -- Up-to-date symlink: /home/shreedhar/cognipilot/cranium/install/b3rb_description/share/b3rb_description/cmake/b3rb_descriptionConfig.cmake
[0.179s] -- Up-to-date symlink: /home/shreedhar/cognipilot/cranium/install/b3rb_description/share/b3rb_description/cmake/b3rb_descriptionConfig-version.cmake
[0.180s] -- Up-to-date symlink: /home/shreedhar/cognipilot/cranium/install/b3rb_description/share/b3rb_description/package.xml
[0.238s] Invoked command in '/home/shreedhar/cognipilot/cranium/build/b3rb_description' returned '0': CMAKE_PREFIX_PATH=${CMAKE_PREFIX_PATH}:/home/shreedhar/cognipilot/cranium/install/nxp_cup_vision:/home/shreedhar/cognipilot/cranium/install/b3rb_ros_line_follower:/home/shreedhar/ros2_ws/install/my_robot_controller:/opt/ros/humble /usr/bin/cmake --install /home/shreedhar/cognipilot/cranium/build/b3rb_description
