[0.076s] DEBUG:colcon:Command line arguments: ['/usr/bin/colcon', 'build', '--symlink-install']
[0.076s] DEBUG:colcon:Parsed command line arguments: Namespace(log_base=None, log_level=None, verb_name='build', build_base='build', install_base='install', merge_install=False, symlink_install=True, test_result_base=None, continue_on_error=False, executor='parallel', parallel_workers=12, event_handlers=None, ignore_user_meta=False, metas=['./colcon.meta'], base_paths=['.'], packages_ignore=None, packages_ignore_regex=None, paths=None, packages_up_to=None, packages_up_to_regex=None, packages_above=None, packages_above_and_dependencies=None, packages_above_depth=None, packages_select_by_dep=None, packages_skip_by_dep=None, packages_skip_up_to=None, packages_select_build_failed=False, packages_skip_build_finished=False, packages_select_test_failures=False, packages_skip_test_passed=False, packages_select=None, packages_skip=None, packages_select_regex=None, packages_skip_regex=None, packages_start=None, packages_end=None, cmake_args=None, cmake_target=None, cmake_target_skip_unavailable=False, cmake_clean_cache=False, cmake_clean_first=False, cmake_force_configure=False, ament_cmake_args=None, catkin_cmake_args=None, catkin_skip_building_tests=False, verb_parser=<colcon_defaults.argument_parser.defaults.DefaultArgumentsDecorator object at 0x7ce94ac2c9a0>, verb_extension=<colcon_core.verb.build.BuildVerb object at 0x7ce94ac2c490>, main=<bound method BuildVerb.main of <colcon_core.verb.build.BuildVerb object at 0x7ce94ac2c490>>)
[0.204s] Level 1:colcon.colcon_core.package_discovery:discover_packages(colcon_meta) check parameters
[0.205s] Level 1:colcon.colcon_core.package_discovery:discover_packages(recursive) check parameters
[0.205s] Level 1:colcon.colcon_core.package_discovery:discover_packages(ignore) check parameters
[0.205s] Level 1:colcon.colcon_core.package_discovery:discover_packages(path) check parameters
[0.205s] Level 1:colcon.colcon_core.package_discovery:discover_packages(colcon_meta) discover
[0.205s] Level 1:colcon.colcon_core.package_discovery:discover_packages(recursive) discover
[0.205s] INFO:colcon.colcon_core.package_discovery:Crawling recursively for packages in '/home/shreedhar/cognipilot/electrode'
[0.205s] Level 1:colcon.colcon_core.package_identification:_identify(.) by extensions ['ignore', 'ignore_ament_install']
[0.205s] Level 1:colcon.colcon_core.package_identification:_identify(.) by extension 'ignore'
[0.205s] Level 1:colcon.colcon_core.package_identification:_identify(.) by extension 'ignore_ament_install'
[0.205s] Level 1:colcon.colcon_core.package_identification:_identify(.) by extensions ['colcon_pkg']
[0.205s] Level 1:colcon.colcon_core.package_identification:_identify(.) by extension 'colcon_pkg'
[0.205s] Level 1:colcon.colcon_core.package_identification:_identify(.) by extensions ['colcon_meta']
[0.205s] Level 1:colcon.colcon_core.package_identification:_identify(.) by extension 'colcon_meta'
[0.205s] Level 1:colcon.colcon_core.package_identification:_identify(.) by extensions ['ros']
[0.205s] Level 1:colcon.colcon_core.package_identification:_identify(.) by extension 'ros'
[0.213s] Level 1:colcon.colcon_core.package_identification:_identify(.) by extensions ['cmake', 'python']
[0.213s] Level 1:colcon.colcon_core.package_identification:_identify(.) by extension 'cmake'
[0.213s] Level 1:colcon.colcon_core.package_identification:_identify(.) by extension 'python'
[0.213s] Level 1:colcon.colcon_core.package_identification:_identify(.) by extensions ['python_setup_py']
[0.213s] Level 1:colcon.colcon_core.package_identification:_identify(.) by extension 'python_setup_py'
[0.214s] Level 1:colcon.colcon_core.package_identification:_identify(build) by extensions ['ignore', 'ignore_ament_install']
[0.214s] Level 1:colcon.colcon_core.package_identification:_identify(build) by extension 'ignore'
[0.214s] Level 1:colcon.colcon_core.package_identification:_identify(build) ignored
[0.214s] Level 1:colcon.colcon_core.package_identification:_identify(foxglove-cognipilot-joy) by extensions ['ignore', 'ignore_ament_install']
[0.214s] Level 1:colcon.colcon_core.package_identification:_identify(foxglove-cognipilot-joy) by extension 'ignore'
[0.214s] Level 1:colcon.colcon_core.package_identification:_identify(foxglove-cognipilot-joy) by extension 'ignore_ament_install'
[0.214s] Level 1:colcon.colcon_core.package_identification:_identify(foxglove-cognipilot-joy) by extensions ['colcon_pkg']
[0.214s] Level 1:colcon.colcon_core.package_identification:_identify(foxglove-cognipilot-joy) by extension 'colcon_pkg'
[0.214s] Level 1:colcon.colcon_core.package_identification:_identify(foxglove-cognipilot-joy) by extensions ['colcon_meta']
[0.214s] Level 1:colcon.colcon_core.package_identification:_identify(foxglove-cognipilot-joy) by extension 'colcon_meta'
[0.214s] Level 1:colcon.colcon_core.package_identification:_identify(foxglove-cognipilot-joy) by extensions ['ros']
[0.214s] Level 1:colcon.colcon_core.package_identification:_identify(foxglove-cognipilot-joy) by extension 'ros'
[0.214s] Level 1:colcon.colcon_core.package_identification:_identify(foxglove-cognipilot-joy) by extensions ['cmake', 'python']
[0.214s] Level 1:colcon.colcon_core.package_identification:_identify(foxglove-cognipilot-joy) by extension 'cmake'
[0.214s] Level 1:colcon.colcon_core.package_identification:_identify(foxglove-cognipilot-joy) by extension 'python'
[0.214s] Level 1:colcon.colcon_core.package_identification:_identify(foxglove-cognipilot-joy) by extensions ['python_setup_py']
[0.214s] Level 1:colcon.colcon_core.package_identification:_identify(foxglove-cognipilot-joy) by extension 'python_setup_py'
[0.214s] Level 1:colcon.colcon_core.package_identification:_identify(foxglove-cognipilot-joy/img) by extensions ['ignore', 'ignore_ament_install']
[0.214s] Level 1:colcon.colcon_core.package_identification:_identify(foxglove-cognipilot-joy/img) by extension 'ignore'
[0.214s] Level 1:colcon.colcon_core.package_identification:_identify(foxglove-cognipilot-joy/img) by extension 'ignore_ament_install'
[0.215s] Level 1:colcon.colcon_core.package_identification:_identify(foxglove-cognipilot-joy/img) by extensions ['colcon_pkg']
[0.215s] Level 1:colcon.colcon_core.package_identification:_identify(foxglove-cognipilot-joy/img) by extension 'colcon_pkg'
[0.215s] Level 1:colcon.colcon_core.package_identification:_identify(foxglove-cognipilot-joy/img) by extensions ['colcon_meta']
[0.215s] Level 1:colcon.colcon_core.package_identification:_identify(foxglove-cognipilot-joy/img) by extension 'colcon_meta'
[0.215s] Level 1:colcon.colcon_core.package_identification:_identify(foxglove-cognipilot-joy/img) by extensions ['ros']
[0.215s] Level 1:colcon.colcon_core.package_identification:_identify(foxglove-cognipilot-joy/img) by extension 'ros'
[0.215s] Level 1:colcon.colcon_core.package_identification:_identify(foxglove-cognipilot-joy/img) by extensions ['cmake', 'python']
[0.215s] Level 1:colcon.colcon_core.package_identification:_identify(foxglove-cognipilot-joy/img) by extension 'cmake'
[0.215s] Level 1:colcon.colcon_core.package_identification:_identify(foxglove-cognipilot-joy/img) by extension 'python'
[0.215s] Level 1:colcon.colcon_core.package_identification:_identify(foxglove-cognipilot-joy/img) by extensions ['python_setup_py']
[0.215s] Level 1:colcon.colcon_core.package_identification:_identify(foxglove-cognipilot-joy/img) by extension 'python_setup_py'
[0.215s] Level 1:colcon.colcon_core.package_identification:_identify(foxglove-cognipilot-joy/src) by extensions ['ignore', 'ignore_ament_install']
[0.215s] Level 1:colcon.colcon_core.package_identification:_identify(foxglove-cognipilot-joy/src) by extension 'ignore'
[0.215s] Level 1:colcon.colcon_core.package_identification:_identify(foxglove-cognipilot-joy/src) by extension 'ignore_ament_install'
[0.215s] Level 1:colcon.colcon_core.package_identification:_identify(foxglove-cognipilot-joy/src) by extensions ['colcon_pkg']
[0.215s] Level 1:colcon.colcon_core.package_identification:_identify(foxglove-cognipilot-joy/src) by extension 'colcon_pkg'
[0.215s] Level 1:colcon.colcon_core.package_identification:_identify(foxglove-cognipilot-joy/src) by extensions ['colcon_meta']
[0.215s] Level 1:colcon.colcon_core.package_identification:_identify(foxglove-cognipilot-joy/src) by extension 'colcon_meta'
[0.215s] Level 1:colcon.colcon_core.package_identification:_identify(foxglove-cognipilot-joy/src) by extensions ['ros']
[0.215s] Level 1:colcon.colcon_core.package_identification:_identify(foxglove-cognipilot-joy/src) by extension 'ros'
[0.215s] Level 1:colcon.colcon_core.package_identification:_identify(foxglove-cognipilot-joy/src) by extensions ['cmake', 'python']
[0.215s] Level 1:colcon.colcon_core.package_identification:_identify(foxglove-cognipilot-joy/src) by extension 'cmake'
[0.215s] Level 1:colcon.colcon_core.package_identification:_identify(foxglove-cognipilot-joy/src) by extension 'python'
[0.215s] Level 1:colcon.colcon_core.package_identification:_identify(foxglove-cognipilot-joy/src) by extensions ['python_setup_py']
[0.215s] Level 1:colcon.colcon_core.package_identification:_identify(foxglove-cognipilot-joy/src) by extension 'python_setup_py'
[0.215s] Level 1:colcon.colcon_core.package_identification:_identify(install) by extensions ['ignore', 'ignore_ament_install']
[0.216s] Level 1:colcon.colcon_core.package_identification:_identify(install) by extension 'ignore'
[0.216s] Level 1:colcon.colcon_core.package_identification:_identify(install) ignored
[0.216s] Level 1:colcon.colcon_core.package_identification:_identify(log) by extensions ['ignore', 'ignore_ament_install']
[0.216s] Level 1:colcon.colcon_core.package_identification:_identify(log) by extension 'ignore'
[0.216s] Level 1:colcon.colcon_core.package_identification:_identify(log) ignored
[0.216s] Level 1:colcon.colcon_core.package_identification:_identify(src) by extensions ['ignore', 'ignore_ament_install']
[0.216s] Level 1:colcon.colcon_core.package_identification:_identify(src) by extension 'ignore'
[0.216s] Level 1:colcon.colcon_core.package_identification:_identify(src) by extension 'ignore_ament_install'
[0.216s] Level 1:colcon.colcon_core.package_identification:_identify(src) by extensions ['colcon_pkg']
[0.216s] Level 1:colcon.colcon_core.package_identification:_identify(src) by extension 'colcon_pkg'
[0.216s] Level 1:colcon.colcon_core.package_identification:_identify(src) by extensions ['colcon_meta']
[0.216s] Level 1:colcon.colcon_core.package_identification:_identify(src) by extension 'colcon_meta'
[0.216s] Level 1:colcon.colcon_core.package_identification:_identify(src) by extensions ['ros']
[0.216s] Level 1:colcon.colcon_core.package_identification:_identify(src) by extension 'ros'
[0.216s] Level 1:colcon.colcon_core.package_identification:_identify(src) by extensions ['cmake', 'python']
[0.216s] Level 1:colcon.colcon_core.package_identification:_identify(src) by extension 'cmake'
[0.216s] Level 1:colcon.colcon_core.package_identification:_identify(src) by extension 'python'
[0.216s] Level 1:colcon.colcon_core.package_identification:_identify(src) by extensions ['python_setup_py']
[0.216s] Level 1:colcon.colcon_core.package_identification:_identify(src) by extension 'python_setup_py'
[0.216s] Level 1:colcon.colcon_core.package_identification:_identify(src/electrode) by extensions ['ignore', 'ignore_ament_install']
[0.216s] Level 1:colcon.colcon_core.package_identification:_identify(src/electrode) by extension 'ignore'
[0.216s] Level 1:colcon.colcon_core.package_identification:_identify(src/electrode) by extension 'ignore_ament_install'
[0.217s] Level 1:colcon.colcon_core.package_identification:_identify(src/electrode) by extensions ['colcon_pkg']
[0.217s] Level 1:colcon.colcon_core.package_identification:_identify(src/electrode) by extension 'colcon_pkg'
[0.217s] Level 1:colcon.colcon_core.package_identification:_identify(src/electrode) by extensions ['colcon_meta']
[0.217s] Level 1:colcon.colcon_core.package_identification:_identify(src/electrode) by extension 'colcon_meta'
[0.217s] Level 1:colcon.colcon_core.package_identification:_identify(src/electrode) by extensions ['ros']
[0.217s] Level 1:colcon.colcon_core.package_identification:_identify(src/electrode) by extension 'ros'
[0.218s] DEBUG:colcon.colcon_core.package_identification:Package 'src/electrode' with type 'ros.ament_cmake' and name 'electrode'
[0.218s] Level 1:colcon.colcon_core.package_discovery:discover_packages(recursive) using defaults
[0.218s] Level 1:colcon.colcon_core.package_discovery:discover_packages(ignore) discover
[0.218s] Level 1:colcon.colcon_core.package_discovery:discover_packages(ignore) using defaults
[0.218s] Level 1:colcon.colcon_core.package_discovery:discover_packages(path) discover
[0.218s] Level 1:colcon.colcon_core.package_discovery:discover_packages(path) using defaults
[0.232s] Level 5:colcon.colcon_core.verb:set package 'electrode' build argument 'cmake_args' from command line to 'None'
[0.232s] Level 5:colcon.colcon_core.verb:set package 'electrode' build argument 'cmake_target' from command line to 'None'
[0.232s] Level 5:colcon.colcon_core.verb:set package 'electrode' build argument 'cmake_target_skip_unavailable' from command line to 'False'
[0.232s] Level 5:colcon.colcon_core.verb:set package 'electrode' build argument 'cmake_clean_cache' from command line to 'False'
[0.232s] Level 5:colcon.colcon_core.verb:set package 'electrode' build argument 'cmake_clean_first' from command line to 'False'
[0.232s] Level 5:colcon.colcon_core.verb:set package 'electrode' build argument 'cmake_force_configure' from command line to 'False'
[0.232s] Level 5:colcon.colcon_core.verb:set package 'electrode' build argument 'ament_cmake_args' from command line to 'None'
[0.232s] Level 5:colcon.colcon_core.verb:set package 'electrode' build argument 'catkin_cmake_args' from command line to 'None'
[0.232s] Level 5:colcon.colcon_core.verb:set package 'electrode' build argument 'catkin_skip_building_tests' from command line to 'False'
[0.232s] DEBUG:colcon.colcon_core.verb:Building package 'electrode' with the following arguments: {'ament_cmake_args': None, 'build_base': '/home/shreedhar/cognipilot/electrode/build/electrode', 'catkin_cmake_args': None, 'catkin_skip_building_tests': False, 'cmake_args': None, 'cmake_clean_cache': False, 'cmake_clean_first': False, 'cmake_force_configure': False, 'cmake_target': None, 'cmake_target_skip_unavailable': False, 'install_base': '/home/shreedhar/cognipilot/electrode/install/electrode', 'merge_install': False, 'path': '/home/shreedhar/cognipilot/electrode/src/electrode', 'symlink_install': True, 'test_result_base': None}
[0.232s] INFO:colcon.colcon_core.executor:Executing jobs using 'parallel' executor
[0.233s] DEBUG:colcon.colcon_parallel_executor.executor.parallel:run_until_complete
[0.233s] INFO:colcon.colcon_ros.task.ament_cmake.build:Building ROS package in '/home/shreedhar/cognipilot/electrode/src/electrode' with build type 'ament_cmake'
[0.233s] INFO:colcon.colcon_cmake.task.cmake.build:Building CMake package in '/home/shreedhar/cognipilot/electrode/src/electrode'
[0.235s] INFO:colcon.colcon_core.plugin_system:Skipping extension 'colcon_core.shell.bat': Not used on non-Windows systems
[0.235s] INFO:colcon.colcon_core.shell:Skip shell extension 'powershell' for command environment: Not usable outside of PowerShell
[0.235s] DEBUG:colcon.colcon_core.shell:Skip shell extension 'dsv' for command environment
[0.241s] DEBUG:colcon.colcon_core.event_handler.log_command:Invoking command in '/home/shreedhar/cognipilot/electrode/build/electrode': CMAKE_PREFIX_PATH=/opt/ros/humble /usr/bin/cmake /home/shreedhar/cognipilot/electrode/src/electrode -DAMENT_CMAKE_SYMLINK_INSTALL=1 -DCMAKE_INSTALL_PREFIX=/home/shreedhar/cognipilot/electrode/install/electrode
[0.730s] DEBUG:colcon.colcon_core.event_handler.log_command:Invoked command in '/home/shreedhar/cognipilot/electrode/build/electrode' returned '0': CMAKE_PREFIX_PATH=/opt/ros/humble /usr/bin/cmake /home/shreedhar/cognipilot/electrode/src/electrode -DAMENT_CMAKE_SYMLINK_INSTALL=1 -DCMAKE_INSTALL_PREFIX=/home/shreedhar/cognipilot/electrode/install/electrode
[0.732s] DEBUG:colcon.colcon_core.event_handler.log_command:Invoking command in '/home/shreedhar/cognipilot/electrode/build/electrode': CMAKE_PREFIX_PATH=/opt/ros/humble /usr/bin/cmake --build /home/shreedhar/cognipilot/electrode/build/electrode -- -j12 -l12
[0.764s] DEBUG:colcon.colcon_core.event_handler.log_command:Invoked command in '/home/shreedhar/cognipilot/electrode/build/electrode' returned '0': CMAKE_PREFIX_PATH=/opt/ros/humble /usr/bin/cmake --build /home/shreedhar/cognipilot/electrode/build/electrode -- -j12 -l12
[0.792s] DEBUG:colcon.colcon_core.event_handler.log_command:Invoking command in '/home/shreedhar/cognipilot/electrode/build/electrode': CMAKE_PREFIX_PATH=/opt/ros/humble /usr/bin/cmake --install /home/shreedhar/cognipilot/electrode/build/electrode
[0.942s] Level 1:colcon.colcon_core.environment:create_environment_scripts_only(electrode)
[0.942s] DEBUG:colcon.colcon_core.event_handler.log_command:Invoked command in '/home/shreedhar/cognipilot/electrode/build/electrode' returned '0': CMAKE_PREFIX_PATH=/opt/ros/humble /usr/bin/cmake --install /home/shreedhar/cognipilot/electrode/build/electrode
[0.944s] Level 1:colcon.colcon_core.environment:checking '/home/shreedhar/cognipilot/electrode/install/electrode' for CMake module files
[0.944s] Level 1:colcon.colcon_core.environment:checking '/home/shreedhar/cognipilot/electrode/install/electrode' for CMake config files
[0.945s] Level 1:colcon.colcon_core.shell:create_environment_hook('electrode', 'cmake_prefix_path')
[0.945s] INFO:colcon.colcon_core.shell:Creating environment hook '/home/shreedhar/cognipilot/electrode/install/electrode/share/electrode/hook/cmake_prefix_path.ps1'
[0.945s] INFO:colcon.colcon_core.shell:Creating environment descriptor '/home/shreedhar/cognipilot/electrode/install/electrode/share/electrode/hook/cmake_prefix_path.dsv'
[0.945s] INFO:colcon.colcon_core.shell:Creating environment hook '/home/shreedhar/cognipilot/electrode/install/electrode/share/electrode/hook/cmake_prefix_path.sh'
[0.946s] Level 1:colcon.colcon_core.environment:checking '/home/shreedhar/cognipilot/electrode/install/electrode/bin'
[0.946s] Level 1:colcon.colcon_core.environment:checking '/home/shreedhar/cognipilot/electrode/install/electrode/lib/pkgconfig/electrode.pc'
[0.947s] Level 1:colcon.colcon_core.environment:checking '/home/shreedhar/cognipilot/electrode/install/electrode/lib/python3.10/site-packages'
[0.947s] Level 1:colcon.colcon_core.environment:checking '/home/shreedhar/cognipilot/electrode/install/electrode/bin'
[0.948s] INFO:colcon.colcon_core.shell:Creating package script '/home/shreedhar/cognipilot/electrode/install/electrode/share/electrode/package.ps1'
[0.948s] INFO:colcon.colcon_core.shell:Creating package descriptor '/home/shreedhar/cognipilot/electrode/install/electrode/share/electrode/package.dsv'
[0.949s] INFO:colcon.colcon_core.shell:Creating package script '/home/shreedhar/cognipilot/electrode/install/electrode/share/electrode/package.sh'
[0.949s] INFO:colcon.colcon_core.shell:Creating package script '/home/shreedhar/cognipilot/electrode/install/electrode/share/electrode/package.bash'
[0.950s] INFO:colcon.colcon_core.shell:Creating package script '/home/shreedhar/cognipilot/electrode/install/electrode/share/electrode/package.zsh'
[0.950s] Level 1:colcon.colcon_core.environment:create_file_with_runtime_dependencies(/home/shreedhar/cognipilot/electrode/install/electrode/share/colcon-core/packages/electrode)
[0.970s] Level 1:colcon.colcon_core.environment:create_environment_scripts_only(electrode)
[0.970s] Level 1:colcon.colcon_core.environment:checking '/home/shreedhar/cognipilot/electrode/install/electrode' for CMake module files
[0.971s] Level 1:colcon.colcon_core.environment:checking '/home/shreedhar/cognipilot/electrode/install/electrode' for CMake config files
[0.971s] Level 1:colcon.colcon_core.shell:create_environment_hook('electrode', 'cmake_prefix_path')
[0.971s] INFO:colcon.colcon_core.shell:Creating environment hook '/home/shreedhar/cognipilot/electrode/install/electrode/share/electrode/hook/cmake_prefix_path.ps1'
[0.971s] INFO:colcon.colcon_core.shell:Creating environment descriptor '/home/shreedhar/cognipilot/electrode/install/electrode/share/electrode/hook/cmake_prefix_path.dsv'
[0.972s] INFO:colcon.colcon_core.shell:Creating environment hook '/home/shreedhar/cognipilot/electrode/install/electrode/share/electrode/hook/cmake_prefix_path.sh'
[0.972s] Level 1:colcon.colcon_core.environment:checking '/home/shreedhar/cognipilot/electrode/install/electrode/bin'
[0.972s] Level 1:colcon.colcon_core.environment:checking '/home/shreedhar/cognipilot/electrode/install/electrode/lib/pkgconfig/electrode.pc'
[0.972s] Level 1:colcon.colcon_core.environment:checking '/home/shreedhar/cognipilot/electrode/install/electrode/lib/python3.10/site-packages'
[0.972s] Level 1:colcon.colcon_core.environment:checking '/home/shreedhar/cognipilot/electrode/install/electrode/bin'
[0.973s] INFO:colcon.colcon_core.shell:Creating package script '/home/shreedhar/cognipilot/electrode/install/electrode/share/electrode/package.ps1'
[0.973s] INFO:colcon.colcon_core.shell:Creating package descriptor '/home/shreedhar/cognipilot/electrode/install/electrode/share/electrode/package.dsv'
[0.973s] INFO:colcon.colcon_core.shell:Creating package script '/home/shreedhar/cognipilot/electrode/install/electrode/share/electrode/package.sh'
[0.973s] INFO:colcon.colcon_core.shell:Creating package script '/home/shreedhar/cognipilot/electrode/install/electrode/share/electrode/package.bash'
[0.974s] INFO:colcon.colcon_core.shell:Creating package script '/home/shreedhar/cognipilot/electrode/install/electrode/share/electrode/package.zsh'
[0.974s] Level 1:colcon.colcon_core.environment:create_file_with_runtime_dependencies(/home/shreedhar/cognipilot/electrode/install/electrode/share/colcon-core/packages/electrode)
[0.974s] DEBUG:colcon.colcon_parallel_executor.executor.parallel:closing loop
[0.974s] DEBUG:colcon.colcon_parallel_executor.executor.parallel:loop closed
[0.974s] DEBUG:colcon.colcon_parallel_executor.executor.parallel:run_until_complete finished with '0'
[0.974s] DEBUG:colcon.colcon_core.event_reactor:joining thread
[0.979s] INFO:colcon.colcon_core.plugin_system:Skipping extension 'colcon_notification.desktop_notification.terminal_notifier': Not used on non-Darwin systems
[0.979s] INFO:colcon.colcon_core.plugin_system:Skipping extension 'colcon_notification.desktop_notification.win32': Not used on non-Windows systems
[0.979s] INFO:colcon.colcon_notification.desktop_notification:Sending desktop notification using 'notify2'
[0.988s] DEBUG:colcon.colcon_core.event_reactor:joined thread
[0.988s] INFO:colcon.colcon_core.shell:Creating prefix script '/home/shreedhar/cognipilot/electrode/install/local_setup.ps1'
[0.989s] INFO:colcon.colcon_core.shell:Creating prefix util module '/home/shreedhar/cognipilot/electrode/install/_local_setup_util_ps1.py'
[1.000s] INFO:colcon.colcon_core.shell:Creating prefix chain script '/home/shreedhar/cognipilot/electrode/install/setup.ps1'
[1.001s] INFO:colcon.colcon_core.shell:Creating prefix script '/home/shreedhar/cognipilot/electrode/install/local_setup.sh'
[1.001s] INFO:colcon.colcon_core.shell:Creating prefix util module '/home/shreedhar/cognipilot/electrode/install/_local_setup_util_sh.py'
[1.001s] INFO:colcon.colcon_core.shell:Creating prefix chain script '/home/shreedhar/cognipilot/electrode/install/setup.sh'
[1.002s] INFO:colcon.colcon_core.shell:Creating prefix script '/home/shreedhar/cognipilot/electrode/install/local_setup.bash'
[1.002s] INFO:colcon.colcon_core.shell:Creating prefix chain script '/home/shreedhar/cognipilot/electrode/install/setup.bash'
[1.003s] INFO:colcon.colcon_core.shell:Creating prefix script '/home/shreedhar/cognipilot/electrode/install/local_setup.zsh'
[1.003s] INFO:colcon.colcon_core.shell:Creating prefix chain script '/home/shreedhar/cognipilot/electrode/install/setup.zsh'
