[0.042s] Invoking command in '/home/shreedhar/cognipilot/cranium/build/dream_world': CMAKE_PREFIX_PATH=${CMAKE_PREFIX_PATH}:/home/shreedhar/ros2_ws/install/my_robot_controller:/home/shreedhar/cognipilot/cranium/install/nxp_cup_vision:/home/shreedhar/cognipilot/cranium/install/b3rb_ros_line_follower:/opt/ros/humble /usr/bin/cmake --build /home/shreedhar/cognipilot/cranium/build/dream_world -- -j12 -l12
[0.110s] Invoked command in '/home/shreedhar/cognipilot/cranium/build/dream_world' returned '0': CMAKE_PREFIX_PATH=${CMAKE_PREFIX_PATH}:/home/shreedhar/ros2_ws/install/my_robot_controller:/home/shreedhar/cognipilot/cranium/install/nxp_cup_vision:/home/shreedhar/cognipilot/cranium/install/b3rb_ros_line_follower:/opt/ros/humble /usr/bin/cmake --build /home/shreedhar/cognipilot/cranium/build/dream_world -- -j12 -l12
[0.174s] Invoking command in '/home/shreedhar/cognipilot/cranium/build/dream_world': CMAKE_PREFIX_PATH=${CMAKE_PREFIX_PATH}:/home/shreedhar/ros2_ws/install/my_robot_controller:/home/shreedhar/cognipilot/cranium/install/nxp_cup_vision:/home/shreedhar/cognipilot/cranium/install/b3rb_ros_line_follower:/opt/ros/humble /usr/bin/cmake --install /home/shreedhar/cognipilot/cranium/build/dream_world
[0.211s] -- Install configuration: ""
[0.211s] -- Execute custom install script
[0.221s] -- Up-to-date symlink: /home/shreedhar/cognipilot/cranium/install/dream_world/share/dream_world/models/Coke/materials/coke.png
[0.221s] -- Up-to-date symlink: /home/shreedhar/cognipilot/cranium/install/dream_world/share/dream_world/models/Coke/meshes/coke.mtl
[0.221s] -- Up-to-date symlink: /home/shreedhar/cognipilot/cranium/install/dream_world/share/dream_world/models/Coke/meshes/coke.obj
[0.221s] -- Up-to-date symlink: /home/shreedhar/cognipilot/cranium/install/dream_world/share/dream_world/models/Coke/model.config
[0.221s] -- Up-to-date symlink: /home/shreedhar/cognipilot/cranium/install/dream_world/share/dream_world/models/Coke/model.sdf
[0.222s] -- Up-to-date symlink: /home/shreedhar/cognipilot/cranium/install/dream_world/share/dream_world/models/Coke/thumbnails/1.png
[0.222s] -- Up-to-date symlink: /home/shreedhar/cognipilot/cranium/install/dream_world/share/dream_world/models/Coke/thumbnails/2.png
[0.222s] -- Up-to-date symlink: /home/shreedhar/cognipilot/cranium/install/dream_world/share/dream_world/models/Coke/thumbnails/3.png
[0.222s] -- Up-to-date symlink: /home/shreedhar/cognipilot/cranium/install/dream_world/share/dream_world/models/Coke/thumbnails/4.png
[0.222s] -- Up-to-date symlink: /home/shreedhar/cognipilot/cranium/install/dream_world/share/dream_world/models/Coke/thumbnails/5.png
[0.223s] -- Up-to-date symlink: /home/shreedhar/cognipilot/cranium/install/dream_world/share/dream_world/models/Construction_Cone_mini/materials/scripts/Construction_Cone.material
[0.223s] -- Up-to-date symlink: /home/shreedhar/cognipilot/cranium/install/dream_world/share/dream_world/models/Construction_Cone_mini/materials/textures/Construction_Cone_Diffuse.png
[0.224s] -- Up-to-date symlink: /home/shreedhar/cognipilot/cranium/install/dream_world/share/dream_world/models/Construction_Cone_mini/materials/textures/cone.png
[0.224s] -- Up-to-date symlink: /home/shreedhar/cognipilot/cranium/install/dream_world/share/dream_world/models/Construction_Cone_mini/meshes/construction_cone.dae
[0.224s] -- Up-to-date symlink: /home/shreedhar/cognipilot/cranium/install/dream_world/share/dream_world/models/Construction_Cone_mini/model.config
[0.224s] -- Up-to-date symlink: /home/shreedhar/cognipilot/cranium/install/dream_world/share/dream_world/models/Construction_Cone_mini/model.sdf
[0.226s] -- Up-to-date symlink: /home/shreedhar/cognipilot/cranium/install/dream_world/share/dream_world/models/Depot/materials/scripts/model.material
[0.228s] -- Up-to-date symlink: /home/shreedhar/cognipilot/cranium/install/dream_world/share/dream_world/models/Depot/materials/textures/BOXSET_Albedo.png
[0.229s] -- Up-to-date symlink: /home/shreedhar/cognipilot/cranium/install/dream_world/share/dream_world/models/Depot/materials/textures/BOXSET_Emissive.png
[0.229s] -- Up-to-date symlink: /home/shreedhar/cognipilot/cranium/install/dream_world/share/dream_world/models/Depot/materials/textures/BOXSET_Metalness.png
[0.230s] -- Up-to-date symlink: /home/shreedhar/cognipilot/cranium/install/dream_world/share/dream_world/models/Depot/materials/textures/BOXSET_Normal.png
[0.230s] -- Up-to-date symlink: /home/shreedhar/cognipilot/cranium/install/dream_world/share/dream_world/models/Depot/materials/textures/BOXSET_Roughness.png
[0.230s] -- Up-to-date symlink: /home/shreedhar/cognipilot/cranium/install/dream_world/share/dream_world/models/Depot/materials/textures/Crates_Crates_BaseColor.png
[0.230s] -- Up-to-date symlink: /home/shreedhar/cognipilot/cranium/install/dream_world/share/dream_world/models/Depot/materials/textures/Crates_Crates_Normal.png
[0.231s] -- Up-to-date symlink: /home/shreedhar/cognipilot/cranium/install/dream_world/share/dream_world/models/Depot/materials/textures/Crates_Crates_Roughness.png
[0.231s] -- Up-to-date symlink: /home/shreedhar/cognipilot/cranium/install/dream_world/share/dream_world/models/Depot/materials/textures/DepotLightmap.png
[0.231s] -- Up-to-date symlink: /home/shreedhar/cognipilot/cranium/install/dream_world/share/dream_world/models/Depot/materials/textures/FANS_Albedo.png
[0.231s] -- Up-to-date symlink: /home/shreedhar/cognipilot/cranium/install/dream_world/share/dream_world/models/Depot/materials/textures/FANS_Metalness.png
[0.231s] -- Up-to-date symlink: /home/shreedhar/cognipilot/cranium/install/dream_world/share/dream_world/models/Depot/materials/textures/FANS_Normal.png
[0.231s] -- Up-to-date symlink: /home/shreedhar/cognipilot/cranium/install/dream_world/share/dream_world/models/Depot/materials/textures/FANS_Roughness.png
[0.232s] -- Up-to-date symlink: /home/shreedhar/cognipilot/cranium/install/dream_world/share/dream_world/models/Depot/materials/textures/FLOOR_Albedo.png
[0.232s] -- Up-to-date symlink: /home/shreedhar/cognipilot/cranium/install/dream_world/share/dream_world/models/Depot/materials/textures/FLOOR_Metalness.png
[0.232s] -- Up-to-date symlink: /home/shreedhar/cognipilot/cranium/install/dream_world/share/dream_world/models/Depot/materials/textures/FLOOR_Normal.png
[0.232s] -- Up-to-date symlink: /home/shreedhar/cognipilot/cranium/install/dream_world/share/dream_world/models/Depot/materials/textures/FLOOR_Roughness.png
[0.232s] -- Up-to-date symlink: /home/shreedhar/cognipilot/cranium/install/dream_world/share/dream_world/models/Depot/materials/textures/FanBack_FanBack_BaseColor.png
[0.233s] -- Up-to-date symlink: /home/shreedhar/cognipilot/cranium/install/dream_world/share/dream_world/models/Depot/materials/textures/FireAlarmPole_Albedo.png
[0.233s] -- Up-to-date symlink: /home/shreedhar/cognipilot/cranium/install/dream_world/share/dream_world/models/Depot/materials/textures/FireAlarmPole_Metalness.png
[0.234s] -- Up-to-date symlink: /home/shreedhar/cognipilot/cranium/install/dream_world/share/dream_world/models/Depot/materials/textures/FireAlarmPole_Normal.png
[0.234s] -- Up-to-date symlink: /home/shreedhar/cognipilot/cranium/install/dream_world/share/dream_world/models/Depot/materials/textures/FireAlarmPole_Roughness.png
[0.234s] -- Up-to-date symlink: /home/shreedhar/cognipilot/cranium/install/dream_world/share/dream_world/models/Depot/materials/textures/FireAlarm_Albedo.png
[0.235s] -- Up-to-date symlink: /home/shreedhar/cognipilot/cranium/install/dream_world/share/dream_world/models/Depot/materials/textures/FireAlarm_Metalness.png
[0.236s] -- Up-to-date symlink: /home/shreedhar/cognipilot/cranium/install/dream_world/share/dream_world/models/Depot/materials/textures/FireAlarm_Normal.png
[0.237s] -- Up-to-date symlink: /home/shreedhar/cognipilot/cranium/install/dream_world/share/dream_world/models/Depot/materials/textures/FireAlarm_Roughness.png
[0.237s] -- Up-to-date symlink: /home/shreedhar/cognipilot/cranium/install/dream_world/share/dream_world/models/Depot/materials/textures/Forklift_Forklift_BaseColor.png
[0.238s] -- Up-to-date symlink: /home/shreedhar/cognipilot/cranium/install/dream_world/share/dream_world/models/Depot/materials/textures/Forklift_Forklift_Metallic.png
[0.239s] -- Up-to-date symlink: /home/shreedhar/cognipilot/cranium/install/dream_world/share/dream_world/models/Depot/materials/textures/Forklift_Forklift_Normal.png
[0.239s] -- Up-to-date symlink: /home/shreedhar/cognipilot/cranium/install/dream_world/share/dream_world/models/Depot/materials/textures/Forklift_Forklift_Roughness.png
[0.240s] -- Up-to-date symlink: /home/shreedhar/cognipilot/cranium/install/dream_world/share/dream_world/models/Depot/materials/textures/INTERCOM_Albedo.png
[0.241s] -- Up-to-date symlink: /home/shreedhar/cognipilot/cranium/install/dream_world/share/dream_world/models/Depot/materials/textures/INTERCOM_Emissive.png
[0.241s] -- Up-to-date symlink: /home/shreedhar/cognipilot/cranium/install/dream_world/share/dream_world/models/Depot/materials/textures/INTERCOM_Metalness.png
[0.242s] -- Up-to-date symlink: /home/shreedhar/cognipilot/cranium/install/dream_world/share/dream_world/models/Depot/materials/textures/INTERCOM_Normal.png
[0.243s] -- Up-to-date symlink: /home/shreedhar/cognipilot/cranium/install/dream_world/share/dream_world/models/Depot/materials/textures/INTERCOM_Roughness.png
[0.243s] -- Up-to-date symlink: /home/shreedhar/cognipilot/cranium/install/dream_world/share/dream_world/models/Depot/materials/textures/PILLERS_Albedo.png
[0.243s] -- Up-to-date symlink: /home/shreedhar/cognipilot/cranium/install/dream_world/share/dream_world/models/Depot/materials/textures/PILLERS_Metalness.png
[0.243s] -- Up-to-date symlink: /home/shreedhar/cognipilot/cranium/install/dream_world/share/dream_world/models/Depot/materials/textures/PILLERS_Normal.png
[0.243s] -- Up-to-date symlink: /home/shreedhar/cognipilot/cranium/install/dream_world/share/dream_world/models/Depot/materials/textures/PILLERS_Roughness.png
[0.243s] -- Up-to-date symlink: /home/shreedhar/cognipilot/cranium/install/dream_world/share/dream_world/models/Depot/materials/textures/Pipes_Albedo.png
[0.244s] -- Up-to-date symlink: /home/shreedhar/cognipilot/cranium/install/dream_world/share/dream_world/models/Depot/materials/textures/Pipes_Metalness.png
[0.244s] -- Up-to-date symlink: /home/shreedhar/cognipilot/cranium/install/dream_world/share/dream_world/models/Depot/materials/textures/Pipes_Normal.png
[0.244s] -- Up-to-date symlink: /home/shreedhar/cognipilot/cranium/install/dream_world/share/dream_world/models/Depot/materials/textures/Pipes_Roughness.png
[0.244s] -- Up-to-date symlink: /home/shreedhar/cognipilot/cranium/install/dream_world/share/dream_world/models/Depot/materials/textures/ROOF_Albedo.png
[0.245s] -- Up-to-date symlink: /home/shreedhar/cognipilot/cranium/install/dream_world/share/dream_world/models/Depot/materials/textures/ROOF_Emissive.png
[0.245s] -- Up-to-date symlink: /home/shreedhar/cognipilot/cranium/install/dream_world/share/dream_world/models/Depot/materials/textures/ROOF_Metalness.png
[0.245s] -- Up-to-date symlink: /home/shreedhar/cognipilot/cranium/install/dream_world/share/dream_world/models/Depot/materials/textures/ROOF_Normal.png
[0.246s] -- Up-to-date symlink: /home/shreedhar/cognipilot/cranium/install/dream_world/share/dream_world/models/Depot/materials/textures/ROOF_Roughness.png
[0.246s] -- Up-to-date symlink: /home/shreedhar/cognipilot/cranium/install/dream_world/share/dream_world/models/Depot/materials/textures/STAIRS_Albedo.png
[0.246s] -- Up-to-date symlink: /home/shreedhar/cognipilot/cranium/install/dream_world/share/dream_world/models/Depot/materials/textures/STAIRS_Metalness.png
[0.246s] -- Up-to-date symlink: /home/shreedhar/cognipilot/cranium/install/dream_world/share/dream_world/models/Depot/materials/textures/STAIRS_Normal.png
[0.246s] -- Up-to-date symlink: /home/shreedhar/cognipilot/cranium/install/dream_world/share/dream_world/models/Depot/materials/textures/STAIRS_Roughness.png
[0.246s] -- Up-to-date symlink: /home/shreedhar/cognipilot/cranium/install/dream_world/share/dream_world/models/Depot/materials/textures/WALLS_Albedo.png
[0.246s] -- Up-to-date symlink: /home/shreedhar/cognipilot/cranium/install/dream_world/share/dream_world/models/Depot/materials/textures/WALLS_Metalness.png
[0.247s] -- Up-to-date symlink: /home/shreedhar/cognipilot/cranium/install/dream_world/share/dream_world/models/Depot/materials/textures/WALLS_Normal.png
[0.247s] -- Up-to-date symlink: /home/shreedhar/cognipilot/cranium/install/dream_world/share/dream_world/models/Depot/materials/textures/WALLS_Roughness.png
[0.247s] -- Up-to-date symlink: /home/shreedhar/cognipilot/cranium/install/dream_world/share/dream_world/models/Depot/materials/textures/Window_WINDOW_BaseColor.png
[0.247s] -- Up-to-date symlink: /home/shreedhar/cognipilot/cranium/install/dream_world/share/dream_world/models/Depot/materials/textures/Window_WINDOW_Metallic.png
[0.247s] -- Up-to-date symlink: /home/shreedhar/cognipilot/cranium/install/dream_world/share/dream_world/models/Depot/materials/textures/Window_WINDOW_Roughness.png
[0.248s] -- Up-to-date symlink: /home/shreedhar/cognipilot/cranium/install/dream_world/share/dream_world/models/Depot/meshes/Crates.dae
[0.248s] -- Up-to-date symlink: /home/shreedhar/cognipilot/cranium/install/dream_world/share/dream_world/models/Depot/meshes/Depot.dae
[0.248s] -- Up-to-date symlink: /home/shreedhar/cognipilot/cranium/install/dream_world/share/dream_world/models/Depot/model.config
[0.248s] -- Up-to-date symlink: /home/shreedhar/cognipilot/cranium/install/dream_world/share/dream_world/models/Depot/model.sdf
[0.250s] -- Up-to-date symlink: /home/shreedhar/cognipilot/cranium/install/dream_world/share/dream_world/models/Depot/thumbnails/0.png
[0.250s] -- Up-to-date symlink: /home/shreedhar/cognipilot/cranium/install/dream_world/share/dream_world/models/Depot/thumbnails/1.png
[0.250s] -- Up-to-date symlink: /home/shreedhar/cognipilot/cranium/install/dream_world/share/dream_world/models/Depot/thumbnails/2.png
[0.250s] -- Up-to-date symlink: /home/shreedhar/cognipilot/cranium/install/dream_world/share/dream_world/models/Depot/thumbnails/3.png
[0.250s] -- Up-to-date symlink: /home/shreedhar/cognipilot/cranium/install/dream_world/share/dream_world/models/Depot/thumbnails/4.png
[0.251s] -- Up-to-date symlink: /home/shreedhar/cognipilot/cranium/install/dream_world/share/dream_world/models/Depot/thumbnails/5.png
[0.251s] -- Up-to-date symlink: /home/shreedhar/cognipilot/cranium/install/dream_world/share/dream_world/models/Grand_Finale_Track/LICENSE
[0.251s] -- Up-to-date symlink: /home/shreedhar/cognipilot/cranium/install/dream_world/share/dream_world/models/Grand_Finale_Track/meshes/BridgeWallCollision.dae
[0.251s] -- Up-to-date symlink: /home/shreedhar/cognipilot/cranium/install/dream_world/share/dream_world/models/Grand_Finale_Track/meshes/BridgeWallCollision_2 (copy).dae
[0.251s] -- Up-to-date symlink: /home/shreedhar/cognipilot/cranium/install/dream_world/share/dream_world/models/Grand_Finale_Track/meshes/BridgeWallCollision_2.dae
[0.252s] -- Up-to-date symlink: /home/shreedhar/cognipilot/cranium/install/dream_world/share/dream_world/models/Grand_Finale_Track/meshes/Bridge_new.dae
[0.252s] -- Up-to-date symlink: /home/shreedhar/cognipilot/cranium/install/dream_world/share/dream_world/models/Grand_Finale_Track/meshes/Raceway2.dae
[0.252s] -- Up-to-date symlink: /home/shreedhar/cognipilot/cranium/install/dream_world/share/dream_world/models/Grand_Finale_Track/meshes/Track.dae
[0.252s] -- Up-to-date symlink: /home/shreedhar/cognipilot/cranium/install/dream_world/share/dream_world/models/Grand_Finale_Track/meshes/Track_2.dae
[0.253s] -- Up-to-date symlink: /home/shreedhar/cognipilot/cranium/install/dream_world/share/dream_world/models/Grand_Finale_Track/meshes/bridge_extension.dae
[0.253s] -- Up-to-date symlink: /home/shreedhar/cognipilot/cranium/install/dream_world/share/dream_world/models/Grand_Finale_Track/meshes/bridge_exterior.dae
[0.253s] -- Up-to-date symlink: /home/shreedhar/cognipilot/cranium/install/dream_world/share/dream_world/models/Grand_Finale_Track/meshes/bridge_interior.dae
[0.253s] -- Up-to-date symlink: /home/shreedhar/cognipilot/cranium/install/dream_world/share/dream_world/models/Grand_Finale_Track/meshes/bridge_side.dae
[0.254s] -- Up-to-date symlink: /home/shreedhar/cognipilot/cranium/install/dream_world/share/dream_world/models/Grand_Finale_Track/meshes/rumble_new.dae
[0.254s] -- Up-to-date symlink: /home/shreedhar/cognipilot/cranium/install/dream_world/share/dream_world/models/Grand_Finale_Track/meshes/tunnel.dae
[0.254s] -- Up-to-date symlink: /home/shreedhar/cognipilot/cranium/install/dream_world/share/dream_world/models/Grand_Finale_Track/meshes/tunnel2.dae
[0.255s] -- Up-to-date symlink: /home/shreedhar/cognipilot/cranium/install/dream_world/share/dream_world/models/Grand_Finale_Track/model.config
[0.255s] -- Up-to-date symlink: /home/shreedhar/cognipilot/cranium/install/dream_world/share/dream_world/models/Grand_Finale_Track/model.sdf
[0.255s] -- Up-to-date symlink: /home/shreedhar/cognipilot/cranium/install/dream_world/share/dream_world/models/NXP_AIM_S3_Qualifiers_Track/meshes/NXP_AIM_S3_Qualifiers_Track.dae
[0.255s] -- Up-to-date symlink: /home/shreedhar/cognipilot/cranium/install/dream_world/share/dream_world/models/NXP_AIM_S3_Qualifiers_Track/meshes/NXP_AIM_S3_Qualifiers_Track_bad.dae
[0.255s] -- Up-to-date symlink: /home/shreedhar/cognipilot/cranium/install/dream_world/share/dream_world/models/NXP_AIM_S3_Qualifiers_Track/meshes/NXP_AIM_S3_Qualifiers_Track_last.dae
[0.256s] -- Up-to-date symlink: /home/shreedhar/cognipilot/cranium/install/dream_world/share/dream_world/models/NXP_AIM_S3_Qualifiers_Track/meshes/NXP_AIM_S3_Qualifiers_Track_latest.dae
[0.256s] -- Up-to-date symlink: /home/shreedhar/cognipilot/cranium/install/dream_world/share/dream_world/models/NXP_AIM_S3_Qualifiers_Track/meshes/NXP_AIM_S3_Qualifiers_Track_nice.dae
[0.256s] -- Up-to-date symlink: /home/shreedhar/cognipilot/cranium/install/dream_world/share/dream_world/models/NXP_AIM_S3_Qualifiers_Track/meshes/NXP_AIM_S3_Qualifiers_Track_not.dae
[0.256s] -- Up-to-date symlink: /home/shreedhar/cognipilot/cranium/install/dream_world/share/dream_world/models/NXP_AIM_S3_Qualifiers_Track/meshes/NXP_AIM_S3_Qualifiers_Track_ok.dae
[0.257s] -- Up-to-date symlink: /home/shreedhar/cognipilot/cranium/install/dream_world/share/dream_world/models/NXP_AIM_S3_Qualifiers_Track/meshes/NXP_AIM_S3_Qualifiers_Track_old_white.dae
[0.258s] -- Up-to-date symlink: /home/shreedhar/cognipilot/cranium/install/dream_world/share/dream_world/models/NXP_AIM_S3_Qualifiers_Track/meshes/NXP_AIM_S3_Qualifiers_Track_olddd.dae
[0.258s] -- Up-to-date symlink: /home/shreedhar/cognipilot/cranium/install/dream_world/share/dream_world/models/NXP_AIM_S3_Qualifiers_Track/meshes/NXP_AIM_S3_Qualifiers_Track_sofa.dae
[0.258s] -- Up-to-date symlink: /home/shreedhar/cognipilot/cranium/install/dream_world/share/dream_world/models/NXP_AIM_S3_Qualifiers_Track/meshes/NXP_AIM_S3_Qualifiers_Track_test.dae
[0.258s] -- Up-to-date symlink: /home/shreedhar/cognipilot/cranium/install/dream_world/share/dream_world/models/NXP_AIM_S3_Qualifiers_Track/meshes/NXP_AIM_S3_Qualifiers_Track_white.dae
[0.259s] -- Up-to-date symlink: /home/shreedhar/cognipilot/cranium/install/dream_world/share/dream_world/models/NXP_AIM_S3_Qualifiers_Track/meshes/NXP_AIM_S3_Qualifiers_Track_white_lligt.dae
[0.259s] -- Up-to-date symlink: /home/shreedhar/cognipilot/cranium/install/dream_world/share/dream_world/models/NXP_AIM_S3_Qualifiers_Track/meshes/NXP_AIM_S3_Qualifiers_Track_working.dae
[0.259s] -- Up-to-date symlink: /home/shreedhar/cognipilot/cranium/install/dream_world/share/dream_world/models/NXP_AIM_S3_Qualifiers_Track/model.config
[0.259s] -- Up-to-date symlink: /home/shreedhar/cognipilot/cranium/install/dream_world/share/dream_world/models/NXP_AIM_S3_Qualifiers_Track/model.sdf
[0.259s] -- Up-to-date symlink: /home/shreedhar/cognipilot/cranium/install/dream_world/share/dream_world/models/Raceway_1/LICENSE
[0.260s] -- Up-to-date symlink: /home/shreedhar/cognipilot/cranium/install/dream_world/share/dream_world/models/Raceway_1/meshes/Bridge.dae
[0.260s] -- Up-to-date symlink: /home/shreedhar/cognipilot/cranium/install/dream_world/share/dream_world/models/Raceway_1/meshes/Bridge_new.dae
[0.260s] -- Up-to-date symlink: /home/shreedhar/cognipilot/cranium/install/dream_world/share/dream_world/models/Raceway_1/meshes/Rumble.dae
[0.260s] -- Up-to-date symlink: /home/shreedhar/cognipilot/cranium/install/dream_world/share/dream_world/models/Raceway_1/meshes/Track.dae
[0.260s] -- Up-to-date symlink: /home/shreedhar/cognipilot/cranium/install/dream_world/share/dream_world/models/Raceway_1/meshes/bridge_extension.dae
[0.260s] -- Up-to-date symlink: /home/shreedhar/cognipilot/cranium/install/dream_world/share/dream_world/models/Raceway_1/meshes/bridge_side.dae
[0.260s] -- Up-to-date symlink: /home/shreedhar/cognipilot/cranium/install/dream_world/share/dream_world/models/Raceway_1/meshes/rumble_new.dae
[0.260s] -- Up-to-date symlink: /home/shreedhar/cognipilot/cranium/install/dream_world/share/dream_world/models/Raceway_1/meshes/track2.dae
[0.260s] -- Up-to-date symlink: /home/shreedhar/cognipilot/cranium/install/dream_world/share/dream_world/models/Raceway_1/meshes/tunnel.dae
[0.260s] -- Up-to-date symlink: /home/shreedhar/cognipilot/cranium/install/dream_world/share/dream_world/models/Raceway_1/meshes/tunnel2.dae
[0.260s] -- Up-to-date symlink: /home/shreedhar/cognipilot/cranium/install/dream_world/share/dream_world/models/Raceway_1/model.config
[0.261s] -- Up-to-date symlink: /home/shreedhar/cognipilot/cranium/install/dream_world/share/dream_world/models/Raceway_1/model.sdf
[0.261s] -- Up-to-date symlink: /home/shreedhar/cognipilot/cranium/install/dream_world/share/dream_world/models/Raceway_2/LICENSE
[0.261s] -- Up-to-date symlink: /home/shreedhar/cognipilot/cranium/install/dream_world/share/dream_world/models/Raceway_2/meshes/BridgeWallCollision.dae
[0.261s] -- Up-to-date symlink: /home/shreedhar/cognipilot/cranium/install/dream_world/share/dream_world/models/Raceway_2/meshes/BridgeWallCollision_2.dae
[0.261s] -- Up-to-date symlink: /home/shreedhar/cognipilot/cranium/install/dream_world/share/dream_world/models/Raceway_2/meshes/Raceway2.dae
[0.261s] -- Up-to-date symlink: /home/shreedhar/cognipilot/cranium/install/dream_world/share/dream_world/models/Raceway_2/meshes/Track.dae
[0.261s] -- Up-to-date symlink: /home/shreedhar/cognipilot/cranium/install/dream_world/share/dream_world/models/Raceway_2/meshes/Track_2.dae
[0.261s] -- Up-to-date symlink: /home/shreedhar/cognipilot/cranium/install/dream_world/share/dream_world/models/Raceway_2/meshes/bridge_exterior.dae
[0.261s] -- Up-to-date symlink: /home/shreedhar/cognipilot/cranium/install/dream_world/share/dream_world/models/Raceway_2/meshes/bridge_interior.dae
[0.261s] -- Up-to-date symlink: /home/shreedhar/cognipilot/cranium/install/dream_world/share/dream_world/models/Raceway_2/model.config
[0.261s] -- Up-to-date symlink: /home/shreedhar/cognipilot/cranium/install/dream_world/share/dream_world/models/Raceway_2/model.sdf
[0.261s] -- Up-to-date symlink: /home/shreedhar/cognipilot/cranium/install/dream_world/share/dream_world/models/barricade/materials/scripts/barricade.material
[0.262s] -- Up-to-date symlink: /home/shreedhar/cognipilot/cranium/install/dream_world/share/dream_world/models/barricade/materials/textures/barricade.png
[0.262s] -- Up-to-date symlink: /home/shreedhar/cognipilot/cranium/install/dream_world/share/dream_world/models/barricade/materials/textures/blue.png
[0.262s] -- Up-to-date symlink: /home/shreedhar/cognipilot/cranium/install/dream_world/share/dream_world/models/barricade/model.config
[0.262s] -- Up-to-date symlink: /home/shreedhar/cognipilot/cranium/install/dream_world/share/dream_world/models/barricade/model.sdf
[0.262s] -- Up-to-date symlink: /home/shreedhar/cognipilot/cranium/install/dream_world/share/dream_world/models/car/materials/textures/hatchback_grey.png
[0.262s] -- Up-to-date symlink: /home/shreedhar/cognipilot/cranium/install/dream_world/share/dream_world/models/car/materials/textures/wheels2.png
[0.262s] -- Up-to-date symlink: /home/shreedhar/cognipilot/cranium/install/dream_world/share/dream_world/models/car/meshes/hatchback_grey.mtl
[0.262s] -- Up-to-date symlink: /home/shreedhar/cognipilot/cranium/install/dream_world/share/dream_world/models/car/meshes/hatchback_grey.obj
[0.262s] -- Up-to-date symlink: /home/shreedhar/cognipilot/cranium/install/dream_world/share/dream_world/models/car/model.config
[0.262s] -- Up-to-date symlink: /home/shreedhar/cognipilot/cranium/install/dream_world/share/dream_world/models/car/model.sdf
[0.262s] -- Up-to-date symlink: /home/shreedhar/cognipilot/cranium/install/dream_world/share/dream_world/models/car_blue/materials/textures/hatchback.png
[0.262s] -- Up-to-date symlink: /home/shreedhar/cognipilot/cranium/install/dream_world/share/dream_world/models/car_blue/meshes/hatchback.mtl
[0.262s] -- Up-to-date symlink: /home/shreedhar/cognipilot/cranium/install/dream_world/share/dream_world/models/car_blue/meshes/hatchback.obj
[0.262s] -- Up-to-date symlink: /home/shreedhar/cognipilot/cranium/install/dream_world/share/dream_world/models/car_blue/model.config
[0.262s] -- Up-to-date symlink: /home/shreedhar/cognipilot/cranium/install/dream_world/share/dream_world/models/car_blue/model.sdf
[0.262s] -- Up-to-date symlink: /home/shreedhar/cognipilot/cranium/install/dream_world/share/dream_world/models/finish_line/materials/scripts/finish_line.material
[0.263s] -- Up-to-date symlink: /home/shreedhar/cognipilot/cranium/install/dream_world/share/dream_world/models/finish_line/materials/textures/finish.png
[0.263s] -- Up-to-date symlink: /home/shreedhar/cognipilot/cranium/install/dream_world/share/dream_world/models/finish_line/materials/textures/finish1.png
[0.263s] -- Up-to-date symlink: /home/shreedhar/cognipilot/cranium/install/dream_world/share/dream_world/models/finish_line/materials/textures/race.png
[0.263s] -- Up-to-date symlink: /home/shreedhar/cognipilot/cranium/install/dream_world/share/dream_world/models/finish_line/model.config
[0.263s] -- Up-to-date symlink: /home/shreedhar/cognipilot/cranium/install/dream_world/share/dream_world/models/finish_line/model.sdf
[0.263s] -- Up-to-date symlink: /home/shreedhar/cognipilot/cranium/install/dream_world/share/dream_world/models/fire_hydrant/materials/textures/fire_hydrant_diffuse.png
[0.263s] -- Up-to-date symlink: /home/shreedhar/cognipilot/cranium/install/dream_world/share/dream_world/models/fire_hydrant/materials/textures/fire_hydrant_spec.png
[0.263s] -- Up-to-date symlink: /home/shreedhar/cognipilot/cranium/install/dream_world/share/dream_world/models/fire_hydrant/meshes/fire_hydrant.dae
[0.263s] -- Up-to-date symlink: /home/shreedhar/cognipilot/cranium/install/dream_world/share/dream_world/models/fire_hydrant/model.config
[0.263s] -- Up-to-date symlink: /home/shreedhar/cognipilot/cranium/install/dream_world/share/dream_world/models/fire_hydrant/model.sdf
[0.265s] -- Up-to-date symlink: /home/shreedhar/cognipilot/cranium/install/dream_world/share/dream_world/models/hatchback_red/materials/textures/hatchback_red.png
[0.265s] -- Up-to-date symlink: /home/shreedhar/cognipilot/cranium/install/dream_world/share/dream_world/models/hatchback_red/meshes/hatchback_red.mtl
[0.265s] -- Up-to-date symlink: /home/shreedhar/cognipilot/cranium/install/dream_world/share/dream_world/models/hatchback_red/meshes/hatchback_red.obj
[0.265s] -- Up-to-date symlink: /home/shreedhar/cognipilot/cranium/install/dream_world/share/dream_world/models/hatchback_red/model.config
[0.266s] -- Up-to-date symlink: /home/shreedhar/cognipilot/cranium/install/dream_world/share/dream_world/models/hatchback_red/model.sdf
[0.266s] -- Up-to-date symlink: /home/shreedhar/cognipilot/cranium/install/dream_world/share/dream_world/models/hatchback_red/thumbnails/1.png
[0.267s] -- Up-to-date symlink: /home/shreedhar/cognipilot/cranium/install/dream_world/share/dream_world/models/hatchback_red/thumbnails/2.png
[0.267s] -- Up-to-date symlink: /home/shreedhar/cognipilot/cranium/install/dream_world/share/dream_world/models/hatchback_red/thumbnails/3.png
[0.267s] -- Up-to-date symlink: /home/shreedhar/cognipilot/cranium/install/dream_world/share/dream_world/models/hatchback_red/thumbnails/4.png
[0.267s] -- Up-to-date symlink: /home/shreedhar/cognipilot/cranium/install/dream_world/share/dream_world/models/hatchback_red/thumbnails/5.png
[0.267s] -- Up-to-date symlink: /home/shreedhar/cognipilot/cranium/install/dream_world/share/dream_world/models/oak_tree_mini/materials/scripts/caster_fp.glsl
[0.267s] -- Up-to-date symlink: /home/shreedhar/cognipilot/cranium/install/dream_world/share/dream_world/models/oak_tree_mini/materials/scripts/caster_vp.glsl
[0.268s] -- Up-to-date symlink: /home/shreedhar/cognipilot/cranium/install/dream_world/share/dream_world/models/oak_tree_mini/materials/scripts/oak_tree.material
[0.268s] -- Up-to-date symlink: /home/shreedhar/cognipilot/cranium/install/dream_world/share/dream_world/models/oak_tree_mini/materials/textures/bark_diffuse.png
[0.268s] -- Up-to-date symlink: /home/shreedhar/cognipilot/cranium/install/dream_world/share/dream_world/models/oak_tree_mini/materials/textures/branch_diffuse.png
[0.268s] -- Up-to-date symlink: /home/shreedhar/cognipilot/cranium/install/dream_world/share/dream_world/models/oak_tree_mini/meshes/oak_tree.dae
[0.268s] -- Up-to-date symlink: /home/shreedhar/cognipilot/cranium/install/dream_world/share/dream_world/models/oak_tree_mini/model.config
[0.268s] -- Up-to-date symlink: /home/shreedhar/cognipilot/cranium/install/dream_world/share/dream_world/models/oak_tree_mini/model.sdf
[0.268s] -- Up-to-date symlink: /home/shreedhar/cognipilot/cranium/install/dream_world/share/dream_world/models/start_point/materials/scripts/start_point.material
[0.268s] -- Up-to-date symlink: /home/shreedhar/cognipilot/cranium/install/dream_world/share/dream_world/models/start_point/materials/textures/race.png
[0.268s] -- Up-to-date symlink: /home/shreedhar/cognipilot/cranium/install/dream_world/share/dream_world/models/start_point/model.config
[0.268s] -- Up-to-date symlink: /home/shreedhar/cognipilot/cranium/install/dream_world/share/dream_world/models/start_point/start_point.sdf
[0.268s] -- Up-to-date symlink: /home/shreedhar/cognipilot/cranium/install/dream_world/share/dream_world/models/start_sign/materials/scripts/stop.material
[0.268s] -- Up-to-date symlink: /home/shreedhar/cognipilot/cranium/install/dream_world/share/dream_world/models/start_sign/materials/textures/blue.png
[0.268s] -- Up-to-date symlink: /home/shreedhar/cognipilot/cranium/install/dream_world/share/dream_world/models/start_sign/materials/textures/green.png
[0.268s] -- Up-to-date symlink: /home/shreedhar/cognipilot/cranium/install/dream_world/share/dream_world/models/start_sign/materials/textures/red.png
[0.268s] -- Up-to-date symlink: /home/shreedhar/cognipilot/cranium/install/dream_world/share/dream_world/models/start_sign/materials/textures/start.png
[0.268s] -- Up-to-date symlink: /home/shreedhar/cognipilot/cranium/install/dream_world/share/dream_world/models/start_sign/model.config
[0.268s] -- Up-to-date symlink: /home/shreedhar/cognipilot/cranium/install/dream_world/share/dream_world/models/start_sign/model.sdf
[0.268s] -- Up-to-date symlink: /home/shreedhar/cognipilot/cranium/install/dream_world/share/dream_world/models/stop_sign/materials/scripts/stop.material
[0.269s] -- Up-to-date symlink: /home/shreedhar/cognipilot/cranium/install/dream_world/share/dream_world/models/stop_sign/materials/textures/Stop.png
[0.269s] -- Up-to-date symlink: /home/shreedhar/cognipilot/cranium/install/dream_world/share/dream_world/models/stop_sign/materials/textures/blue.png
[0.269s] -- Up-to-date symlink: /home/shreedhar/cognipilot/cranium/install/dream_world/share/dream_world/models/stop_sign/materials/textures/green.png
[0.269s] -- Up-to-date symlink: /home/shreedhar/cognipilot/cranium/install/dream_world/share/dream_world/models/stop_sign/materials/textures/red.png
[0.269s] -- Up-to-date symlink: /home/shreedhar/cognipilot/cranium/install/dream_world/share/dream_world/models/stop_sign/model.config
[0.269s] -- Up-to-date symlink: /home/shreedhar/cognipilot/cranium/install/dream_world/share/dream_world/models/stop_sign/model.sdf
[0.269s] -- Up-to-date symlink: /home/shreedhar/cognipilot/cranium/install/dream_world/share/dream_world/models/stop_traffic_sign/materials/scripts/stop.material
[0.269s] -- Up-to-date symlink: /home/shreedhar/cognipilot/cranium/install/dream_world/share/dream_world/models/stop_traffic_sign/materials/textures/Stop.png
[0.269s] -- Up-to-date symlink: /home/shreedhar/cognipilot/cranium/install/dream_world/share/dream_world/models/stop_traffic_sign/model.config
[0.269s] -- Up-to-date symlink: /home/shreedhar/cognipilot/cranium/install/dream_world/share/dream_world/models/stop_traffic_sign/model.sdf
[0.269s] -- Up-to-date symlink: /home/shreedhar/cognipilot/cranium/install/dream_world/share/dream_world/models/test_track_v12/meshes/test_track_v12.dae
[0.269s] -- Up-to-date symlink: /home/shreedhar/cognipilot/cranium/install/dream_world/share/dream_world/models/test_track_v12/model.config
[0.269s] -- Up-to-date symlink: /home/shreedhar/cognipilot/cranium/install/dream_world/share/dream_world/models/test_track_v12/model.sdf
[0.269s] -- Up-to-date symlink: /home/shreedhar/cognipilot/cranium/install/dream_world/share/dream_world/worlds/Grand_Finale_Track.sdf
[0.269s] -- Up-to-date symlink: /home/shreedhar/cognipilot/cranium/install/dream_world/share/dream_world/worlds/NXP_AIM_S3_Qualifiers_Track.sdf
[0.269s] -- Up-to-date symlink: /home/shreedhar/cognipilot/cranium/install/dream_world/share/dream_world/worlds/Raceway_1.sdf
[0.269s] -- Up-to-date symlink: /home/shreedhar/cognipilot/cranium/install/dream_world/share/dream_world/worlds/Raceway_1_difficult.sdf
[0.269s] -- Up-to-date symlink: /home/shreedhar/cognipilot/cranium/install/dream_world/share/dream_world/worlds/Raceway_2.sdf
[0.269s] -- Up-to-date symlink: /home/shreedhar/cognipilot/cranium/install/dream_world/share/dream_world/worlds/basic_map.sdf
[0.270s] -- Up-to-date symlink: /home/shreedhar/cognipilot/cranium/install/dream_world/share/dream_world/worlds/depot.sdf
[0.270s] -- Up-to-date symlink: /home/shreedhar/cognipilot/cranium/install/dream_world/share/dream_world/worlds/test_track_v12.sdf
[0.270s] -- Up-to-date symlink: /home/shreedhar/cognipilot/cranium/install/dream_world/share/dream_world/environment/dream_world.dsv
[0.270s] -- Up-to-date symlink: /home/shreedhar/cognipilot/cranium/install/dream_world/share/ament_index/resource_index/package_run_dependencies/dream_world
[0.270s] -- Up-to-date symlink: /home/shreedhar/cognipilot/cranium/install/dream_world/share/ament_index/resource_index/parent_prefix_path/dream_world
[0.270s] -- Up-to-date symlink: /home/shreedhar/cognipilot/cranium/install/dream_world/share/dream_world/environment/ament_prefix_path.sh
[0.270s] -- Up-to-date symlink: /home/shreedhar/cognipilot/cranium/install/dream_world/share/dream_world/environment/ament_prefix_path.dsv
[0.270s] -- Up-to-date symlink: /home/shreedhar/cognipilot/cranium/install/dream_world/share/dream_world/environment/path.sh
[0.270s] -- Up-to-date symlink: /home/shreedhar/cognipilot/cranium/install/dream_world/share/dream_world/environment/path.dsv
[0.270s] -- Up-to-date symlink: /home/shreedhar/cognipilot/cranium/install/dream_world/share/dream_world/local_setup.bash
[0.270s] -- Up-to-date symlink: /home/shreedhar/cognipilot/cranium/install/dream_world/share/dream_world/local_setup.sh
[0.270s] -- Up-to-date symlink: /home/shreedhar/cognipilot/cranium/install/dream_world/share/dream_world/local_setup.zsh
[0.270s] -- Up-to-date symlink: /home/shreedhar/cognipilot/cranium/install/dream_world/share/dream_world/local_setup.dsv
[0.270s] -- Symlinking: /home/shreedhar/cognipilot/cranium/install/dream_world/share/dream_world/package.dsv
[0.277s] -- Up-to-date symlink: /home/shreedhar/cognipilot/cranium/install/dream_world/share/ament_index/resource_index/packages/dream_world
[0.278s] -- Up-to-date symlink: /home/shreedhar/cognipilot/cranium/install/dream_world/share/dream_world/cmake/dream_worldConfig.cmake
[0.278s] -- Up-to-date symlink: /home/shreedhar/cognipilot/cranium/install/dream_world/share/dream_world/cmake/dream_worldConfig-version.cmake
[0.278s] -- Up-to-date symlink: /home/shreedhar/cognipilot/cranium/install/dream_world/share/dream_world/package.xml
[0.332s] Invoked command in '/home/shreedhar/cognipilot/cranium/build/dream_world' returned '0': CMAKE_PREFIX_PATH=${CMAKE_PREFIX_PATH}:/home/shreedhar/ros2_ws/install/my_robot_controller:/home/shreedhar/cognipilot/cranium/install/nxp_cup_vision:/home/shreedhar/cognipilot/cranium/install/b3rb_ros_line_follower:/opt/ros/humble /usr/bin/cmake --install /home/shreedhar/cognipilot/cranium/build/dream_world
