-- Found ament_cmake: 1.3.9 (/opt/ros/humble/share/ament_cmake/cmake)
-- Override CMake install command with custom implementation using symlinks instead of copying resources
-- Found rclcpp: 16.0.9 (/opt/ros/humble/share/rclcpp/cmake)
-- Found rosidl_generator_c: 3.1.5 (/opt/ros/humble/share/rosidl_generator_c/cmake)
-- Found rosidl_adapter: 3.1.5 (/opt/ros/humble/share/rosidl_adapter/cmake)
-- Found rosidl_generator_cpp: 3.1.5 (/opt/ros/humble/share/rosidl_generator_cpp/cmake)
-- Using all available rosidl_typesupport_c: rosidl_typesupport_fastrtps_c;rosidl_typesupport_introspection_c
-- Using all available rosidl_typesupport_cpp: rosidl_typesupport_fastrtps_cpp;rosidl_typesupport_introspection_cpp
-- Found rmw_implementation_cmake: 6.1.2 (/opt/ros/humble/share/rmw_implementation_cmake/cmake)
-- Found rmw_cyclonedds_cpp: 1.3.4 (/opt/ros/humble/share/rmw_cyclonedds_cpp/cmake)
-- Using RMW implementation 'rmw_cyclonedds_cpp' as default
-- Found actuator_msgs: 0.0.1 (/opt/ros/humble/share/actuator_msgs/cmake)
-- Found nav_msgs: 4.2.4 (/opt/ros/humble/share/nav_msgs/cmake)
-- Found sensor_msgs: 4.2.4 (/opt/ros/humble/share/sensor_msgs/cmake)
-- Found synapse_protobuf: 0.0.0 (/home/shreedhar/cognipilot/cranium/install/synapse_protobuf/share/synapse_protobuf/cmake)
-- Found synapse_tinyframe: 0.0.0 (/home/shreedhar/cognipilot/cranium/install/synapse_tinyframe/share/synapse_tinyframe/cmake)
-- Found synapse_msgs: 0.0.1 (/home/shreedhar/cognipilot/cranium/install/synapse_msgs/share/synapse_msgs/cmake)
-- Found ament_lint_auto: 0.12.11 (/opt/ros/humble/share/ament_lint_auto/cmake)
-- Added test 'copyright' to check source files copyright and LICENSE
-- Added test 'cppcheck' to perform static code analysis on C / C++ code
-- Configured cppcheck include dirs: 
-- Configured cppcheck exclude dirs and/or files: 
-- Added test 'cpplint' to check C / C++ code against the Google style
-- Configured cpplint exclude dirs and/or files: 
-- Added test 'flake8' to check Python code syntax and style conventions
-- Added test 'lint_cmake' to check CMake code style
-- Added test 'pep257' to check Python code against some of the docstring style conventions in PEP 257
-- Added test 'uncrustify' to check C / C++ code style
-- Configured uncrustify additional arguments: 
-- Added test 'xmllint' to check XML markup files
-- Configuring done
-- Generating done
-- Build files have been written to: /home/shreedhar/cognipilot/cranium/build/synapse_ros
Consolidate compiler generated dependencies of target synapse_ros
[ 66%] Building CXX object CMakeFiles/synapse_ros.dir/src/synapse_ros.cpp.o
[ 66%] Building CXX object CMakeFiles/synapse_ros.dir/src/proto/udp_link.cpp.o
[100%] Linking CXX executable synapse_ros
[100%] Built target synapse_ros
-- Install configuration: ""
-- Execute custom install script
-- Up-to-date symlink: /home/shreedhar/cognipilot/cranium/install/synapse_ros/lib/synapse_ros/synapse_ros
-- Up-to-date symlink: /home/shreedhar/cognipilot/cranium/install/synapse_ros/share/synapse_ros/launch/synapse_ros.launch.py
-- Up-to-date symlink: /home/shreedhar/cognipilot/cranium/install/synapse_ros/share/ament_index/resource_index/package_run_dependencies/synapse_ros
-- Up-to-date symlink: /home/shreedhar/cognipilot/cranium/install/synapse_ros/share/ament_index/resource_index/parent_prefix_path/synapse_ros
-- Up-to-date symlink: /home/shreedhar/cognipilot/cranium/install/synapse_ros/share/synapse_ros/environment/ament_prefix_path.sh
-- Up-to-date symlink: /home/shreedhar/cognipilot/cranium/install/synapse_ros/share/synapse_ros/environment/ament_prefix_path.dsv
-- Up-to-date symlink: /home/shreedhar/cognipilot/cranium/install/synapse_ros/share/synapse_ros/environment/path.sh
-- Up-to-date symlink: /home/shreedhar/cognipilot/cranium/install/synapse_ros/share/synapse_ros/environment/path.dsv
-- Up-to-date symlink: /home/shreedhar/cognipilot/cranium/install/synapse_ros/share/synapse_ros/local_setup.bash
-- Up-to-date symlink: /home/shreedhar/cognipilot/cranium/install/synapse_ros/share/synapse_ros/local_setup.sh
-- Up-to-date symlink: /home/shreedhar/cognipilot/cranium/install/synapse_ros/share/synapse_ros/local_setup.zsh
-- Up-to-date symlink: /home/shreedhar/cognipilot/cranium/install/synapse_ros/share/synapse_ros/local_setup.dsv
-- Symlinking: /home/shreedhar/cognipilot/cranium/install/synapse_ros/share/synapse_ros/package.dsv
-- Up-to-date symlink: /home/shreedhar/cognipilot/cranium/install/synapse_ros/share/ament_index/resource_index/packages/synapse_ros
-- Up-to-date symlink: /home/shreedhar/cognipilot/cranium/install/synapse_ros/share/synapse_ros/cmake/synapse_rosConfig.cmake
-- Up-to-date symlink: /home/shreedhar/cognipilot/cranium/install/synapse_ros/share/synapse_ros/cmake/synapse_rosConfig-version.cmake
-- Up-to-date symlink: /home/shreedhar/cognipilot/cranium/install/synapse_ros/share/synapse_ros/package.xml
