[0.036s] Invoking command in '/home/shreedhar/cognipilot/cranium/build/b3rb_gz_bringup': CMAKE_PREFIX_PATH=${CMAKE_PREFIX_PATH}:/opt/ros/humble /usr/bin/cmake --build /home/shreedhar/cognipilot/cranium/build/b3rb_gz_bringup -- -j12 -l12
[0.094s] Invoked command in '/home/shreedhar/cognipilot/cranium/build/b3rb_gz_bringup' returned '0': CMAKE_PREFIX_PATH=${CMAKE_PREFIX_PATH}:/opt/ros/humble /usr/bin/cmake --build /home/shreedhar/cognipilot/cranium/build/b3rb_gz_bringup -- -j12 -l12
[0.136s] Invoking command in '/home/shreedhar/cognipilot/cranium/build/b3rb_gz_bringup': CMAKE_PREFIX_PATH=${CMAKE_PREFIX_PATH}:/opt/ros/humble /usr/bin/cmake --install /home/shreedhar/cognipilot/cranium/build/b3rb_gz_bringup
[0.147s] -- Install configuration: ""
[0.147s] -- Execute custom install script
[0.148s] -- Up-to-date symlink: /home/shreedhar/cognipilot/cranium/install/b3rb_gz_bringup/share/b3rb_gz_bringup/launch/hil.launch.py
[0.148s] -- Up-to-date symlink: /home/shreedhar/cognipilot/cranium/install/b3rb_gz_bringup/share/b3rb_gz_bringup/launch/sil.launch.py
[0.149s] -- Up-to-date symlink: /home/shreedhar/cognipilot/cranium/install/b3rb_gz_bringup/share/ament_index/resource_index/package_run_dependencies/b3rb_gz_bringup
[0.149s] -- Up-to-date symlink: /home/shreedhar/cognipilot/cranium/install/b3rb_gz_bringup/share/ament_index/resource_index/parent_prefix_path/b3rb_gz_bringup
[0.150s] -- Up-to-date symlink: /home/shreedhar/cognipilot/cranium/install/b3rb_gz_bringup/share/b3rb_gz_bringup/environment/ament_prefix_path.sh
[0.150s] -- Up-to-date symlink: /home/shreedhar/cognipilot/cranium/install/b3rb_gz_bringup/share/b3rb_gz_bringup/environment/ament_prefix_path.dsv
[0.150s] -- Up-to-date symlink: /home/shreedhar/cognipilot/cranium/install/b3rb_gz_bringup/share/b3rb_gz_bringup/environment/path.sh
[0.151s] -- Up-to-date symlink: /home/shreedhar/cognipilot/cranium/install/b3rb_gz_bringup/share/b3rb_gz_bringup/environment/path.dsv
[0.151s] -- Up-to-date symlink: /home/shreedhar/cognipilot/cranium/install/b3rb_gz_bringup/share/b3rb_gz_bringup/local_setup.bash
[0.152s] -- Up-to-date symlink: /home/shreedhar/cognipilot/cranium/install/b3rb_gz_bringup/share/b3rb_gz_bringup/local_setup.sh
[0.153s] -- Up-to-date symlink: /home/shreedhar/cognipilot/cranium/install/b3rb_gz_bringup/share/b3rb_gz_bringup/local_setup.zsh
[0.153s] -- Up-to-date symlink: /home/shreedhar/cognipilot/cranium/install/b3rb_gz_bringup/share/b3rb_gz_bringup/local_setup.dsv
[0.154s] -- Symlinking: /home/shreedhar/cognipilot/cranium/install/b3rb_gz_bringup/share/b3rb_gz_bringup/package.dsv
[0.166s] -- Up-to-date symlink: /home/shreedhar/cognipilot/cranium/install/b3rb_gz_bringup/share/ament_index/resource_index/packages/b3rb_gz_bringup
[0.180s] -- Up-to-date symlink: /home/shreedhar/cognipilot/cranium/install/b3rb_gz_bringup/share/b3rb_gz_bringup/cmake/b3rb_gz_bringupConfig.cmake
[0.183s] -- Up-to-date symlink: /home/shreedhar/cognipilot/cranium/install/b3rb_gz_bringup/share/b3rb_gz_bringup/cmake/b3rb_gz_bringupConfig-version.cmake
[0.184s] -- Up-to-date symlink: /home/shreedhar/cognipilot/cranium/install/b3rb_gz_bringup/share/b3rb_gz_bringup/package.xml
[0.197s] Invoked command in '/home/shreedhar/cognipilot/cranium/build/b3rb_gz_bringup' returned '0': CMAKE_PREFIX_PATH=${CMAKE_PREFIX_PATH}:/opt/ros/humble /usr/bin/cmake --install /home/shreedhar/cognipilot/cranium/build/b3rb_gz_bringup
