[0.034s] Invoking command in '/home/shreedhar/cognipilot/cranium/build/cerebri_bringup': CMAKE_PREFIX_PATH=${CMAKE_PREFIX_PATH}:/home/shreedhar/cognipilot/cranium/install/nxp_cup_vision:/home/shreedhar/cognipilot/cranium/install/b3rb_ros_line_follower:/opt/ros/humble /usr/bin/cmake --build /home/shreedhar/cognipilot/cranium/build/cerebri_bringup -- -j12 -l12
[0.087s] Invoked command in '/home/shreedhar/cognipilot/cranium/build/cerebri_bringup' returned '0': CMAKE_PREFIX_PATH=${CMAKE_PREFIX_PATH}:/home/shreedhar/cognipilot/cranium/install/nxp_cup_vision:/home/shreedhar/cognipilot/cranium/install/b3rb_ros_line_follower:/opt/ros/humble /usr/bin/cmake --build /home/shreedhar/cognipilot/cranium/build/cerebri_bringup -- -j12 -l12
[0.141s] Invoking command in '/home/shreedhar/cognipilot/cranium/build/cerebri_bringup': CMAKE_PREFIX_PATH=${CMAKE_PREFIX_PATH}:/home/shreedhar/cognipilot/cranium/install/nxp_cup_vision:/home/shreedhar/cognipilot/cranium/install/b3rb_ros_line_follower:/opt/ros/humble /usr/bin/cmake --install /home/shreedhar/cognipilot/cranium/build/cerebri_bringup
[0.160s] -- Install configuration: ""
[0.160s] -- Execute custom install script
[0.161s] -- Up-to-date symlink: /home/shreedhar/cognipilot/cranium/install/cerebri_bringup/share/cerebri_bringup/launch/cerebri.launch.py
[0.162s] -- Up-to-date symlink: /home/shreedhar/cognipilot/cranium/install/cerebri_bringup/share/ament_index/resource_index/package_run_dependencies/cerebri_bringup
[0.162s] -- Up-to-date symlink: /home/shreedhar/cognipilot/cranium/install/cerebri_bringup/share/ament_index/resource_index/parent_prefix_path/cerebri_bringup
[0.162s] -- Up-to-date symlink: /home/shreedhar/cognipilot/cranium/install/cerebri_bringup/share/cerebri_bringup/environment/ament_prefix_path.sh
[0.162s] -- Up-to-date symlink: /home/shreedhar/cognipilot/cranium/install/cerebri_bringup/share/cerebri_bringup/environment/ament_prefix_path.dsv
[0.163s] -- Up-to-date symlink: /home/shreedhar/cognipilot/cranium/install/cerebri_bringup/share/cerebri_bringup/environment/path.sh
[0.163s] -- Up-to-date symlink: /home/shreedhar/cognipilot/cranium/install/cerebri_bringup/share/cerebri_bringup/environment/path.dsv
[0.164s] -- Up-to-date symlink: /home/shreedhar/cognipilot/cranium/install/cerebri_bringup/share/cerebri_bringup/local_setup.bash
[0.164s] -- Up-to-date symlink: /home/shreedhar/cognipilot/cranium/install/cerebri_bringup/share/cerebri_bringup/local_setup.sh
[0.164s] -- Up-to-date symlink: /home/shreedhar/cognipilot/cranium/install/cerebri_bringup/share/cerebri_bringup/local_setup.zsh
[0.164s] -- Up-to-date symlink: /home/shreedhar/cognipilot/cranium/install/cerebri_bringup/share/cerebri_bringup/local_setup.dsv
[0.165s] -- Symlinking: /home/shreedhar/cognipilot/cranium/install/cerebri_bringup/share/cerebri_bringup/package.dsv
[0.183s] -- Up-to-date symlink: /home/shreedhar/cognipilot/cranium/install/cerebri_bringup/share/ament_index/resource_index/packages/cerebri_bringup
[0.184s] -- Up-to-date symlink: /home/shreedhar/cognipilot/cranium/install/cerebri_bringup/share/cerebri_bringup/cmake/cerebri_bringupConfig.cmake
[0.184s] -- Up-to-date symlink: /home/shreedhar/cognipilot/cranium/install/cerebri_bringup/share/cerebri_bringup/cmake/cerebri_bringupConfig-version.cmake
[0.185s] -- Up-to-date symlink: /home/shreedhar/cognipilot/cranium/install/cerebri_bringup/share/cerebri_bringup/package.xml
[0.218s] Invoked command in '/home/shreedhar/cognipilot/cranium/build/cerebri_bringup' returned '0': CMAKE_PREFIX_PATH=${CMAKE_PREFIX_PATH}:/home/shreedhar/cognipilot/cranium/install/nxp_cup_vision:/home/shreedhar/cognipilot/cranium/install/b3rb_ros_line_follower:/opt/ros/humble /usr/bin/cmake --install /home/shreedhar/cognipilot/cranium/build/cerebri_bringup
