[0.023s] Invoking command in '/home/shreedhar/cognipilot/cranium/build/b3rb_rviz': CMAKE_PREFIX_PATH=/opt/ros/humble /usr/bin/cmake /home/shreedhar/cognipilot/cranium/src/b3rb_desktop/b3rb_rviz -DAMENT_CMAKE_SYMLINK_INSTALL=1 -DCMAKE_INSTALL_PREFIX=/home/shreedhar/cognipilot/cranium/install/b3rb_rviz
[0.147s] -- The C compiler identification is GNU 11.4.0
[0.249s] -- The CXX compiler identification is GNU 11.4.0
[0.257s] -- Detecting C compiler ABI info
[0.347s] -- Detecting C compiler ABI info - done
[0.353s] -- Check for working C compiler: /usr/bin/cc - skipped
[0.353s] -- Detecting C compile features
[0.354s] -- Detecting C compile features - done
[0.357s] -- Detecting CXX compiler ABI info
[0.462s] -- Detecting CXX compiler ABI info - done
[0.472s] -- Check for working CXX compiler: /usr/bin/c++ - skipped
[0.473s] -- Detecting CXX compile features
[0.474s] -- Detecting CXX compile features - done
[0.476s] -- Found ament_cmake: 1.3.9 (/opt/ros/humble/share/ament_cmake/cmake)
[0.682s] -- Found Python3: /usr/bin/python3 (found version "3.10.12") found components: Interpreter 
[0.768s] -- Override CMake install command with custom implementation using symlinks instead of copying resources
[0.798s] -- Found ament_lint_auto: 0.12.11 (/opt/ros/humble/share/ament_lint_auto/cmake)
[0.904s] -- Added test 'flake8' to check Python code syntax and style conventions
[0.905s] -- Added test 'lint_cmake' to check CMake code style
[0.905s] -- Added test 'pep257' to check Python code against some of the docstring style conventions in PEP 257
[0.906s] -- Added test 'xmllint' to check XML markup files
[0.908s] -- Configuring done
[0.911s] -- Generating done
[0.912s] -- Build files have been written to: /home/shreedhar/cognipilot/cranium/build/b3rb_rviz
[0.921s] Invoked command in '/home/shreedhar/cognipilot/cranium/build/b3rb_rviz' returned '0': CMAKE_PREFIX_PATH=/opt/ros/humble /usr/bin/cmake /home/shreedhar/cognipilot/cranium/src/b3rb_desktop/b3rb_rviz -DAMENT_CMAKE_SYMLINK_INSTALL=1 -DCMAKE_INSTALL_PREFIX=/home/shreedhar/cognipilot/cranium/install/b3rb_rviz
[0.922s] Invoking command in '/home/shreedhar/cognipilot/cranium/build/b3rb_rviz': CMAKE_PREFIX_PATH=/opt/ros/humble /usr/bin/cmake --build /home/shreedhar/cognipilot/cranium/build/b3rb_rviz -- -j12 -l12
[0.970s] Invoked command in '/home/shreedhar/cognipilot/cranium/build/b3rb_rviz' returned '0': CMAKE_PREFIX_PATH=/opt/ros/humble /usr/bin/cmake --build /home/shreedhar/cognipilot/cranium/build/b3rb_rviz -- -j12 -l12
[1.011s] Invoking command in '/home/shreedhar/cognipilot/cranium/build/b3rb_rviz': CMAKE_PREFIX_PATH=/opt/ros/humble /usr/bin/cmake --install /home/shreedhar/cognipilot/cranium/build/b3rb_rviz
[1.020s] -- Install configuration: ""
[1.021s] -- Execute custom install script
[1.022s] -- Symlinking: /home/shreedhar/cognipilot/cranium/install/b3rb_rviz/share/b3rb_rviz/rviz/nav2/robot.rviz
[1.035s] -- Symlinking: /home/shreedhar/cognipilot/cranium/install/b3rb_rviz/share/b3rb_rviz/launch/view_robot.launch.py
[1.049s] -- Symlinking: /home/shreedhar/cognipilot/cranium/install/b3rb_rviz/share/ament_index/resource_index/package_run_dependencies/b3rb_rviz
[1.060s] -- Symlinking: /home/shreedhar/cognipilot/cranium/install/b3rb_rviz/share/ament_index/resource_index/parent_prefix_path/b3rb_rviz
[1.072s] -- Symlinking: /home/shreedhar/cognipilot/cranium/install/b3rb_rviz/share/b3rb_rviz/environment/ament_prefix_path.sh
[1.085s] -- Symlinking: /home/shreedhar/cognipilot/cranium/install/b3rb_rviz/share/b3rb_rviz/environment/ament_prefix_path.dsv
[1.096s] -- Symlinking: /home/shreedhar/cognipilot/cranium/install/b3rb_rviz/share/b3rb_rviz/environment/path.sh
[1.105s] -- Symlinking: /home/shreedhar/cognipilot/cranium/install/b3rb_rviz/share/b3rb_rviz/environment/path.dsv
[1.117s] -- Symlinking: /home/shreedhar/cognipilot/cranium/install/b3rb_rviz/share/b3rb_rviz/local_setup.bash
[1.128s] -- Symlinking: /home/shreedhar/cognipilot/cranium/install/b3rb_rviz/share/b3rb_rviz/local_setup.sh
[1.139s] -- Symlinking: /home/shreedhar/cognipilot/cranium/install/b3rb_rviz/share/b3rb_rviz/local_setup.zsh
[1.151s] -- Symlinking: /home/shreedhar/cognipilot/cranium/install/b3rb_rviz/share/b3rb_rviz/local_setup.dsv
[1.161s] -- Symlinking: /home/shreedhar/cognipilot/cranium/install/b3rb_rviz/share/b3rb_rviz/package.dsv
[1.172s] -- Symlinking: /home/shreedhar/cognipilot/cranium/install/b3rb_rviz/share/ament_index/resource_index/packages/b3rb_rviz
[1.183s] -- Symlinking: /home/shreedhar/cognipilot/cranium/install/b3rb_rviz/share/b3rb_rviz/cmake/b3rb_rvizConfig.cmake
[1.192s] -- Symlinking: /home/shreedhar/cognipilot/cranium/install/b3rb_rviz/share/b3rb_rviz/cmake/b3rb_rvizConfig-version.cmake
[1.203s] -- Symlinking: /home/shreedhar/cognipilot/cranium/install/b3rb_rviz/share/b3rb_rviz/package.xml
[1.263s] Invoked command in '/home/shreedhar/cognipilot/cranium/build/b3rb_rviz' returned '0': CMAKE_PREFIX_PATH=/opt/ros/humble /usr/bin/cmake --install /home/shreedhar/cognipilot/cranium/build/b3rb_rviz
