[0.022s] Invoking command in '/home/shreedhar/cognipilot/cranium/build/cerebri_bringup': CMAKE_PREFIX_PATH=/opt/ros/humble /usr/bin/cmake /home/shreedhar/cognipilot/cranium/src/cerebri_bringup -DAMENT_CMAKE_SYMLINK_INSTALL=1 -DCMAKE_INSTALL_PREFIX=/home/shreedhar/cognipilot/cranium/install/cerebri_bringup
[0.131s] -- The C compiler identification is GNU 11.4.0
[0.239s] -- The CXX compiler identification is GNU 11.4.0
[0.248s] -- Detecting C compiler ABI info
[0.339s] -- Detecting C compiler ABI info - done
[0.350s] -- Check for working C compiler: /usr/bin/cc - skipped
[0.350s] -- Detecting C compile features
[0.351s] -- Detecting C compile features - done
[0.355s] -- Detecting CXX compiler ABI info
[0.460s] -- Detecting CXX compiler ABI info - done
[0.468s] -- Check for working CXX compiler: /usr/bin/c++ - skipped
[0.468s] -- Detecting CXX compile features
[0.468s] -- Detecting CXX compile features - done
[0.471s] -- Found ament_cmake: 1.3.9 (/opt/ros/humble/share/ament_cmake/cmake)
[0.675s] -- Found Python3: /usr/bin/python3 (found version "3.10.12") found components: Interpreter 
[0.761s] -- Override CMake install command with custom implementation using symlinks instead of copying resources
[0.792s] -- Found ament_lint_auto: 0.12.11 (/opt/ros/humble/share/ament_lint_auto/cmake)
[0.907s] -- Added test 'copyright' to check source files copyright and LICENSE
[0.919s] -- Added test 'flake8' to check Python code syntax and style conventions
[0.919s] -- Added test 'lint_cmake' to check CMake code style
[0.919s] -- Added test 'pep257' to check Python code against some of the docstring style conventions in PEP 257
[0.923s] -- Added test 'xmllint' to check XML markup files
[0.925s] -- Configuring done
[0.930s] -- Generating done
[0.931s] -- Build files have been written to: /home/shreedhar/cognipilot/cranium/build/cerebri_bringup
[0.937s] Invoked command in '/home/shreedhar/cognipilot/cranium/build/cerebri_bringup' returned '0': CMAKE_PREFIX_PATH=/opt/ros/humble /usr/bin/cmake /home/shreedhar/cognipilot/cranium/src/cerebri_bringup -DAMENT_CMAKE_SYMLINK_INSTALL=1 -DCMAKE_INSTALL_PREFIX=/home/shreedhar/cognipilot/cranium/install/cerebri_bringup
[0.938s] Invoking command in '/home/shreedhar/cognipilot/cranium/build/cerebri_bringup': CMAKE_PREFIX_PATH=/opt/ros/humble /usr/bin/cmake --build /home/shreedhar/cognipilot/cranium/build/cerebri_bringup -- -j12 -l12
[0.983s] Invoked command in '/home/shreedhar/cognipilot/cranium/build/cerebri_bringup' returned '0': CMAKE_PREFIX_PATH=/opt/ros/humble /usr/bin/cmake --build /home/shreedhar/cognipilot/cranium/build/cerebri_bringup -- -j12 -l12
[1.011s] Invoking command in '/home/shreedhar/cognipilot/cranium/build/cerebri_bringup': CMAKE_PREFIX_PATH=/opt/ros/humble /usr/bin/cmake --install /home/shreedhar/cognipilot/cranium/build/cerebri_bringup
[1.021s] -- Install configuration: ""
[1.021s] -- Execute custom install script
[1.022s] -- Symlinking: /home/shreedhar/cognipilot/cranium/install/cerebri_bringup/share/cerebri_bringup/launch/cerebri.launch.py
[1.036s] -- Symlinking: /home/shreedhar/cognipilot/cranium/install/cerebri_bringup/share/ament_index/resource_index/package_run_dependencies/cerebri_bringup
[1.051s] -- Symlinking: /home/shreedhar/cognipilot/cranium/install/cerebri_bringup/share/ament_index/resource_index/parent_prefix_path/cerebri_bringup
[1.063s] -- Symlinking: /home/shreedhar/cognipilot/cranium/install/cerebri_bringup/share/cerebri_bringup/environment/ament_prefix_path.sh
[1.074s] -- Symlinking: /home/shreedhar/cognipilot/cranium/install/cerebri_bringup/share/cerebri_bringup/environment/ament_prefix_path.dsv
[1.089s] -- Symlinking: /home/shreedhar/cognipilot/cranium/install/cerebri_bringup/share/cerebri_bringup/environment/path.sh
[1.098s] -- Symlinking: /home/shreedhar/cognipilot/cranium/install/cerebri_bringup/share/cerebri_bringup/environment/path.dsv
[1.110s] -- Symlinking: /home/shreedhar/cognipilot/cranium/install/cerebri_bringup/share/cerebri_bringup/local_setup.bash
[1.121s] -- Symlinking: /home/shreedhar/cognipilot/cranium/install/cerebri_bringup/share/cerebri_bringup/local_setup.sh
[1.132s] -- Symlinking: /home/shreedhar/cognipilot/cranium/install/cerebri_bringup/share/cerebri_bringup/local_setup.zsh
[1.142s] -- Symlinking: /home/shreedhar/cognipilot/cranium/install/cerebri_bringup/share/cerebri_bringup/local_setup.dsv
[1.154s] -- Symlinking: /home/shreedhar/cognipilot/cranium/install/cerebri_bringup/share/cerebri_bringup/package.dsv
[1.165s] -- Symlinking: /home/shreedhar/cognipilot/cranium/install/cerebri_bringup/share/ament_index/resource_index/packages/cerebri_bringup
[1.176s] -- Symlinking: /home/shreedhar/cognipilot/cranium/install/cerebri_bringup/share/cerebri_bringup/cmake/cerebri_bringupConfig.cmake
[1.187s] -- Symlinking: /home/shreedhar/cognipilot/cranium/install/cerebri_bringup/share/cerebri_bringup/cmake/cerebri_bringupConfig-version.cmake
[1.197s] -- Symlinking: /home/shreedhar/cognipilot/cranium/install/cerebri_bringup/share/cerebri_bringup/package.xml
[1.238s] Invoked command in '/home/shreedhar/cognipilot/cranium/build/cerebri_bringup' returned '0': CMAKE_PREFIX_PATH=/opt/ros/humble /usr/bin/cmake --install /home/shreedhar/cognipilot/cranium/build/cerebri_bringup
