[0.216s] Invoking command in '/home/shreedhar/cognipilot/cranium/build/corti': CMAKE_PREFIX_PATH=/home/shreedhar/cognipilot/cranium/install/synapse_msgs:/home/shreedhar/cognipilot/cranium/install/synapse_ros:/home/shreedhar/cognipilot/cranium/install/synapse_gz:/home/shreedhar/cognipilot/cranium/install/synapse_tinyframe:/home/shreedhar/cognipilot/cranium/install/synapse_protobuf:/home/shreedhar/cognipilot/cranium/install/corti:/home/shreedhar/cognipilot/cranium/install/dream_world:/home/shreedhar/cognipilot/cranium/install/cerebri_bringup:/home/shreedhar/cognipilot/cranium/install/b3rb_simulator:/home/shreedhar/cognipilot/cranium/install/b3rb_desktop:/home/shreedhar/cognipilot/cranium/install/b3rb_rviz:/home/shreedhar/cognipilot/cranium/install/b3rb_nav2:/home/shreedhar/cognipilot/cranium/install/b3rb_gz_resource:/home/shreedhar/cognipilot/cranium/install/b3rb_gz_bringup:/home/shreedhar/cognipilot/cranium/install/b3rb_description:/home/shreedhar/cognipilot/electrode/install/electrode:/home/shreedhar/cognipilot/cranium/install/nxp_cup_vision:/opt/ros/humble LD_LIBRARY_PATH=/home/shreedhar/cognipilot/cranium/install/synapse_msgs/lib:/home/shreedhar/cognipilot/cranium/install/synapse_tinyframe/lib:/home/shreedhar/cognipilot/cranium/install/synapse_protobuf/lib:/opt/ros/humble/opt/rviz_ogre_vendor/lib:/opt/ros/humble/lib/x86_64-linux-gnu:/opt/ros/humble/lib /usr/bin/cmake /home/shreedhar/cognipilot/cranium/src/corti -DCMAKE_INSTALL_PREFIX=/home/shreedhar/cognipilot/cranium/install/corti
[0.420s] -- Found ament_cmake: 1.3.9 (/opt/ros/humble/share/ament_cmake/cmake)
[0.420s] -- Override CMake install command with custom implementation using symlinks instead of copying resources
[0.420s] -- Found geometry_msgs: 4.2.4 (/opt/ros/humble/share/geometry_msgs/cmake)
[0.420s] -- Found rosidl_generator_c: 3.1.5 (/opt/ros/humble/share/rosidl_generator_c/cmake)
[0.420s] -- Found rosidl_adapter: 3.1.5 (/opt/ros/humble/share/rosidl_adapter/cmake)
[0.420s] -- Found rosidl_generator_cpp: 3.1.5 (/opt/ros/humble/share/rosidl_generator_cpp/cmake)
[0.420s] -- Using all available rosidl_typesupport_c: rosidl_typesupport_fastrtps_c;rosidl_typesupport_introspection_c
[0.420s] -- Using all available rosidl_typesupport_cpp: rosidl_typesupport_fastrtps_cpp;rosidl_typesupport_introspection_cpp
[0.455s] -- Found nav_msgs: 4.2.4 (/opt/ros/humble/share/nav_msgs/cmake)
[0.518s] -- Found rclcpp: 16.0.9 (/opt/ros/humble/share/rclcpp/cmake)
[0.553s] -- Found rmw_implementation_cmake: 6.1.2 (/opt/ros/humble/share/rmw_implementation_cmake/cmake)
[0.554s] -- Found rmw_cyclonedds_cpp: 1.3.4 (/opt/ros/humble/share/rmw_cyclonedds_cpp/cmake)
[0.576s] -- Using RMW implementation 'rmw_cyclonedds_cpp' as default
[0.670s] -- Found rclpy: 3.3.13 (/opt/ros/humble/share/rclpy/cmake)
[0.670s] -- Found synapse_msgs: 0.0.1 (/home/shreedhar/cognipilot/cranium/install/synapse_msgs/share/synapse_msgs/cmake)
[0.720s] -- Found tf2: 0.25.7 (/opt/ros/humble/share/tf2/cmake)
[0.727s] -- Found tf2_ros: 0.25.7 (/opt/ros/humble/share/tf2_ros/cmake)
[0.983s] -- Found ament_lint_auto: 0.12.11 (/opt/ros/humble/share/ament_lint_auto/cmake)
[1.049s] -- Added test 'cppcheck' to perform static code analysis on C / C++ code
[1.049s] -- Configured cppcheck include dirs: 
[1.049s] -- Configured cppcheck exclude dirs and/or files: 
[1.049s] -- Added test 'flake8' to check Python code syntax and style conventions
[1.050s] -- Added test 'lint_cmake' to check CMake code style
[1.051s] -- Added test 'pep257' to check Python code against some of the docstring style conventions in PEP 257
[1.055s] -- Added test 'uncrustify' to check C / C++ code style
[1.055s] -- Configured uncrustify additional arguments: 
[1.055s] -- Added test 'xmllint' to check XML markup files
[1.057s] -- Configuring done
[1.079s] -- Generating done
[1.081s] -- Build files have been written to: /home/shreedhar/cognipilot/cranium/build/corti
[1.088s] Invoked command in '/home/shreedhar/cognipilot/cranium/build/corti' returned '0': CMAKE_PREFIX_PATH=/home/shreedhar/cognipilot/cranium/install/synapse_msgs:/home/shreedhar/cognipilot/cranium/install/synapse_ros:/home/shreedhar/cognipilot/cranium/install/synapse_gz:/home/shreedhar/cognipilot/cranium/install/synapse_tinyframe:/home/shreedhar/cognipilot/cranium/install/synapse_protobuf:/home/shreedhar/cognipilot/cranium/install/corti:/home/shreedhar/cognipilot/cranium/install/dream_world:/home/shreedhar/cognipilot/cranium/install/cerebri_bringup:/home/shreedhar/cognipilot/cranium/install/b3rb_simulator:/home/shreedhar/cognipilot/cranium/install/b3rb_desktop:/home/shreedhar/cognipilot/cranium/install/b3rb_rviz:/home/shreedhar/cognipilot/cranium/install/b3rb_nav2:/home/shreedhar/cognipilot/cranium/install/b3rb_gz_resource:/home/shreedhar/cognipilot/cranium/install/b3rb_gz_bringup:/home/shreedhar/cognipilot/cranium/install/b3rb_description:/home/shreedhar/cognipilot/electrode/install/electrode:/home/shreedhar/cognipilot/cranium/install/nxp_cup_vision:/opt/ros/humble LD_LIBRARY_PATH=/home/shreedhar/cognipilot/cranium/install/synapse_msgs/lib:/home/shreedhar/cognipilot/cranium/install/synapse_tinyframe/lib:/home/shreedhar/cognipilot/cranium/install/synapse_protobuf/lib:/opt/ros/humble/opt/rviz_ogre_vendor/lib:/opt/ros/humble/lib/x86_64-linux-gnu:/opt/ros/humble/lib /usr/bin/cmake /home/shreedhar/cognipilot/cranium/src/corti -DCMAKE_INSTALL_PREFIX=/home/shreedhar/cognipilot/cranium/install/corti
[1.089s] Invoking command in '/home/shreedhar/cognipilot/cranium/build/corti': CMAKE_PREFIX_PATH=/home/shreedhar/cognipilot/cranium/install/synapse_msgs:/home/shreedhar/cognipilot/cranium/install/synapse_ros:/home/shreedhar/cognipilot/cranium/install/synapse_gz:/home/shreedhar/cognipilot/cranium/install/synapse_tinyframe:/home/shreedhar/cognipilot/cranium/install/synapse_protobuf:/home/shreedhar/cognipilot/cranium/install/corti:/home/shreedhar/cognipilot/cranium/install/dream_world:/home/shreedhar/cognipilot/cranium/install/cerebri_bringup:/home/shreedhar/cognipilot/cranium/install/b3rb_simulator:/home/shreedhar/cognipilot/cranium/install/b3rb_desktop:/home/shreedhar/cognipilot/cranium/install/b3rb_rviz:/home/shreedhar/cognipilot/cranium/install/b3rb_nav2:/home/shreedhar/cognipilot/cranium/install/b3rb_gz_resource:/home/shreedhar/cognipilot/cranium/install/b3rb_gz_bringup:/home/shreedhar/cognipilot/cranium/install/b3rb_description:/home/shreedhar/cognipilot/electrode/install/electrode:/home/shreedhar/cognipilot/cranium/install/nxp_cup_vision:/opt/ros/humble LD_LIBRARY_PATH=/home/shreedhar/cognipilot/cranium/install/synapse_msgs/lib:/home/shreedhar/cognipilot/cranium/install/synapse_tinyframe/lib:/home/shreedhar/cognipilot/cranium/install/synapse_protobuf/lib:/opt/ros/humble/opt/rviz_ogre_vendor/lib:/opt/ros/humble/lib/x86_64-linux-gnu:/opt/ros/humble/lib /usr/bin/cmake --build /home/shreedhar/cognipilot/cranium/build/corti -- -j12 -l12
[1.129s] Consolidate compiler generated dependencies of target bezier6
[1.134s] Consolidate compiler generated dependencies of target odom_to_tf
[1.136s] Consolidate compiler generated dependencies of target tf_to_odom
[1.138s] [ 25%] Built target bezier6
[1.147s] [ 25%] Built target ament_cmake_python_symlink_corti
[1.149s] [ 50%] Built target odom_to_tf
[1.150s] [ 75%] Built target tf_to_odom
[1.154s] Consolidate compiler generated dependencies of target rover_planner
[1.168s] [ 87%] Building CXX object CMakeFiles/rover_planner.dir/src/rover_planner.cpp.o
[1.352s] running egg_info
[1.352s] writing corti.egg-info/PKG-INFO
[1.353s] writing dependency_links to corti.egg-info/dependency_links.txt
[1.353s] writing top-level names to corti.egg-info/top_level.txt
[1.355s] reading manifest file 'corti.egg-info/SOURCES.txt'
[1.355s] writing manifest file 'corti.egg-info/SOURCES.txt'
[1.380s] [ 87%] Built target ament_cmake_python_build_corti_egg
[8.176s] [100%] Linking CXX executable rover_planner
[8.534s] [100%] Built target rover_planner
[8.544s] Invoked command in '/home/shreedhar/cognipilot/cranium/build/corti' returned '0': CMAKE_PREFIX_PATH=/home/shreedhar/cognipilot/cranium/install/synapse_msgs:/home/shreedhar/cognipilot/cranium/install/synapse_ros:/home/shreedhar/cognipilot/cranium/install/synapse_gz:/home/shreedhar/cognipilot/cranium/install/synapse_tinyframe:/home/shreedhar/cognipilot/cranium/install/synapse_protobuf:/home/shreedhar/cognipilot/cranium/install/corti:/home/shreedhar/cognipilot/cranium/install/dream_world:/home/shreedhar/cognipilot/cranium/install/cerebri_bringup:/home/shreedhar/cognipilot/cranium/install/b3rb_simulator:/home/shreedhar/cognipilot/cranium/install/b3rb_desktop:/home/shreedhar/cognipilot/cranium/install/b3rb_rviz:/home/shreedhar/cognipilot/cranium/install/b3rb_nav2:/home/shreedhar/cognipilot/cranium/install/b3rb_gz_resource:/home/shreedhar/cognipilot/cranium/install/b3rb_gz_bringup:/home/shreedhar/cognipilot/cranium/install/b3rb_description:/home/shreedhar/cognipilot/electrode/install/electrode:/home/shreedhar/cognipilot/cranium/install/nxp_cup_vision:/opt/ros/humble LD_LIBRARY_PATH=/home/shreedhar/cognipilot/cranium/install/synapse_msgs/lib:/home/shreedhar/cognipilot/cranium/install/synapse_tinyframe/lib:/home/shreedhar/cognipilot/cranium/install/synapse_protobuf/lib:/opt/ros/humble/opt/rviz_ogre_vendor/lib:/opt/ros/humble/lib/x86_64-linux-gnu:/opt/ros/humble/lib /usr/bin/cmake --build /home/shreedhar/cognipilot/cranium/build/corti -- -j12 -l12
[8.581s] Invoking command in '/home/shreedhar/cognipilot/cranium/build/corti': CMAKE_PREFIX_PATH=/home/shreedhar/cognipilot/cranium/install/synapse_msgs:/home/shreedhar/cognipilot/cranium/install/synapse_ros:/home/shreedhar/cognipilot/cranium/install/synapse_gz:/home/shreedhar/cognipilot/cranium/install/synapse_tinyframe:/home/shreedhar/cognipilot/cranium/install/synapse_protobuf:/home/shreedhar/cognipilot/cranium/install/corti:/home/shreedhar/cognipilot/cranium/install/dream_world:/home/shreedhar/cognipilot/cranium/install/cerebri_bringup:/home/shreedhar/cognipilot/cranium/install/b3rb_simulator:/home/shreedhar/cognipilot/cranium/install/b3rb_desktop:/home/shreedhar/cognipilot/cranium/install/b3rb_rviz:/home/shreedhar/cognipilot/cranium/install/b3rb_nav2:/home/shreedhar/cognipilot/cranium/install/b3rb_gz_resource:/home/shreedhar/cognipilot/cranium/install/b3rb_gz_bringup:/home/shreedhar/cognipilot/cranium/install/b3rb_description:/home/shreedhar/cognipilot/electrode/install/electrode:/home/shreedhar/cognipilot/cranium/install/nxp_cup_vision:/opt/ros/humble LD_LIBRARY_PATH=/home/shreedhar/cognipilot/cranium/install/synapse_msgs/lib:/home/shreedhar/cognipilot/cranium/install/synapse_tinyframe/lib:/home/shreedhar/cognipilot/cranium/install/synapse_protobuf/lib:/opt/ros/humble/opt/rviz_ogre_vendor/lib:/opt/ros/humble/lib/x86_64-linux-gnu:/opt/ros/humble/lib /usr/bin/cmake --install /home/shreedhar/cognipilot/cranium/build/corti
[8.588s] -- Install configuration: ""
[8.589s] -- Execute custom install script
[8.589s] -- Up-to-date symlink: /home/shreedhar/cognipilot/cranium/install/corti/share/corti/environment/pythonpath.sh
[8.589s] -- Up-to-date symlink: /home/shreedhar/cognipilot/cranium/install/corti/share/corti/environment/pythonpath.dsv
[8.589s] -- Up-to-date symlink: /home/shreedhar/cognipilot/cranium/install/corti/local/lib/python3.10/dist-packages/corti-0.0.0-py3.10.egg-info/PKG-INFO
[8.590s] -- Up-to-date symlink: /home/shreedhar/cognipilot/cranium/install/corti/local/lib/python3.10/dist-packages/corti-0.0.0-py3.10.egg-info/SOURCES.txt
[8.590s] -- Up-to-date symlink: /home/shreedhar/cognipilot/cranium/install/corti/local/lib/python3.10/dist-packages/corti-0.0.0-py3.10.egg-info/dependency_links.txt
[8.590s] -- Up-to-date symlink: /home/shreedhar/cognipilot/cranium/install/corti/local/lib/python3.10/dist-packages/corti-0.0.0-py3.10.egg-info/top_level.txt
[8.590s] -- Up-to-date symlink: /home/shreedhar/cognipilot/cranium/install/corti/local/lib/python3.10/dist-packages/corti/SE2Lie.py
[8.591s] -- Up-to-date symlink: /home/shreedhar/cognipilot/cranium/install/corti/local/lib/python3.10/dist-packages/corti/TimeOptBez.py
[8.591s] -- Up-to-date symlink: /home/shreedhar/cognipilot/cranium/install/corti/local/lib/python3.10/dist-packages/corti/__init__.py
[8.591s] -- Up-to-date symlink: /home/shreedhar/cognipilot/cranium/install/corti/local/lib/python3.10/dist-packages/corti/bezier_rover_planning.py
[8.591s] -- Up-to-date symlink: /home/shreedhar/cognipilot/cranium/install/corti/local/lib/python3.10/dist-packages/corti/rover_control.py
[8.591s] -- Up-to-date symlink: /home/shreedhar/cognipilot/cranium/install/corti/local/lib/python3.10/dist-packages/corti/rover_planning.py
[8.591s] -- Up-to-date symlink: /home/shreedhar/cognipilot/cranium/install/corti/lib/corti/rover_planner
[8.592s] -- Up-to-date symlink: /home/shreedhar/cognipilot/cranium/install/corti/lib/corti/odom_to_tf
[8.592s] -- Up-to-date symlink: /home/shreedhar/cognipilot/cranium/install/corti/lib/corti/tf_to_odom
[8.592s] -- Up-to-date symlink: /home/shreedhar/cognipilot/cranium/install/corti/share/corti/launch/corti.launch.py
[8.592s] -- Up-to-date symlink: /home/shreedhar/cognipilot/cranium/install/corti/share/corti/launch/virtual_joy.launch.py
[8.592s] -- Up-to-date symlink: /home/shreedhar/cognipilot/cranium/install/corti/lib/corti/virtual_joy.py
[8.592s] -- Up-to-date symlink: /home/shreedhar/cognipilot/cranium/install/corti/lib/corti/rover_fixed_trajectory.py
[8.593s] -- Up-to-date symlink: /home/shreedhar/cognipilot/cranium/install/corti/share/ament_index/resource_index/package_run_dependencies/corti
[8.593s] -- Up-to-date symlink: /home/shreedhar/cognipilot/cranium/install/corti/share/ament_index/resource_index/parent_prefix_path/corti
[8.593s] -- Up-to-date symlink: /home/shreedhar/cognipilot/cranium/install/corti/share/corti/environment/ament_prefix_path.sh
[8.593s] -- Up-to-date symlink: /home/shreedhar/cognipilot/cranium/install/corti/share/corti/environment/ament_prefix_path.dsv
[8.593s] -- Up-to-date symlink: /home/shreedhar/cognipilot/cranium/install/corti/share/corti/environment/path.sh
[8.593s] -- Up-to-date symlink: /home/shreedhar/cognipilot/cranium/install/corti/share/corti/environment/path.dsv
[8.593s] -- Up-to-date symlink: /home/shreedhar/cognipilot/cranium/install/corti/share/corti/local_setup.bash
[8.594s] -- Up-to-date symlink: /home/shreedhar/cognipilot/cranium/install/corti/share/corti/local_setup.sh
[8.594s] -- Up-to-date symlink: /home/shreedhar/cognipilot/cranium/install/corti/share/corti/local_setup.zsh
[8.594s] -- Up-to-date symlink: /home/shreedhar/cognipilot/cranium/install/corti/share/corti/local_setup.dsv
[8.594s] -- Symlinking: /home/shreedhar/cognipilot/cranium/install/corti/share/corti/package.dsv
[8.603s] -- Up-to-date symlink: /home/shreedhar/cognipilot/cranium/install/corti/share/ament_index/resource_index/packages/corti
[8.603s] -- Up-to-date symlink: /home/shreedhar/cognipilot/cranium/install/corti/share/corti/cmake/cortiConfig.cmake
[8.603s] -- Up-to-date symlink: /home/shreedhar/cognipilot/cranium/install/corti/share/corti/cmake/cortiConfig-version.cmake
[8.603s] -- Up-to-date symlink: /home/shreedhar/cognipilot/cranium/install/corti/share/corti/package.xml
[8.629s] Listing '/home/shreedhar/cognipilot/cranium/install/corti/local/lib/python3.10/dist-packages/corti'...
[8.634s] Invoked command in '/home/shreedhar/cognipilot/cranium/build/corti' returned '0': CMAKE_PREFIX_PATH=/home/shreedhar/cognipilot/cranium/install/synapse_msgs:/home/shreedhar/cognipilot/cranium/install/synapse_ros:/home/shreedhar/cognipilot/cranium/install/synapse_gz:/home/shreedhar/cognipilot/cranium/install/synapse_tinyframe:/home/shreedhar/cognipilot/cranium/install/synapse_protobuf:/home/shreedhar/cognipilot/cranium/install/corti:/home/shreedhar/cognipilot/cranium/install/dream_world:/home/shreedhar/cognipilot/cranium/install/cerebri_bringup:/home/shreedhar/cognipilot/cranium/install/b3rb_simulator:/home/shreedhar/cognipilot/cranium/install/b3rb_desktop:/home/shreedhar/cognipilot/cranium/install/b3rb_rviz:/home/shreedhar/cognipilot/cranium/install/b3rb_nav2:/home/shreedhar/cognipilot/cranium/install/b3rb_gz_resource:/home/shreedhar/cognipilot/cranium/install/b3rb_gz_bringup:/home/shreedhar/cognipilot/cranium/install/b3rb_description:/home/shreedhar/cognipilot/electrode/install/electrode:/home/shreedhar/cognipilot/cranium/install/nxp_cup_vision:/opt/ros/humble LD_LIBRARY_PATH=/home/shreedhar/cognipilot/cranium/install/synapse_msgs/lib:/home/shreedhar/cognipilot/cranium/install/synapse_tinyframe/lib:/home/shreedhar/cognipilot/cranium/install/synapse_protobuf/lib:/opt/ros/humble/opt/rviz_ogre_vendor/lib:/opt/ros/humble/lib/x86_64-linux-gnu:/opt/ros/humble/lib /usr/bin/cmake --install /home/shreedhar/cognipilot/cranium/build/corti
