[0.777s] Invoking command in '/home/shreedhar/cognipilot/cranium/src/b3rb_ros_line_follower': CMAKE_PREFIX_PATH=/home/shreedhar/cognipilot/cranium/install/synapse_msgs:/home/shreedhar/cognipilot/cranium/install/synapse_ros:/home/shreedhar/cognipilot/cranium/install/synapse_gz:/home/shreedhar/cognipilot/cranium/install/synapse_tinyframe:/home/shreedhar/cognipilot/cranium/install/synapse_protobuf:/home/shreedhar/cognipilot/cranium/install/corti:/home/shreedhar/cognipilot/cranium/install/dream_world:/home/shreedhar/cognipilot/cranium/install/cerebri_bringup:/home/shreedhar/cognipilot/cranium/install/b3rb_simulator:/home/shreedhar/cognipilot/cranium/install/b3rb_desktop:/home/shreedhar/cognipilot/cranium/install/b3rb_rviz:/home/shreedhar/cognipilot/cranium/install/b3rb_nav2:/home/shreedhar/cognipilot/cranium/install/b3rb_gz_resource:/home/shreedhar/cognipilot/cranium/install/b3rb_gz_bringup:/home/shreedhar/cognipilot/cranium/install/b3rb_description:/home/shreedhar/cognipilot/electrode/install/electrode LD_LIBRARY_PATH=/home/shreedhar/cognipilot/cranium/install/synapse_msgs/lib:/home/shreedhar/cognipilot/cranium/install/synapse_tinyframe/lib:/home/shreedhar/cognipilot/cranium/install/synapse_protobuf/lib:/opt/ros/humble/opt/rviz_ogre_vendor/lib:/opt/ros/humble/lib/x86_64-linux-gnu:/opt/ros/humble/lib PYTHONPATH=/home/shreedhar/cognipilot/cranium/build/b3rb_ros_line_follower/prefix_override:/usr/lib/python3/dist-packages/colcon_core/task/python/colcon_distutils_commands:/home/shreedhar/cognipilot/cranium/install/b3rb_ros_line_follower/lib/python3.10/site-packages:${PYTHONPATH} /usr/bin/python3 -W ignore:setup.py install is deprecated setup.py egg_info --egg-base ../../build/b3rb_ros_line_follower build --build-base /home/shreedhar/cognipilot/cranium/build/b3rb_ros_line_follower/build install --record /home/shreedhar/cognipilot/cranium/build/b3rb_ros_line_follower/install.log --single-version-externally-managed install_data
[0.967s] running egg_info
[0.967s] creating ../../build/b3rb_ros_line_follower/b3rb_ros_line_follower.egg-info
[0.967s] writing ../../build/b3rb_ros_line_follower/b3rb_ros_line_follower.egg-info/PKG-INFO
[0.967s] writing dependency_links to ../../build/b3rb_ros_line_follower/b3rb_ros_line_follower.egg-info/dependency_links.txt
[0.968s] writing entry points to ../../build/b3rb_ros_line_follower/b3rb_ros_line_follower.egg-info/entry_points.txt
[0.968s] writing requirements to ../../build/b3rb_ros_line_follower/b3rb_ros_line_follower.egg-info/requires.txt
[0.968s] writing top-level names to ../../build/b3rb_ros_line_follower/b3rb_ros_line_follower.egg-info/top_level.txt
[0.968s] writing manifest file '../../build/b3rb_ros_line_follower/b3rb_ros_line_follower.egg-info/SOURCES.txt'
[0.969s] reading manifest file '../../build/b3rb_ros_line_follower/b3rb_ros_line_follower.egg-info/SOURCES.txt'
[0.969s] adding license file 'LICENSE'
[0.970s] writing manifest file '../../build/b3rb_ros_line_follower/b3rb_ros_line_follower.egg-info/SOURCES.txt'
[0.970s] running build
[0.970s] running build_py
[0.970s] creating /home/shreedhar/cognipilot/cranium/build/b3rb_ros_line_follower/build
[0.970s] creating /home/shreedhar/cognipilot/cranium/build/b3rb_ros_line_follower/build/lib
[0.970s] creating /home/shreedhar/cognipilot/cranium/build/b3rb_ros_line_follower/build/lib/b3rb_ros_line_follower
[0.970s] copying b3rb_ros_line_follower/b3rb_ros_object_recog.py -> /home/shreedhar/cognipilot/cranium/build/b3rb_ros_line_follower/build/lib/b3rb_ros_line_follower
[0.970s] copying b3rb_ros_line_follower/b3rb_ros_edge_vectors.py -> /home/shreedhar/cognipilot/cranium/build/b3rb_ros_line_follower/build/lib/b3rb_ros_line_follower
[0.970s] copying b3rb_ros_line_follower/b3rb_ros_line_follower.py -> /home/shreedhar/cognipilot/cranium/build/b3rb_ros_line_follower/build/lib/b3rb_ros_line_follower
[0.970s] copying b3rb_ros_line_follower/__init__.py -> /home/shreedhar/cognipilot/cranium/build/b3rb_ros_line_follower/build/lib/b3rb_ros_line_follower
[0.970s] running install
[0.971s] running install_lib
[0.971s] creating /home/shreedhar/cognipilot/cranium/install/b3rb_ros_line_follower/lib/python3.10/site-packages/b3rb_ros_line_follower
[0.971s] copying /home/shreedhar/cognipilot/cranium/build/b3rb_ros_line_follower/build/lib/b3rb_ros_line_follower/b3rb_ros_object_recog.py -> /home/shreedhar/cognipilot/cranium/install/b3rb_ros_line_follower/lib/python3.10/site-packages/b3rb_ros_line_follower
[0.971s] copying /home/shreedhar/cognipilot/cranium/build/b3rb_ros_line_follower/build/lib/b3rb_ros_line_follower/b3rb_ros_edge_vectors.py -> /home/shreedhar/cognipilot/cranium/install/b3rb_ros_line_follower/lib/python3.10/site-packages/b3rb_ros_line_follower
[0.971s] copying /home/shreedhar/cognipilot/cranium/build/b3rb_ros_line_follower/build/lib/b3rb_ros_line_follower/b3rb_ros_line_follower.py -> /home/shreedhar/cognipilot/cranium/install/b3rb_ros_line_follower/lib/python3.10/site-packages/b3rb_ros_line_follower
[0.971s] copying /home/shreedhar/cognipilot/cranium/build/b3rb_ros_line_follower/build/lib/b3rb_ros_line_follower/__init__.py -> /home/shreedhar/cognipilot/cranium/install/b3rb_ros_line_follower/lib/python3.10/site-packages/b3rb_ros_line_follower
[0.972s] byte-compiling /home/shreedhar/cognipilot/cranium/install/b3rb_ros_line_follower/lib/python3.10/site-packages/b3rb_ros_line_follower/b3rb_ros_object_recog.py to b3rb_ros_object_recog.cpython-310.pyc
[0.972s] byte-compiling /home/shreedhar/cognipilot/cranium/install/b3rb_ros_line_follower/lib/python3.10/site-packages/b3rb_ros_line_follower/b3rb_ros_edge_vectors.py to b3rb_ros_edge_vectors.cpython-310.pyc
[0.973s] byte-compiling /home/shreedhar/cognipilot/cranium/install/b3rb_ros_line_follower/lib/python3.10/site-packages/b3rb_ros_line_follower/b3rb_ros_line_follower.py to b3rb_ros_line_follower.cpython-310.pyc
[0.974s] byte-compiling /home/shreedhar/cognipilot/cranium/install/b3rb_ros_line_follower/lib/python3.10/site-packages/b3rb_ros_line_follower/__init__.py to __init__.cpython-310.pyc
[0.974s] running install_data
[0.974s] creating /home/shreedhar/cognipilot/cranium/install/b3rb_ros_line_follower/share/ament_index
[0.974s] creating /home/shreedhar/cognipilot/cranium/install/b3rb_ros_line_follower/share/ament_index/resource_index
[0.974s] creating /home/shreedhar/cognipilot/cranium/install/b3rb_ros_line_follower/share/ament_index/resource_index/packages
[0.975s] copying resource/b3rb_ros_line_follower -> /home/shreedhar/cognipilot/cranium/install/b3rb_ros_line_follower/share/ament_index/resource_index/packages
[0.975s] copying package.xml -> /home/shreedhar/cognipilot/cranium/install/b3rb_ros_line_follower/share/b3rb_ros_line_follower
[0.975s] running install_egg_info
[0.976s] Copying ../../build/b3rb_ros_line_follower/b3rb_ros_line_follower.egg-info to /home/shreedhar/cognipilot/cranium/install/b3rb_ros_line_follower/lib/python3.10/site-packages/b3rb_ros_line_follower-0.0.0-py3.10.egg-info
[0.977s] running install_scripts
[0.992s] Installing detect script to /home/shreedhar/cognipilot/cranium/install/b3rb_ros_line_follower/lib/b3rb_ros_line_follower
[0.992s] Installing runner script to /home/shreedhar/cognipilot/cranium/install/b3rb_ros_line_follower/lib/b3rb_ros_line_follower
[0.992s] Installing vectors script to /home/shreedhar/cognipilot/cranium/install/b3rb_ros_line_follower/lib/b3rb_ros_line_follower
[0.992s] writing list of installed files to '/home/shreedhar/cognipilot/cranium/build/b3rb_ros_line_follower/install.log'
[1.011s] Invoked command in '/home/shreedhar/cognipilot/cranium/src/b3rb_ros_line_follower' returned '0': CMAKE_PREFIX_PATH=/home/shreedhar/cognipilot/cranium/install/synapse_msgs:/home/shreedhar/cognipilot/cranium/install/synapse_ros:/home/shreedhar/cognipilot/cranium/install/synapse_gz:/home/shreedhar/cognipilot/cranium/install/synapse_tinyframe:/home/shreedhar/cognipilot/cranium/install/synapse_protobuf:/home/shreedhar/cognipilot/cranium/install/corti:/home/shreedhar/cognipilot/cranium/install/dream_world:/home/shreedhar/cognipilot/cranium/install/cerebri_bringup:/home/shreedhar/cognipilot/cranium/install/b3rb_simulator:/home/shreedhar/cognipilot/cranium/install/b3rb_desktop:/home/shreedhar/cognipilot/cranium/install/b3rb_rviz:/home/shreedhar/cognipilot/cranium/install/b3rb_nav2:/home/shreedhar/cognipilot/cranium/install/b3rb_gz_resource:/home/shreedhar/cognipilot/cranium/install/b3rb_gz_bringup:/home/shreedhar/cognipilot/cranium/install/b3rb_description:/home/shreedhar/cognipilot/electrode/install/electrode LD_LIBRARY_PATH=/home/shreedhar/cognipilot/cranium/install/synapse_msgs/lib:/home/shreedhar/cognipilot/cranium/install/synapse_tinyframe/lib:/home/shreedhar/cognipilot/cranium/install/synapse_protobuf/lib:/opt/ros/humble/opt/rviz_ogre_vendor/lib:/opt/ros/humble/lib/x86_64-linux-gnu:/opt/ros/humble/lib PYTHONPATH=/home/shreedhar/cognipilot/cranium/build/b3rb_ros_line_follower/prefix_override:/usr/lib/python3/dist-packages/colcon_core/task/python/colcon_distutils_commands:/home/shreedhar/cognipilot/cranium/install/b3rb_ros_line_follower/lib/python3.10/site-packages:${PYTHONPATH} /usr/bin/python3 -W ignore:setup.py install is deprecated setup.py egg_info --egg-base ../../build/b3rb_ros_line_follower build --build-base /home/shreedhar/cognipilot/cranium/build/b3rb_ros_line_follower/build install --record /home/shreedhar/cognipilot/cranium/build/b3rb_ros_line_follower/install.log --single-version-externally-managed install_data
