-- Install configuration: ""
-- Execute custom install script
-- Up-to-date symlink: /home/shreedhar/cognipilot/cranium/install/dream_world/share/dream_world/models/Coke/materials/coke.png
-- Up-to-date symlink: /home/shreedhar/cognipilot/cranium/install/dream_world/share/dream_world/models/Coke/meshes/coke.mtl
-- Up-to-date symlink: /home/shreedhar/cognipilot/cranium/install/dream_world/share/dream_world/models/Coke/meshes/coke.obj
-- Up-to-date symlink: /home/shreedhar/cognipilot/cranium/install/dream_world/share/dream_world/models/Coke/model.config
-- Up-to-date symlink: /home/shreedhar/cognipilot/cranium/install/dream_world/share/dream_world/models/Coke/model.sdf
-- Up-to-date symlink: /home/shreedhar/cognipilot/cranium/install/dream_world/share/dream_world/models/Coke/thumbnails/1.png
-- Up-to-date symlink: /home/shreedhar/cognipilot/cranium/install/dream_world/share/dream_world/models/Coke/thumbnails/2.png
-- Up-to-date symlink: /home/shreedhar/cognipilot/cranium/install/dream_world/share/dream_world/models/Coke/thumbnails/3.png
-- Up-to-date symlink: /home/shreedhar/cognipilot/cranium/install/dream_world/share/dream_world/models/Coke/thumbnails/4.png
-- Up-to-date symlink: /home/shreedhar/cognipilot/cranium/install/dream_world/share/dream_world/models/Coke/thumbnails/5.png
-- Up-to-date symlink: /home/shreedhar/cognipilot/cranium/install/dream_world/share/dream_world/models/Construction_Cone_mini/materials/scripts/Construction_Cone.material
-- Up-to-date symlink: /home/shreedhar/cognipilot/cranium/install/dream_world/share/dream_world/models/Construction_Cone_mini/materials/textures/Construction_Cone_Diffuse.png
-- Up-to-date symlink: /home/shreedhar/cognipilot/cranium/install/dream_world/share/dream_world/models/Construction_Cone_mini/materials/textures/cone.png
-- Up-to-date symlink: /home/shreedhar/cognipilot/cranium/install/dream_world/share/dream_world/models/Construction_Cone_mini/meshes/construction_cone.dae
-- Up-to-date symlink: /home/shreedhar/cognipilot/cranium/install/dream_world/share/dream_world/models/Construction_Cone_mini/model.config
-- Up-to-date symlink: /home/shreedhar/cognipilot/cranium/install/dream_world/share/dream_world/models/Construction_Cone_mini/model.sdf
-- Up-to-date symlink: /home/shreedhar/cognipilot/cranium/install/dream_world/share/dream_world/models/Depot/materials/scripts/model.material
-- Up-to-date symlink: /home/shreedhar/cognipilot/cranium/install/dream_world/share/dream_world/models/Depot/materials/textures/BOXSET_Albedo.png
-- Up-to-date symlink: /home/shreedhar/cognipilot/cranium/install/dream_world/share/dream_world/models/Depot/materials/textures/BOXSET_Emissive.png
-- Up-to-date symlink: /home/shreedhar/cognipilot/cranium/install/dream_world/share/dream_world/models/Depot/materials/textures/BOXSET_Metalness.png
-- Up-to-date symlink: /home/shreedhar/cognipilot/cranium/install/dream_world/share/dream_world/models/Depot/materials/textures/BOXSET_Normal.png
-- Up-to-date symlink: /home/shreedhar/cognipilot/cranium/install/dream_world/share/dream_world/models/Depot/materials/textures/BOXSET_Roughness.png
-- Up-to-date symlink: /home/shreedhar/cognipilot/cranium/install/dream_world/share/dream_world/models/Depot/materials/textures/Crates_Crates_BaseColor.png
-- Up-to-date symlink: /home/shreedhar/cognipilot/cranium/install/dream_world/share/dream_world/models/Depot/materials/textures/Crates_Crates_Normal.png
-- Up-to-date symlink: /home/shreedhar/cognipilot/cranium/install/dream_world/share/dream_world/models/Depot/materials/textures/Crates_Crates_Roughness.png
-- Up-to-date symlink: /home/shreedhar/cognipilot/cranium/install/dream_world/share/dream_world/models/Depot/materials/textures/DepotLightmap.png
-- Up-to-date symlink: /home/shreedhar/cognipilot/cranium/install/dream_world/share/dream_world/models/Depot/materials/textures/FANS_Albedo.png
-- Up-to-date symlink: /home/shreedhar/cognipilot/cranium/install/dream_world/share/dream_world/models/Depot/materials/textures/FANS_Metalness.png
-- Up-to-date symlink: /home/shreedhar/cognipilot/cranium/install/dream_world/share/dream_world/models/Depot/materials/textures/FANS_Normal.png
-- Up-to-date symlink: /home/shreedhar/cognipilot/cranium/install/dream_world/share/dream_world/models/Depot/materials/textures/FANS_Roughness.png
-- Up-to-date symlink: /home/shreedhar/cognipilot/cranium/install/dream_world/share/dream_world/models/Depot/materials/textures/FLOOR_Albedo.png
-- Up-to-date symlink: /home/shreedhar/cognipilot/cranium/install/dream_world/share/dream_world/models/Depot/materials/textures/FLOOR_Metalness.png
-- Up-to-date symlink: /home/shreedhar/cognipilot/cranium/install/dream_world/share/dream_world/models/Depot/materials/textures/FLOOR_Normal.png
-- Up-to-date symlink: /home/shreedhar/cognipilot/cranium/install/dream_world/share/dream_world/models/Depot/materials/textures/FLOOR_Roughness.png
-- Up-to-date symlink: /home/shreedhar/cognipilot/cranium/install/dream_world/share/dream_world/models/Depot/materials/textures/FanBack_FanBack_BaseColor.png
-- Up-to-date symlink: /home/shreedhar/cognipilot/cranium/install/dream_world/share/dream_world/models/Depot/materials/textures/FireAlarmPole_Albedo.png
-- Up-to-date symlink: /home/shreedhar/cognipilot/cranium/install/dream_world/share/dream_world/models/Depot/materials/textures/FireAlarmPole_Metalness.png
-- Up-to-date symlink: /home/shreedhar/cognipilot/cranium/install/dream_world/share/dream_world/models/Depot/materials/textures/FireAlarmPole_Normal.png
-- Up-to-date symlink: /home/shreedhar/cognipilot/cranium/install/dream_world/share/dream_world/models/Depot/materials/textures/FireAlarmPole_Roughness.png
-- Up-to-date symlink: /home/shreedhar/cognipilot/cranium/install/dream_world/share/dream_world/models/Depot/materials/textures/FireAlarm_Albedo.png
-- Up-to-date symlink: /home/shreedhar/cognipilot/cranium/install/dream_world/share/dream_world/models/Depot/materials/textures/FireAlarm_Metalness.png
-- Up-to-date symlink: /home/shreedhar/cognipilot/cranium/install/dream_world/share/dream_world/models/Depot/materials/textures/FireAlarm_Normal.png
-- Up-to-date symlink: /home/shreedhar/cognipilot/cranium/install/dream_world/share/dream_world/models/Depot/materials/textures/FireAlarm_Roughness.png
-- Up-to-date symlink: /home/shreedhar/cognipilot/cranium/install/dream_world/share/dream_world/models/Depot/materials/textures/Forklift_Forklift_BaseColor.png
-- Up-to-date symlink: /home/shreedhar/cognipilot/cranium/install/dream_world/share/dream_world/models/Depot/materials/textures/Forklift_Forklift_Metallic.png
-- Up-to-date symlink: /home/shreedhar/cognipilot/cranium/install/dream_world/share/dream_world/models/Depot/materials/textures/Forklift_Forklift_Normal.png
-- Up-to-date symlink: /home/shreedhar/cognipilot/cranium/install/dream_world/share/dream_world/models/Depot/materials/textures/Forklift_Forklift_Roughness.png
-- Up-to-date symlink: /home/shreedhar/cognipilot/cranium/install/dream_world/share/dream_world/models/Depot/materials/textures/INTERCOM_Albedo.png
-- Up-to-date symlink: /home/shreedhar/cognipilot/cranium/install/dream_world/share/dream_world/models/Depot/materials/textures/INTERCOM_Emissive.png
-- Up-to-date symlink: /home/shreedhar/cognipilot/cranium/install/dream_world/share/dream_world/models/Depot/materials/textures/INTERCOM_Metalness.png
-- Up-to-date symlink: /home/shreedhar/cognipilot/cranium/install/dream_world/share/dream_world/models/Depot/materials/textures/INTERCOM_Normal.png
-- Up-to-date symlink: /home/shreedhar/cognipilot/cranium/install/dream_world/share/dream_world/models/Depot/materials/textures/INTERCOM_Roughness.png
-- Up-to-date symlink: /home/shreedhar/cognipilot/cranium/install/dream_world/share/dream_world/models/Depot/materials/textures/PILLERS_Albedo.png
-- Up-to-date symlink: /home/shreedhar/cognipilot/cranium/install/dream_world/share/dream_world/models/Depot/materials/textures/PILLERS_Metalness.png
-- Up-to-date symlink: /home/shreedhar/cognipilot/cranium/install/dream_world/share/dream_world/models/Depot/materials/textures/PILLERS_Normal.png
-- Up-to-date symlink: /home/shreedhar/cognipilot/cranium/install/dream_world/share/dream_world/models/Depot/materials/textures/PILLERS_Roughness.png
-- Up-to-date symlink: /home/shreedhar/cognipilot/cranium/install/dream_world/share/dream_world/models/Depot/materials/textures/Pipes_Albedo.png
-- Up-to-date symlink: /home/shreedhar/cognipilot/cranium/install/dream_world/share/dream_world/models/Depot/materials/textures/Pipes_Metalness.png
-- Up-to-date symlink: /home/shreedhar/cognipilot/cranium/install/dream_world/share/dream_world/models/Depot/materials/textures/Pipes_Normal.png
-- Up-to-date symlink: /home/shreedhar/cognipilot/cranium/install/dream_world/share/dream_world/models/Depot/materials/textures/Pipes_Roughness.png
-- Up-to-date symlink: /home/shreedhar/cognipilot/cranium/install/dream_world/share/dream_world/models/Depot/materials/textures/ROOF_Albedo.png
-- Up-to-date symlink: /home/shreedhar/cognipilot/cranium/install/dream_world/share/dream_world/models/Depot/materials/textures/ROOF_Emissive.png
-- Up-to-date symlink: /home/shreedhar/cognipilot/cranium/install/dream_world/share/dream_world/models/Depot/materials/textures/ROOF_Metalness.png
-- Up-to-date symlink: /home/shreedhar/cognipilot/cranium/install/dream_world/share/dream_world/models/Depot/materials/textures/ROOF_Normal.png
-- Up-to-date symlink: /home/shreedhar/cognipilot/cranium/install/dream_world/share/dream_world/models/Depot/materials/textures/ROOF_Roughness.png
-- Up-to-date symlink: /home/shreedhar/cognipilot/cranium/install/dream_world/share/dream_world/models/Depot/materials/textures/STAIRS_Albedo.png
-- Up-to-date symlink: /home/shreedhar/cognipilot/cranium/install/dream_world/share/dream_world/models/Depot/materials/textures/STAIRS_Metalness.png
-- Up-to-date symlink: /home/shreedhar/cognipilot/cranium/install/dream_world/share/dream_world/models/Depot/materials/textures/STAIRS_Normal.png
-- Up-to-date symlink: /home/shreedhar/cognipilot/cranium/install/dream_world/share/dream_world/models/Depot/materials/textures/STAIRS_Roughness.png
-- Up-to-date symlink: /home/shreedhar/cognipilot/cranium/install/dream_world/share/dream_world/models/Depot/materials/textures/WALLS_Albedo.png
-- Up-to-date symlink: /home/shreedhar/cognipilot/cranium/install/dream_world/share/dream_world/models/Depot/materials/textures/WALLS_Metalness.png
-- Up-to-date symlink: /home/shreedhar/cognipilot/cranium/install/dream_world/share/dream_world/models/Depot/materials/textures/WALLS_Normal.png
-- Up-to-date symlink: /home/shreedhar/cognipilot/cranium/install/dream_world/share/dream_world/models/Depot/materials/textures/WALLS_Roughness.png
-- Up-to-date symlink: /home/shreedhar/cognipilot/cranium/install/dream_world/share/dream_world/models/Depot/materials/textures/Window_WINDOW_BaseColor.png
-- Up-to-date symlink: /home/shreedhar/cognipilot/cranium/install/dream_world/share/dream_world/models/Depot/materials/textures/Window_WINDOW_Metallic.png
-- Up-to-date symlink: /home/shreedhar/cognipilot/cranium/install/dream_world/share/dream_world/models/Depot/materials/textures/Window_WINDOW_Roughness.png
-- Up-to-date symlink: /home/shreedhar/cognipilot/cranium/install/dream_world/share/dream_world/models/Depot/meshes/Crates.dae
-- Up-to-date symlink: /home/shreedhar/cognipilot/cranium/install/dream_world/share/dream_world/models/Depot/meshes/Depot.dae
-- Up-to-date symlink: /home/shreedhar/cognipilot/cranium/install/dream_world/share/dream_world/models/Depot/model.config
-- Up-to-date symlink: /home/shreedhar/cognipilot/cranium/install/dream_world/share/dream_world/models/Depot/model.sdf
-- Up-to-date symlink: /home/shreedhar/cognipilot/cranium/install/dream_world/share/dream_world/models/Depot/thumbnails/0.png
-- Up-to-date symlink: /home/shreedhar/cognipilot/cranium/install/dream_world/share/dream_world/models/Depot/thumbnails/1.png
-- Up-to-date symlink: /home/shreedhar/cognipilot/cranium/install/dream_world/share/dream_world/models/Depot/thumbnails/2.png
-- Up-to-date symlink: /home/shreedhar/cognipilot/cranium/install/dream_world/share/dream_world/models/Depot/thumbnails/3.png
-- Up-to-date symlink: /home/shreedhar/cognipilot/cranium/install/dream_world/share/dream_world/models/Depot/thumbnails/4.png
-- Up-to-date symlink: /home/shreedhar/cognipilot/cranium/install/dream_world/share/dream_world/models/Depot/thumbnails/5.png
-- Up-to-date symlink: /home/shreedhar/cognipilot/cranium/install/dream_world/share/dream_world/models/Grand_Finale_Track/LICENSE
-- Up-to-date symlink: /home/shreedhar/cognipilot/cranium/install/dream_world/share/dream_world/models/Grand_Finale_Track/meshes/BridgeWallCollision.dae
-- Up-to-date symlink: /home/shreedhar/cognipilot/cranium/install/dream_world/share/dream_world/models/Grand_Finale_Track/meshes/BridgeWallCollision_2 (copy).dae
-- Up-to-date symlink: /home/shreedhar/cognipilot/cranium/install/dream_world/share/dream_world/models/Grand_Finale_Track/meshes/BridgeWallCollision_2.dae
-- Up-to-date symlink: /home/shreedhar/cognipilot/cranium/install/dream_world/share/dream_world/models/Grand_Finale_Track/meshes/Bridge_new.dae
-- Up-to-date symlink: /home/shreedhar/cognipilot/cranium/install/dream_world/share/dream_world/models/Grand_Finale_Track/meshes/Raceway2.dae
-- Up-to-date symlink: /home/shreedhar/cognipilot/cranium/install/dream_world/share/dream_world/models/Grand_Finale_Track/meshes/Track.dae
-- Up-to-date symlink: /home/shreedhar/cognipilot/cranium/install/dream_world/share/dream_world/models/Grand_Finale_Track/meshes/Track_2.dae
-- Up-to-date symlink: /home/shreedhar/cognipilot/cranium/install/dream_world/share/dream_world/models/Grand_Finale_Track/meshes/bridge_extension.dae
-- Up-to-date symlink: /home/shreedhar/cognipilot/cranium/install/dream_world/share/dream_world/models/Grand_Finale_Track/meshes/bridge_exterior.dae
-- Up-to-date symlink: /home/shreedhar/cognipilot/cranium/install/dream_world/share/dream_world/models/Grand_Finale_Track/meshes/bridge_interior.dae
-- Up-to-date symlink: /home/shreedhar/cognipilot/cranium/install/dream_world/share/dream_world/models/Grand_Finale_Track/meshes/bridge_side.dae
-- Up-to-date symlink: /home/shreedhar/cognipilot/cranium/install/dream_world/share/dream_world/models/Grand_Finale_Track/meshes/rumble_new.dae
-- Up-to-date symlink: /home/shreedhar/cognipilot/cranium/install/dream_world/share/dream_world/models/Grand_Finale_Track/meshes/tunnel.dae
-- Up-to-date symlink: /home/shreedhar/cognipilot/cranium/install/dream_world/share/dream_world/models/Grand_Finale_Track/meshes/tunnel2.dae
-- Up-to-date symlink: /home/shreedhar/cognipilot/cranium/install/dream_world/share/dream_world/models/Grand_Finale_Track/model.config
-- Up-to-date symlink: /home/shreedhar/cognipilot/cranium/install/dream_world/share/dream_world/models/Grand_Finale_Track/model.sdf
-- Up-to-date symlink: /home/shreedhar/cognipilot/cranium/install/dream_world/share/dream_world/models/NXP_AIM_S3_Qualifiers_Track/meshes/NXP_AIM_S3_Qualifiers_Track.dae
-- Up-to-date symlink: /home/shreedhar/cognipilot/cranium/install/dream_world/share/dream_world/models/NXP_AIM_S3_Qualifiers_Track/meshes/NXP_AIM_S3_Qualifiers_Track_bad.dae
-- Up-to-date symlink: /home/shreedhar/cognipilot/cranium/install/dream_world/share/dream_world/models/NXP_AIM_S3_Qualifiers_Track/meshes/NXP_AIM_S3_Qualifiers_Track_last.dae
-- Up-to-date symlink: /home/shreedhar/cognipilot/cranium/install/dream_world/share/dream_world/models/NXP_AIM_S3_Qualifiers_Track/meshes/NXP_AIM_S3_Qualifiers_Track_latest.dae
-- Up-to-date symlink: /home/shreedhar/cognipilot/cranium/install/dream_world/share/dream_world/models/NXP_AIM_S3_Qualifiers_Track/meshes/NXP_AIM_S3_Qualifiers_Track_nice.dae
-- Up-to-date symlink: /home/shreedhar/cognipilot/cranium/install/dream_world/share/dream_world/models/NXP_AIM_S3_Qualifiers_Track/meshes/NXP_AIM_S3_Qualifiers_Track_not.dae
-- Up-to-date symlink: /home/shreedhar/cognipilot/cranium/install/dream_world/share/dream_world/models/NXP_AIM_S3_Qualifiers_Track/meshes/NXP_AIM_S3_Qualifiers_Track_ok.dae
-- Up-to-date symlink: /home/shreedhar/cognipilot/cranium/install/dream_world/share/dream_world/models/NXP_AIM_S3_Qualifiers_Track/meshes/NXP_AIM_S3_Qualifiers_Track_old_white.dae
-- Up-to-date symlink: /home/shreedhar/cognipilot/cranium/install/dream_world/share/dream_world/models/NXP_AIM_S3_Qualifiers_Track/meshes/NXP_AIM_S3_Qualifiers_Track_olddd.dae
-- Up-to-date symlink: /home/shreedhar/cognipilot/cranium/install/dream_world/share/dream_world/models/NXP_AIM_S3_Qualifiers_Track/meshes/NXP_AIM_S3_Qualifiers_Track_sofa.dae
-- Up-to-date symlink: /home/shreedhar/cognipilot/cranium/install/dream_world/share/dream_world/models/NXP_AIM_S3_Qualifiers_Track/meshes/NXP_AIM_S3_Qualifiers_Track_test.dae
-- Up-to-date symlink: /home/shreedhar/cognipilot/cranium/install/dream_world/share/dream_world/models/NXP_AIM_S3_Qualifiers_Track/meshes/NXP_AIM_S3_Qualifiers_Track_white.dae
-- Up-to-date symlink: /home/shreedhar/cognipilot/cranium/install/dream_world/share/dream_world/models/NXP_AIM_S3_Qualifiers_Track/meshes/NXP_AIM_S3_Qualifiers_Track_white_lligt.dae
-- Up-to-date symlink: /home/shreedhar/cognipilot/cranium/install/dream_world/share/dream_world/models/NXP_AIM_S3_Qualifiers_Track/meshes/NXP_AIM_S3_Qualifiers_Track_working.dae
-- Up-to-date symlink: /home/shreedhar/cognipilot/cranium/install/dream_world/share/dream_world/models/NXP_AIM_S3_Qualifiers_Track/model.config
-- Up-to-date symlink: /home/shreedhar/cognipilot/cranium/install/dream_world/share/dream_world/models/NXP_AIM_S3_Qualifiers_Track/model.sdf
-- Up-to-date symlink: /home/shreedhar/cognipilot/cranium/install/dream_world/share/dream_world/models/Raceway_1/LICENSE
-- Up-to-date symlink: /home/shreedhar/cognipilot/cranium/install/dream_world/share/dream_world/models/Raceway_1/meshes/Bridge.dae
-- Up-to-date symlink: /home/shreedhar/cognipilot/cranium/install/dream_world/share/dream_world/models/Raceway_1/meshes/Bridge_new.dae
-- Up-to-date symlink: /home/shreedhar/cognipilot/cranium/install/dream_world/share/dream_world/models/Raceway_1/meshes/Rumble.dae
-- Up-to-date symlink: /home/shreedhar/cognipilot/cranium/install/dream_world/share/dream_world/models/Raceway_1/meshes/Track.dae
-- Up-to-date symlink: /home/shreedhar/cognipilot/cranium/install/dream_world/share/dream_world/models/Raceway_1/meshes/bridge_extension.dae
-- Up-to-date symlink: /home/shreedhar/cognipilot/cranium/install/dream_world/share/dream_world/models/Raceway_1/meshes/bridge_side.dae
-- Up-to-date symlink: /home/shreedhar/cognipilot/cranium/install/dream_world/share/dream_world/models/Raceway_1/meshes/rumble_new.dae
-- Up-to-date symlink: /home/shreedhar/cognipilot/cranium/install/dream_world/share/dream_world/models/Raceway_1/meshes/track2.dae
-- Up-to-date symlink: /home/shreedhar/cognipilot/cranium/install/dream_world/share/dream_world/models/Raceway_1/meshes/tunnel.dae
-- Up-to-date symlink: /home/shreedhar/cognipilot/cranium/install/dream_world/share/dream_world/models/Raceway_1/meshes/tunnel2.dae
-- Up-to-date symlink: /home/shreedhar/cognipilot/cranium/install/dream_world/share/dream_world/models/Raceway_1/model.config
-- Up-to-date symlink: /home/shreedhar/cognipilot/cranium/install/dream_world/share/dream_world/models/Raceway_1/model.sdf
-- Up-to-date symlink: /home/shreedhar/cognipilot/cranium/install/dream_world/share/dream_world/models/Raceway_2/LICENSE
-- Up-to-date symlink: /home/shreedhar/cognipilot/cranium/install/dream_world/share/dream_world/models/Raceway_2/meshes/BridgeWallCollision.dae
-- Up-to-date symlink: /home/shreedhar/cognipilot/cranium/install/dream_world/share/dream_world/models/Raceway_2/meshes/BridgeWallCollision_2.dae
-- Up-to-date symlink: /home/shreedhar/cognipilot/cranium/install/dream_world/share/dream_world/models/Raceway_2/meshes/Raceway2.dae
-- Up-to-date symlink: /home/shreedhar/cognipilot/cranium/install/dream_world/share/dream_world/models/Raceway_2/meshes/Track.dae
-- Up-to-date symlink: /home/shreedhar/cognipilot/cranium/install/dream_world/share/dream_world/models/Raceway_2/meshes/Track_2.dae
-- Up-to-date symlink: /home/shreedhar/cognipilot/cranium/install/dream_world/share/dream_world/models/Raceway_2/meshes/bridge_exterior.dae
-- Up-to-date symlink: /home/shreedhar/cognipilot/cranium/install/dream_world/share/dream_world/models/Raceway_2/meshes/bridge_interior.dae
-- Up-to-date symlink: /home/shreedhar/cognipilot/cranium/install/dream_world/share/dream_world/models/Raceway_2/model.config
-- Up-to-date symlink: /home/shreedhar/cognipilot/cranium/install/dream_world/share/dream_world/models/Raceway_2/model.sdf
-- Up-to-date symlink: /home/shreedhar/cognipilot/cranium/install/dream_world/share/dream_world/models/barricade/materials/scripts/barricade.material
-- Up-to-date symlink: /home/shreedhar/cognipilot/cranium/install/dream_world/share/dream_world/models/barricade/materials/textures/barricade.png
-- Up-to-date symlink: /home/shreedhar/cognipilot/cranium/install/dream_world/share/dream_world/models/barricade/materials/textures/blue.png
-- Up-to-date symlink: /home/shreedhar/cognipilot/cranium/install/dream_world/share/dream_world/models/barricade/model.config
-- Up-to-date symlink: /home/shreedhar/cognipilot/cranium/install/dream_world/share/dream_world/models/barricade/model.sdf
-- Up-to-date symlink: /home/shreedhar/cognipilot/cranium/install/dream_world/share/dream_world/models/car/materials/textures/hatchback_grey.png
-- Up-to-date symlink: /home/shreedhar/cognipilot/cranium/install/dream_world/share/dream_world/models/car/materials/textures/wheels2.png
-- Up-to-date symlink: /home/shreedhar/cognipilot/cranium/install/dream_world/share/dream_world/models/car/meshes/hatchback_grey.mtl
-- Up-to-date symlink: /home/shreedhar/cognipilot/cranium/install/dream_world/share/dream_world/models/car/meshes/hatchback_grey.obj
-- Up-to-date symlink: /home/shreedhar/cognipilot/cranium/install/dream_world/share/dream_world/models/car/model.config
-- Up-to-date symlink: /home/shreedhar/cognipilot/cranium/install/dream_world/share/dream_world/models/car/model.sdf
-- Up-to-date symlink: /home/shreedhar/cognipilot/cranium/install/dream_world/share/dream_world/models/car_blue/materials/textures/hatchback.png
-- Up-to-date symlink: /home/shreedhar/cognipilot/cranium/install/dream_world/share/dream_world/models/car_blue/meshes/hatchback.mtl
-- Up-to-date symlink: /home/shreedhar/cognipilot/cranium/install/dream_world/share/dream_world/models/car_blue/meshes/hatchback.obj
-- Up-to-date symlink: /home/shreedhar/cognipilot/cranium/install/dream_world/share/dream_world/models/car_blue/model.config
-- Up-to-date symlink: /home/shreedhar/cognipilot/cranium/install/dream_world/share/dream_world/models/car_blue/model.sdf
-- Up-to-date symlink: /home/shreedhar/cognipilot/cranium/install/dream_world/share/dream_world/models/finish_line/materials/scripts/finish_line.material
-- Up-to-date symlink: /home/shreedhar/cognipilot/cranium/install/dream_world/share/dream_world/models/finish_line/materials/textures/finish.png
-- Up-to-date symlink: /home/shreedhar/cognipilot/cranium/install/dream_world/share/dream_world/models/finish_line/materials/textures/finish1.png
-- Up-to-date symlink: /home/shreedhar/cognipilot/cranium/install/dream_world/share/dream_world/models/finish_line/materials/textures/race.png
-- Up-to-date symlink: /home/shreedhar/cognipilot/cranium/install/dream_world/share/dream_world/models/finish_line/model.config
-- Up-to-date symlink: /home/shreedhar/cognipilot/cranium/install/dream_world/share/dream_world/models/finish_line/model.sdf
-- Up-to-date symlink: /home/shreedhar/cognipilot/cranium/install/dream_world/share/dream_world/models/fire_hydrant/materials/textures/fire_hydrant_diffuse.png
-- Up-to-date symlink: /home/shreedhar/cognipilot/cranium/install/dream_world/share/dream_world/models/fire_hydrant/materials/textures/fire_hydrant_spec.png
-- Up-to-date symlink: /home/shreedhar/cognipilot/cranium/install/dream_world/share/dream_world/models/fire_hydrant/meshes/fire_hydrant.dae
-- Up-to-date symlink: /home/shreedhar/cognipilot/cranium/install/dream_world/share/dream_world/models/fire_hydrant/model.config
-- Up-to-date symlink: /home/shreedhar/cognipilot/cranium/install/dream_world/share/dream_world/models/fire_hydrant/model.sdf
-- Up-to-date symlink: /home/shreedhar/cognipilot/cranium/install/dream_world/share/dream_world/models/hatchback_red/materials/textures/hatchback_red.png
-- Up-to-date symlink: /home/shreedhar/cognipilot/cranium/install/dream_world/share/dream_world/models/hatchback_red/meshes/hatchback_red.mtl
-- Up-to-date symlink: /home/shreedhar/cognipilot/cranium/install/dream_world/share/dream_world/models/hatchback_red/meshes/hatchback_red.obj
-- Up-to-date symlink: /home/shreedhar/cognipilot/cranium/install/dream_world/share/dream_world/models/hatchback_red/model.config
-- Up-to-date symlink: /home/shreedhar/cognipilot/cranium/install/dream_world/share/dream_world/models/hatchback_red/model.sdf
-- Up-to-date symlink: /home/shreedhar/cognipilot/cranium/install/dream_world/share/dream_world/models/hatchback_red/thumbnails/1.png
-- Up-to-date symlink: /home/shreedhar/cognipilot/cranium/install/dream_world/share/dream_world/models/hatchback_red/thumbnails/2.png
-- Up-to-date symlink: /home/shreedhar/cognipilot/cranium/install/dream_world/share/dream_world/models/hatchback_red/thumbnails/3.png
-- Up-to-date symlink: /home/shreedhar/cognipilot/cranium/install/dream_world/share/dream_world/models/hatchback_red/thumbnails/4.png
-- Up-to-date symlink: /home/shreedhar/cognipilot/cranium/install/dream_world/share/dream_world/models/hatchback_red/thumbnails/5.png
-- Up-to-date symlink: /home/shreedhar/cognipilot/cranium/install/dream_world/share/dream_world/models/oak_tree_mini/materials/scripts/caster_fp.glsl
-- Up-to-date symlink: /home/shreedhar/cognipilot/cranium/install/dream_world/share/dream_world/models/oak_tree_mini/materials/scripts/caster_vp.glsl
-- Up-to-date symlink: /home/shreedhar/cognipilot/cranium/install/dream_world/share/dream_world/models/oak_tree_mini/materials/scripts/oak_tree.material
-- Up-to-date symlink: /home/shreedhar/cognipilot/cranium/install/dream_world/share/dream_world/models/oak_tree_mini/materials/textures/bark_diffuse.png
-- Up-to-date symlink: /home/shreedhar/cognipilot/cranium/install/dream_world/share/dream_world/models/oak_tree_mini/materials/textures/branch_diffuse.png
-- Up-to-date symlink: /home/shreedhar/cognipilot/cranium/install/dream_world/share/dream_world/models/oak_tree_mini/meshes/oak_tree.dae
-- Up-to-date symlink: /home/shreedhar/cognipilot/cranium/install/dream_world/share/dream_world/models/oak_tree_mini/model.config
-- Up-to-date symlink: /home/shreedhar/cognipilot/cranium/install/dream_world/share/dream_world/models/oak_tree_mini/model.sdf
-- Up-to-date symlink: /home/shreedhar/cognipilot/cranium/install/dream_world/share/dream_world/models/start_point/materials/scripts/start_point.material
-- Up-to-date symlink: /home/shreedhar/cognipilot/cranium/install/dream_world/share/dream_world/models/start_point/materials/textures/race.png
-- Up-to-date symlink: /home/shreedhar/cognipilot/cranium/install/dream_world/share/dream_world/models/start_point/model.config
-- Up-to-date symlink: /home/shreedhar/cognipilot/cranium/install/dream_world/share/dream_world/models/start_point/start_point.sdf
-- Up-to-date symlink: /home/shreedhar/cognipilot/cranium/install/dream_world/share/dream_world/models/start_sign/materials/scripts/stop.material
-- Up-to-date symlink: /home/shreedhar/cognipilot/cranium/install/dream_world/share/dream_world/models/start_sign/materials/textures/blue.png
-- Up-to-date symlink: /home/shreedhar/cognipilot/cranium/install/dream_world/share/dream_world/models/start_sign/materials/textures/green.png
-- Up-to-date symlink: /home/shreedhar/cognipilot/cranium/install/dream_world/share/dream_world/models/start_sign/materials/textures/red.png
-- Up-to-date symlink: /home/shreedhar/cognipilot/cranium/install/dream_world/share/dream_world/models/start_sign/materials/textures/start.png
-- Up-to-date symlink: /home/shreedhar/cognipilot/cranium/install/dream_world/share/dream_world/models/start_sign/model.config
-- Up-to-date symlink: /home/shreedhar/cognipilot/cranium/install/dream_world/share/dream_world/models/start_sign/model.sdf
-- Up-to-date symlink: /home/shreedhar/cognipilot/cranium/install/dream_world/share/dream_world/models/stop_sign/materials/scripts/stop.material
-- Up-to-date symlink: /home/shreedhar/cognipilot/cranium/install/dream_world/share/dream_world/models/stop_sign/materials/textures/Stop.png
-- Up-to-date symlink: /home/shreedhar/cognipilot/cranium/install/dream_world/share/dream_world/models/stop_sign/materials/textures/blue.png
-- Up-to-date symlink: /home/shreedhar/cognipilot/cranium/install/dream_world/share/dream_world/models/stop_sign/materials/textures/green.png
-- Up-to-date symlink: /home/shreedhar/cognipilot/cranium/install/dream_world/share/dream_world/models/stop_sign/materials/textures/red.png
-- Up-to-date symlink: /home/shreedhar/cognipilot/cranium/install/dream_world/share/dream_world/models/stop_sign/model.config
-- Up-to-date symlink: /home/shreedhar/cognipilot/cranium/install/dream_world/share/dream_world/models/stop_sign/model.sdf
-- Up-to-date symlink: /home/shreedhar/cognipilot/cranium/install/dream_world/share/dream_world/models/stop_traffic_sign/materials/scripts/stop.material
-- Up-to-date symlink: /home/shreedhar/cognipilot/cranium/install/dream_world/share/dream_world/models/stop_traffic_sign/materials/textures/Stop.png
-- Up-to-date symlink: /home/shreedhar/cognipilot/cranium/install/dream_world/share/dream_world/models/stop_traffic_sign/model.config
-- Up-to-date symlink: /home/shreedhar/cognipilot/cranium/install/dream_world/share/dream_world/models/stop_traffic_sign/model.sdf
-- Up-to-date symlink: /home/shreedhar/cognipilot/cranium/install/dream_world/share/dream_world/models/test_track_v12/meshes/test_track_v12.dae
-- Up-to-date symlink: /home/shreedhar/cognipilot/cranium/install/dream_world/share/dream_world/models/test_track_v12/model.config
-- Up-to-date symlink: /home/shreedhar/cognipilot/cranium/install/dream_world/share/dream_world/models/test_track_v12/model.sdf
-- Up-to-date symlink: /home/shreedhar/cognipilot/cranium/install/dream_world/share/dream_world/worlds/Grand_Finale_Track.sdf
-- Up-to-date symlink: /home/shreedhar/cognipilot/cranium/install/dream_world/share/dream_world/worlds/NXP_AIM_S3_Qualifiers_Track.sdf
-- Up-to-date symlink: /home/shreedhar/cognipilot/cranium/install/dream_world/share/dream_world/worlds/Raceway_1.sdf
-- Up-to-date symlink: /home/shreedhar/cognipilot/cranium/install/dream_world/share/dream_world/worlds/Raceway_1_difficult.sdf
-- Up-to-date symlink: /home/shreedhar/cognipilot/cranium/install/dream_world/share/dream_world/worlds/Raceway_2.sdf
-- Up-to-date symlink: /home/shreedhar/cognipilot/cranium/install/dream_world/share/dream_world/worlds/basic_map.sdf
-- Up-to-date symlink: /home/shreedhar/cognipilot/cranium/install/dream_world/share/dream_world/worlds/depot.sdf
-- Up-to-date symlink: /home/shreedhar/cognipilot/cranium/install/dream_world/share/dream_world/worlds/test_track_v12.sdf
-- Up-to-date symlink: /home/shreedhar/cognipilot/cranium/install/dream_world/share/dream_world/environment/dream_world.dsv
-- Up-to-date symlink: /home/shreedhar/cognipilot/cranium/install/dream_world/share/ament_index/resource_index/package_run_dependencies/dream_world
-- Up-to-date symlink: /home/shreedhar/cognipilot/cranium/install/dream_world/share/ament_index/resource_index/parent_prefix_path/dream_world
-- Up-to-date symlink: /home/shreedhar/cognipilot/cranium/install/dream_world/share/dream_world/environment/ament_prefix_path.sh
-- Up-to-date symlink: /home/shreedhar/cognipilot/cranium/install/dream_world/share/dream_world/environment/ament_prefix_path.dsv
-- Up-to-date symlink: /home/shreedhar/cognipilot/cranium/install/dream_world/share/dream_world/environment/path.sh
-- Up-to-date symlink: /home/shreedhar/cognipilot/cranium/install/dream_world/share/dream_world/environment/path.dsv
-- Up-to-date symlink: /home/shreedhar/cognipilot/cranium/install/dream_world/share/dream_world/local_setup.bash
-- Up-to-date symlink: /home/shreedhar/cognipilot/cranium/install/dream_world/share/dream_world/local_setup.sh
-- Up-to-date symlink: /home/shreedhar/cognipilot/cranium/install/dream_world/share/dream_world/local_setup.zsh
-- Up-to-date symlink: /home/shreedhar/cognipilot/cranium/install/dream_world/share/dream_world/local_setup.dsv
-- Symlinking: /home/shreedhar/cognipilot/cranium/install/dream_world/share/dream_world/package.dsv
-- Up-to-date symlink: /home/shreedhar/cognipilot/cranium/install/dream_world/share/ament_index/resource_index/packages/dream_world
-- Up-to-date symlink: /home/shreedhar/cognipilot/cranium/install/dream_world/share/dream_world/cmake/dream_worldConfig.cmake
-- Up-to-date symlink: /home/shreedhar/cognipilot/cranium/install/dream_world/share/dream_world/cmake/dream_worldConfig-version.cmake
-- Up-to-date symlink: /home/shreedhar/cognipilot/cranium/install/dream_world/share/dream_world/package.xml
