[0.007s] Invoking command in '/home/shreedhar/cognipilot/cranium/build/corti': AMENT_PREFIX_PATH=/home/shreedhar/cognipilot/cranium/install/synapse_msgs:${AMENT_PREFIX_PATH} CMAKE_PREFIX_PATH=/home/shreedhar/cognipilot/cranium/install/synapse_msgs:/opt/ros/humble LD_LIBRARY_PATH=/home/shreedhar/cognipilot/cranium/install/synapse_msgs/lib:${LD_LIBRARY_PATH} PYTHONPATH=/home/shreedhar/cognipilot/cranium/install/synapse_msgs/local/lib/python3.10/dist-packages:${PYTHONPATH} /usr/bin/cmake /home/shreedhar/cognipilot/cranium/src/corti -DAMENT_CMAKE_SYMLINK_INSTALL=1 -DCMAKE_INSTALL_PREFIX=/home/shreedhar/cognipilot/cranium/install/corti
[0.051s] -- The C compiler identification is GNU 11.4.0
[0.098s] -- The CXX compiler identification is GNU 11.4.0
[0.104s] -- Detecting C compiler ABI info
[0.167s] -- Detecting C compiler ABI info - done
[0.173s] -- Check for working C compiler: /usr/bin/cc - skipped
[0.173s] -- Detecting C compile features
[0.173s] -- Detecting C compile features - done
[0.175s] -- Detecting CXX compiler ABI info
[0.247s] -- Detecting CXX compiler ABI info - done
[0.254s] -- Check for working CXX compiler: /usr/bin/c++ - skipped
[0.254s] -- Detecting CXX compile features
[0.255s] -- Detecting CXX compile features - done
[0.258s] -- Found ament_cmake: 1.3.9 (/opt/ros/humble/share/ament_cmake/cmake)
[0.395s] -- Found Python3: /usr/bin/python3 (found version "3.10.12") found components: Interpreter 
[0.445s] -- Override CMake install command with custom implementation using symlinks instead of copying resources
[0.477s] -- Found geometry_msgs: 4.2.4 (/opt/ros/humble/share/geometry_msgs/cmake)
[0.512s] -- Found rosidl_generator_c: 3.1.5 (/opt/ros/humble/share/rosidl_generator_c/cmake)
[0.517s] -- Found rosidl_adapter: 3.1.5 (/opt/ros/humble/share/rosidl_adapter/cmake)
[0.524s] -- Found rosidl_generator_cpp: 3.1.5 (/opt/ros/humble/share/rosidl_generator_cpp/cmake)
[0.536s] -- Using all available rosidl_typesupport_c: rosidl_typesupport_fastrtps_c;rosidl_typesupport_introspection_c
[0.553s] -- Using all available rosidl_typesupport_cpp: rosidl_typesupport_fastrtps_cpp;rosidl_typesupport_introspection_cpp
[0.650s] -- Found nav_msgs: 4.2.4 (/opt/ros/humble/share/nav_msgs/cmake)
[0.722s] -- Found rclcpp: 16.0.9 (/opt/ros/humble/share/rclcpp/cmake)
[0.773s] -- Found rmw_implementation_cmake: 6.1.2 (/opt/ros/humble/share/rmw_implementation_cmake/cmake)
[0.776s] -- Found rmw_cyclonedds_cpp: 1.3.4 (/opt/ros/humble/share/rmw_cyclonedds_cpp/cmake)
[0.803s] -- Using RMW implementation 'rmw_cyclonedds_cpp' as default
[0.812s] -- Looking for pthread.h
[0.878s] -- Looking for pthread.h - found
[0.878s] -- Performing Test CMAKE_HAVE_LIBC_PTHREAD
[0.953s] -- Performing Test CMAKE_HAVE_LIBC_PTHREAD - Success
[0.954s] -- Found Threads: TRUE  
[1.076s] -- Found rclpy: 3.3.13 (/opt/ros/humble/share/rclpy/cmake)
[1.077s] -- Found synapse_msgs: 0.0.1 (/home/shreedhar/cognipilot/cranium/install/synapse_msgs/share/synapse_msgs/cmake)
[1.114s] -- Found tf2: 0.25.7 (/opt/ros/humble/share/tf2/cmake)
[1.130s] -- Found tf2_ros: 0.25.7 (/opt/ros/humble/share/tf2_ros/cmake)
[1.421s] -- Found ament_lint_auto: 0.12.11 (/opt/ros/humble/share/ament_lint_auto/cmake)
[1.517s] -- Added test 'cppcheck' to perform static code analysis on C / C++ code
[1.517s] -- Configured cppcheck include dirs: 
[1.517s] -- Configured cppcheck exclude dirs and/or files: 
[1.518s] -- Added test 'flake8' to check Python code syntax and style conventions
[1.519s] -- Added test 'lint_cmake' to check CMake code style
[1.520s] -- Added test 'pep257' to check Python code against some of the docstring style conventions in PEP 257
[1.524s] -- Added test 'uncrustify' to check C / C++ code style
[1.524s] -- Configured uncrustify additional arguments: 
[1.525s] -- Added test 'xmllint' to check XML markup files
[1.526s] -- Configuring done
[1.546s] -- Generating done
[1.548s] -- Build files have been written to: /home/shreedhar/cognipilot/cranium/build/corti
[1.558s] Invoked command in '/home/shreedhar/cognipilot/cranium/build/corti' returned '0': AMENT_PREFIX_PATH=/home/shreedhar/cognipilot/cranium/install/synapse_msgs:${AMENT_PREFIX_PATH} CMAKE_PREFIX_PATH=/home/shreedhar/cognipilot/cranium/install/synapse_msgs:/opt/ros/humble LD_LIBRARY_PATH=/home/shreedhar/cognipilot/cranium/install/synapse_msgs/lib:${LD_LIBRARY_PATH} PYTHONPATH=/home/shreedhar/cognipilot/cranium/install/synapse_msgs/local/lib/python3.10/dist-packages:${PYTHONPATH} /usr/bin/cmake /home/shreedhar/cognipilot/cranium/src/corti -DAMENT_CMAKE_SYMLINK_INSTALL=1 -DCMAKE_INSTALL_PREFIX=/home/shreedhar/cognipilot/cranium/install/corti
[1.559s] Invoking command in '/home/shreedhar/cognipilot/cranium/build/corti': AMENT_PREFIX_PATH=/home/shreedhar/cognipilot/cranium/install/synapse_msgs:${AMENT_PREFIX_PATH} CMAKE_PREFIX_PATH=/home/shreedhar/cognipilot/cranium/install/synapse_msgs:/opt/ros/humble LD_LIBRARY_PATH=/home/shreedhar/cognipilot/cranium/install/synapse_msgs/lib:${LD_LIBRARY_PATH} PYTHONPATH=/home/shreedhar/cognipilot/cranium/install/synapse_msgs/local/lib/python3.10/dist-packages:${PYTHONPATH} /usr/bin/cmake --build /home/shreedhar/cognipilot/cranium/build/corti -- -j12 -l12
[1.610s] [ 12%] Building C object CMakeFiles/bezier6.dir/src/casadi/bezier6.c.o
[1.615s] [ 37%] Building CXX object CMakeFiles/tf_to_odom.dir/src/tf_to_odom.cpp.o
[1.615s] [ 37%] Building CXX object CMakeFiles/odom_to_tf.dir/src/odom_to_tf.cpp.o
[1.629s] [ 37%] Built target ament_cmake_python_symlink_corti
[1.676s] [ 50%] Linking C static library libbezier6.a
[1.769s] [ 50%] Built target bezier6
[1.799s] [ 62%] Building CXX object CMakeFiles/rover_planner.dir/src/rover_planner.cpp.o
[2.006s] running egg_info
[2.007s] creating corti.egg-info
[2.007s] writing corti.egg-info/PKG-INFO
[2.008s] writing dependency_links to corti.egg-info/dependency_links.txt
[2.008s] writing top-level names to corti.egg-info/top_level.txt
[2.008s] writing manifest file 'corti.egg-info/SOURCES.txt'
[2.011s] reading manifest file 'corti.egg-info/SOURCES.txt'
[2.011s] writing manifest file 'corti.egg-info/SOURCES.txt'
[2.065s] [ 62%] Built target ament_cmake_python_build_corti_egg
[7.259s] [ 75%] Linking CXX executable tf_to_odom
[7.495s] [ 75%] Built target tf_to_odom
[9.145s] [ 87%] Linking CXX executable odom_to_tf
[9.465s] [ 87%] Built target odom_to_tf
[10.791s] [100%] Linking CXX executable rover_planner
[11.138s] [100%] Built target rover_planner
[11.147s] Invoked command in '/home/shreedhar/cognipilot/cranium/build/corti' returned '0': AMENT_PREFIX_PATH=/home/shreedhar/cognipilot/cranium/install/synapse_msgs:${AMENT_PREFIX_PATH} CMAKE_PREFIX_PATH=/home/shreedhar/cognipilot/cranium/install/synapse_msgs:/opt/ros/humble LD_LIBRARY_PATH=/home/shreedhar/cognipilot/cranium/install/synapse_msgs/lib:${LD_LIBRARY_PATH} PYTHONPATH=/home/shreedhar/cognipilot/cranium/install/synapse_msgs/local/lib/python3.10/dist-packages:${PYTHONPATH} /usr/bin/cmake --build /home/shreedhar/cognipilot/cranium/build/corti -- -j12 -l12
[11.181s] Invoking command in '/home/shreedhar/cognipilot/cranium/build/corti': AMENT_PREFIX_PATH=/home/shreedhar/cognipilot/cranium/install/synapse_msgs:${AMENT_PREFIX_PATH} CMAKE_PREFIX_PATH=/home/shreedhar/cognipilot/cranium/install/synapse_msgs:/opt/ros/humble LD_LIBRARY_PATH=/home/shreedhar/cognipilot/cranium/install/synapse_msgs/lib:${LD_LIBRARY_PATH} PYTHONPATH=/home/shreedhar/cognipilot/cranium/install/synapse_msgs/local/lib/python3.10/dist-packages:${PYTHONPATH} /usr/bin/cmake --install /home/shreedhar/cognipilot/cranium/build/corti
[11.188s] -- Install configuration: ""
[11.189s] -- Execute custom install script
[11.189s] -- Symlinking: /home/shreedhar/cognipilot/cranium/install/corti/share/corti/environment/pythonpath.sh
[11.197s] -- Symlinking: /home/shreedhar/cognipilot/cranium/install/corti/share/corti/environment/pythonpath.dsv
[11.206s] -- Symlinking: /home/shreedhar/cognipilot/cranium/install/corti/local/lib/python3.10/dist-packages/corti-0.0.0-py3.10.egg-info/PKG-INFO
[11.214s] -- Symlinking: /home/shreedhar/cognipilot/cranium/install/corti/local/lib/python3.10/dist-packages/corti-0.0.0-py3.10.egg-info/SOURCES.txt
[11.222s] -- Symlinking: /home/shreedhar/cognipilot/cranium/install/corti/local/lib/python3.10/dist-packages/corti-0.0.0-py3.10.egg-info/dependency_links.txt
[11.230s] -- Symlinking: /home/shreedhar/cognipilot/cranium/install/corti/local/lib/python3.10/dist-packages/corti-0.0.0-py3.10.egg-info/top_level.txt
[11.239s] -- Symlinking: /home/shreedhar/cognipilot/cranium/install/corti/local/lib/python3.10/dist-packages/corti/SE2Lie.py
[11.247s] -- Symlinking: /home/shreedhar/cognipilot/cranium/install/corti/local/lib/python3.10/dist-packages/corti/TimeOptBez.py
[11.255s] -- Symlinking: /home/shreedhar/cognipilot/cranium/install/corti/local/lib/python3.10/dist-packages/corti/__init__.py
[11.263s] -- Symlinking: /home/shreedhar/cognipilot/cranium/install/corti/local/lib/python3.10/dist-packages/corti/bezier_rover_planning.py
[11.271s] -- Symlinking: /home/shreedhar/cognipilot/cranium/install/corti/local/lib/python3.10/dist-packages/corti/rover_control.py
[11.279s] -- Symlinking: /home/shreedhar/cognipilot/cranium/install/corti/local/lib/python3.10/dist-packages/corti/rover_planning.py
[11.288s] -- Symlinking: /home/shreedhar/cognipilot/cranium/install/corti/lib/corti/rover_planner
[11.296s] -- Symlinking: /home/shreedhar/cognipilot/cranium/install/corti/lib/corti/odom_to_tf
[11.303s] -- Symlinking: /home/shreedhar/cognipilot/cranium/install/corti/lib/corti/tf_to_odom
[11.312s] -- Symlinking: /home/shreedhar/cognipilot/cranium/install/corti/share/corti/launch/corti.launch.py
[11.319s] -- Symlinking: /home/shreedhar/cognipilot/cranium/install/corti/share/corti/launch/virtual_joy.launch.py
[11.328s] -- Symlinking: /home/shreedhar/cognipilot/cranium/install/corti/lib/corti/virtual_joy.py
[11.336s] -- Symlinking: /home/shreedhar/cognipilot/cranium/install/corti/lib/corti/rover_fixed_trajectory.py
[11.344s] -- Symlinking: /home/shreedhar/cognipilot/cranium/install/corti/share/ament_index/resource_index/package_run_dependencies/corti
[11.353s] -- Symlinking: /home/shreedhar/cognipilot/cranium/install/corti/share/ament_index/resource_index/parent_prefix_path/corti
[11.361s] -- Symlinking: /home/shreedhar/cognipilot/cranium/install/corti/share/corti/environment/ament_prefix_path.sh
[11.369s] -- Symlinking: /home/shreedhar/cognipilot/cranium/install/corti/share/corti/environment/ament_prefix_path.dsv
[11.378s] -- Symlinking: /home/shreedhar/cognipilot/cranium/install/corti/share/corti/environment/path.sh
[11.386s] -- Symlinking: /home/shreedhar/cognipilot/cranium/install/corti/share/corti/environment/path.dsv
[11.394s] -- Symlinking: /home/shreedhar/cognipilot/cranium/install/corti/share/corti/local_setup.bash
[11.402s] -- Symlinking: /home/shreedhar/cognipilot/cranium/install/corti/share/corti/local_setup.sh
[11.410s] -- Symlinking: /home/shreedhar/cognipilot/cranium/install/corti/share/corti/local_setup.zsh
[11.419s] -- Symlinking: /home/shreedhar/cognipilot/cranium/install/corti/share/corti/local_setup.dsv
[11.427s] -- Symlinking: /home/shreedhar/cognipilot/cranium/install/corti/share/corti/package.dsv
[11.435s] -- Symlinking: /home/shreedhar/cognipilot/cranium/install/corti/share/ament_index/resource_index/packages/corti
[11.444s] -- Symlinking: /home/shreedhar/cognipilot/cranium/install/corti/share/corti/cmake/cortiConfig.cmake
[11.452s] -- Symlinking: /home/shreedhar/cognipilot/cranium/install/corti/share/corti/cmake/cortiConfig-version.cmake
[11.460s] -- Symlinking: /home/shreedhar/cognipilot/cranium/install/corti/share/corti/package.xml
[11.500s] Listing '/home/shreedhar/cognipilot/cranium/install/corti/local/lib/python3.10/dist-packages/corti'...
[11.500s] Compiling '/home/shreedhar/cognipilot/cranium/install/corti/local/lib/python3.10/dist-packages/corti/SE2Lie.py'...
[11.500s] Compiling '/home/shreedhar/cognipilot/cranium/install/corti/local/lib/python3.10/dist-packages/corti/TimeOptBez.py'...
[11.500s] Compiling '/home/shreedhar/cognipilot/cranium/install/corti/local/lib/python3.10/dist-packages/corti/__init__.py'...
[11.500s] Compiling '/home/shreedhar/cognipilot/cranium/install/corti/local/lib/python3.10/dist-packages/corti/bezier_rover_planning.py'...
[11.500s] Compiling '/home/shreedhar/cognipilot/cranium/install/corti/local/lib/python3.10/dist-packages/corti/rover_control.py'...
[11.500s] Compiling '/home/shreedhar/cognipilot/cranium/install/corti/local/lib/python3.10/dist-packages/corti/rover_planning.py'...
[11.506s] Invoked command in '/home/shreedhar/cognipilot/cranium/build/corti' returned '0': AMENT_PREFIX_PATH=/home/shreedhar/cognipilot/cranium/install/synapse_msgs:${AMENT_PREFIX_PATH} CMAKE_PREFIX_PATH=/home/shreedhar/cognipilot/cranium/install/synapse_msgs:/opt/ros/humble LD_LIBRARY_PATH=/home/shreedhar/cognipilot/cranium/install/synapse_msgs/lib:${LD_LIBRARY_PATH} PYTHONPATH=/home/shreedhar/cognipilot/cranium/install/synapse_msgs/local/lib/python3.10/dist-packages:${PYTHONPATH} /usr/bin/cmake --install /home/shreedhar/cognipilot/cranium/build/corti
