[0.055s] Invoking command in '/home/shreedhar/cognipilot/cranium/build/synapse_msgs': CMAKE_PREFIX_PATH=${CMAKE_PREFIX_PATH}:/home/shreedhar/cognipilot/cranium/install/nxp_cup_vision:/home/shreedhar/cognipilot/cranium/install/b3rb_ros_line_follower:/home/shreedhar/ros2_ws/install/my_robot_controller:/opt/ros/humble /usr/bin/cmake --build /home/shreedhar/cognipilot/cranium/build/synapse_msgs -- -j12 -l12
[0.136s] [ 12%] Built target synapse_msgs__rosidl_generator_c
[0.137s] [ 12%] Built target synapse_msgs__cpp
[0.147s] [ 12%] Built target ament_cmake_python_symlink_synapse_msgs
[0.177s] [ 23%] Built target synapse_msgs__rosidl_typesupport_cpp
[0.177s] [ 34%] Built target synapse_msgs__rosidl_typesupport_fastrtps_cpp
[0.180s] [ 46%] Built target synapse_msgs__rosidl_typesupport_introspection_cpp
[0.184s] [ 57%] Built target synapse_msgs__rosidl_typesupport_introspection_c
[0.188s] [ 79%] Built target synapse_msgs__rosidl_typesupport_c
[0.190s] [ 79%] Built target synapse_msgs__rosidl_typesupport_fastrtps_c
[0.218s] [ 79%] Built target synapse_msgs
[0.245s] [ 80%] Built target synapse_msgs__py
[0.268s] [ 90%] Built target synapse_msgs__rosidl_generator_py
[0.296s] [ 93%] Built target synapse_msgs__rosidl_typesupport_introspection_c__pyext
[0.296s] [ 98%] Built target synapse_msgs__rosidl_typesupport_c__pyext
[0.296s] [100%] Built target synapse_msgs__rosidl_typesupport_fastrtps_c__pyext
[0.420s] running egg_info
[0.421s] writing synapse_msgs.egg-info/PKG-INFO
[0.421s] writing dependency_links to synapse_msgs.egg-info/dependency_links.txt
[0.421s] writing top-level names to synapse_msgs.egg-info/top_level.txt
[0.425s] reading manifest file 'synapse_msgs.egg-info/SOURCES.txt'
[0.425s] writing manifest file 'synapse_msgs.egg-info/SOURCES.txt'
[0.456s] [100%] Built target ament_cmake_python_build_synapse_msgs_egg
[0.468s] Invoked command in '/home/shreedhar/cognipilot/cranium/build/synapse_msgs' returned '0': CMAKE_PREFIX_PATH=${CMAKE_PREFIX_PATH}:/home/shreedhar/cognipilot/cranium/install/nxp_cup_vision:/home/shreedhar/cognipilot/cranium/install/b3rb_ros_line_follower:/home/shreedhar/ros2_ws/install/my_robot_controller:/opt/ros/humble /usr/bin/cmake --build /home/shreedhar/cognipilot/cranium/build/synapse_msgs -- -j12 -l12
[0.607s] Invoking command in '/home/shreedhar/cognipilot/cranium/build/synapse_msgs': CMAKE_PREFIX_PATH=${CMAKE_PREFIX_PATH}:/home/shreedhar/cognipilot/cranium/install/nxp_cup_vision:/home/shreedhar/cognipilot/cranium/install/b3rb_ros_line_follower:/home/shreedhar/ros2_ws/install/my_robot_controller:/opt/ros/humble /usr/bin/cmake --install /home/shreedhar/cognipilot/cranium/build/synapse_msgs
[0.616s] -- Install configuration: ""
[0.616s] -- Execute custom install script
[0.617s] -- Up-to-date symlink: /home/shreedhar/cognipilot/cranium/install/synapse_msgs/share/ament_index/resource_index/rosidl_interfaces/synapse_msgs
[0.618s] -- Up-to-date symlink: /home/shreedhar/cognipilot/cranium/install/synapse_msgs/include/synapse_msgs/synapse_msgs/msg/bezier_curve.h
[0.618s] -- Up-to-date symlink: /home/shreedhar/cognipilot/cranium/install/synapse_msgs/include/synapse_msgs/synapse_msgs/msg/bezier_trajectory.h
[0.618s] -- Up-to-date symlink: /home/shreedhar/cognipilot/cranium/install/synapse_msgs/include/synapse_msgs/synapse_msgs/msg/detail/bezier_curve__functions.h
[0.619s] -- Up-to-date symlink: /home/shreedhar/cognipilot/cranium/install/synapse_msgs/include/synapse_msgs/synapse_msgs/msg/detail/bezier_curve__struct.h
[0.619s] -- Up-to-date symlink: /home/shreedhar/cognipilot/cranium/install/synapse_msgs/include/synapse_msgs/synapse_msgs/msg/detail/bezier_curve__type_support.h
[0.619s] -- Up-to-date symlink: /home/shreedhar/cognipilot/cranium/install/synapse_msgs/include/synapse_msgs/synapse_msgs/msg/detail/bezier_trajectory__functions.h
[0.619s] -- Up-to-date symlink: /home/shreedhar/cognipilot/cranium/install/synapse_msgs/include/synapse_msgs/synapse_msgs/msg/detail/bezier_trajectory__struct.h
[0.619s] -- Up-to-date symlink: /home/shreedhar/cognipilot/cranium/install/synapse_msgs/include/synapse_msgs/synapse_msgs/msg/detail/bezier_trajectory__type_support.h
[0.619s] -- Up-to-date symlink: /home/shreedhar/cognipilot/cranium/install/synapse_msgs/include/synapse_msgs/synapse_msgs/msg/detail/edge_vectors__functions.h
[0.620s] -- Up-to-date symlink: /home/shreedhar/cognipilot/cranium/install/synapse_msgs/include/synapse_msgs/synapse_msgs/msg/detail/edge_vectors__struct.h
[0.620s] -- Up-to-date symlink: /home/shreedhar/cognipilot/cranium/install/synapse_msgs/include/synapse_msgs/synapse_msgs/msg/detail/edge_vectors__type_support.h
[0.620s] -- Up-to-date symlink: /home/shreedhar/cognipilot/cranium/install/synapse_msgs/include/synapse_msgs/synapse_msgs/msg/detail/pixy_vector__functions.h
[0.620s] -- Up-to-date symlink: /home/shreedhar/cognipilot/cranium/install/synapse_msgs/include/synapse_msgs/synapse_msgs/msg/detail/pixy_vector__struct.h
[0.620s] -- Up-to-date symlink: /home/shreedhar/cognipilot/cranium/install/synapse_msgs/include/synapse_msgs/synapse_msgs/msg/detail/pixy_vector__type_support.h
[0.621s] -- Up-to-date symlink: /home/shreedhar/cognipilot/cranium/install/synapse_msgs/include/synapse_msgs/synapse_msgs/msg/detail/status__functions.h
[0.621s] -- Up-to-date symlink: /home/shreedhar/cognipilot/cranium/install/synapse_msgs/include/synapse_msgs/synapse_msgs/msg/detail/status__struct.h
[0.621s] -- Up-to-date symlink: /home/shreedhar/cognipilot/cranium/install/synapse_msgs/include/synapse_msgs/synapse_msgs/msg/detail/status__type_support.h
[0.621s] -- Up-to-date symlink: /home/shreedhar/cognipilot/cranium/install/synapse_msgs/include/synapse_msgs/synapse_msgs/msg/detail/traffic_status__functions.h
[0.622s] -- Up-to-date symlink: /home/shreedhar/cognipilot/cranium/install/synapse_msgs/include/synapse_msgs/synapse_msgs/msg/detail/traffic_status__struct.h
[0.622s] -- Up-to-date symlink: /home/shreedhar/cognipilot/cranium/install/synapse_msgs/include/synapse_msgs/synapse_msgs/msg/detail/traffic_status__type_support.h
[0.622s] -- Up-to-date symlink: /home/shreedhar/cognipilot/cranium/install/synapse_msgs/include/synapse_msgs/synapse_msgs/msg/edge_vectors.h
[0.622s] -- Up-to-date symlink: /home/shreedhar/cognipilot/cranium/install/synapse_msgs/include/synapse_msgs/synapse_msgs/msg/pixy_vector.h
[0.623s] -- Up-to-date symlink: /home/shreedhar/cognipilot/cranium/install/synapse_msgs/include/synapse_msgs/synapse_msgs/msg/rosidl_generator_c__visibility_control.h
[0.623s] -- Up-to-date symlink: /home/shreedhar/cognipilot/cranium/install/synapse_msgs/include/synapse_msgs/synapse_msgs/msg/status.h
[0.623s] -- Up-to-date symlink: /home/shreedhar/cognipilot/cranium/install/synapse_msgs/include/synapse_msgs/synapse_msgs/msg/traffic_status.h
[0.623s] -- Up-to-date symlink: /home/shreedhar/cognipilot/cranium/install/synapse_msgs/share/synapse_msgs/environment/library_path.sh
[0.624s] -- Up-to-date symlink: /home/shreedhar/cognipilot/cranium/install/synapse_msgs/share/synapse_msgs/environment/library_path.dsv
[0.624s] -- Up-to-date symlink: /home/shreedhar/cognipilot/cranium/install/synapse_msgs/include/synapse_msgs/synapse_msgs/msg/detail/bezier_curve__rosidl_typesupport_fastrtps_c.h
[0.625s] -- Up-to-date symlink: /home/shreedhar/cognipilot/cranium/install/synapse_msgs/include/synapse_msgs/synapse_msgs/msg/detail/bezier_trajectory__rosidl_typesupport_fastrtps_c.h
[0.625s] -- Up-to-date symlink: /home/shreedhar/cognipilot/cranium/install/synapse_msgs/include/synapse_msgs/synapse_msgs/msg/detail/edge_vectors__rosidl_typesupport_fastrtps_c.h
[0.625s] -- Up-to-date symlink: /home/shreedhar/cognipilot/cranium/install/synapse_msgs/include/synapse_msgs/synapse_msgs/msg/detail/pixy_vector__rosidl_typesupport_fastrtps_c.h
[0.625s] -- Up-to-date symlink: /home/shreedhar/cognipilot/cranium/install/synapse_msgs/include/synapse_msgs/synapse_msgs/msg/detail/status__rosidl_typesupport_fastrtps_c.h
[0.625s] -- Up-to-date symlink: /home/shreedhar/cognipilot/cranium/install/synapse_msgs/include/synapse_msgs/synapse_msgs/msg/detail/traffic_status__rosidl_typesupport_fastrtps_c.h
[0.626s] -- Up-to-date symlink: /home/shreedhar/cognipilot/cranium/install/synapse_msgs/include/synapse_msgs/synapse_msgs/msg/rosidl_typesupport_fastrtps_c__visibility_control.h
[0.626s] -- Up-to-date symlink: /home/shreedhar/cognipilot/cranium/install/synapse_msgs/include/synapse_msgs/synapse_msgs/msg/detail/bezier_curve__rosidl_typesupport_introspection_c.h
[0.626s] -- Up-to-date symlink: /home/shreedhar/cognipilot/cranium/install/synapse_msgs/include/synapse_msgs/synapse_msgs/msg/detail/bezier_trajectory__rosidl_typesupport_introspection_c.h
[0.627s] -- Up-to-date symlink: /home/shreedhar/cognipilot/cranium/install/synapse_msgs/include/synapse_msgs/synapse_msgs/msg/detail/edge_vectors__rosidl_typesupport_introspection_c.h
[0.627s] -- Up-to-date symlink: /home/shreedhar/cognipilot/cranium/install/synapse_msgs/include/synapse_msgs/synapse_msgs/msg/detail/pixy_vector__rosidl_typesupport_introspection_c.h
[0.627s] -- Up-to-date symlink: /home/shreedhar/cognipilot/cranium/install/synapse_msgs/include/synapse_msgs/synapse_msgs/msg/detail/status__rosidl_typesupport_introspection_c.h
[0.627s] -- Up-to-date symlink: /home/shreedhar/cognipilot/cranium/install/synapse_msgs/include/synapse_msgs/synapse_msgs/msg/detail/traffic_status__rosidl_typesupport_introspection_c.h
[0.627s] -- Up-to-date symlink: /home/shreedhar/cognipilot/cranium/install/synapse_msgs/include/synapse_msgs/synapse_msgs/msg/rosidl_typesupport_introspection_c__visibility_control.h
[0.628s] -- Up-to-date symlink: /home/shreedhar/cognipilot/cranium/install/synapse_msgs/include/synapse_msgs/synapse_msgs/msg/bezier_curve.hpp
[0.628s] -- Up-to-date symlink: /home/shreedhar/cognipilot/cranium/install/synapse_msgs/include/synapse_msgs/synapse_msgs/msg/bezier_trajectory.hpp
[0.629s] -- Up-to-date symlink: /home/shreedhar/cognipilot/cranium/install/synapse_msgs/include/synapse_msgs/synapse_msgs/msg/detail/bezier_curve__builder.hpp
[0.629s] -- Up-to-date symlink: /home/shreedhar/cognipilot/cranium/install/synapse_msgs/include/synapse_msgs/synapse_msgs/msg/detail/bezier_curve__struct.hpp
[0.629s] -- Up-to-date symlink: /home/shreedhar/cognipilot/cranium/install/synapse_msgs/include/synapse_msgs/synapse_msgs/msg/detail/bezier_curve__traits.hpp
[0.629s] -- Up-to-date symlink: /home/shreedhar/cognipilot/cranium/install/synapse_msgs/include/synapse_msgs/synapse_msgs/msg/detail/bezier_trajectory__builder.hpp
[0.629s] -- Up-to-date symlink: /home/shreedhar/cognipilot/cranium/install/synapse_msgs/include/synapse_msgs/synapse_msgs/msg/detail/bezier_trajectory__struct.hpp
[0.629s] -- Up-to-date symlink: /home/shreedhar/cognipilot/cranium/install/synapse_msgs/include/synapse_msgs/synapse_msgs/msg/detail/bezier_trajectory__traits.hpp
[0.629s] -- Up-to-date symlink: /home/shreedhar/cognipilot/cranium/install/synapse_msgs/include/synapse_msgs/synapse_msgs/msg/detail/edge_vectors__builder.hpp
[0.630s] -- Up-to-date symlink: /home/shreedhar/cognipilot/cranium/install/synapse_msgs/include/synapse_msgs/synapse_msgs/msg/detail/edge_vectors__struct.hpp
[0.630s] -- Up-to-date symlink: /home/shreedhar/cognipilot/cranium/install/synapse_msgs/include/synapse_msgs/synapse_msgs/msg/detail/edge_vectors__traits.hpp
[0.630s] -- Up-to-date symlink: /home/shreedhar/cognipilot/cranium/install/synapse_msgs/include/synapse_msgs/synapse_msgs/msg/detail/pixy_vector__builder.hpp
[0.630s] -- Up-to-date symlink: /home/shreedhar/cognipilot/cranium/install/synapse_msgs/include/synapse_msgs/synapse_msgs/msg/detail/pixy_vector__struct.hpp
[0.630s] -- Up-to-date symlink: /home/shreedhar/cognipilot/cranium/install/synapse_msgs/include/synapse_msgs/synapse_msgs/msg/detail/pixy_vector__traits.hpp
[0.631s] -- Up-to-date symlink: /home/shreedhar/cognipilot/cranium/install/synapse_msgs/include/synapse_msgs/synapse_msgs/msg/detail/status__builder.hpp
[0.631s] -- Up-to-date symlink: /home/shreedhar/cognipilot/cranium/install/synapse_msgs/include/synapse_msgs/synapse_msgs/msg/detail/status__struct.hpp
[0.631s] -- Up-to-date symlink: /home/shreedhar/cognipilot/cranium/install/synapse_msgs/include/synapse_msgs/synapse_msgs/msg/detail/status__traits.hpp
[0.631s] -- Up-to-date symlink: /home/shreedhar/cognipilot/cranium/install/synapse_msgs/include/synapse_msgs/synapse_msgs/msg/detail/traffic_status__builder.hpp
[0.632s] -- Up-to-date symlink: /home/shreedhar/cognipilot/cranium/install/synapse_msgs/include/synapse_msgs/synapse_msgs/msg/detail/traffic_status__struct.hpp
[0.632s] -- Up-to-date symlink: /home/shreedhar/cognipilot/cranium/install/synapse_msgs/include/synapse_msgs/synapse_msgs/msg/detail/traffic_status__traits.hpp
[0.632s] -- Up-to-date symlink: /home/shreedhar/cognipilot/cranium/install/synapse_msgs/include/synapse_msgs/synapse_msgs/msg/edge_vectors.hpp
[0.632s] -- Up-to-date symlink: /home/shreedhar/cognipilot/cranium/install/synapse_msgs/include/synapse_msgs/synapse_msgs/msg/pixy_vector.hpp
[0.633s] -- Up-to-date symlink: /home/shreedhar/cognipilot/cranium/install/synapse_msgs/include/synapse_msgs/synapse_msgs/msg/status.hpp
[0.633s] -- Up-to-date symlink: /home/shreedhar/cognipilot/cranium/install/synapse_msgs/include/synapse_msgs/synapse_msgs/msg/traffic_status.hpp
[0.634s] -- Up-to-date symlink: /home/shreedhar/cognipilot/cranium/install/synapse_msgs/include/synapse_msgs/synapse_msgs/msg/detail/bezier_curve__rosidl_typesupport_fastrtps_cpp.hpp
[0.634s] -- Up-to-date symlink: /home/shreedhar/cognipilot/cranium/install/synapse_msgs/include/synapse_msgs/synapse_msgs/msg/detail/bezier_trajectory__rosidl_typesupport_fastrtps_cpp.hpp
[0.634s] -- Up-to-date symlink: /home/shreedhar/cognipilot/cranium/install/synapse_msgs/include/synapse_msgs/synapse_msgs/msg/detail/edge_vectors__rosidl_typesupport_fastrtps_cpp.hpp
[0.634s] -- Up-to-date symlink: /home/shreedhar/cognipilot/cranium/install/synapse_msgs/include/synapse_msgs/synapse_msgs/msg/detail/pixy_vector__rosidl_typesupport_fastrtps_cpp.hpp
[0.635s] -- Up-to-date symlink: /home/shreedhar/cognipilot/cranium/install/synapse_msgs/include/synapse_msgs/synapse_msgs/msg/detail/status__rosidl_typesupport_fastrtps_cpp.hpp
[0.635s] -- Up-to-date symlink: /home/shreedhar/cognipilot/cranium/install/synapse_msgs/include/synapse_msgs/synapse_msgs/msg/detail/traffic_status__rosidl_typesupport_fastrtps_cpp.hpp
[0.635s] -- Up-to-date symlink: /home/shreedhar/cognipilot/cranium/install/synapse_msgs/include/synapse_msgs/synapse_msgs/msg/rosidl_typesupport_fastrtps_cpp__visibility_control.h
[0.636s] -- Up-to-date symlink: /home/shreedhar/cognipilot/cranium/install/synapse_msgs/include/synapse_msgs/synapse_msgs/msg/detail/bezier_curve__rosidl_typesupport_introspection_cpp.hpp
[0.636s] -- Up-to-date symlink: /home/shreedhar/cognipilot/cranium/install/synapse_msgs/include/synapse_msgs/synapse_msgs/msg/detail/bezier_trajectory__rosidl_typesupport_introspection_cpp.hpp
[0.636s] -- Up-to-date symlink: /home/shreedhar/cognipilot/cranium/install/synapse_msgs/include/synapse_msgs/synapse_msgs/msg/detail/edge_vectors__rosidl_typesupport_introspection_cpp.hpp
[0.636s] -- Up-to-date symlink: /home/shreedhar/cognipilot/cranium/install/synapse_msgs/include/synapse_msgs/synapse_msgs/msg/detail/pixy_vector__rosidl_typesupport_introspection_cpp.hpp
[0.637s] -- Up-to-date symlink: /home/shreedhar/cognipilot/cranium/install/synapse_msgs/include/synapse_msgs/synapse_msgs/msg/detail/status__rosidl_typesupport_introspection_cpp.hpp
[0.637s] -- Up-to-date symlink: /home/shreedhar/cognipilot/cranium/install/synapse_msgs/include/synapse_msgs/synapse_msgs/msg/detail/traffic_status__rosidl_typesupport_introspection_cpp.hpp
[0.637s] -- Up-to-date symlink: /home/shreedhar/cognipilot/cranium/install/synapse_msgs/share/synapse_msgs/environment/pythonpath.sh
[0.637s] -- Up-to-date symlink: /home/shreedhar/cognipilot/cranium/install/synapse_msgs/share/synapse_msgs/environment/pythonpath.dsv
[0.638s] -- Up-to-date symlink: /home/shreedhar/cognipilot/cranium/install/synapse_msgs/local/lib/python3.10/dist-packages/synapse_msgs-0.0.1-py3.10.egg-info/PKG-INFO
[0.638s] -- Up-to-date symlink: /home/shreedhar/cognipilot/cranium/install/synapse_msgs/local/lib/python3.10/dist-packages/synapse_msgs-0.0.1-py3.10.egg-info/SOURCES.txt
[0.638s] -- Up-to-date symlink: /home/shreedhar/cognipilot/cranium/install/synapse_msgs/local/lib/python3.10/dist-packages/synapse_msgs-0.0.1-py3.10.egg-info/dependency_links.txt
[0.638s] -- Up-to-date symlink: /home/shreedhar/cognipilot/cranium/install/synapse_msgs/local/lib/python3.10/dist-packages/synapse_msgs-0.0.1-py3.10.egg-info/top_level.txt
[0.639s] -- Up-to-date symlink: /home/shreedhar/cognipilot/cranium/install/synapse_msgs/local/lib/python3.10/dist-packages/synapse_msgs/__init__.py
[0.639s] -- Up-to-date symlink: /home/shreedhar/cognipilot/cranium/install/synapse_msgs/local/lib/python3.10/dist-packages/synapse_msgs/_synapse_msgs_s.ep.rosidl_typesupport_c.c
[0.639s] -- Up-to-date symlink: /home/shreedhar/cognipilot/cranium/install/synapse_msgs/local/lib/python3.10/dist-packages/synapse_msgs/_synapse_msgs_s.ep.rosidl_typesupport_fastrtps_c.c
[0.639s] -- Up-to-date symlink: /home/shreedhar/cognipilot/cranium/install/synapse_msgs/local/lib/python3.10/dist-packages/synapse_msgs/_synapse_msgs_s.ep.rosidl_typesupport_introspection_c.c
[0.639s] -- Up-to-date symlink: /home/shreedhar/cognipilot/cranium/install/synapse_msgs/local/lib/python3.10/dist-packages/synapse_msgs/libsynapse_msgs__rosidl_generator_py.so
[0.639s] -- Up-to-date symlink: /home/shreedhar/cognipilot/cranium/install/synapse_msgs/local/lib/python3.10/dist-packages/synapse_msgs/msg/__init__.py
[0.640s] -- Up-to-date symlink: /home/shreedhar/cognipilot/cranium/install/synapse_msgs/local/lib/python3.10/dist-packages/synapse_msgs/msg/_bezier_curve.py
[0.640s] -- Up-to-date symlink: /home/shreedhar/cognipilot/cranium/install/synapse_msgs/local/lib/python3.10/dist-packages/synapse_msgs/msg/_bezier_curve_s.c
[0.640s] -- Up-to-date symlink: /home/shreedhar/cognipilot/cranium/install/synapse_msgs/local/lib/python3.10/dist-packages/synapse_msgs/msg/_bezier_trajectory.py
[0.640s] -- Up-to-date symlink: /home/shreedhar/cognipilot/cranium/install/synapse_msgs/local/lib/python3.10/dist-packages/synapse_msgs/msg/_bezier_trajectory_s.c
[0.640s] -- Up-to-date symlink: /home/shreedhar/cognipilot/cranium/install/synapse_msgs/local/lib/python3.10/dist-packages/synapse_msgs/msg/_edge_vectors.py
[0.640s] -- Up-to-date symlink: /home/shreedhar/cognipilot/cranium/install/synapse_msgs/local/lib/python3.10/dist-packages/synapse_msgs/msg/_edge_vectors_s.c
[0.641s] -- Up-to-date symlink: /home/shreedhar/cognipilot/cranium/install/synapse_msgs/local/lib/python3.10/dist-packages/synapse_msgs/msg/_pixy_vector.py
[0.641s] -- Up-to-date symlink: /home/shreedhar/cognipilot/cranium/install/synapse_msgs/local/lib/python3.10/dist-packages/synapse_msgs/msg/_pixy_vector_s.c
[0.641s] -- Up-to-date symlink: /home/shreedhar/cognipilot/cranium/install/synapse_msgs/local/lib/python3.10/dist-packages/synapse_msgs/msg/_status.py
[0.641s] -- Up-to-date symlink: /home/shreedhar/cognipilot/cranium/install/synapse_msgs/local/lib/python3.10/dist-packages/synapse_msgs/msg/_status_s.c
[0.641s] -- Up-to-date symlink: /home/shreedhar/cognipilot/cranium/install/synapse_msgs/local/lib/python3.10/dist-packages/synapse_msgs/msg/_traffic_status.py
[0.641s] -- Up-to-date symlink: /home/shreedhar/cognipilot/cranium/install/synapse_msgs/local/lib/python3.10/dist-packages/synapse_msgs/msg/_traffic_status_s.c
[0.641s] -- Up-to-date symlink: /home/shreedhar/cognipilot/cranium/install/synapse_msgs/local/lib/python3.10/dist-packages/synapse_msgs/synapse_msgs_s__rosidl_typesupport_c.cpython-310-x86_64-linux-gnu.so
[0.642s] -- Up-to-date symlink: /home/shreedhar/cognipilot/cranium/install/synapse_msgs/local/lib/python3.10/dist-packages/synapse_msgs/synapse_msgs_s__rosidl_typesupport_fastrtps_c.cpython-310-x86_64-linux-gnu.so
[0.642s] -- Up-to-date symlink: /home/shreedhar/cognipilot/cranium/install/synapse_msgs/local/lib/python3.10/dist-packages/synapse_msgs/synapse_msgs_s__rosidl_typesupport_introspection_c.cpython-310-x86_64-linux-gnu.so
[0.642s] -- Up-to-date symlink: /home/shreedhar/cognipilot/cranium/install/synapse_msgs/local/lib/python3.10/dist-packages/synapse_msgs/synapse_msgs_s__rosidl_typesupport_fastrtps_c.cpython-310-x86_64-linux-gnu.so
[0.642s] -- Up-to-date symlink: /home/shreedhar/cognipilot/cranium/install/synapse_msgs/local/lib/python3.10/dist-packages/synapse_msgs/synapse_msgs_s__rosidl_typesupport_introspection_c.cpython-310-x86_64-linux-gnu.so
[0.643s] -- Up-to-date symlink: /home/shreedhar/cognipilot/cranium/install/synapse_msgs/local/lib/python3.10/dist-packages/synapse_msgs/synapse_msgs_s__rosidl_typesupport_c.cpython-310-x86_64-linux-gnu.so
[0.643s] -- Up-to-date symlink: /home/shreedhar/cognipilot/cranium/install/synapse_msgs/share/synapse_msgs/msg/BezierCurve.idl
[0.643s] -- Up-to-date symlink: /home/shreedhar/cognipilot/cranium/install/synapse_msgs/share/synapse_msgs/msg/BezierTrajectory.idl
[0.643s] -- Up-to-date symlink: /home/shreedhar/cognipilot/cranium/install/synapse_msgs/share/synapse_msgs/msg/Status.idl
[0.643s] -- Up-to-date symlink: /home/shreedhar/cognipilot/cranium/install/synapse_msgs/share/synapse_msgs/msg/EdgeVectors.idl
[0.644s] -- Up-to-date symlink: /home/shreedhar/cognipilot/cranium/install/synapse_msgs/share/synapse_msgs/msg/TrafficStatus.idl
[0.644s] -- Up-to-date symlink: /home/shreedhar/cognipilot/cranium/install/synapse_msgs/share/synapse_msgs/msg/BezierCurve.msg
[0.644s] -- Up-to-date symlink: /home/shreedhar/cognipilot/cranium/install/synapse_msgs/share/synapse_msgs/msg/BezierTrajectory.msg
[0.644s] -- Up-to-date symlink: /home/shreedhar/cognipilot/cranium/install/synapse_msgs/share/synapse_msgs/msg/Status.msg
[0.645s] -- Up-to-date symlink: /home/shreedhar/cognipilot/cranium/install/synapse_msgs/share/synapse_msgs/msg/EdgeVectors.msg
[0.645s] -- Up-to-date symlink: /home/shreedhar/cognipilot/cranium/install/synapse_msgs/share/synapse_msgs/msg/TrafficStatus.msg
[0.645s] -- Up-to-date symlink: /home/shreedhar/cognipilot/cranium/install/synapse_msgs/share/ament_index/resource_index/package_run_dependencies/synapse_msgs
[0.645s] -- Up-to-date symlink: /home/shreedhar/cognipilot/cranium/install/synapse_msgs/share/ament_index/resource_index/parent_prefix_path/synapse_msgs
[0.645s] -- Up-to-date symlink: /home/shreedhar/cognipilot/cranium/install/synapse_msgs/share/synapse_msgs/environment/ament_prefix_path.sh
[0.646s] -- Up-to-date symlink: /home/shreedhar/cognipilot/cranium/install/synapse_msgs/share/synapse_msgs/environment/ament_prefix_path.dsv
[0.646s] -- Up-to-date symlink: /home/shreedhar/cognipilot/cranium/install/synapse_msgs/share/synapse_msgs/environment/path.sh
[0.646s] -- Up-to-date symlink: /home/shreedhar/cognipilot/cranium/install/synapse_msgs/share/synapse_msgs/environment/path.dsv
[0.646s] -- Up-to-date symlink: /home/shreedhar/cognipilot/cranium/install/synapse_msgs/share/synapse_msgs/local_setup.bash
[0.646s] -- Up-to-date symlink: /home/shreedhar/cognipilot/cranium/install/synapse_msgs/share/synapse_msgs/local_setup.sh
[0.646s] -- Up-to-date symlink: /home/shreedhar/cognipilot/cranium/install/synapse_msgs/share/synapse_msgs/local_setup.zsh
[0.647s] -- Up-to-date symlink: /home/shreedhar/cognipilot/cranium/install/synapse_msgs/share/synapse_msgs/local_setup.dsv
[0.647s] -- Symlinking: /home/shreedhar/cognipilot/cranium/install/synapse_msgs/share/synapse_msgs/package.dsv
[0.656s] -- Up-to-date symlink: /home/shreedhar/cognipilot/cranium/install/synapse_msgs/share/ament_index/resource_index/packages/synapse_msgs
[0.656s] -- Up-to-date symlink: /home/shreedhar/cognipilot/cranium/install/synapse_msgs/share/synapse_msgs/cmake/rosidl_cmake-extras.cmake
[0.656s] -- Up-to-date symlink: /home/shreedhar/cognipilot/cranium/install/synapse_msgs/share/synapse_msgs/cmake/ament_cmake_export_dependencies-extras.cmake
[0.657s] -- Up-to-date symlink: /home/shreedhar/cognipilot/cranium/install/synapse_msgs/share/synapse_msgs/cmake/ament_cmake_export_include_directories-extras.cmake
[0.657s] -- Up-to-date symlink: /home/shreedhar/cognipilot/cranium/install/synapse_msgs/share/synapse_msgs/cmake/ament_cmake_export_libraries-extras.cmake
[0.657s] -- Up-to-date symlink: /home/shreedhar/cognipilot/cranium/install/synapse_msgs/share/synapse_msgs/cmake/ament_cmake_export_targets-extras.cmake
[0.657s] -- Up-to-date symlink: /home/shreedhar/cognipilot/cranium/install/synapse_msgs/share/synapse_msgs/cmake/rosidl_cmake_export_typesupport_targets-extras.cmake
[0.657s] -- Up-to-date symlink: /home/shreedhar/cognipilot/cranium/install/synapse_msgs/share/synapse_msgs/cmake/rosidl_cmake_export_typesupport_libraries-extras.cmake
[0.658s] -- Up-to-date symlink: /home/shreedhar/cognipilot/cranium/install/synapse_msgs/share/synapse_msgs/cmake/synapse_msgsConfig.cmake
[0.658s] -- Up-to-date symlink: /home/shreedhar/cognipilot/cranium/install/synapse_msgs/share/synapse_msgs/cmake/synapse_msgsConfig-version.cmake
[0.658s] -- Up-to-date symlink: /home/shreedhar/cognipilot/cranium/install/synapse_msgs/share/synapse_msgs/package.xml
[0.658s] -- Up-to-date: /home/shreedhar/cognipilot/cranium/install/synapse_msgs/lib/libsynapse_msgs__rosidl_generator_c.so
[0.659s] -- Up-to-date: /home/shreedhar/cognipilot/cranium/install/synapse_msgs/lib/libsynapse_msgs__rosidl_typesupport_fastrtps_c.so
[0.659s] -- Up-to-date: /home/shreedhar/cognipilot/cranium/install/synapse_msgs/lib/libsynapse_msgs__rosidl_typesupport_introspection_c.so
[0.659s] -- Up-to-date: /home/shreedhar/cognipilot/cranium/install/synapse_msgs/lib/libsynapse_msgs__rosidl_typesupport_c.so
[0.660s] -- Up-to-date: /home/shreedhar/cognipilot/cranium/install/synapse_msgs/lib/libsynapse_msgs__rosidl_typesupport_fastrtps_cpp.so
[0.660s] -- Up-to-date: /home/shreedhar/cognipilot/cranium/install/synapse_msgs/lib/libsynapse_msgs__rosidl_typesupport_introspection_cpp.so
[0.660s] -- Up-to-date: /home/shreedhar/cognipilot/cranium/install/synapse_msgs/lib/libsynapse_msgs__rosidl_typesupport_cpp.so
[0.688s] Listing '/home/shreedhar/cognipilot/cranium/install/synapse_msgs/local/lib/python3.10/dist-packages/synapse_msgs'...
[0.688s] Listing '/home/shreedhar/cognipilot/cranium/install/synapse_msgs/local/lib/python3.10/dist-packages/synapse_msgs/msg'...
[0.691s] -- Up-to-date: /home/shreedhar/cognipilot/cranium/install/synapse_msgs/lib/libsynapse_msgs__rosidl_generator_py.so
[0.692s] -- Up-to-date: /home/shreedhar/cognipilot/cranium/install/synapse_msgs/share/synapse_msgs/cmake/export_synapse_msgs__rosidl_generator_cExport.cmake
[0.692s] -- Up-to-date: /home/shreedhar/cognipilot/cranium/install/synapse_msgs/share/synapse_msgs/cmake/export_synapse_msgs__rosidl_generator_cExport-noconfig.cmake
[0.692s] -- Up-to-date: /home/shreedhar/cognipilot/cranium/install/synapse_msgs/share/synapse_msgs/cmake/export_synapse_msgs__rosidl_typesupport_fastrtps_cExport.cmake
[0.692s] -- Up-to-date: /home/shreedhar/cognipilot/cranium/install/synapse_msgs/share/synapse_msgs/cmake/export_synapse_msgs__rosidl_typesupport_fastrtps_cExport-noconfig.cmake
[0.693s] -- Up-to-date: /home/shreedhar/cognipilot/cranium/install/synapse_msgs/share/synapse_msgs/cmake/synapse_msgs__rosidl_typesupport_introspection_cExport.cmake
[0.693s] -- Up-to-date: /home/shreedhar/cognipilot/cranium/install/synapse_msgs/share/synapse_msgs/cmake/synapse_msgs__rosidl_typesupport_introspection_cExport-noconfig.cmake
[0.693s] -- Up-to-date: /home/shreedhar/cognipilot/cranium/install/synapse_msgs/share/synapse_msgs/cmake/synapse_msgs__rosidl_typesupport_cExport.cmake
[0.693s] -- Up-to-date: /home/shreedhar/cognipilot/cranium/install/synapse_msgs/share/synapse_msgs/cmake/synapse_msgs__rosidl_typesupport_cExport-noconfig.cmake
[0.693s] -- Up-to-date: /home/shreedhar/cognipilot/cranium/install/synapse_msgs/share/synapse_msgs/cmake/export_synapse_msgs__rosidl_generator_cppExport.cmake
[0.694s] -- Up-to-date: /home/shreedhar/cognipilot/cranium/install/synapse_msgs/share/synapse_msgs/cmake/export_synapse_msgs__rosidl_typesupport_fastrtps_cppExport.cmake
[0.694s] -- Up-to-date: /home/shreedhar/cognipilot/cranium/install/synapse_msgs/share/synapse_msgs/cmake/export_synapse_msgs__rosidl_typesupport_fastrtps_cppExport-noconfig.cmake
[0.694s] -- Up-to-date: /home/shreedhar/cognipilot/cranium/install/synapse_msgs/share/synapse_msgs/cmake/synapse_msgs__rosidl_typesupport_introspection_cppExport.cmake
[0.694s] -- Up-to-date: /home/shreedhar/cognipilot/cranium/install/synapse_msgs/share/synapse_msgs/cmake/synapse_msgs__rosidl_typesupport_introspection_cppExport-noconfig.cmake
[0.694s] -- Up-to-date: /home/shreedhar/cognipilot/cranium/install/synapse_msgs/share/synapse_msgs/cmake/synapse_msgs__rosidl_typesupport_cppExport.cmake
[0.694s] -- Up-to-date: /home/shreedhar/cognipilot/cranium/install/synapse_msgs/share/synapse_msgs/cmake/synapse_msgs__rosidl_typesupport_cppExport-noconfig.cmake
[0.695s] -- Up-to-date: /home/shreedhar/cognipilot/cranium/install/synapse_msgs/share/synapse_msgs/cmake/export_synapse_msgs__rosidl_generator_pyExport.cmake
[0.695s] -- Up-to-date: /home/shreedhar/cognipilot/cranium/install/synapse_msgs/share/synapse_msgs/cmake/export_synapse_msgs__rosidl_generator_pyExport-noconfig.cmake
[0.697s] Invoked command in '/home/shreedhar/cognipilot/cranium/build/synapse_msgs' returned '0': CMAKE_PREFIX_PATH=${CMAKE_PREFIX_PATH}:/home/shreedhar/cognipilot/cranium/install/nxp_cup_vision:/home/shreedhar/cognipilot/cranium/install/b3rb_ros_line_follower:/home/shreedhar/ros2_ws/install/my_robot_controller:/opt/ros/humble /usr/bin/cmake --install /home/shreedhar/cognipilot/cranium/build/synapse_msgs
