-- Found ament_cmake: 1.3.9 (/opt/ros/humble/share/ament_cmake/cmake)
-- Override CMake install command with custom implementation using symlinks instead of copying resources
-- Found ament_lint_auto: 0.12.11 (/opt/ros/humble/share/ament_lint_auto/cmake)
-- Configuring done
-- Generating done
-- Build files have been written to: /home/shreedhar/cognipilot/cranium/build/b3rb_simulator
-- Install configuration: ""
-- Execute custom install script
-- Up-to-date symlink: /home/shreedhar/cognipilot/cranium/install/b3rb_simulator/share/ament_index/resource_index/package_run_dependencies/b3rb_simulator
-- Up-to-date symlink: /home/shreedhar/cognipilot/cranium/install/b3rb_simulator/share/ament_index/resource_index/parent_prefix_path/b3rb_simulator
-- Up-to-date symlink: /home/shreedhar/cognipilot/cranium/install/b3rb_simulator/share/b3rb_simulator/environment/ament_prefix_path.sh
-- Up-to-date symlink: /home/shreedhar/cognipilot/cranium/install/b3rb_simulator/share/b3rb_simulator/environment/ament_prefix_path.dsv
-- Up-to-date symlink: /home/shreedhar/cognipilot/cranium/install/b3rb_simulator/share/b3rb_simulator/environment/path.sh
-- Up-to-date symlink: /home/shreedhar/cognipilot/cranium/install/b3rb_simulator/share/b3rb_simulator/environment/path.dsv
-- Up-to-date symlink: /home/shreedhar/cognipilot/cranium/install/b3rb_simulator/share/b3rb_simulator/local_setup.bash
-- Up-to-date symlink: /home/shreedhar/cognipilot/cranium/install/b3rb_simulator/share/b3rb_simulator/local_setup.sh
-- Up-to-date symlink: /home/shreedhar/cognipilot/cranium/install/b3rb_simulator/share/b3rb_simulator/local_setup.zsh
-- Up-to-date symlink: /home/shreedhar/cognipilot/cranium/install/b3rb_simulator/share/b3rb_simulator/local_setup.dsv
-- Symlinking: /home/shreedhar/cognipilot/cranium/install/b3rb_simulator/share/b3rb_simulator/package.dsv
-- Up-to-date symlink: /home/shreedhar/cognipilot/cranium/install/b3rb_simulator/share/ament_index/resource_index/packages/b3rb_simulator
-- Up-to-date symlink: /home/shreedhar/cognipilot/cranium/install/b3rb_simulator/share/b3rb_simulator/cmake/b3rb_simulatorConfig.cmake
-- Up-to-date symlink: /home/shreedhar/cognipilot/cranium/install/b3rb_simulator/share/b3rb_simulator/cmake/b3rb_simulatorConfig-version.cmake
-- Up-to-date symlink: /home/shreedhar/cognipilot/cranium/install/b3rb_simulator/share/b3rb_simulator/package.xml
