-- Install configuration: ""
-- Execute custom install script
-- Up-to-date symlink: /home/shreedhar/cognipilot/electrode/install/electrode/share/electrode/launch/electrode.launch.py
-- Up-to-date symlink: /home/shreedhar/cognipilot/electrode/install/electrode/share/electrode/config/b3rb.rviz
-- Up-to-date symlink: /home/shreedhar/cognipilot/electrode/install/electrode/share/electrode/config/elm4s.rviz
-- Up-to-date symlink: /home/shreedhar/cognipilot/electrode/install/electrode/share/electrode/config/melms.rviz
-- Up-to-date symlink: /home/shreedhar/cognipilot/electrode/install/electrode/share/ament_index/resource_index/package_run_dependencies/electrode
-- Up-to-date symlink: /home/shreedhar/cognipilot/electrode/install/electrode/share/ament_index/resource_index/parent_prefix_path/electrode
-- Up-to-date symlink: /home/shreedhar/cognipilot/electrode/install/electrode/share/electrode/environment/ament_prefix_path.sh
-- Up-to-date symlink: /home/shreedhar/cognipilot/electrode/install/electrode/share/electrode/environment/ament_prefix_path.dsv
-- Up-to-date symlink: /home/shreedhar/cognipilot/electrode/install/electrode/share/electrode/environment/path.sh
-- Up-to-date symlink: /home/shreedhar/cognipilot/electrode/install/electrode/share/electrode/environment/path.dsv
-- Up-to-date symlink: /home/shreedhar/cognipilot/electrode/install/electrode/share/electrode/local_setup.bash
-- Up-to-date symlink: /home/shreedhar/cognipilot/electrode/install/electrode/share/electrode/local_setup.sh
-- Up-to-date symlink: /home/shreedhar/cognipilot/electrode/install/electrode/share/electrode/local_setup.zsh
-- Up-to-date symlink: /home/shreedhar/cognipilot/electrode/install/electrode/share/electrode/local_setup.dsv
-- Symlinking: /home/shreedhar/cognipilot/electrode/install/electrode/share/electrode/package.dsv
-- Up-to-date symlink: /home/shreedhar/cognipilot/electrode/install/electrode/share/ament_index/resource_index/packages/electrode
-- Up-to-date symlink: /home/shreedhar/cognipilot/electrode/install/electrode/share/electrode/cmake/electrodeConfig.cmake
-- Up-to-date symlink: /home/shreedhar/cognipilot/electrode/install/electrode/share/electrode/cmake/electrodeConfig-version.cmake
-- Up-to-date symlink: /home/shreedhar/cognipilot/electrode/install/electrode/share/electrode/package.xml
