[0.010s] Invoking command in '/home/shreedhar/cognipilot/electrode/build/electrode': CMAKE_PREFIX_PATH=${CMAKE_PREFIX_PATH}:/opt/ros/humble /usr/bin/cmake --build /home/shreedhar/cognipilot/electrode/build/electrode -- -j12 -l12
[0.045s] Invoked command in '/home/shreedhar/cognipilot/electrode/build/electrode' returned '0': CMAKE_PREFIX_PATH=${CMAKE_PREFIX_PATH}:/opt/ros/humble /usr/bin/cmake --build /home/shreedhar/cognipilot/electrode/build/electrode -- -j12 -l12
[0.073s] Invoking command in '/home/shreedhar/cognipilot/electrode/build/electrode': CMAKE_PREFIX_PATH=${CMAKE_PREFIX_PATH}:/opt/ros/humble /usr/bin/cmake --install /home/shreedhar/cognipilot/electrode/build/electrode
[0.080s] -- Install configuration: ""
[0.081s] -- Execute custom install script
[0.081s] -- Up-to-date symlink: /home/shreedhar/cognipilot/electrode/install/electrode/share/electrode/launch/electrode.launch.py
[0.081s] -- Up-to-date symlink: /home/shreedhar/cognipilot/electrode/install/electrode/share/electrode/config/b3rb.rviz
[0.082s] -- Up-to-date symlink: /home/shreedhar/cognipilot/electrode/install/electrode/share/electrode/config/elm4s.rviz
[0.082s] -- Up-to-date symlink: /home/shreedhar/cognipilot/electrode/install/electrode/share/electrode/config/melms.rviz
[0.082s] -- Up-to-date symlink: /home/shreedhar/cognipilot/electrode/install/electrode/share/ament_index/resource_index/package_run_dependencies/electrode
[0.082s] -- Up-to-date symlink: /home/shreedhar/cognipilot/electrode/install/electrode/share/ament_index/resource_index/parent_prefix_path/electrode
[0.082s] -- Up-to-date symlink: /home/shreedhar/cognipilot/electrode/install/electrode/share/electrode/environment/ament_prefix_path.sh
[0.082s] -- Up-to-date symlink: /home/shreedhar/cognipilot/electrode/install/electrode/share/electrode/environment/ament_prefix_path.dsv
[0.083s] -- Up-to-date symlink: /home/shreedhar/cognipilot/electrode/install/electrode/share/electrode/environment/path.sh
[0.083s] -- Up-to-date symlink: /home/shreedhar/cognipilot/electrode/install/electrode/share/electrode/environment/path.dsv
[0.083s] -- Up-to-date symlink: /home/shreedhar/cognipilot/electrode/install/electrode/share/electrode/local_setup.bash
[0.083s] -- Up-to-date symlink: /home/shreedhar/cognipilot/electrode/install/electrode/share/electrode/local_setup.sh
[0.083s] -- Up-to-date symlink: /home/shreedhar/cognipilot/electrode/install/electrode/share/electrode/local_setup.zsh
[0.084s] -- Up-to-date symlink: /home/shreedhar/cognipilot/electrode/install/electrode/share/electrode/local_setup.dsv
[0.084s] -- Symlinking: /home/shreedhar/cognipilot/electrode/install/electrode/share/electrode/package.dsv
[0.092s] -- Up-to-date symlink: /home/shreedhar/cognipilot/electrode/install/electrode/share/ament_index/resource_index/packages/electrode
[0.092s] -- Up-to-date symlink: /home/shreedhar/cognipilot/electrode/install/electrode/share/electrode/cmake/electrodeConfig.cmake
[0.092s] -- Up-to-date symlink: /home/shreedhar/cognipilot/electrode/install/electrode/share/electrode/cmake/electrodeConfig-version.cmake
[0.092s] -- Up-to-date symlink: /home/shreedhar/cognipilot/electrode/install/electrode/share/electrode/package.xml
[0.094s] Invoked command in '/home/shreedhar/cognipilot/electrode/build/electrode' returned '0': CMAKE_PREFIX_PATH=${CMAKE_PREFIX_PATH}:/opt/ros/humble /usr/bin/cmake --install /home/shreedhar/cognipilot/electrode/build/electrode
