[0.912s] Invoking command in '/home/shreedhar/cognipilot/cranium/src/b3rb_ros_line_follower': CMAKE_PREFIX_PATH=/home/shreedhar/cognipilot/cranium/install/synapse_msgs:/home/shreedhar/cognipilot/cranium/install/synapse_ros:/home/shreedhar/cognipilot/cranium/install/synapse_gz:/home/shreedhar/cognipilot/cranium/install/synapse_tinyframe:/home/shreedhar/cognipilot/cranium/install/synapse_protobuf:/home/shreedhar/cognipilot/cranium/install/corti:/home/shreedhar/cognipilot/cranium/install/dream_world:/home/shreedhar/cognipilot/cranium/install/cerebri_bringup:/home/shreedhar/cognipilot/cranium/install/b3rb_simulator:/home/shreedhar/cognipilot/cranium/install/b3rb_desktop:/home/shreedhar/cognipilot/cranium/install/b3rb_rviz:/home/shreedhar/cognipilot/cranium/install/b3rb_nav2:/home/shreedhar/cognipilot/cranium/install/b3rb_gz_resource:/home/shreedhar/cognipilot/cranium/install/b3rb_gz_bringup:/home/shreedhar/cognipilot/cranium/install/b3rb_description:/home/shreedhar/cognipilot/electrode/install/electrode LD_LIBRARY_PATH=/home/shreedhar/cognipilot/cranium/install/synapse_msgs/lib:/home/shreedhar/cognipilot/cranium/install/synapse_tinyframe/lib:/home/shreedhar/cognipilot/cranium/install/synapse_protobuf/lib:/opt/ros/humble/opt/rviz_ogre_vendor/lib:/opt/ros/humble/lib/x86_64-linux-gnu:/opt/ros/humble/lib PYTHONPATH=/home/shreedhar/cognipilot/cranium/build/b3rb_ros_line_follower/prefix_override:/usr/lib/python3/dist-packages/colcon_core/task/python/colcon_distutils_commands:/home/shreedhar/cognipilot/cranium/install/b3rb_ros_line_follower/lib/python3.10/site-packages:${PYTHONPATH} /usr/bin/python3 -W ignore:setup.py install is deprecated setup.py egg_info --egg-base ../../build/b3rb_ros_line_follower build --build-base /home/shreedhar/cognipilot/cranium/build/b3rb_ros_line_follower/build install --record /home/shreedhar/cognipilot/cranium/build/b3rb_ros_line_follower/install.log --single-version-externally-managed install_data
[1.103s] running egg_info
[1.103s] writing ../../build/b3rb_ros_line_follower/b3rb_ros_line_follower.egg-info/PKG-INFO
[1.104s] writing dependency_links to ../../build/b3rb_ros_line_follower/b3rb_ros_line_follower.egg-info/dependency_links.txt
[1.104s] writing entry points to ../../build/b3rb_ros_line_follower/b3rb_ros_line_follower.egg-info/entry_points.txt
[1.104s] writing requirements to ../../build/b3rb_ros_line_follower/b3rb_ros_line_follower.egg-info/requires.txt
[1.104s] writing top-level names to ../../build/b3rb_ros_line_follower/b3rb_ros_line_follower.egg-info/top_level.txt
[1.105s] reading manifest file '../../build/b3rb_ros_line_follower/b3rb_ros_line_follower.egg-info/SOURCES.txt'
[1.106s] adding license file 'LICENSE'
[1.106s] writing manifest file '../../build/b3rb_ros_line_follower/b3rb_ros_line_follower.egg-info/SOURCES.txt'
[1.106s] running build
[1.106s] running build_py
[1.107s] copying b3rb_ros_line_follower/b3rb_ros_line_follower.py -> /home/shreedhar/cognipilot/cranium/build/b3rb_ros_line_follower/build/lib/b3rb_ros_line_follower
[1.107s] running install
[1.107s] running install_lib
[1.108s] copying /home/shreedhar/cognipilot/cranium/build/b3rb_ros_line_follower/build/lib/b3rb_ros_line_follower/b3rb_ros_line_follower.py -> /home/shreedhar/cognipilot/cranium/install/b3rb_ros_line_follower/lib/python3.10/site-packages/b3rb_ros_line_follower
[1.108s] byte-compiling /home/shreedhar/cognipilot/cranium/install/b3rb_ros_line_follower/lib/python3.10/site-packages/b3rb_ros_line_follower/b3rb_ros_line_follower.py to b3rb_ros_line_follower.cpython-310.pyc
[1.109s] running install_data
[1.109s] running install_egg_info
[1.111s] removing '/home/shreedhar/cognipilot/cranium/install/b3rb_ros_line_follower/lib/python3.10/site-packages/b3rb_ros_line_follower-0.0.0-py3.10.egg-info' (and everything under it)
[1.111s] Copying ../../build/b3rb_ros_line_follower/b3rb_ros_line_follower.egg-info to /home/shreedhar/cognipilot/cranium/install/b3rb_ros_line_follower/lib/python3.10/site-packages/b3rb_ros_line_follower-0.0.0-py3.10.egg-info
[1.112s] running install_scripts
[1.128s] Installing detect script to /home/shreedhar/cognipilot/cranium/install/b3rb_ros_line_follower/lib/b3rb_ros_line_follower
[1.129s] Installing runner script to /home/shreedhar/cognipilot/cranium/install/b3rb_ros_line_follower/lib/b3rb_ros_line_follower
[1.129s] Installing vectors script to /home/shreedhar/cognipilot/cranium/install/b3rb_ros_line_follower/lib/b3rb_ros_line_follower
[1.129s] writing list of installed files to '/home/shreedhar/cognipilot/cranium/build/b3rb_ros_line_follower/install.log'
[1.161s] Invoked command in '/home/shreedhar/cognipilot/cranium/src/b3rb_ros_line_follower' returned '0': CMAKE_PREFIX_PATH=/home/shreedhar/cognipilot/cranium/install/synapse_msgs:/home/shreedhar/cognipilot/cranium/install/synapse_ros:/home/shreedhar/cognipilot/cranium/install/synapse_gz:/home/shreedhar/cognipilot/cranium/install/synapse_tinyframe:/home/shreedhar/cognipilot/cranium/install/synapse_protobuf:/home/shreedhar/cognipilot/cranium/install/corti:/home/shreedhar/cognipilot/cranium/install/dream_world:/home/shreedhar/cognipilot/cranium/install/cerebri_bringup:/home/shreedhar/cognipilot/cranium/install/b3rb_simulator:/home/shreedhar/cognipilot/cranium/install/b3rb_desktop:/home/shreedhar/cognipilot/cranium/install/b3rb_rviz:/home/shreedhar/cognipilot/cranium/install/b3rb_nav2:/home/shreedhar/cognipilot/cranium/install/b3rb_gz_resource:/home/shreedhar/cognipilot/cranium/install/b3rb_gz_bringup:/home/shreedhar/cognipilot/cranium/install/b3rb_description:/home/shreedhar/cognipilot/electrode/install/electrode LD_LIBRARY_PATH=/home/shreedhar/cognipilot/cranium/install/synapse_msgs/lib:/home/shreedhar/cognipilot/cranium/install/synapse_tinyframe/lib:/home/shreedhar/cognipilot/cranium/install/synapse_protobuf/lib:/opt/ros/humble/opt/rviz_ogre_vendor/lib:/opt/ros/humble/lib/x86_64-linux-gnu:/opt/ros/humble/lib PYTHONPATH=/home/shreedhar/cognipilot/cranium/build/b3rb_ros_line_follower/prefix_override:/usr/lib/python3/dist-packages/colcon_core/task/python/colcon_distutils_commands:/home/shreedhar/cognipilot/cranium/install/b3rb_ros_line_follower/lib/python3.10/site-packages:${PYTHONPATH} /usr/bin/python3 -W ignore:setup.py install is deprecated setup.py egg_info --egg-base ../../build/b3rb_ros_line_follower build --build-base /home/shreedhar/cognipilot/cranium/build/b3rb_ros_line_follower/build install --record /home/shreedhar/cognipilot/cranium/build/b3rb_ros_line_follower/install.log --single-version-externally-managed install_data
