[0.244s] Invoking command in '/home/shreedhar/cognipilot/cranium/build/corti': CMAKE_PREFIX_PATH=/home/shreedhar/cognipilot/cranium/install/synapse_msgs:/home/shreedhar/cognipilot/cranium/install/synapse_ros:/home/shreedhar/cognipilot/cranium/install/synapse_gz:/home/shreedhar/cognipilot/cranium/install/synapse_tinyframe:/home/shreedhar/cognipilot/cranium/install/synapse_protobuf:/home/shreedhar/cognipilot/cranium/install/corti:/home/shreedhar/cognipilot/cranium/install/dream_world:/home/shreedhar/cognipilot/cranium/install/cerebri_bringup:/home/shreedhar/cognipilot/cranium/install/b3rb_simulator:/home/shreedhar/cognipilot/cranium/install/b3rb_desktop:/home/shreedhar/cognipilot/cranium/install/b3rb_rviz:/home/shreedhar/cognipilot/cranium/install/b3rb_nav2:/home/shreedhar/cognipilot/cranium/install/b3rb_gz_resource:/home/shreedhar/cognipilot/cranium/install/b3rb_gz_bringup:/home/shreedhar/cognipilot/cranium/install/b3rb_description:/home/shreedhar/cognipilot/electrode/install/electrode:/home/shreedhar/cognipilot/cranium/install/nxp_cup_vision:/home/shreedhar/cognipilot/cranium/install/b3rb_ros_line_follower:/home/shreedhar/ros2_ws/install/my_robot_controller:/opt/ros/humble LD_LIBRARY_PATH=/home/shreedhar/cognipilot/cranium/install/synapse_msgs/lib:/home/shreedhar/cognipilot/cranium/install/synapse_tinyframe/lib:/home/shreedhar/cognipilot/cranium/install/synapse_protobuf/lib:/opt/ros/humble/opt/rviz_ogre_vendor/lib:/opt/ros/humble/lib/x86_64-linux-gnu:/opt/ros/humble/lib /usr/bin/cmake --build /home/shreedhar/cognipilot/cranium/build/corti -- -j12 -l12
[0.488s] [ 25%] Built target bezier6
[0.488s] [ 75%] Built target tf_to_odom
[0.488s] [ 75%] Built target odom_to_tf
[0.489s] [ 75%] Built target ament_cmake_python_symlink_corti
[0.489s] [100%] Built target rover_planner
[0.530s] running egg_info
[0.530s] writing corti.egg-info/PKG-INFO
[0.530s] writing dependency_links to corti.egg-info/dependency_links.txt
[0.531s] writing top-level names to corti.egg-info/top_level.txt
[0.532s] reading manifest file 'corti.egg-info/SOURCES.txt'
[0.533s] writing manifest file 'corti.egg-info/SOURCES.txt'
[0.563s] [100%] Built target ament_cmake_python_build_corti_egg
[0.574s] Invoked command in '/home/shreedhar/cognipilot/cranium/build/corti' returned '0': CMAKE_PREFIX_PATH=/home/shreedhar/cognipilot/cranium/install/synapse_msgs:/home/shreedhar/cognipilot/cranium/install/synapse_ros:/home/shreedhar/cognipilot/cranium/install/synapse_gz:/home/shreedhar/cognipilot/cranium/install/synapse_tinyframe:/home/shreedhar/cognipilot/cranium/install/synapse_protobuf:/home/shreedhar/cognipilot/cranium/install/corti:/home/shreedhar/cognipilot/cranium/install/dream_world:/home/shreedhar/cognipilot/cranium/install/cerebri_bringup:/home/shreedhar/cognipilot/cranium/install/b3rb_simulator:/home/shreedhar/cognipilot/cranium/install/b3rb_desktop:/home/shreedhar/cognipilot/cranium/install/b3rb_rviz:/home/shreedhar/cognipilot/cranium/install/b3rb_nav2:/home/shreedhar/cognipilot/cranium/install/b3rb_gz_resource:/home/shreedhar/cognipilot/cranium/install/b3rb_gz_bringup:/home/shreedhar/cognipilot/cranium/install/b3rb_description:/home/shreedhar/cognipilot/electrode/install/electrode:/home/shreedhar/cognipilot/cranium/install/nxp_cup_vision:/home/shreedhar/cognipilot/cranium/install/b3rb_ros_line_follower:/home/shreedhar/ros2_ws/install/my_robot_controller:/opt/ros/humble LD_LIBRARY_PATH=/home/shreedhar/cognipilot/cranium/install/synapse_msgs/lib:/home/shreedhar/cognipilot/cranium/install/synapse_tinyframe/lib:/home/shreedhar/cognipilot/cranium/install/synapse_protobuf/lib:/opt/ros/humble/opt/rviz_ogre_vendor/lib:/opt/ros/humble/lib/x86_64-linux-gnu:/opt/ros/humble/lib /usr/bin/cmake --build /home/shreedhar/cognipilot/cranium/build/corti -- -j12 -l12
[0.611s] Invoking command in '/home/shreedhar/cognipilot/cranium/build/corti': CMAKE_PREFIX_PATH=/home/shreedhar/cognipilot/cranium/install/synapse_msgs:/home/shreedhar/cognipilot/cranium/install/synapse_ros:/home/shreedhar/cognipilot/cranium/install/synapse_gz:/home/shreedhar/cognipilot/cranium/install/synapse_tinyframe:/home/shreedhar/cognipilot/cranium/install/synapse_protobuf:/home/shreedhar/cognipilot/cranium/install/corti:/home/shreedhar/cognipilot/cranium/install/dream_world:/home/shreedhar/cognipilot/cranium/install/cerebri_bringup:/home/shreedhar/cognipilot/cranium/install/b3rb_simulator:/home/shreedhar/cognipilot/cranium/install/b3rb_desktop:/home/shreedhar/cognipilot/cranium/install/b3rb_rviz:/home/shreedhar/cognipilot/cranium/install/b3rb_nav2:/home/shreedhar/cognipilot/cranium/install/b3rb_gz_resource:/home/shreedhar/cognipilot/cranium/install/b3rb_gz_bringup:/home/shreedhar/cognipilot/cranium/install/b3rb_description:/home/shreedhar/cognipilot/electrode/install/electrode:/home/shreedhar/cognipilot/cranium/install/nxp_cup_vision:/home/shreedhar/cognipilot/cranium/install/b3rb_ros_line_follower:/home/shreedhar/ros2_ws/install/my_robot_controller:/opt/ros/humble LD_LIBRARY_PATH=/home/shreedhar/cognipilot/cranium/install/synapse_msgs/lib:/home/shreedhar/cognipilot/cranium/install/synapse_tinyframe/lib:/home/shreedhar/cognipilot/cranium/install/synapse_protobuf/lib:/opt/ros/humble/opt/rviz_ogre_vendor/lib:/opt/ros/humble/lib/x86_64-linux-gnu:/opt/ros/humble/lib /usr/bin/cmake --install /home/shreedhar/cognipilot/cranium/build/corti
[0.618s] -- Install configuration: ""
[0.618s] -- Execute custom install script
[0.618s] -- Up-to-date symlink: /home/shreedhar/cognipilot/cranium/install/corti/share/corti/environment/pythonpath.sh
[0.619s] -- Up-to-date symlink: /home/shreedhar/cognipilot/cranium/install/corti/share/corti/environment/pythonpath.dsv
[0.619s] -- Up-to-date symlink: /home/shreedhar/cognipilot/cranium/install/corti/local/lib/python3.10/dist-packages/corti-0.0.0-py3.10.egg-info/PKG-INFO
[0.619s] -- Up-to-date symlink: /home/shreedhar/cognipilot/cranium/install/corti/local/lib/python3.10/dist-packages/corti-0.0.0-py3.10.egg-info/SOURCES.txt
[0.619s] -- Up-to-date symlink: /home/shreedhar/cognipilot/cranium/install/corti/local/lib/python3.10/dist-packages/corti-0.0.0-py3.10.egg-info/dependency_links.txt
[0.619s] -- Up-to-date symlink: /home/shreedhar/cognipilot/cranium/install/corti/local/lib/python3.10/dist-packages/corti-0.0.0-py3.10.egg-info/top_level.txt
[0.620s] -- Up-to-date symlink: /home/shreedhar/cognipilot/cranium/install/corti/local/lib/python3.10/dist-packages/corti/SE2Lie.py
[0.620s] -- Up-to-date symlink: /home/shreedhar/cognipilot/cranium/install/corti/local/lib/python3.10/dist-packages/corti/TimeOptBez.py
[0.620s] -- Up-to-date symlink: /home/shreedhar/cognipilot/cranium/install/corti/local/lib/python3.10/dist-packages/corti/__init__.py
[0.620s] -- Up-to-date symlink: /home/shreedhar/cognipilot/cranium/install/corti/local/lib/python3.10/dist-packages/corti/bezier_rover_planning.py
[0.620s] -- Up-to-date symlink: /home/shreedhar/cognipilot/cranium/install/corti/local/lib/python3.10/dist-packages/corti/rover_control.py
[0.620s] -- Up-to-date symlink: /home/shreedhar/cognipilot/cranium/install/corti/local/lib/python3.10/dist-packages/corti/rover_planning.py
[0.620s] -- Up-to-date symlink: /home/shreedhar/cognipilot/cranium/install/corti/lib/corti/rover_planner
[0.621s] -- Up-to-date symlink: /home/shreedhar/cognipilot/cranium/install/corti/lib/corti/odom_to_tf
[0.621s] -- Up-to-date symlink: /home/shreedhar/cognipilot/cranium/install/corti/lib/corti/tf_to_odom
[0.621s] -- Up-to-date symlink: /home/shreedhar/cognipilot/cranium/install/corti/share/corti/launch/corti.launch.py
[0.621s] -- Up-to-date symlink: /home/shreedhar/cognipilot/cranium/install/corti/share/corti/launch/virtual_joy.launch.py
[0.622s] -- Up-to-date symlink: /home/shreedhar/cognipilot/cranium/install/corti/lib/corti/virtual_joy.py
[0.623s] -- Up-to-date symlink: /home/shreedhar/cognipilot/cranium/install/corti/lib/corti/rover_fixed_trajectory.py
[0.623s] -- Up-to-date symlink: /home/shreedhar/cognipilot/cranium/install/corti/share/ament_index/resource_index/package_run_dependencies/corti
[0.623s] -- Up-to-date symlink: /home/shreedhar/cognipilot/cranium/install/corti/share/ament_index/resource_index/parent_prefix_path/corti
[0.624s] -- Up-to-date symlink: /home/shreedhar/cognipilot/cranium/install/corti/share/corti/environment/ament_prefix_path.sh
[0.624s] -- Up-to-date symlink: /home/shreedhar/cognipilot/cranium/install/corti/share/corti/environment/ament_prefix_path.dsv
[0.624s] -- Up-to-date symlink: /home/shreedhar/cognipilot/cranium/install/corti/share/corti/environment/path.sh
[0.624s] -- Up-to-date symlink: /home/shreedhar/cognipilot/cranium/install/corti/share/corti/environment/path.dsv
[0.624s] -- Up-to-date symlink: /home/shreedhar/cognipilot/cranium/install/corti/share/corti/local_setup.bash
[0.624s] -- Up-to-date symlink: /home/shreedhar/cognipilot/cranium/install/corti/share/corti/local_setup.sh
[0.624s] -- Up-to-date symlink: /home/shreedhar/cognipilot/cranium/install/corti/share/corti/local_setup.zsh
[0.625s] -- Up-to-date symlink: /home/shreedhar/cognipilot/cranium/install/corti/share/corti/local_setup.dsv
[0.625s] -- Symlinking: /home/shreedhar/cognipilot/cranium/install/corti/share/corti/package.dsv
[0.634s] -- Up-to-date symlink: /home/shreedhar/cognipilot/cranium/install/corti/share/ament_index/resource_index/packages/corti
[0.634s] -- Up-to-date symlink: /home/shreedhar/cognipilot/cranium/install/corti/share/corti/cmake/cortiConfig.cmake
[0.634s] -- Up-to-date symlink: /home/shreedhar/cognipilot/cranium/install/corti/share/corti/cmake/cortiConfig-version.cmake
[0.634s] -- Up-to-date symlink: /home/shreedhar/cognipilot/cranium/install/corti/share/corti/package.xml
[0.662s] Listing '/home/shreedhar/cognipilot/cranium/install/corti/local/lib/python3.10/dist-packages/corti'...
[0.667s] Invoked command in '/home/shreedhar/cognipilot/cranium/build/corti' returned '0': CMAKE_PREFIX_PATH=/home/shreedhar/cognipilot/cranium/install/synapse_msgs:/home/shreedhar/cognipilot/cranium/install/synapse_ros:/home/shreedhar/cognipilot/cranium/install/synapse_gz:/home/shreedhar/cognipilot/cranium/install/synapse_tinyframe:/home/shreedhar/cognipilot/cranium/install/synapse_protobuf:/home/shreedhar/cognipilot/cranium/install/corti:/home/shreedhar/cognipilot/cranium/install/dream_world:/home/shreedhar/cognipilot/cranium/install/cerebri_bringup:/home/shreedhar/cognipilot/cranium/install/b3rb_simulator:/home/shreedhar/cognipilot/cranium/install/b3rb_desktop:/home/shreedhar/cognipilot/cranium/install/b3rb_rviz:/home/shreedhar/cognipilot/cranium/install/b3rb_nav2:/home/shreedhar/cognipilot/cranium/install/b3rb_gz_resource:/home/shreedhar/cognipilot/cranium/install/b3rb_gz_bringup:/home/shreedhar/cognipilot/cranium/install/b3rb_description:/home/shreedhar/cognipilot/electrode/install/electrode:/home/shreedhar/cognipilot/cranium/install/nxp_cup_vision:/home/shreedhar/cognipilot/cranium/install/b3rb_ros_line_follower:/home/shreedhar/ros2_ws/install/my_robot_controller:/opt/ros/humble LD_LIBRARY_PATH=/home/shreedhar/cognipilot/cranium/install/synapse_msgs/lib:/home/shreedhar/cognipilot/cranium/install/synapse_tinyframe/lib:/home/shreedhar/cognipilot/cranium/install/synapse_protobuf/lib:/opt/ros/humble/opt/rviz_ogre_vendor/lib:/opt/ros/humble/lib/x86_64-linux-gnu:/opt/ros/humble/lib /usr/bin/cmake --install /home/shreedhar/cognipilot/cranium/build/corti
