running egg_info
writing ../../build/b3rb_ros_line_follower/b3rb_ros_line_follower.egg-info/PKG-INFO
writing dependency_links to ../../build/b3rb_ros_line_follower/b3rb_ros_line_follower.egg-info/dependency_links.txt
writing entry points to ../../build/b3rb_ros_line_follower/b3rb_ros_line_follower.egg-info/entry_points.txt
writing requirements to ../../build/b3rb_ros_line_follower/b3rb_ros_line_follower.egg-info/requires.txt
writing top-level names to ../../build/b3rb_ros_line_follower/b3rb_ros_line_follower.egg-info/top_level.txt
reading manifest file '../../build/b3rb_ros_line_follower/b3rb_ros_line_follower.egg-info/SOURCES.txt'
adding license file 'LICENSE'
writing manifest file '../../build/b3rb_ros_line_follower/b3rb_ros_line_follower.egg-info/SOURCES.txt'
running build
running build_py
copying b3rb_ros_line_follower/b3rb_ros_object_recog.py -> /home/shreedhar/cognipilot/cranium/build/b3rb_ros_line_follower/build/lib/b3rb_ros_line_follower
copying b3rb_ros_line_follower/b3rb_ros_edge_vectors.py -> /home/shreedhar/cognipilot/cranium/build/b3rb_ros_line_follower/build/lib/b3rb_ros_line_follower
copying b3rb_ros_line_follower/b3rb_ros_line_follower.py -> /home/shreedhar/cognipilot/cranium/build/b3rb_ros_line_follower/build/lib/b3rb_ros_line_follower
running install
running install_lib
copying /home/shreedhar/cognipilot/cranium/build/b3rb_ros_line_follower/build/lib/b3rb_ros_line_follower/b3rb_ros_object_recog.py -> /home/shreedhar/cognipilot/cranium/install/b3rb_ros_line_follower/lib/python3.10/site-packages/b3rb_ros_line_follower
copying /home/shreedhar/cognipilot/cranium/build/b3rb_ros_line_follower/build/lib/b3rb_ros_line_follower/b3rb_ros_edge_vectors.py -> /home/shreedhar/cognipilot/cranium/install/b3rb_ros_line_follower/lib/python3.10/site-packages/b3rb_ros_line_follower
copying /home/shreedhar/cognipilot/cranium/build/b3rb_ros_line_follower/build/lib/b3rb_ros_line_follower/b3rb_ros_line_follower.py -> /home/shreedhar/cognipilot/cranium/install/b3rb_ros_line_follower/lib/python3.10/site-packages/b3rb_ros_line_follower
byte-compiling /home/shreedhar/cognipilot/cranium/install/b3rb_ros_line_follower/lib/python3.10/site-packages/b3rb_ros_line_follower/b3rb_ros_object_recog.py to b3rb_ros_object_recog.cpython-310.pyc
byte-compiling /home/shreedhar/cognipilot/cranium/install/b3rb_ros_line_follower/lib/python3.10/site-packages/b3rb_ros_line_follower/b3rb_ros_edge_vectors.py to b3rb_ros_edge_vectors.cpython-310.pyc
byte-compiling /home/shreedhar/cognipilot/cranium/install/b3rb_ros_line_follower/lib/python3.10/site-packages/b3rb_ros_line_follower/b3rb_ros_line_follower.py to b3rb_ros_line_follower.cpython-310.pyc
running install_data
running install_egg_info
removing '/home/shreedhar/cognipilot/cranium/install/b3rb_ros_line_follower/lib/python3.10/site-packages/b3rb_ros_line_follower-0.0.0-py3.10.egg-info' (and everything under it)
Copying ../../build/b3rb_ros_line_follower/b3rb_ros_line_follower.egg-info to /home/shreedhar/cognipilot/cranium/install/b3rb_ros_line_follower/lib/python3.10/site-packages/b3rb_ros_line_follower-0.0.0-py3.10.egg-info
running install_scripts
Installing detect script to /home/shreedhar/cognipilot/cranium/install/b3rb_ros_line_follower/lib/b3rb_ros_line_follower
Installing runner script to /home/shreedhar/cognipilot/cranium/install/b3rb_ros_line_follower/lib/b3rb_ros_line_follower
Installing vectors script to /home/shreedhar/cognipilot/cranium/install/b3rb_ros_line_follower/lib/b3rb_ros_line_follower
writing list of installed files to '/home/shreedhar/cognipilot/cranium/build/b3rb_ros_line_follower/install.log'
