[0.045s] Invoking command in '/home/shreedhar/cognipilot/cranium/build/b3rb_gz_resource': CMAKE_PREFIX_PATH=${CMAKE_PREFIX_PATH}:/home/shreedhar/ros2_ws/install/my_robot_controller:/home/shreedhar/cognipilot/cranium/install/nxp_cup_vision:/home/shreedhar/cognipilot/cranium/install/b3rb_ros_line_follower:/opt/ros/humble /usr/bin/cmake --build /home/shreedhar/cognipilot/cranium/build/b3rb_gz_resource -- -j12 -l12
[0.125s] Invoked command in '/home/shreedhar/cognipilot/cranium/build/b3rb_gz_resource' returned '0': CMAKE_PREFIX_PATH=${CMAKE_PREFIX_PATH}:/home/shreedhar/ros2_ws/install/my_robot_controller:/home/shreedhar/cognipilot/cranium/install/nxp_cup_vision:/home/shreedhar/cognipilot/cranium/install/b3rb_ros_line_follower:/opt/ros/humble /usr/bin/cmake --build /home/shreedhar/cognipilot/cranium/build/b3rb_gz_resource -- -j12 -l12
[0.187s] Invoking command in '/home/shreedhar/cognipilot/cranium/build/b3rb_gz_resource': CMAKE_PREFIX_PATH=${CMAKE_PREFIX_PATH}:/home/shreedhar/ros2_ws/install/my_robot_controller:/home/shreedhar/cognipilot/cranium/install/nxp_cup_vision:/home/shreedhar/cognipilot/cranium/install/b3rb_ros_line_follower:/opt/ros/humble /usr/bin/cmake --install /home/shreedhar/cognipilot/cranium/build/b3rb_gz_resource
[0.227s] -- Install configuration: ""
[0.227s] -- Execute custom install script
[0.227s] -- Up-to-date symlink: /home/shreedhar/cognipilot/cranium/install/b3rb_gz_resource/share/b3rb_gz_resource/models/b3rb/materials/textures/CogniPilot.png
[0.227s] -- Up-to-date symlink: /home/shreedhar/cognipilot/cranium/install/b3rb_gz_resource/share/b3rb_gz_resource/models/b3rb/materials/textures/NXP.png
[0.227s] -- Up-to-date symlink: /home/shreedhar/cognipilot/cranium/install/b3rb_gz_resource/share/b3rb_gz_resource/models/b3rb/meshes/STL27L.dae
[0.228s] -- Up-to-date symlink: /home/shreedhar/cognipilot/cranium/install/b3rb_gz_resource/share/b3rb_gz_resource/models/b3rb/meshes/b3rb.dae
[0.228s] -- Up-to-date symlink: /home/shreedhar/cognipilot/cranium/install/b3rb_gz_resource/share/b3rb_gz_resource/models/b3rb/meshes/wheel.dae
[0.228s] -- Up-to-date symlink: /home/shreedhar/cognipilot/cranium/install/b3rb_gz_resource/share/b3rb_gz_resource/models/b3rb/model.config
[0.228s] -- Up-to-date symlink: /home/shreedhar/cognipilot/cranium/install/b3rb_gz_resource/share/b3rb_gz_resource/models/b3rb/model.sdf
[0.228s] -- Up-to-date symlink: /home/shreedhar/cognipilot/cranium/install/b3rb_gz_resource/share/b3rb_gz_resource/environment/b3rb_gz_resource.dsv
[0.229s] -- Up-to-date symlink: /home/shreedhar/cognipilot/cranium/install/b3rb_gz_resource/share/ament_index/resource_index/package_run_dependencies/b3rb_gz_resource
[0.231s] -- Up-to-date symlink: /home/shreedhar/cognipilot/cranium/install/b3rb_gz_resource/share/ament_index/resource_index/parent_prefix_path/b3rb_gz_resource
[0.231s] -- Up-to-date symlink: /home/shreedhar/cognipilot/cranium/install/b3rb_gz_resource/share/b3rb_gz_resource/environment/ament_prefix_path.sh
[0.232s] -- Up-to-date symlink: /home/shreedhar/cognipilot/cranium/install/b3rb_gz_resource/share/b3rb_gz_resource/environment/ament_prefix_path.dsv
[0.232s] -- Up-to-date symlink: /home/shreedhar/cognipilot/cranium/install/b3rb_gz_resource/share/b3rb_gz_resource/environment/path.sh
[0.232s] -- Up-to-date symlink: /home/shreedhar/cognipilot/cranium/install/b3rb_gz_resource/share/b3rb_gz_resource/environment/path.dsv
[0.232s] -- Up-to-date symlink: /home/shreedhar/cognipilot/cranium/install/b3rb_gz_resource/share/b3rb_gz_resource/local_setup.bash
[0.232s] -- Up-to-date symlink: /home/shreedhar/cognipilot/cranium/install/b3rb_gz_resource/share/b3rb_gz_resource/local_setup.sh
[0.232s] -- Up-to-date symlink: /home/shreedhar/cognipilot/cranium/install/b3rb_gz_resource/share/b3rb_gz_resource/local_setup.zsh
[0.233s] -- Up-to-date symlink: /home/shreedhar/cognipilot/cranium/install/b3rb_gz_resource/share/b3rb_gz_resource/local_setup.dsv
[0.233s] -- Symlinking: /home/shreedhar/cognipilot/cranium/install/b3rb_gz_resource/share/b3rb_gz_resource/package.dsv
[0.247s] -- Up-to-date symlink: /home/shreedhar/cognipilot/cranium/install/b3rb_gz_resource/share/ament_index/resource_index/packages/b3rb_gz_resource
[0.250s] -- Up-to-date symlink: /home/shreedhar/cognipilot/cranium/install/b3rb_gz_resource/share/b3rb_gz_resource/cmake/b3rb_gz_resourceConfig.cmake
[0.251s] -- Up-to-date symlink: /home/shreedhar/cognipilot/cranium/install/b3rb_gz_resource/share/b3rb_gz_resource/cmake/b3rb_gz_resourceConfig-version.cmake
[0.253s] -- Up-to-date symlink: /home/shreedhar/cognipilot/cranium/install/b3rb_gz_resource/share/b3rb_gz_resource/package.xml
[0.256s] Invoked command in '/home/shreedhar/cognipilot/cranium/build/b3rb_gz_resource' returned '0': CMAKE_PREFIX_PATH=${CMAKE_PREFIX_PATH}:/home/shreedhar/ros2_ws/install/my_robot_controller:/home/shreedhar/cognipilot/cranium/install/nxp_cup_vision:/home/shreedhar/cognipilot/cranium/install/b3rb_ros_line_follower:/opt/ros/humble /usr/bin/cmake --install /home/shreedhar/cognipilot/cranium/build/b3rb_gz_resource
