[0.032s] Invoking command in '/home/shreedhar/cognipilot/cranium/build/b3rb_rviz': CMAKE_PREFIX_PATH=${CMAKE_PREFIX_PATH}:/opt/ros/humble /usr/bin/cmake --build /home/shreedhar/cognipilot/cranium/build/b3rb_rviz -- -j12 -l12
[0.085s] Invoked command in '/home/shreedhar/cognipilot/cranium/build/b3rb_rviz' returned '0': CMAKE_PREFIX_PATH=${CMAKE_PREFIX_PATH}:/opt/ros/humble /usr/bin/cmake --build /home/shreedhar/cognipilot/cranium/build/b3rb_rviz -- -j12 -l12
[0.127s] Invoking command in '/home/shreedhar/cognipilot/cranium/build/b3rb_rviz': CMAKE_PREFIX_PATH=${CMAKE_PREFIX_PATH}:/opt/ros/humble /usr/bin/cmake --install /home/shreedhar/cognipilot/cranium/build/b3rb_rviz
[0.137s] -- Install configuration: ""
[0.138s] -- Execute custom install script
[0.139s] -- Up-to-date symlink: /home/shreedhar/cognipilot/cranium/install/b3rb_rviz/share/b3rb_rviz/rviz/nav2/robot.rviz
[0.140s] -- Up-to-date symlink: /home/shreedhar/cognipilot/cranium/install/b3rb_rviz/share/b3rb_rviz/launch/view_robot.launch.py
[0.140s] -- Up-to-date symlink: /home/shreedhar/cognipilot/cranium/install/b3rb_rviz/share/ament_index/resource_index/package_run_dependencies/b3rb_rviz
[0.140s] -- Up-to-date symlink: /home/shreedhar/cognipilot/cranium/install/b3rb_rviz/share/ament_index/resource_index/parent_prefix_path/b3rb_rviz
[0.141s] -- Up-to-date symlink: /home/shreedhar/cognipilot/cranium/install/b3rb_rviz/share/b3rb_rviz/environment/ament_prefix_path.sh
[0.141s] -- Up-to-date symlink: /home/shreedhar/cognipilot/cranium/install/b3rb_rviz/share/b3rb_rviz/environment/ament_prefix_path.dsv
[0.141s] -- Up-to-date symlink: /home/shreedhar/cognipilot/cranium/install/b3rb_rviz/share/b3rb_rviz/environment/path.sh
[0.142s] -- Up-to-date symlink: /home/shreedhar/cognipilot/cranium/install/b3rb_rviz/share/b3rb_rviz/environment/path.dsv
[0.142s] -- Up-to-date symlink: /home/shreedhar/cognipilot/cranium/install/b3rb_rviz/share/b3rb_rviz/local_setup.bash
[0.143s] -- Up-to-date symlink: /home/shreedhar/cognipilot/cranium/install/b3rb_rviz/share/b3rb_rviz/local_setup.sh
[0.144s] -- Up-to-date symlink: /home/shreedhar/cognipilot/cranium/install/b3rb_rviz/share/b3rb_rviz/local_setup.zsh
[0.144s] -- Up-to-date symlink: /home/shreedhar/cognipilot/cranium/install/b3rb_rviz/share/b3rb_rviz/local_setup.dsv
[0.145s] -- Symlinking: /home/shreedhar/cognipilot/cranium/install/b3rb_rviz/share/b3rb_rviz/package.dsv
[0.158s] -- Up-to-date symlink: /home/shreedhar/cognipilot/cranium/install/b3rb_rviz/share/ament_index/resource_index/packages/b3rb_rviz
[0.174s] -- Up-to-date symlink: /home/shreedhar/cognipilot/cranium/install/b3rb_rviz/share/b3rb_rviz/cmake/b3rb_rvizConfig.cmake
[0.176s] -- Up-to-date symlink: /home/shreedhar/cognipilot/cranium/install/b3rb_rviz/share/b3rb_rviz/cmake/b3rb_rvizConfig-version.cmake
[0.176s] -- Up-to-date symlink: /home/shreedhar/cognipilot/cranium/install/b3rb_rviz/share/b3rb_rviz/package.xml
[0.190s] Invoked command in '/home/shreedhar/cognipilot/cranium/build/b3rb_rviz' returned '0': CMAKE_PREFIX_PATH=${CMAKE_PREFIX_PATH}:/opt/ros/humble /usr/bin/cmake --install /home/shreedhar/cognipilot/cranium/build/b3rb_rviz
