-- The C compiler identification is GNU 11.4.0
-- The CXX compiler identification is GNU 11.4.0
-- Detecting C compiler ABI info
-- Detecting C compiler ABI info - done
-- Check for working C compiler: /usr/bin/cc - skipped
-- Detecting C compile features
-- Detecting C compile features - done
-- Detecting CXX compiler ABI info
-- Detecting CXX compiler ABI info - done
-- Check for working CXX compiler: /usr/bin/c++ - skipped
-- Detecting CXX compile features
-- Detecting CXX compile features - done
-- Found rclcpp: 16.0.9 (/opt/ros/humble/share/rclcpp/cmake)
-- Found Python3: /usr/bin/python3 (found version "3.10.12") found components: Interpreter 
-- Override CMake install command with custom implementation using symlinks instead of copying resources
-- Found rosidl_generator_c: 3.1.5 (/opt/ros/humble/share/rosidl_generator_c/cmake)
-- Found rosidl_adapter: 3.1.5 (/opt/ros/humble/share/rosidl_adapter/cmake)
-- Found rosidl_generator_cpp: 3.1.5 (/opt/ros/humble/share/rosidl_generator_cpp/cmake)
-- Using all available rosidl_typesupport_c: rosidl_typesupport_fastrtps_c;rosidl_typesupport_introspection_c
-- Using all available rosidl_typesupport_cpp: rosidl_typesupport_fastrtps_cpp;rosidl_typesupport_introspection_cpp
-- Found rmw_implementation_cmake: 6.1.2 (/opt/ros/humble/share/rmw_implementation_cmake/cmake)
-- Found rmw_cyclonedds_cpp: 1.3.4 (/opt/ros/humble/share/rmw_cyclonedds_cpp/cmake)
-- Using RMW implementation 'rmw_cyclonedds_cpp' as default
-- Looking for pthread.h
-- Looking for pthread.h - found
-- Performing Test CMAKE_HAVE_LIBC_PTHREAD
-- Performing Test CMAKE_HAVE_LIBC_PTHREAD - Success
-- Found Threads: TRUE  
-- Found synapse_protobuf: 0.0.0 (/home/shreedhar/cognipilot/cranium/install/synapse_protobuf/share/synapse_protobuf/cmake)
-- Found synapse_tinyframe: 0.0.0 (/home/shreedhar/cognipilot/cranium/install/synapse_tinyframe/share/synapse_tinyframe/cmake)
-- Looking for gz-transport13 -- found version 13.4.0
-- Searching for dependencies of gz-transport13
-- Found Protobuf: /usr/lib/x86_64-linux-gnu/libprotobuf.so (found version "3.12.4") 
-- Config-file not installed for ZeroMQ -- checking for pkg-config
-- Checking for module 'libzmq >= 4'
--   Found libzmq , version 4.3.4
-- Found ZeroMQ: TRUE (Required is at least version "4") 
-- Checking for module 'uuid'
--   Found uuid, version 2.37.2
-- Found UUID: TRUE  
-- Looking for gz-utils2 -- found version 2.2.0
-- Searching for dependencies of gz-utils2
-- Searching for <gz-utils2> component [cli]
-- Looking for gz-utils2-cli -- found version 2.2.0
-- Searching for dependencies of gz-utils2-cli
-- Looking for gz-msgs10 -- found version 10.3.0
-- Searching for dependencies of gz-msgs10
-- Looking for gz-utils2 -- found version 2.2.0
-- Looking for gz-math7 -- found version 7.5.0
-- Searching for dependencies of gz-math7
-- Looking for gz-utils2 -- found version 2.2.0
-- Checking for module 'tinyxml2'
--   Found tinyxml2, version 9.0.0
-- Found Boost: /usr/lib/x86_64-linux-gnu/cmake/Boost-1.74.0/BoostConfig.cmake (found version "1.74.0") found components: system 
-- Found ament_lint_auto: 0.12.11 (/opt/ros/humble/share/ament_lint_auto/cmake)
-- Added test 'copyright' to check source files copyright and LICENSE
-- Added test 'cppcheck' to perform static code analysis on C / C++ code
-- Configured cppcheck include dirs: /home/shreedhar/cognipilot/cranium/src/synapse_gz/src/clients
-- Configured cppcheck exclude dirs and/or files: 
-- Added test 'cpplint' to check C / C++ code against the Google style
-- Configured cpplint exclude dirs and/or files: 
-- Added test 'flake8' to check Python code syntax and style conventions
-- Added test 'lint_cmake' to check CMake code style
-- Added test 'pep257' to check Python code against some of the docstring style conventions in PEP 257
-- Added test 'uncrustify' to check C / C++ code style
-- Configured uncrustify additional arguments: 
-- Added test 'xmllint' to check XML markup files
-- Configuring done
-- Generating done
-- Build files have been written to: /home/shreedhar/cognipilot/cranium/build/synapse_gz
[ 75%] Building CXX object CMakeFiles/synapse_gz.dir/src/synapse_gz.cpp.o
[ 75%] Building CXX object CMakeFiles/synapse_gz.dir/src/clients/gz_client.cpp.o
[ 75%] Building CXX object CMakeFiles/synapse_gz.dir/src/clients/tcp_client.cpp.o
[100%] Linking CXX executable synapse_gz
[100%] Built target synapse_gz
-- Install configuration: ""
-- Execute custom install script
-- Symlinking: /home/shreedhar/cognipilot/cranium/install/synapse_gz/lib/synapse_gz/synapse_gz
-- Symlinking: /home/shreedhar/cognipilot/cranium/install/synapse_gz/share/synapse_gz/launch/synapse_gz.launch.py
-- Symlinking: /home/shreedhar/cognipilot/cranium/install/synapse_gz/share/ament_index/resource_index/package_run_dependencies/synapse_gz
-- Symlinking: /home/shreedhar/cognipilot/cranium/install/synapse_gz/share/ament_index/resource_index/parent_prefix_path/synapse_gz
-- Symlinking: /home/shreedhar/cognipilot/cranium/install/synapse_gz/share/synapse_gz/environment/ament_prefix_path.sh
-- Symlinking: /home/shreedhar/cognipilot/cranium/install/synapse_gz/share/synapse_gz/environment/ament_prefix_path.dsv
-- Symlinking: /home/shreedhar/cognipilot/cranium/install/synapse_gz/share/synapse_gz/environment/path.sh
-- Symlinking: /home/shreedhar/cognipilot/cranium/install/synapse_gz/share/synapse_gz/environment/path.dsv
-- Symlinking: /home/shreedhar/cognipilot/cranium/install/synapse_gz/share/synapse_gz/local_setup.bash
-- Symlinking: /home/shreedhar/cognipilot/cranium/install/synapse_gz/share/synapse_gz/local_setup.sh
-- Symlinking: /home/shreedhar/cognipilot/cranium/install/synapse_gz/share/synapse_gz/local_setup.zsh
-- Symlinking: /home/shreedhar/cognipilot/cranium/install/synapse_gz/share/synapse_gz/local_setup.dsv
-- Symlinking: /home/shreedhar/cognipilot/cranium/install/synapse_gz/share/synapse_gz/package.dsv
-- Symlinking: /home/shreedhar/cognipilot/cranium/install/synapse_gz/share/ament_index/resource_index/packages/synapse_gz
-- Symlinking: /home/shreedhar/cognipilot/cranium/install/synapse_gz/share/synapse_gz/cmake/synapse_gzConfig.cmake
-- Symlinking: /home/shreedhar/cognipilot/cranium/install/synapse_gz/share/synapse_gz/cmake/synapse_gzConfig-version.cmake
-- Symlinking: /home/shreedhar/cognipilot/cranium/install/synapse_gz/share/synapse_gz/package.xml
