[0.008s] Invoking command in '/home/shreedhar/cognipilot/cranium/build/synapse_gz': AMENT_PREFIX_PATH=/home/shreedhar/cognipilot/cranium/install/synapse_tinyframe:/home/shreedhar/cognipilot/cranium/install/synapse_protobuf:${AMENT_PREFIX_PATH} CMAKE_PREFIX_PATH=/home/shreedhar/cognipilot/cranium/install/synapse_tinyframe:/home/shreedhar/cognipilot/cranium/install/synapse_protobuf:/opt/ros/humble LD_LIBRARY_PATH=/home/shreedhar/cognipilot/cranium/install/synapse_tinyframe/lib:/home/shreedhar/cognipilot/cranium/install/synapse_protobuf/lib:${LD_LIBRARY_PATH} /usr/bin/cmake /home/shreedhar/cognipilot/cranium/src/synapse_gz -DAMENT_CMAKE_SYMLINK_INSTALL=1 -DCMAKE_INSTALL_PREFIX=/home/shreedhar/cognipilot/cranium/install/synapse_gz
[0.054s] -- The C compiler identification is GNU 11.4.0
[0.099s] -- The CXX compiler identification is GNU 11.4.0
[0.105s] -- Detecting C compiler ABI info
[0.165s] -- Detecting C compiler ABI info - done
[0.171s] -- Check for working C compiler: /usr/bin/cc - skipped
[0.171s] -- Detecting C compile features
[0.171s] -- Detecting C compile features - done
[0.174s] -- Detecting CXX compiler ABI info
[0.243s] -- Detecting CXX compiler ABI info - done
[0.248s] -- Check for working CXX compiler: /usr/bin/c++ - skipped
[0.248s] -- Detecting CXX compile features
[0.249s] -- Detecting CXX compile features - done
[0.251s] -- Found rclcpp: 16.0.9 (/opt/ros/humble/share/rclcpp/cmake)
[0.378s] -- Found Python3: /usr/bin/python3 (found version "3.10.12") found components: Interpreter 
[0.428s] -- Override CMake install command with custom implementation using symlinks instead of copying resources
[0.498s] -- Found rosidl_generator_c: 3.1.5 (/opt/ros/humble/share/rosidl_generator_c/cmake)
[0.503s] -- Found rosidl_adapter: 3.1.5 (/opt/ros/humble/share/rosidl_adapter/cmake)
[0.510s] -- Found rosidl_generator_cpp: 3.1.5 (/opt/ros/humble/share/rosidl_generator_cpp/cmake)
[0.521s] -- Using all available rosidl_typesupport_c: rosidl_typesupport_fastrtps_c;rosidl_typesupport_introspection_c
[0.537s] -- Using all available rosidl_typesupport_cpp: rosidl_typesupport_fastrtps_cpp;rosidl_typesupport_introspection_cpp
[0.602s] -- Found rmw_implementation_cmake: 6.1.2 (/opt/ros/humble/share/rmw_implementation_cmake/cmake)
[0.606s] -- Found rmw_cyclonedds_cpp: 1.3.4 (/opt/ros/humble/share/rmw_cyclonedds_cpp/cmake)
[0.640s] -- Using RMW implementation 'rmw_cyclonedds_cpp' as default
[0.651s] -- Looking for pthread.h
[0.712s] -- Looking for pthread.h - found
[0.712s] -- Performing Test CMAKE_HAVE_LIBC_PTHREAD
[0.776s] -- Performing Test CMAKE_HAVE_LIBC_PTHREAD - Success
[0.776s] -- Found Threads: TRUE  
[0.908s] -- Found synapse_protobuf: 0.0.0 (/home/shreedhar/cognipilot/cranium/install/synapse_protobuf/share/synapse_protobuf/cmake)
[0.922s] -- Found synapse_tinyframe: 0.0.0 (/home/shreedhar/cognipilot/cranium/install/synapse_tinyframe/share/synapse_tinyframe/cmake)
[0.925s] -- Looking for gz-transport13 -- found version 13.4.0
[0.935s] -- Searching for dependencies of gz-transport13
[0.953s] -- Found Protobuf: /usr/lib/x86_64-linux-gnu/libprotobuf.so (found version "3.12.4") 
[0.966s] -- Config-file not installed for ZeroMQ -- checking for pkg-config
[0.971s] -- Checking for module 'libzmq >= 4'
[0.986s] --   Found libzmq , version 4.3.4
[1.022s] -- Found ZeroMQ: TRUE (Required is at least version "4") 
[1.028s] -- Checking for module 'uuid'
[1.040s] --   Found uuid, version 2.37.2
[1.074s] -- Found UUID: TRUE  
[1.076s] -- Looking for gz-utils2 -- found version 2.2.0
[1.077s] -- Searching for dependencies of gz-utils2
[1.078s] -- Searching for <gz-utils2> component [cli]
[1.080s] -- Looking for gz-utils2-cli -- found version 2.2.0
[1.081s] -- Searching for dependencies of gz-utils2-cli
[1.084s] -- Looking for gz-msgs10 -- found version 10.3.0
[1.084s] -- Searching for dependencies of gz-msgs10
[1.104s] -- Looking for gz-utils2 -- found version 2.2.0
[1.106s] -- Looking for gz-math7 -- found version 7.5.0
[1.107s] -- Searching for dependencies of gz-math7
[1.107s] -- Looking for gz-utils2 -- found version 2.2.0
[1.112s] -- Checking for module 'tinyxml2'
[1.125s] --   Found tinyxml2, version 9.0.0
[1.222s] -- Found Boost: /usr/lib/x86_64-linux-gnu/cmake/Boost-1.74.0/BoostConfig.cmake (found version "1.74.0") found components: system 
[1.226s] -- Found ament_lint_auto: 0.12.11 (/opt/ros/humble/share/ament_lint_auto/cmake)
[1.292s] -- Added test 'copyright' to check source files copyright and LICENSE
[1.296s] -- Added test 'cppcheck' to perform static code analysis on C / C++ code
[1.296s] -- Configured cppcheck include dirs: /home/shreedhar/cognipilot/cranium/src/synapse_gz/src/clients
[1.296s] -- Configured cppcheck exclude dirs and/or files: 
[1.299s] -- Added test 'cpplint' to check C / C++ code against the Google style
[1.300s] -- Configured cpplint exclude dirs and/or files: 
[1.300s] -- Added test 'flake8' to check Python code syntax and style conventions
[1.301s] -- Added test 'lint_cmake' to check CMake code style
[1.302s] -- Added test 'pep257' to check Python code against some of the docstring style conventions in PEP 257
[1.306s] -- Added test 'uncrustify' to check C / C++ code style
[1.306s] -- Configured uncrustify additional arguments: 
[1.306s] -- Added test 'xmllint' to check XML markup files
[1.308s] -- Configuring done
[1.319s] -- Generating done
[1.321s] -- Build files have been written to: /home/shreedhar/cognipilot/cranium/build/synapse_gz
[1.329s] Invoked command in '/home/shreedhar/cognipilot/cranium/build/synapse_gz' returned '0': AMENT_PREFIX_PATH=/home/shreedhar/cognipilot/cranium/install/synapse_tinyframe:/home/shreedhar/cognipilot/cranium/install/synapse_protobuf:${AMENT_PREFIX_PATH} CMAKE_PREFIX_PATH=/home/shreedhar/cognipilot/cranium/install/synapse_tinyframe:/home/shreedhar/cognipilot/cranium/install/synapse_protobuf:/opt/ros/humble LD_LIBRARY_PATH=/home/shreedhar/cognipilot/cranium/install/synapse_tinyframe/lib:/home/shreedhar/cognipilot/cranium/install/synapse_protobuf/lib:${LD_LIBRARY_PATH} /usr/bin/cmake /home/shreedhar/cognipilot/cranium/src/synapse_gz -DAMENT_CMAKE_SYMLINK_INSTALL=1 -DCMAKE_INSTALL_PREFIX=/home/shreedhar/cognipilot/cranium/install/synapse_gz
[1.331s] Invoking command in '/home/shreedhar/cognipilot/cranium/build/synapse_gz': AMENT_PREFIX_PATH=/home/shreedhar/cognipilot/cranium/install/synapse_tinyframe:/home/shreedhar/cognipilot/cranium/install/synapse_protobuf:${AMENT_PREFIX_PATH} CMAKE_PREFIX_PATH=/home/shreedhar/cognipilot/cranium/install/synapse_tinyframe:/home/shreedhar/cognipilot/cranium/install/synapse_protobuf:/opt/ros/humble LD_LIBRARY_PATH=/home/shreedhar/cognipilot/cranium/install/synapse_tinyframe/lib:/home/shreedhar/cognipilot/cranium/install/synapse_protobuf/lib:${LD_LIBRARY_PATH} /usr/bin/cmake --build /home/shreedhar/cognipilot/cranium/build/synapse_gz -- -j12 -l12
[1.375s] [ 75%] Building CXX object CMakeFiles/synapse_gz.dir/src/synapse_gz.cpp.o
[1.375s] [ 75%] Building CXX object CMakeFiles/synapse_gz.dir/src/clients/gz_client.cpp.o
[1.375s] [ 75%] Building CXX object CMakeFiles/synapse_gz.dir/src/clients/tcp_client.cpp.o
[9.529s] [100%] Linking CXX executable synapse_gz
[9.871s] [100%] Built target synapse_gz
[9.882s] Invoked command in '/home/shreedhar/cognipilot/cranium/build/synapse_gz' returned '0': AMENT_PREFIX_PATH=/home/shreedhar/cognipilot/cranium/install/synapse_tinyframe:/home/shreedhar/cognipilot/cranium/install/synapse_protobuf:${AMENT_PREFIX_PATH} CMAKE_PREFIX_PATH=/home/shreedhar/cognipilot/cranium/install/synapse_tinyframe:/home/shreedhar/cognipilot/cranium/install/synapse_protobuf:/opt/ros/humble LD_LIBRARY_PATH=/home/shreedhar/cognipilot/cranium/install/synapse_tinyframe/lib:/home/shreedhar/cognipilot/cranium/install/synapse_protobuf/lib:${LD_LIBRARY_PATH} /usr/bin/cmake --build /home/shreedhar/cognipilot/cranium/build/synapse_gz -- -j12 -l12
[9.910s] Invoking command in '/home/shreedhar/cognipilot/cranium/build/synapse_gz': AMENT_PREFIX_PATH=/home/shreedhar/cognipilot/cranium/install/synapse_tinyframe:/home/shreedhar/cognipilot/cranium/install/synapse_protobuf:${AMENT_PREFIX_PATH} CMAKE_PREFIX_PATH=/home/shreedhar/cognipilot/cranium/install/synapse_tinyframe:/home/shreedhar/cognipilot/cranium/install/synapse_protobuf:/opt/ros/humble LD_LIBRARY_PATH=/home/shreedhar/cognipilot/cranium/install/synapse_tinyframe/lib:/home/shreedhar/cognipilot/cranium/install/synapse_protobuf/lib:${LD_LIBRARY_PATH} /usr/bin/cmake --install /home/shreedhar/cognipilot/cranium/build/synapse_gz
[9.919s] -- Install configuration: ""
[9.919s] -- Execute custom install script
[9.919s] -- Symlinking: /home/shreedhar/cognipilot/cranium/install/synapse_gz/lib/synapse_gz/synapse_gz
[9.929s] -- Symlinking: /home/shreedhar/cognipilot/cranium/install/synapse_gz/share/synapse_gz/launch/synapse_gz.launch.py
[9.939s] -- Symlinking: /home/shreedhar/cognipilot/cranium/install/synapse_gz/share/ament_index/resource_index/package_run_dependencies/synapse_gz
[9.948s] -- Symlinking: /home/shreedhar/cognipilot/cranium/install/synapse_gz/share/ament_index/resource_index/parent_prefix_path/synapse_gz
[9.957s] -- Symlinking: /home/shreedhar/cognipilot/cranium/install/synapse_gz/share/synapse_gz/environment/ament_prefix_path.sh
[9.966s] -- Symlinking: /home/shreedhar/cognipilot/cranium/install/synapse_gz/share/synapse_gz/environment/ament_prefix_path.dsv
[9.975s] -- Symlinking: /home/shreedhar/cognipilot/cranium/install/synapse_gz/share/synapse_gz/environment/path.sh
[9.983s] -- Symlinking: /home/shreedhar/cognipilot/cranium/install/synapse_gz/share/synapse_gz/environment/path.dsv
[9.993s] -- Symlinking: /home/shreedhar/cognipilot/cranium/install/synapse_gz/share/synapse_gz/local_setup.bash
[10.002s] -- Symlinking: /home/shreedhar/cognipilot/cranium/install/synapse_gz/share/synapse_gz/local_setup.sh
[10.011s] -- Symlinking: /home/shreedhar/cognipilot/cranium/install/synapse_gz/share/synapse_gz/local_setup.zsh
[10.020s] -- Symlinking: /home/shreedhar/cognipilot/cranium/install/synapse_gz/share/synapse_gz/local_setup.dsv
[10.030s] -- Symlinking: /home/shreedhar/cognipilot/cranium/install/synapse_gz/share/synapse_gz/package.dsv
[10.039s] -- Symlinking: /home/shreedhar/cognipilot/cranium/install/synapse_gz/share/ament_index/resource_index/packages/synapse_gz
[10.047s] -- Symlinking: /home/shreedhar/cognipilot/cranium/install/synapse_gz/share/synapse_gz/cmake/synapse_gzConfig.cmake
[10.057s] -- Symlinking: /home/shreedhar/cognipilot/cranium/install/synapse_gz/share/synapse_gz/cmake/synapse_gzConfig-version.cmake
[10.066s] -- Symlinking: /home/shreedhar/cognipilot/cranium/install/synapse_gz/share/synapse_gz/package.xml
[10.077s] Invoked command in '/home/shreedhar/cognipilot/cranium/build/synapse_gz' returned '0': AMENT_PREFIX_PATH=/home/shreedhar/cognipilot/cranium/install/synapse_tinyframe:/home/shreedhar/cognipilot/cranium/install/synapse_protobuf:${AMENT_PREFIX_PATH} CMAKE_PREFIX_PATH=/home/shreedhar/cognipilot/cranium/install/synapse_tinyframe:/home/shreedhar/cognipilot/cranium/install/synapse_protobuf:/opt/ros/humble LD_LIBRARY_PATH=/home/shreedhar/cognipilot/cranium/install/synapse_tinyframe/lib:/home/shreedhar/cognipilot/cranium/install/synapse_protobuf/lib:${LD_LIBRARY_PATH} /usr/bin/cmake --install /home/shreedhar/cognipilot/cranium/build/synapse_gz
