[0.048s] Invoking command in '/home/shreedhar/cognipilot/cranium/build/synapse_tinyframe': CMAKE_PREFIX_PATH=${CMAKE_PREFIX_PATH}:/home/shreedhar/ros2_ws/install/my_robot_controller:/home/shreedhar/cognipilot/cranium/install/nxp_cup_vision:/home/shreedhar/cognipilot/cranium/install/b3rb_ros_line_follower:/opt/ros/humble /usr/bin/cmake --build /home/shreedhar/cognipilot/cranium/build/synapse_tinyframe -- -j12 -l12
[0.142s] [100%] Built target synapse_tinyframe
[0.162s] Invoked command in '/home/shreedhar/cognipilot/cranium/build/synapse_tinyframe' returned '0': CMAKE_PREFIX_PATH=${CMAKE_PREFIX_PATH}:/home/shreedhar/ros2_ws/install/my_robot_controller:/home/shreedhar/cognipilot/cranium/install/nxp_cup_vision:/home/shreedhar/cognipilot/cranium/install/b3rb_ros_line_follower:/opt/ros/humble /usr/bin/cmake --build /home/shreedhar/cognipilot/cranium/build/synapse_tinyframe -- -j12 -l12
[0.244s] Invoking command in '/home/shreedhar/cognipilot/cranium/build/synapse_tinyframe': CMAKE_PREFIX_PATH=${CMAKE_PREFIX_PATH}:/home/shreedhar/ros2_ws/install/my_robot_controller:/home/shreedhar/cognipilot/cranium/install/nxp_cup_vision:/home/shreedhar/cognipilot/cranium/install/b3rb_ros_line_follower:/opt/ros/humble /usr/bin/cmake --install /home/shreedhar/cognipilot/cranium/build/synapse_tinyframe
[0.264s] -- Install configuration: ""
[0.264s] -- Execute custom install script
[0.264s] -- Up-to-date symlink: /home/shreedhar/cognipilot/cranium/install/synapse_tinyframe/share/synapse_tinyframe/environment/library_path.sh
[0.265s] -- Up-to-date symlink: /home/shreedhar/cognipilot/cranium/install/synapse_tinyframe/share/synapse_tinyframe/environment/library_path.dsv
[0.266s] -- Up-to-date symlink: /home/shreedhar/cognipilot/cranium/install/synapse_tinyframe/include/synapse_tinyframe/SynapseTopics.h
[0.267s] -- Up-to-date symlink: /home/shreedhar/cognipilot/cranium/install/synapse_tinyframe/include/synapse_tinyframe/TF_Config.h
[0.267s] -- Up-to-date symlink: /home/shreedhar/cognipilot/cranium/install/synapse_tinyframe/include/synapse_tinyframe/TinyFrame.h
[0.268s] -- Up-to-date symlink: /home/shreedhar/cognipilot/cranium/install/synapse_tinyframe/include/synapse_tinyframe/utils.h
[0.269s] -- Up-to-date symlink: /home/shreedhar/cognipilot/cranium/install/synapse_tinyframe/share/ament_index/resource_index/package_run_dependencies/synapse_tinyframe
[0.269s] -- Up-to-date symlink: /home/shreedhar/cognipilot/cranium/install/synapse_tinyframe/share/ament_index/resource_index/parent_prefix_path/synapse_tinyframe
[0.269s] -- Up-to-date symlink: /home/shreedhar/cognipilot/cranium/install/synapse_tinyframe/share/synapse_tinyframe/environment/ament_prefix_path.sh
[0.270s] -- Up-to-date symlink: /home/shreedhar/cognipilot/cranium/install/synapse_tinyframe/share/synapse_tinyframe/environment/ament_prefix_path.dsv
[0.270s] -- Up-to-date symlink: /home/shreedhar/cognipilot/cranium/install/synapse_tinyframe/share/synapse_tinyframe/environment/path.sh
[0.271s] -- Up-to-date symlink: /home/shreedhar/cognipilot/cranium/install/synapse_tinyframe/share/synapse_tinyframe/environment/path.dsv
[0.271s] -- Up-to-date symlink: /home/shreedhar/cognipilot/cranium/install/synapse_tinyframe/share/synapse_tinyframe/local_setup.bash
[0.271s] -- Up-to-date symlink: /home/shreedhar/cognipilot/cranium/install/synapse_tinyframe/share/synapse_tinyframe/local_setup.sh
[0.273s] -- Up-to-date symlink: /home/shreedhar/cognipilot/cranium/install/synapse_tinyframe/share/synapse_tinyframe/local_setup.zsh
[0.274s] -- Up-to-date symlink: /home/shreedhar/cognipilot/cranium/install/synapse_tinyframe/share/synapse_tinyframe/local_setup.dsv
[0.274s] -- Symlinking: /home/shreedhar/cognipilot/cranium/install/synapse_tinyframe/share/synapse_tinyframe/package.dsv
[0.286s] -- Up-to-date symlink: /home/shreedhar/cognipilot/cranium/install/synapse_tinyframe/share/ament_index/resource_index/packages/synapse_tinyframe
[0.286s] -- Up-to-date symlink: /home/shreedhar/cognipilot/cranium/install/synapse_tinyframe/share/synapse_tinyframe/cmake/ament_cmake_export_targets-extras.cmake
[0.287s] -- Up-to-date symlink: /home/shreedhar/cognipilot/cranium/install/synapse_tinyframe/share/synapse_tinyframe/cmake/synapse_tinyframeConfig.cmake
[0.287s] -- Up-to-date symlink: /home/shreedhar/cognipilot/cranium/install/synapse_tinyframe/share/synapse_tinyframe/cmake/synapse_tinyframeConfig-version.cmake
[0.287s] -- Up-to-date symlink: /home/shreedhar/cognipilot/cranium/install/synapse_tinyframe/share/synapse_tinyframe/package.xml
[0.287s] -- Up-to-date: /home/shreedhar/cognipilot/cranium/install/synapse_tinyframe/lib/libsynapse_tinyframe.a
[0.288s] -- Up-to-date: /home/shreedhar/cognipilot/cranium/install/synapse_tinyframe/share/synapse_tinyframe/cmake/synapse_tinyframeExport.cmake
[0.289s] -- Up-to-date: /home/shreedhar/cognipilot/cranium/install/synapse_tinyframe/share/synapse_tinyframe/cmake/synapse_tinyframeExport-noconfig.cmake
[0.338s] Invoked command in '/home/shreedhar/cognipilot/cranium/build/synapse_tinyframe' returned '0': CMAKE_PREFIX_PATH=${CMAKE_PREFIX_PATH}:/home/shreedhar/ros2_ws/install/my_robot_controller:/home/shreedhar/cognipilot/cranium/install/nxp_cup_vision:/home/shreedhar/cognipilot/cranium/install/b3rb_ros_line_follower:/opt/ros/humble /usr/bin/cmake --install /home/shreedhar/cognipilot/cranium/build/synapse_tinyframe
