[0.040s] Invoking command in '/home/shreedhar/cognipilot/cranium/build/cerebri_bringup': CMAKE_PREFIX_PATH=${CMAKE_PREFIX_PATH}:/home/shreedhar/ros2_ws/install/my_robot_controller:/home/shreedhar/cognipilot/cranium/install/nxp_cup_vision:/home/shreedhar/cognipilot/cranium/install/b3rb_ros_line_follower:/opt/ros/humble /usr/bin/cmake --build /home/shreedhar/cognipilot/cranium/build/cerebri_bringup -- -j12 -l12
[0.106s] Invoked command in '/home/shreedhar/cognipilot/cranium/build/cerebri_bringup' returned '0': CMAKE_PREFIX_PATH=${CMAKE_PREFIX_PATH}:/home/shreedhar/ros2_ws/install/my_robot_controller:/home/shreedhar/cognipilot/cranium/install/nxp_cup_vision:/home/shreedhar/cognipilot/cranium/install/b3rb_ros_line_follower:/opt/ros/humble /usr/bin/cmake --build /home/shreedhar/cognipilot/cranium/build/cerebri_bringup -- -j12 -l12
[0.174s] Invoking command in '/home/shreedhar/cognipilot/cranium/build/cerebri_bringup': CMAKE_PREFIX_PATH=${CMAKE_PREFIX_PATH}:/home/shreedhar/ros2_ws/install/my_robot_controller:/home/shreedhar/cognipilot/cranium/install/nxp_cup_vision:/home/shreedhar/cognipilot/cranium/install/b3rb_ros_line_follower:/opt/ros/humble /usr/bin/cmake --install /home/shreedhar/cognipilot/cranium/build/cerebri_bringup
[0.215s] -- Install configuration: ""
[0.216s] -- Execute custom install script
[0.216s] -- Up-to-date symlink: /home/shreedhar/cognipilot/cranium/install/cerebri_bringup/share/cerebri_bringup/launch/cerebri.launch.py
[0.216s] -- Up-to-date symlink: /home/shreedhar/cognipilot/cranium/install/cerebri_bringup/share/ament_index/resource_index/package_run_dependencies/cerebri_bringup
[0.216s] -- Up-to-date symlink: /home/shreedhar/cognipilot/cranium/install/cerebri_bringup/share/ament_index/resource_index/parent_prefix_path/cerebri_bringup
[0.216s] -- Up-to-date symlink: /home/shreedhar/cognipilot/cranium/install/cerebri_bringup/share/cerebri_bringup/environment/ament_prefix_path.sh
[0.216s] -- Up-to-date symlink: /home/shreedhar/cognipilot/cranium/install/cerebri_bringup/share/cerebri_bringup/environment/ament_prefix_path.dsv
[0.216s] -- Up-to-date symlink: /home/shreedhar/cognipilot/cranium/install/cerebri_bringup/share/cerebri_bringup/environment/path.sh
[0.216s] -- Up-to-date symlink: /home/shreedhar/cognipilot/cranium/install/cerebri_bringup/share/cerebri_bringup/environment/path.dsv
[0.216s] -- Up-to-date symlink: /home/shreedhar/cognipilot/cranium/install/cerebri_bringup/share/cerebri_bringup/local_setup.bash
[0.216s] -- Up-to-date symlink: /home/shreedhar/cognipilot/cranium/install/cerebri_bringup/share/cerebri_bringup/local_setup.sh
[0.216s] -- Up-to-date symlink: /home/shreedhar/cognipilot/cranium/install/cerebri_bringup/share/cerebri_bringup/local_setup.zsh
[0.216s] -- Up-to-date symlink: /home/shreedhar/cognipilot/cranium/install/cerebri_bringup/share/cerebri_bringup/local_setup.dsv
[0.217s] -- Symlinking: /home/shreedhar/cognipilot/cranium/install/cerebri_bringup/share/cerebri_bringup/package.dsv
[0.231s] -- Up-to-date symlink: /home/shreedhar/cognipilot/cranium/install/cerebri_bringup/share/ament_index/resource_index/packages/cerebri_bringup
[0.233s] -- Up-to-date symlink: /home/shreedhar/cognipilot/cranium/install/cerebri_bringup/share/cerebri_bringup/cmake/cerebri_bringupConfig.cmake
[0.234s] -- Up-to-date symlink: /home/shreedhar/cognipilot/cranium/install/cerebri_bringup/share/cerebri_bringup/cmake/cerebri_bringupConfig-version.cmake
[0.234s] -- Up-to-date symlink: /home/shreedhar/cognipilot/cranium/install/cerebri_bringup/share/cerebri_bringup/package.xml
[0.271s] Invoked command in '/home/shreedhar/cognipilot/cranium/build/cerebri_bringup' returned '0': CMAKE_PREFIX_PATH=${CMAKE_PREFIX_PATH}:/home/shreedhar/ros2_ws/install/my_robot_controller:/home/shreedhar/cognipilot/cranium/install/nxp_cup_vision:/home/shreedhar/cognipilot/cranium/install/b3rb_ros_line_follower:/opt/ros/humble /usr/bin/cmake --install /home/shreedhar/cognipilot/cranium/build/cerebri_bringup
