-- Found ament_cmake: 1.3.9 (/opt/ros/humble/share/ament_cmake/cmake)
-- Override CMake install command with custom implementation using symlinks instead of copying resources
-- Found geometry_msgs: 4.2.4 (/opt/ros/humble/share/geometry_msgs/cmake)
-- Found rosidl_generator_c: 3.1.5 (/opt/ros/humble/share/rosidl_generator_c/cmake)
-- Found rosidl_adapter: 3.1.5 (/opt/ros/humble/share/rosidl_adapter/cmake)
-- Found rosidl_generator_cpp: 3.1.5 (/opt/ros/humble/share/rosidl_generator_cpp/cmake)
-- Using all available rosidl_typesupport_c: rosidl_typesupport_fastrtps_c;rosidl_typesupport_introspection_c
-- Using all available rosidl_typesupport_cpp: rosidl_typesupport_fastrtps_cpp;rosidl_typesupport_introspection_cpp
-- Found nav_msgs: 4.2.4 (/opt/ros/humble/share/nav_msgs/cmake)
-- Found rclcpp: 16.0.9 (/opt/ros/humble/share/rclcpp/cmake)
-- Found rmw_implementation_cmake: 6.1.2 (/opt/ros/humble/share/rmw_implementation_cmake/cmake)
-- Found rmw_cyclonedds_cpp: 1.3.4 (/opt/ros/humble/share/rmw_cyclonedds_cpp/cmake)
-- Using RMW implementation 'rmw_cyclonedds_cpp' as default
-- Found rclpy: 3.3.13 (/opt/ros/humble/share/rclpy/cmake)
-- Found synapse_msgs: 0.0.1 (/home/shreedhar/cognipilot/cranium/install/synapse_msgs/share/synapse_msgs/cmake)
-- Found tf2: 0.25.7 (/opt/ros/humble/share/tf2/cmake)
-- Found tf2_ros: 0.25.7 (/opt/ros/humble/share/tf2_ros/cmake)
-- Found ament_lint_auto: 0.12.11 (/opt/ros/humble/share/ament_lint_auto/cmake)
-- Added test 'cppcheck' to perform static code analysis on C / C++ code
-- Configured cppcheck include dirs: 
-- Configured cppcheck exclude dirs and/or files: 
-- Added test 'flake8' to check Python code syntax and style conventions
-- Added test 'lint_cmake' to check CMake code style
-- Added test 'pep257' to check Python code against some of the docstring style conventions in PEP 257
-- Added test 'uncrustify' to check C / C++ code style
-- Configured uncrustify additional arguments: 
-- Added test 'xmllint' to check XML markup files
-- Configuring done
-- Generating done
-- Build files have been written to: /home/shreedhar/cognipilot/cranium/build/corti
Consolidate compiler generated dependencies of target bezier6
Consolidate compiler generated dependencies of target odom_to_tf
Consolidate compiler generated dependencies of target tf_to_odom
[ 25%] Built target bezier6
[ 25%] Built target ament_cmake_python_symlink_corti
[ 50%] Built target odom_to_tf
[ 75%] Built target tf_to_odom
Consolidate compiler generated dependencies of target rover_planner
[ 87%] Building CXX object CMakeFiles/rover_planner.dir/src/rover_planner.cpp.o
running egg_info
writing corti.egg-info/PKG-INFO
writing dependency_links to corti.egg-info/dependency_links.txt
writing top-level names to corti.egg-info/top_level.txt
reading manifest file 'corti.egg-info/SOURCES.txt'
writing manifest file 'corti.egg-info/SOURCES.txt'
[ 87%] Built target ament_cmake_python_build_corti_egg
[100%] Linking CXX executable rover_planner
[100%] Built target rover_planner
-- Install configuration: ""
-- Execute custom install script
-- Up-to-date symlink: /home/shreedhar/cognipilot/cranium/install/corti/share/corti/environment/pythonpath.sh
-- Up-to-date symlink: /home/shreedhar/cognipilot/cranium/install/corti/share/corti/environment/pythonpath.dsv
-- Up-to-date symlink: /home/shreedhar/cognipilot/cranium/install/corti/local/lib/python3.10/dist-packages/corti-0.0.0-py3.10.egg-info/PKG-INFO
-- Up-to-date symlink: /home/shreedhar/cognipilot/cranium/install/corti/local/lib/python3.10/dist-packages/corti-0.0.0-py3.10.egg-info/SOURCES.txt
-- Up-to-date symlink: /home/shreedhar/cognipilot/cranium/install/corti/local/lib/python3.10/dist-packages/corti-0.0.0-py3.10.egg-info/dependency_links.txt
-- Up-to-date symlink: /home/shreedhar/cognipilot/cranium/install/corti/local/lib/python3.10/dist-packages/corti-0.0.0-py3.10.egg-info/top_level.txt
-- Up-to-date symlink: /home/shreedhar/cognipilot/cranium/install/corti/local/lib/python3.10/dist-packages/corti/SE2Lie.py
-- Up-to-date symlink: /home/shreedhar/cognipilot/cranium/install/corti/local/lib/python3.10/dist-packages/corti/TimeOptBez.py
-- Up-to-date symlink: /home/shreedhar/cognipilot/cranium/install/corti/local/lib/python3.10/dist-packages/corti/__init__.py
-- Up-to-date symlink: /home/shreedhar/cognipilot/cranium/install/corti/local/lib/python3.10/dist-packages/corti/bezier_rover_planning.py
-- Up-to-date symlink: /home/shreedhar/cognipilot/cranium/install/corti/local/lib/python3.10/dist-packages/corti/rover_control.py
-- Up-to-date symlink: /home/shreedhar/cognipilot/cranium/install/corti/local/lib/python3.10/dist-packages/corti/rover_planning.py
-- Up-to-date symlink: /home/shreedhar/cognipilot/cranium/install/corti/lib/corti/rover_planner
-- Up-to-date symlink: /home/shreedhar/cognipilot/cranium/install/corti/lib/corti/odom_to_tf
-- Up-to-date symlink: /home/shreedhar/cognipilot/cranium/install/corti/lib/corti/tf_to_odom
-- Up-to-date symlink: /home/shreedhar/cognipilot/cranium/install/corti/share/corti/launch/corti.launch.py
-- Up-to-date symlink: /home/shreedhar/cognipilot/cranium/install/corti/share/corti/launch/virtual_joy.launch.py
-- Up-to-date symlink: /home/shreedhar/cognipilot/cranium/install/corti/lib/corti/virtual_joy.py
-- Up-to-date symlink: /home/shreedhar/cognipilot/cranium/install/corti/lib/corti/rover_fixed_trajectory.py
-- Up-to-date symlink: /home/shreedhar/cognipilot/cranium/install/corti/share/ament_index/resource_index/package_run_dependencies/corti
-- Up-to-date symlink: /home/shreedhar/cognipilot/cranium/install/corti/share/ament_index/resource_index/parent_prefix_path/corti
-- Up-to-date symlink: /home/shreedhar/cognipilot/cranium/install/corti/share/corti/environment/ament_prefix_path.sh
-- Up-to-date symlink: /home/shreedhar/cognipilot/cranium/install/corti/share/corti/environment/ament_prefix_path.dsv
-- Up-to-date symlink: /home/shreedhar/cognipilot/cranium/install/corti/share/corti/environment/path.sh
-- Up-to-date symlink: /home/shreedhar/cognipilot/cranium/install/corti/share/corti/environment/path.dsv
-- Up-to-date symlink: /home/shreedhar/cognipilot/cranium/install/corti/share/corti/local_setup.bash
-- Up-to-date symlink: /home/shreedhar/cognipilot/cranium/install/corti/share/corti/local_setup.sh
-- Up-to-date symlink: /home/shreedhar/cognipilot/cranium/install/corti/share/corti/local_setup.zsh
-- Up-to-date symlink: /home/shreedhar/cognipilot/cranium/install/corti/share/corti/local_setup.dsv
-- Symlinking: /home/shreedhar/cognipilot/cranium/install/corti/share/corti/package.dsv
-- Up-to-date symlink: /home/shreedhar/cognipilot/cranium/install/corti/share/ament_index/resource_index/packages/corti
-- Up-to-date symlink: /home/shreedhar/cognipilot/cranium/install/corti/share/corti/cmake/cortiConfig.cmake
-- Up-to-date symlink: /home/shreedhar/cognipilot/cranium/install/corti/share/corti/cmake/cortiConfig-version.cmake
-- Up-to-date symlink: /home/shreedhar/cognipilot/cranium/install/corti/share/corti/package.xml
Listing '/home/shreedhar/cognipilot/cranium/install/corti/local/lib/python3.10/dist-packages/corti'...
