[0.027s] Invoking command in '/home/shreedhar/cognipilot/cranium/build/corti': CMAKE_PREFIX_PATH=/home/shreedhar/cognipilot/cranium/install/synapse_msgs:/home/shreedhar/cognipilot/electrode/install/electrode:/home/shreedhar/cognipilot/cranium/install/synapse_ros:/home/shreedhar/cognipilot/cranium/install/synapse_gz:/home/shreedhar/cognipilot/cranium/install/synapse_tinyframe:/home/shreedhar/cognipilot/cranium/install/synapse_protobuf:/home/shreedhar/cognipilot/cranium/install/corti:/home/shreedhar/cognipilot/cranium/install/dream_world:/home/shreedhar/cognipilot/cranium/install/cerebri_bringup:/home/shreedhar/cognipilot/cranium/install/b3rb_simulator:/home/shreedhar/cognipilot/cranium/install/b3rb_desktop:/home/shreedhar/cognipilot/cranium/install/b3rb_rviz:/home/shreedhar/cognipilot/cranium/install/b3rb_nav2:/home/shreedhar/cognipilot/cranium/install/b3rb_gz_resource:/home/shreedhar/cognipilot/cranium/install/b3rb_gz_bringup:/home/shreedhar/cognipilot/cranium/install/b3rb_description:/opt/ros/humble LD_LIBRARY_PATH=/home/shreedhar/cognipilot/cranium/install/synapse_msgs/lib:/home/shreedhar/cognipilot/cranium/install/synapse_tinyframe/lib:/home/shreedhar/cognipilot/cranium/install/synapse_protobuf/lib:/opt/ros/humble/opt/rviz_ogre_vendor/lib:/opt/ros/humble/lib/x86_64-linux-gnu:/opt/ros/humble/lib /usr/bin/cmake --build /home/shreedhar/cognipilot/cranium/build/corti -- -j12 -l12
[0.242s] -- Found ament_cmake: 1.3.9 (/opt/ros/humble/share/ament_cmake/cmake)
[0.242s] -- Override CMake install command with custom implementation using symlinks instead of copying resources
[0.243s] -- Found geometry_msgs: 4.2.4 (/opt/ros/humble/share/geometry_msgs/cmake)
[0.243s] -- Found rosidl_generator_c: 3.1.5 (/opt/ros/humble/share/rosidl_generator_c/cmake)
[0.243s] -- Found rosidl_adapter: 3.1.5 (/opt/ros/humble/share/rosidl_adapter/cmake)
[0.243s] -- Found rosidl_generator_cpp: 3.1.5 (/opt/ros/humble/share/rosidl_generator_cpp/cmake)
[0.243s] -- Using all available rosidl_typesupport_c: rosidl_typesupport_fastrtps_c;rosidl_typesupport_introspection_c
[0.244s] -- Using all available rosidl_typesupport_cpp: rosidl_typesupport_fastrtps_cpp;rosidl_typesupport_introspection_cpp
[0.290s] -- Found nav_msgs: 4.2.4 (/opt/ros/humble/share/nav_msgs/cmake)
[0.353s] -- Found rclcpp: 16.0.9 (/opt/ros/humble/share/rclcpp/cmake)
[0.395s] -- Found rmw_implementation_cmake: 6.1.2 (/opt/ros/humble/share/rmw_implementation_cmake/cmake)
[0.397s] -- Found rmw_cyclonedds_cpp: 1.3.4 (/opt/ros/humble/share/rmw_cyclonedds_cpp/cmake)
[0.425s] -- Using RMW implementation 'rmw_cyclonedds_cpp' as default
[0.530s] -- Found rclpy: 3.3.13 (/opt/ros/humble/share/rclpy/cmake)
[0.531s] -- Found synapse_msgs: 0.0.1 (/home/shreedhar/cognipilot/cranium/install/synapse_msgs/share/synapse_msgs/cmake)
[0.564s] -- Found tf2: 0.25.7 (/opt/ros/humble/share/tf2/cmake)
[0.572s] -- Found tf2_ros: 0.25.7 (/opt/ros/humble/share/tf2_ros/cmake)
[0.857s] -- Found ament_lint_auto: 0.12.11 (/opt/ros/humble/share/ament_lint_auto/cmake)
[0.924s] -- Added test 'cppcheck' to perform static code analysis on C / C++ code
[0.924s] -- Configured cppcheck include dirs: 
[0.924s] -- Configured cppcheck exclude dirs and/or files: 
[0.925s] -- Added test 'flake8' to check Python code syntax and style conventions
[0.926s] -- Added test 'lint_cmake' to check CMake code style
[0.926s] -- Added test 'pep257' to check Python code against some of the docstring style conventions in PEP 257
[0.930s] -- Added test 'uncrustify' to check C / C++ code style
[0.931s] -- Configured uncrustify additional arguments: 
[0.931s] -- Added test 'xmllint' to check XML markup files
[0.933s] -- Configuring done
[0.967s] -- Generating done
[0.970s] -- Build files have been written to: /home/shreedhar/cognipilot/cranium/build/corti
[1.001s] Consolidate compiler generated dependencies of target bezier6
[1.006s] Consolidate compiler generated dependencies of target odom_to_tf
[1.008s] Consolidate compiler generated dependencies of target tf_to_odom
[1.013s] [ 25%] Built target bezier6
[1.018s] [ 25%] Built target ament_cmake_python_symlink_corti
[1.023s] [ 50%] Built target odom_to_tf
[1.023s] [ 75%] Built target tf_to_odom
[1.029s] Consolidate compiler generated dependencies of target rover_planner
[1.044s] [ 87%] Building CXX object CMakeFiles/rover_planner.dir/src/rover_planner.cpp.o
[1.227s] running egg_info
[1.227s] writing corti.egg-info/PKG-INFO
[1.228s] writing dependency_links to corti.egg-info/dependency_links.txt
[1.228s] writing top-level names to corti.egg-info/top_level.txt
[1.230s] reading manifest file 'corti.egg-info/SOURCES.txt'
[1.230s] writing manifest file 'corti.egg-info/SOURCES.txt'
[1.260s] [ 87%] Built target ament_cmake_python_build_corti_egg
[8.237s] [100%] Linking CXX executable rover_planner
[8.587s] [100%] Built target rover_planner
[8.597s] Invoked command in '/home/shreedhar/cognipilot/cranium/build/corti' returned '0': CMAKE_PREFIX_PATH=/home/shreedhar/cognipilot/cranium/install/synapse_msgs:/home/shreedhar/cognipilot/electrode/install/electrode:/home/shreedhar/cognipilot/cranium/install/synapse_ros:/home/shreedhar/cognipilot/cranium/install/synapse_gz:/home/shreedhar/cognipilot/cranium/install/synapse_tinyframe:/home/shreedhar/cognipilot/cranium/install/synapse_protobuf:/home/shreedhar/cognipilot/cranium/install/corti:/home/shreedhar/cognipilot/cranium/install/dream_world:/home/shreedhar/cognipilot/cranium/install/cerebri_bringup:/home/shreedhar/cognipilot/cranium/install/b3rb_simulator:/home/shreedhar/cognipilot/cranium/install/b3rb_desktop:/home/shreedhar/cognipilot/cranium/install/b3rb_rviz:/home/shreedhar/cognipilot/cranium/install/b3rb_nav2:/home/shreedhar/cognipilot/cranium/install/b3rb_gz_resource:/home/shreedhar/cognipilot/cranium/install/b3rb_gz_bringup:/home/shreedhar/cognipilot/cranium/install/b3rb_description:/opt/ros/humble LD_LIBRARY_PATH=/home/shreedhar/cognipilot/cranium/install/synapse_msgs/lib:/home/shreedhar/cognipilot/cranium/install/synapse_tinyframe/lib:/home/shreedhar/cognipilot/cranium/install/synapse_protobuf/lib:/opt/ros/humble/opt/rviz_ogre_vendor/lib:/opt/ros/humble/lib/x86_64-linux-gnu:/opt/ros/humble/lib /usr/bin/cmake --build /home/shreedhar/cognipilot/cranium/build/corti -- -j12 -l12
[8.633s] Invoking command in '/home/shreedhar/cognipilot/cranium/build/corti': CMAKE_PREFIX_PATH=/home/shreedhar/cognipilot/cranium/install/synapse_msgs:/home/shreedhar/cognipilot/electrode/install/electrode:/home/shreedhar/cognipilot/cranium/install/synapse_ros:/home/shreedhar/cognipilot/cranium/install/synapse_gz:/home/shreedhar/cognipilot/cranium/install/synapse_tinyframe:/home/shreedhar/cognipilot/cranium/install/synapse_protobuf:/home/shreedhar/cognipilot/cranium/install/corti:/home/shreedhar/cognipilot/cranium/install/dream_world:/home/shreedhar/cognipilot/cranium/install/cerebri_bringup:/home/shreedhar/cognipilot/cranium/install/b3rb_simulator:/home/shreedhar/cognipilot/cranium/install/b3rb_desktop:/home/shreedhar/cognipilot/cranium/install/b3rb_rviz:/home/shreedhar/cognipilot/cranium/install/b3rb_nav2:/home/shreedhar/cognipilot/cranium/install/b3rb_gz_resource:/home/shreedhar/cognipilot/cranium/install/b3rb_gz_bringup:/home/shreedhar/cognipilot/cranium/install/b3rb_description:/opt/ros/humble LD_LIBRARY_PATH=/home/shreedhar/cognipilot/cranium/install/synapse_msgs/lib:/home/shreedhar/cognipilot/cranium/install/synapse_tinyframe/lib:/home/shreedhar/cognipilot/cranium/install/synapse_protobuf/lib:/opt/ros/humble/opt/rviz_ogre_vendor/lib:/opt/ros/humble/lib/x86_64-linux-gnu:/opt/ros/humble/lib /usr/bin/cmake --install /home/shreedhar/cognipilot/cranium/build/corti
[8.640s] -- Install configuration: ""
[8.641s] -- Execute custom install script
[8.641s] -- Up-to-date symlink: /home/shreedhar/cognipilot/cranium/install/corti/share/corti/environment/pythonpath.sh
[8.641s] -- Up-to-date symlink: /home/shreedhar/cognipilot/cranium/install/corti/share/corti/environment/pythonpath.dsv
[8.641s] -- Up-to-date symlink: /home/shreedhar/cognipilot/cranium/install/corti/local/lib/python3.10/dist-packages/corti-0.0.0-py3.10.egg-info/PKG-INFO
[8.641s] -- Up-to-date symlink: /home/shreedhar/cognipilot/cranium/install/corti/local/lib/python3.10/dist-packages/corti-0.0.0-py3.10.egg-info/SOURCES.txt
[8.642s] -- Up-to-date symlink: /home/shreedhar/cognipilot/cranium/install/corti/local/lib/python3.10/dist-packages/corti-0.0.0-py3.10.egg-info/dependency_links.txt
[8.642s] -- Up-to-date symlink: /home/shreedhar/cognipilot/cranium/install/corti/local/lib/python3.10/dist-packages/corti-0.0.0-py3.10.egg-info/top_level.txt
[8.642s] -- Up-to-date symlink: /home/shreedhar/cognipilot/cranium/install/corti/local/lib/python3.10/dist-packages/corti/SE2Lie.py
[8.642s] -- Up-to-date symlink: /home/shreedhar/cognipilot/cranium/install/corti/local/lib/python3.10/dist-packages/corti/TimeOptBez.py
[8.642s] -- Up-to-date symlink: /home/shreedhar/cognipilot/cranium/install/corti/local/lib/python3.10/dist-packages/corti/__init__.py
[8.643s] -- Up-to-date symlink: /home/shreedhar/cognipilot/cranium/install/corti/local/lib/python3.10/dist-packages/corti/bezier_rover_planning.py
[8.643s] -- Up-to-date symlink: /home/shreedhar/cognipilot/cranium/install/corti/local/lib/python3.10/dist-packages/corti/rover_control.py
[8.643s] -- Up-to-date symlink: /home/shreedhar/cognipilot/cranium/install/corti/local/lib/python3.10/dist-packages/corti/rover_planning.py
[8.643s] -- Up-to-date symlink: /home/shreedhar/cognipilot/cranium/install/corti/lib/corti/rover_planner
[8.643s] -- Up-to-date symlink: /home/shreedhar/cognipilot/cranium/install/corti/lib/corti/odom_to_tf
[8.643s] -- Up-to-date symlink: /home/shreedhar/cognipilot/cranium/install/corti/lib/corti/tf_to_odom
[8.644s] -- Up-to-date symlink: /home/shreedhar/cognipilot/cranium/install/corti/share/corti/launch/corti.launch.py
[8.644s] -- Up-to-date symlink: /home/shreedhar/cognipilot/cranium/install/corti/share/corti/launch/virtual_joy.launch.py
[8.644s] -- Up-to-date symlink: /home/shreedhar/cognipilot/cranium/install/corti/lib/corti/virtual_joy.py
[8.644s] -- Up-to-date symlink: /home/shreedhar/cognipilot/cranium/install/corti/lib/corti/rover_fixed_trajectory.py
[8.644s] -- Up-to-date symlink: /home/shreedhar/cognipilot/cranium/install/corti/share/ament_index/resource_index/package_run_dependencies/corti
[8.644s] -- Up-to-date symlink: /home/shreedhar/cognipilot/cranium/install/corti/share/ament_index/resource_index/parent_prefix_path/corti
[8.645s] -- Up-to-date symlink: /home/shreedhar/cognipilot/cranium/install/corti/share/corti/environment/ament_prefix_path.sh
[8.645s] -- Up-to-date symlink: /home/shreedhar/cognipilot/cranium/install/corti/share/corti/environment/ament_prefix_path.dsv
[8.645s] -- Up-to-date symlink: /home/shreedhar/cognipilot/cranium/install/corti/share/corti/environment/path.sh
[8.645s] -- Up-to-date symlink: /home/shreedhar/cognipilot/cranium/install/corti/share/corti/environment/path.dsv
[8.645s] -- Up-to-date symlink: /home/shreedhar/cognipilot/cranium/install/corti/share/corti/local_setup.bash
[8.645s] -- Up-to-date symlink: /home/shreedhar/cognipilot/cranium/install/corti/share/corti/local_setup.sh
[8.645s] -- Up-to-date symlink: /home/shreedhar/cognipilot/cranium/install/corti/share/corti/local_setup.zsh
[8.646s] -- Up-to-date symlink: /home/shreedhar/cognipilot/cranium/install/corti/share/corti/local_setup.dsv
[8.646s] -- Symlinking: /home/shreedhar/cognipilot/cranium/install/corti/share/corti/package.dsv
[8.655s] -- Up-to-date symlink: /home/shreedhar/cognipilot/cranium/install/corti/share/ament_index/resource_index/packages/corti
[8.655s] -- Up-to-date symlink: /home/shreedhar/cognipilot/cranium/install/corti/share/corti/cmake/cortiConfig.cmake
[8.655s] -- Up-to-date symlink: /home/shreedhar/cognipilot/cranium/install/corti/share/corti/cmake/cortiConfig-version.cmake
[8.655s] -- Up-to-date symlink: /home/shreedhar/cognipilot/cranium/install/corti/share/corti/package.xml
[8.680s] Listing '/home/shreedhar/cognipilot/cranium/install/corti/local/lib/python3.10/dist-packages/corti'...
[8.685s] Invoked command in '/home/shreedhar/cognipilot/cranium/build/corti' returned '0': CMAKE_PREFIX_PATH=/home/shreedhar/cognipilot/cranium/install/synapse_msgs:/home/shreedhar/cognipilot/electrode/install/electrode:/home/shreedhar/cognipilot/cranium/install/synapse_ros:/home/shreedhar/cognipilot/cranium/install/synapse_gz:/home/shreedhar/cognipilot/cranium/install/synapse_tinyframe:/home/shreedhar/cognipilot/cranium/install/synapse_protobuf:/home/shreedhar/cognipilot/cranium/install/corti:/home/shreedhar/cognipilot/cranium/install/dream_world:/home/shreedhar/cognipilot/cranium/install/cerebri_bringup:/home/shreedhar/cognipilot/cranium/install/b3rb_simulator:/home/shreedhar/cognipilot/cranium/install/b3rb_desktop:/home/shreedhar/cognipilot/cranium/install/b3rb_rviz:/home/shreedhar/cognipilot/cranium/install/b3rb_nav2:/home/shreedhar/cognipilot/cranium/install/b3rb_gz_resource:/home/shreedhar/cognipilot/cranium/install/b3rb_gz_bringup:/home/shreedhar/cognipilot/cranium/install/b3rb_description:/opt/ros/humble LD_LIBRARY_PATH=/home/shreedhar/cognipilot/cranium/install/synapse_msgs/lib:/home/shreedhar/cognipilot/cranium/install/synapse_tinyframe/lib:/home/shreedhar/cognipilot/cranium/install/synapse_protobuf/lib:/opt/ros/humble/opt/rviz_ogre_vendor/lib:/opt/ros/humble/lib/x86_64-linux-gnu:/opt/ros/humble/lib /usr/bin/cmake --install /home/shreedhar/cognipilot/cranium/build/corti
